# Server version 0.08 running on 192.168.2.10:8123
# Game ID: 280
# Board class: Saboteur.SaboteurBoard
# Timeout: 20000
# First Move Timeout: 30000
# Date: Sat Apr 11 20:02:09 EDT 2020
# Player 1: Player-0, 'RandomPlayer', running on 192.168.2.10
# Player 2: Player-1, '260738242', running on 192.168.2.10
START Player-0 RandomPlayer
START Player-1 260738242
BoardInit:Destroy,Tile:5,Tile:0,Destroy,Malus,Tile:8,Tile:7,Tile:8,Tile:8,Tile:5,Map,Tile:6,Tile:13,Tile:2,Tile:9,Tile:3,Tile:10,Tile:9,Tile:0,Bonus,Tile:6,Tile:11,Destroy,Tile:0,Map,Tile:5,Bonus,Tile:14,Tile:10,Tile:7,Tile:5,Tile:6,Tile:7,Tile:10,Map,Tile:9,Bonus,Tile:9,Tile:7,Tile:9,Tile:1-Map,Map,Map,Tile:0,Tile:6,Tile:6,Tile:15-Bonus,Tile:8,Tile:7,Tile:8,Malus,Tile:4,Tile:12-Tile:hidden2,Tile:hidden1,Tile:nugget
Map 12 7 1
Tile:7 5 4 0
Tile:6 6 5 1
Drop 1 0 0
Tile:6 7 5 1
Malus 0 0 0
Drop 1 0 1
Drop 2 0 0
Drop 1 0 1
Tile:8 5 6 0
Drop 1 0 1
Tile:8 4 4 0
Drop 1 0 1
Tile:5 4 3 0
Drop 1 0 1
Tile:2_flip 5 3 0
Drop 1 0 1
Tile:8 6 3 0
Drop 1 0 1
Tile:5 4 6 0
Drop 1 0 1
Tile:9_flip 5 7 0
Drop 1 0 1
Tile:3 6 2 0
Drop 1 0 1
Tile:6 8 5 0
Drop 1 0 1
Tile:11 8 4 0
Bonus 0 0 1
Destroy 4 4 0
Tile:6 9 5 1
Tile:5_flip 10 5 0
Tile:0 6 6 1
Tile:6_flip 10 4 0
Tile:7 11 4 1
Tile:7_flip 4 4 0
Tile:10 11 5 1
Drop 3 0 0
Tile:10 11 6 1
Tile:9 11 7 0
GAMEOVER WINNER 0
# Game ended: Sat Apr 11 20:02:09 EDT 2020
