# Server version 0.08 running on 192.168.2.10:8123
# Game ID: 302
# Board class: Saboteur.SaboteurBoard
# Timeout: 20000
# First Move Timeout: 30000
# Date: Sat Apr 11 20:09:00 EDT 2020
# Player 1: Player-0, 'RandomPlayer', running on 192.168.2.10
# Player 2: Player-1, '260738242', running on 192.168.2.10
START Player-0 RandomPlayer
START Player-1 260738242
BoardInit:Map,Tile:10,Tile:7,Tile:9,Tile:1,Map,Tile:9,Tile:4,Tile:5,Tile:10,Tile:5,Tile:0,Map,Tile:15,Tile:10,Tile:2,Tile:13,Tile:8,Destroy,Destroy,Bonus,Tile:8,Tile:0,Tile:5,Tile:6,Tile:9,Tile:8,Tile:7,Tile:0,Map,Tile:14,Tile:12,Tile:7,Malus,Tile:8,Map,Bonus,Tile:7,Bonus,Tile:6,Tile:3-Tile:8,Tile:6,Destroy,Tile:0,Tile:6,Bonus,Tile:7-Tile:9,Tile:9,Tile:11,Malus,Map,Tile:6,Tile:5-Tile:nugget,Tile:hidden2,Tile:hidden1
Tile:7 6 5 1
Tile:9_flip 5 4 0
Map 12 3 1
Drop 1 0 0
Tile:6_flip 5 3 1
Tile:6_flip 4 4 0
Tile:6 6 3 1
Tile:10 5 6 0
Tile:8 7 3 1
Drop 0 0 0
Tile:0 8 3 1
Tile:10 7 4 0
Tile:1 3 4 1
Tile:9_flip 7 2 0
Drop 1 0 1
Tile:5 2 4 0
Drop 1 0 1
Tile:2 6 2 0
Tile:13 2 5 1
Tile:0 5 2 0
Drop 1 0 1
Tile:15 7 5 0
Drop 1 0 1
Destroy 7 3 0
Tile:0 9 3 1
Tile:5_flip 7 6 0
Tile:6 10 3 1
Tile:4 7 1 0
Drop 1 0 1
Tile:8 7 3 0
Drop 1 0 1
Tile:8 5 7 0
Tile:14 2 6 1
Tile:12_flip 4 2 0
Drop 1 0 1
Tile:7 6 7 0
Drop 1 0 1
Tile:9_flip 10 2 0
Drop 1 0 1
Tile:7 11 3 0
Drop 1 0 1
Map 12 3 0
Tile:3 10 1 1
Tile:6_flip 9 1 0
Drop 1 0 1
Drop 0 0 0
Drop 1 0 1
Malus 0 0 0
Bonus 0 0 1
Map 12 7 0
Drop 1 0 1
Map 12 3 0
Drop 1 0 1
Map 12 7 0
Destroy 2 4 1
GAMEOVER DRAW
# Game ended: Sat Apr 11 20:09:00 EDT 2020
