# Server version 0.08 running on 192.168.2.10:8123
# Game ID: 305
# Board class: Saboteur.SaboteurBoard
# Timeout: 20000
# First Move Timeout: 30000
# Date: Sat Apr 11 20:09:15 EDT 2020
# Player 1: Player-0, 'RandomPlayer', running on 192.168.2.10
# Player 2: Player-1, '260738242', running on 192.168.2.10
START Player-0 RandomPlayer
START Player-1 260738242
BoardInit:Tile:7,Tile:7,Tile:5,Bonus,Tile:1,Tile:12,Malus,Tile:2,Tile:3,Tile:14,Tile:0,Tile:5,Tile:11,Bonus,Tile:7,Tile:9,Tile:8,Tile:9,Tile:0,Map,Tile:10,Map,Tile:15,Map,Map,Tile:13,Tile:0,Map,Tile:9,Tile:0,Tile:7,Map,Tile:8,Destroy,Tile:6,Tile:8,Tile:4,Bonus,Tile:8,Tile:9,Tile:8-Tile:6,Tile:5,Tile:10,Tile:5,Tile:6,Malus,Tile:7-Destroy,Tile:9,Tile:6,Tile:10,Destroy,Tile:6,Bonus-Tile:nugget,Tile:hidden1,Tile:hidden2
Tile:5_flip 6 5 1
Tile:9 5 4 0
Tile:6_flip 6 4 1
Tile:6_flip 5 3 0
Tile:7 7 4 1
Tile:7_flip 5 6 0
Tile:7_flip 7 5 1
Drop 4 0 0
Tile:6 8 5 1
Destroy 8 5 0
Tile:1 6 3 1
Tile:2 8 5 0
Tile:0 6 6 1
Destroy 6 4 0
Tile:3 9 5 1
Tile:6_flip 7 6 0
Tile:11 4 3 1
Tile:9_flip 4 4 0
Tile:8 8 6 1
Tile:14 7 3 0
Drop 1 0 1
Tile:10 7 7 0
Drop 1 0 1
Tile:5 4 2 0
Tile:15 7 2 1
Map 12 3 0
Map 12 7 1
Tile:13 4 5 0
Drop 1 0 1
Drop 3 0 0
Drop 1 0 1
Tile:12 5 2 0
Drop 1 0 1
Drop 6 0 0
Tile:8 9 6 1
Destroy 5 2 0
Tile:9_flip 10 6 1
Tile:0 3 5 0
Tile:4 7 1 1
Tile:8 9 7 0
Drop 1 0 1
Tile:9 2 5 0
Drop 1 0 1
Map 12 5 0
Drop 1 0 1
Drop 3 0 0
Drop 1 0 1
Drop 3 0 0
Drop 1 0 1
Map 12 7 0
Drop 1 0 1
Drop 0 0 0
Drop 1 0 1
Drop 0 0 0
Tile:10 10 5 1
GAMEOVER DRAW
# Game ended: Sat Apr 11 20:09:16 EDT 2020
