# Server version 0.08 running on 192.168.2.10:8123
# Game ID: 291
# Board class: Saboteur.SaboteurBoard
# Timeout: 20000
# First Move Timeout: 30000
# Date: Sat Apr 11 20:07:18 EDT 2020
# Player 1: Player-0, 'RandomPlayer', running on 192.168.2.10
# Player 2: Player-1, '260738242', running on 192.168.2.10
START Player-0 RandomPlayer
START Player-1 260738242
BoardInit:Tile:8,Tile:3,Tile:7,Tile:10,Tile:2,Destroy,Tile:7,Tile:6,Tile:5,Tile:4,Tile:5,Tile:5,Tile:7,Tile:0,Destroy,Bonus,Tile:10,Map,Tile:0,Tile:8,Malus,Tile:9,Bonus,Tile:9,Destroy,Tile:5,Tile:7,Tile:13,Tile:6,Malus,Tile:6,Map,Map,Tile:6,Tile:15,Tile:9,Tile:12,Tile:11,Tile:7,Tile:8,Map-Tile:0,Tile:6,Tile:10,Tile:8,Tile:9,Tile:1,Tile:9-Bonus,Tile:0,Map,Tile:8,Map,Bonus,Tile:14-Tile:hidden1,Tile:nugget,Tile:hidden2
Tile:6 6 5 1
Drop 2 0 0
Tile:0 7 5 1
Tile:3_flip 5 6 0
Tile:8 8 5 1
Tile:8 4 5 0
Tile:8 9 5 1
Tile:10 4 6 0
Tile:1 6 6 1
Destroy 5 6 0
Tile:2 4 4 1
Tile:4_flip 9 6 0
Drop 1 0 1
Tile:5_flip 4 7 0
Drop 1 0 1
Drop 5 0 0
Drop 1 0 1
Tile:0 3 4 0
Drop 1 0 1
Tile:0 3 7 0
Tile:0 10 5 1
Tile:8 6 4 0
Drop 1 0 1
Tile:14 8 6 0
Drop 1 0 1
Map 12 7 0
Drop 1 0 1
Tile:9 5 6 0
Drop 1 0 1
Tile:9 5 7 0
Drop 1 0 1
Tile:13 11 5 0
Tile:6 7 4 1
Tile:5 7 3 0
Map 12 5 1
Tile:6_flip 7 6 0
Tile:6_flip 8 4 1
Tile:9_flip 9 4 0
Tile:15 5 8 1
Drop 6 0 0
Tile:12 6 7 1
Drop 6 0 0
Drop 1 0 1
Drop 5 0 0
Drop 1 0 1
Drop 0 0 0
Drop 1 0 1
Map 12 5 0
Drop 1 0 1
Malus 0 0 0
Drop 1 0 1
Drop 0 0 0
Drop 1 0 1
Drop 0 0 0
Drop 0 0 1
GAMEOVER DRAW
# Game ended: Sat Apr 11 20:07:18 EDT 2020
