# Server version 0.08 running on 192.168.2.10:8123
# Game ID: 256
# Board class: Saboteur.SaboteurBoard
# Timeout: 20000
# First Move Timeout: 30000
# Date: Sat Apr 11 19:56:37 EDT 2020
# Player 1: Player-0, 'RandomPlayer', running on 192.168.2.10
# Player 2: Player-1, '260738242', running on 192.168.2.10
START Player-0 RandomPlayer
START Player-1 260738242
BoardInit:Map,Tile:3,Tile:9,Tile:6,Bonus,Tile:6,Tile:10,Destroy,Map,Tile:4,Tile:15,Tile:9,Tile:6,Tile:0,Tile:8,Tile:8,Tile:11,Tile:5,Malus,Tile:2,Tile:7,Tile:7,Bonus,Tile:0,Tile:14,Tile:5,Tile:7,Bonus,Tile:10,Tile:6,Tile:9,Tile:10,Map,Tile:7,Map,Tile:0,Tile:9,Tile:8,Tile:0,Destroy,Tile:5-Tile:8,Tile:7,Tile:13,Map,Destroy,Malus,Tile:8-Tile:5,Bonus,Map,Tile:6,Tile:1,Tile:9,Tile:12-Tile:hidden1,Tile:nugget,Tile:hidden2
Map 12 5 1
Tile:6_flip 5 4 0
Tile:7 6 4 1
Drop 1 0 0
Tile:8 6 5 1
Drop 1 0 0
Tile:8 7 5 1
Tile:5_flip 6 6 0
Tile:13 4 4 1
Destroy 4 4 0
Drop 1 0 1
Tile:6 5 6 0
Tile:15 7 4 1
Tile:6_flip 4 4 0
Tile:6 8 5 1
Tile:9_flip 9 5 0
Destroy 6 5 1
Tile:9 8 4 0
Tile:8 9 4 1
Tile:1 10 4 0
Tile:11 3 4 1
Tile:5 9 3 0
Drop 1 0 1
Tile:2 4 6 0
Drop 1 0 1
Tile:7 3 3 0
Tile:14 3 5 1
Tile:0 3 6 0
Drop 1 0 1
Tile:5_flip 4 7 0
Drop 1 0 1
Drop 3 0 0
Drop 1 0 1
Drop 6 0 0
Drop 1 0 1
Tile:3_flip 4 5 0
Drop 1 0 1
Drop 3 0 0
Drop 1 0 1
Tile:0 2 3 0
Tile:0 10 3 1
Tile:8 9 6 0
Tile:5_flip 10 6 1
Tile:7 8 3 0
Drop 1 0 1
Tile:0 11 4 0
Drop 1 0 1
Tile:12_flip 3 7 0
Drop 1 0 1
Tile:6_flip 1 3 0
Drop 1 0 1
Destroy 8 5 0
Drop 1 0 1
Tile:4_flip 7 6 0
GAMEOVER USER CANCEL UNDECIDED
# Game ended: Sat Apr 11 19:56:43 EDT 2020
