# Server version 0.08 running on 192.168.2.10:8123
# Game ID: 227
# Board class: Saboteur.SaboteurBoard
# Timeout: 20000
# First Move Timeout: 30000
# Date: Sat Apr 11 19:46:39 EDT 2020
# Player 1: Player-0, 'RandomPlayer', running on 192.168.2.10
# Player 2: Player-1, '260738242', running on 192.168.2.10
START Player-0 RandomPlayer
START Player-1 260738242
BoardInit:Map,Tile:7,Tile:5,Tile:6,Tile:8,Tile:6,Tile:0,Tile:0,Destroy,Tile:10,Tile:0,Tile:8,Destroy,Tile:3,Map,Tile:6,Tile:1,Tile:5,Bonus,Tile:9,Tile:6,Tile:9,Destroy,Tile:12,Tile:8,Tile:7,Tile:8,Map,Map,Tile:7,Tile:0,Map,Tile:7,Tile:5,Tile:11,Malus,Tile:9,Tile:10,Tile:13,Tile:7,Tile:4-Tile:14,Tile:2,Tile:9,Bonus,Tile:10,Malus,Tile:15-Map,Tile:6,Tile:5,Tile:9,Bonus,Tile:8,Bonus-Tile:hidden2,Tile:nugget,Tile:hidden1
Tile:9_flip 6 5 1
Tile:5 4 5 0
Map 12 3 1
Tile:9_flip 5 6 0
Tile:10 6 6 1
Tile:7_flip 4 6 0
Tile:8 6 7 1
Tile:6_flip 7 7 0
Tile:5_flip 8 7 1
Tile:6_flip 5 4 0
Tile:14 6 8 1
Drop 2 0 0
Tile:2 6 4 1
Tile:10 8 6 0
Destroy 6 5 1
Tile:3_flip 7 8 0
Map 12 7 1
Tile:6_flip 7 4 0
Tile:1 4 4 1
Tile:8 5 7 0
Drop 2 0 1
Drop 4 0 0
Tile:6_flip 8 5 1
Tile:9 5 8 0
Tile:0 9 5 1
Tile:9_flip 5 9 0
Tile:0 10 5 1
Tile:5 4 9 0
Malus 0 0 1
Map 12 7 0
Drop 2 0 1
Bonus 0 0 0
Drop 2 0 1
Tile:7 11 5 0
Tile:0 8 4 1
Tile:0 8 8 0
Tile:11 4 10 1
Tile:12_flip 4 7 0
Drop 2 0 1
Tile:10 4 11 0
Tile:13 5 10 1
Tile:7_flip 4 12 0
Tile:4_flip 5 11 1
Tile:7_flip 7 5 0
Drop 2 0 1
Map 12 5 0
Drop 2 0 1
Tile:5_flip 9 8 0
Drop 2 0 1
Map 12 7 0
Drop 2 0 1
Malus 0 0 0
Bonus 0 0 1
Drop 0 0 0
GAMEOVER ILLEGAL MOVE: Player 1, CardUsed: (Drop), PosOfUse: (2, 0) WINNER 0
# Game ended: Sat Apr 11 19:46:39 EDT 2020
