# Server version 0.08 running on 192.168.2.10:8123
# Game ID: 63
# Board class: Saboteur.SaboteurBoard
# Timeout: 20000
# First Move Timeout: 30000
# Date: Fri Apr 10 19:45:33 EDT 2020
# Player 1: Player-0, 'RandomPlayer', running on 192.168.2.10
# Player 2: Player-1, '260738242', running on 192.168.2.10
START Player-0 RandomPlayer
START Player-1 260738242
BoardInit:Tile:9,Malus,Map,Map,Tile:0,Bonus,Tile:7,Tile:6,Map,Tile:0,Malus,Tile:9,Tile:3,Tile:6,Tile:8,Tile:5,Tile:1,Tile:11,Destroy,Destroy,Tile:10,Tile:10,Tile:4,Tile:8,Destroy,Tile:7,Tile:8,Tile:6,Bonus,Tile:9,Tile:5,Tile:15,Tile:14,Tile:7,Map,Tile:7,Map,Tile:10,Tile:6,Tile:6,Tile:12-Bonus,Tile:8,Tile:5,Tile:7,Tile:8,Tile:5,Tile:0-Tile:2,Tile:0,Tile:13,Map,Bonus,Tile:9,Tile:9-Tile:nugget,Tile:hidden1,Tile:hidden2
Tile:8 5 4 1
Tile:9 4 5 0
Tile:0 6 4 1
Map 12 3 0
Map 12 3 1
Tile:13 4 4 0
Tile:0 7 4 1
Map 12 5 0
Tile:7 8 4 1
Tile:0 6 5 0
Map 12 3 1
Tile:6 8 5 0
Tile:8 9 5 1
Tile:9 9 4 0
Tile:5 4 3 1
Tile:9_flip 10 5 0
Tile:5 3 4 1
Tile:6_flip 10 4 0
Tile:7_flip 10 6 1
Drop 5 0 0
Drop 1 0 1
Tile:11_flip 3 5 0
Destroy 4 5 1
Destroy 3 5 0
GAMEOVER USER CANCEL UNDECIDED
# Game ended: Fri Apr 10 19:46:38 EDT 2020
