# Server version 0.08 running on 192.168.2.10:8123
# Game ID: 157
# Board class: Saboteur.SaboteurBoard
# Timeout: 20000
# First Move Timeout: 30000
# Date: Sat Apr 11 17:29:21 EDT 2020
# Player 1: Player-0, 'RandomPlayer', running on 192.168.2.10
# Player 2: Player-1, '260738242', running on 192.168.2.10
START Player-0 RandomPlayer
START Player-1 260738242
BoardInit:Tile:7,Tile:10,Tile:8,Tile:5,Bonus,Tile:10,Map,Tile:9,Tile:5,Malus,Bonus,Tile:6,Map,Tile:6,Destroy,Bonus,Map,Destroy,Tile:7,Tile:6,Tile:2,Tile:14,Map,Tile:4,Tile:7,Tile:5,Tile:11,Tile:8,Tile:0,Tile:6,Tile:12,Tile:8,Tile:7,Bonus,Tile:6,Tile:9,Tile:0,Tile:3,Tile:5,Map,Tile:13-Tile:0,Tile:7,Tile:0,Tile:9,Tile:8,Destroy,Tile:15-Malus,Tile:9,Map,Tile:8,Tile:1,Tile:9,Tile:10-Tile:nugget,Tile:hidden2,Tile:hidden1
Tile:15 5 4 1
Tile:9_flip 5 6 0
Drop 2 0 1
Malus 0 0 0
Drop 2 0 1
Tile:10 5 7 0
Bonus 0 0 1
Drop 2 0 0
Map 12 3 1
Tile:5 4 6 0
Drop 2 0 1
Tile:9_flip 5 3 0
Drop 2 0 1
Tile:10 4 7 0
Map 12 3 1
Tile:6 4 3 0
Drop 2 0 1
Tile:9 5 8 0
Map 12 3 1
Drop 1 0 0
Tile:5_flip 6 8 1
Drop 4 0 0
Tile:2 4 2 1
Tile:6 5 9 0
Map 12 3 1
Tile:4 6 7 0
Drop 2 0 1
Tile:6 4 5 0
Tile:11 3 2 1
Destroy 3 2 0
Drop 2 0 1
Map 12 3 0
Tile:12_flip 3 2 1
Tile:6_flip 5 2 0
Drop 2 0 1
Tile:8 6 2 0
Tile:6_flip 6 9 1
Tile:9_flip 6 1 0
Drop 2 0 1
Tile:8 7 2 0
Tile:5_flip 7 9 1
Tile:5_flip 6 10 0
Tile:13 3 5 1
Map 12 7 0
Drop 2 0 1
Tile:14_flip 4 9 0
Drop 2 0 1
Tile:3 4 4 0
Drop 2 0 1
Tile:10 7 1 0
Drop 2 0 1
Malus 0 0 0
GAMEOVER USER CANCEL UNDECIDED
# Game ended: Sat Apr 11 17:29:27 EDT 2020
