# Server version 0.08 running on 192.168.2.10:8123
# Game ID: 214
# Board class: Saboteur.SaboteurBoard
# Timeout: 20000
# First Move Timeout: 30000
# Date: Sat Apr 11 19:44:26 EDT 2020
# Player 1: Player-0, 'RandomPlayer', running on 192.168.2.10
# Player 2: Player-1, '260738242', running on 192.168.2.10
START Player-0 RandomPlayer
START Player-1 260738242
BoardInit:Tile:7,Tile:14,Tile:5,Tile:0,Tile:8,Tile:15,Tile:6,Tile:12,Tile:7,Malus,Tile:9,Tile:11,Map,Tile:5,Tile:5,Tile:6,Tile:4,Map,Tile:10,Tile:3,Malus,Tile:8,Map,Tile:0,Bonus,Bonus,Map,Tile:6,Tile:7,Tile:8,Tile:9,Map,Bonus,Tile:1,Tile:9,Tile:10,Destroy,Tile:6,Tile:8,Tile:8,Tile:7-Tile:9,Tile:9,Bonus,Destroy,Tile:5,Tile:2,Tile:10-Tile:13,Tile:0,Tile:7,Destroy,Map,Tile:0,Tile:6-Tile:hidden2,Tile:nugget,Tile:hidden1
Tile:5_flip 6 5 1
Tile:13 4 5 0
Tile:9 6 4 1
Tile:6 7 4 0
Tile:7 8 4 1
Tile:14 4 6 0
Tile:9 8 5 1
Destroy 6 4 0
Tile:6 9 5 1
Tile:0 10 5 0
Tile:2 4 4 1
Tile:0 3 4 0
Drop 2 0 1
Tile:11 2 4 0
Map 12 7 1
Tile:5 3 5 0
Tile:5_flip 11 5 1
Tile:15 5 6 0
Tile:5 11 4 1
Tile:6_flip 12 4 0
Tile:4 2 3 1
Map 12 3 0
Drop 2 0 1
Tile:7_flip 8 6 0
Map 12 3 1
Tile:0 9 6 0
Drop 2 0 1
Tile:8 6 4 0
GAMEOVER WINNER 0
# Game ended: Sat Apr 11 19:44:26 EDT 2020
