# Server version 0.08 running on 192.168.2.10:8123
# Game ID: 263
# Board class: Saboteur.SaboteurBoard
# Timeout: 20000
# First Move Timeout: 30000
# Date: Sat Apr 11 19:57:40 EDT 2020
# Player 1: Player-0, 'RandomPlayer', running on 192.168.2.10
# Player 2: Player-1, '260738242', running on 192.168.2.10
START Player-0 RandomPlayer
START Player-1 260738242
BoardInit:Map,Tile:14,Tile:5,Tile:9,Tile:5,Map,Tile:9,Tile:8,Tile:0,Tile:0,Tile:7,Malus,Tile:7,Tile:4,Malus,Tile:13,Tile:5,Map,Bonus,Tile:15,Tile:7,Tile:1,Tile:9,Destroy,Tile:12,Tile:6,Tile:8,Tile:5,Tile:9,Tile:10,Tile:6,Tile:8,Map,Tile:6,Map,Tile:10,Bonus,Tile:7,Tile:10,Destroy,Tile:9-Tile:6,Bonus,Map,Tile:0,Tile:7,Tile:11,Tile:3-Tile:0,Tile:8,Bonus,Tile:8,Destroy,Tile:6,Tile:2-Tile:hidden2,Tile:hidden1,Tile:nugget
Map 12 3 1
Tile:0 4 5 0
Map 12 5 1
Tile:6 5 6 0
Tile:7 6 6 1
Tile:2 5 4 0
Tile:6 6 7 1
Drop 2 0 0
Tile:0 7 7 1
Tile:14 6 5 0
Tile:0 8 7 1
Tile:8 3 5 0
Tile:11 3 4 1
Tile:8 3 3 0
Tile:3 3 2 1
Map 12 5 0
Drop 1 0 1
Tile:9 2 2 0
Drop 1 0 1
Tile:13 2 5 0
Drop 1 0 1
Drop 4 0 0
Drop 1 0 1
Tile:15 3 6 0
Drop 1 0 1
Tile:1 4 4 0
Tile:12 4 3 1
Destroy 7 7 0
Tile:8 9 7 1
Tile:6_flip 6 4 0
Drop 1 0 1
Destroy 5 6 0
Tile:6 10 7 1
Tile:10 2 6 0
Drop 1 0 1
Drop 3 0 0
Drop 1 0 1
Tile:10 9 6 0
Drop 1 0 1
Tile:8 2 7 0
Drop 1 0 1
Tile:5 2 1 0
Drop 1 0 1
Tile:7_flip 2 8 0
Drop 1 0 1
Tile:6 7 7 0
Drop 1 0 1
Destroy 2 5 0
Drop 1 0 1
Malus 0 0 0
Bonus 0 0 1
Tile:0 3 8 0
Drop 1 0 1
Drop 0 0 0
GAMEOVER USER CANCEL UNDECIDED
# Game ended: Sat Apr 11 19:57:44 EDT 2020
