# Server version 0.08 running on 192.168.2.10:8123
# Game ID: 147
# Board class: Saboteur.SaboteurBoard
# Timeout: 20000
# First Move Timeout: 30000
# Date: Sat Apr 11 17:18:55 EDT 2020
# Player 1: Player-0, 'RandomPlayer', running on 192.168.2.10
# Player 2: Player-1, '260738242', running on 192.168.2.10
START Player-0 RandomPlayer
START Player-1 260738242
BoardInit:Tile:7,Tile:10,Map,Tile:9,Tile:2,Tile:8,Malus,Malus,Tile:8,Tile:5,Tile:6,Tile:0,Tile:7,Map,Tile:6,Map,Destroy,Tile:0,Tile:6,Tile:14,Tile:5,Tile:6,Map,Tile:0,Tile:1,Tile:11,Bonus,Destroy,Map,Tile:3,Tile:0,Tile:9,Tile:5,Tile:9,Tile:15,Tile:5,Tile:10,Tile:6,Tile:8,Tile:9,Bonus-Bonus,Tile:13,Tile:7,Tile:12,Tile:7,Map,Tile:7-Tile:10,Destroy,Bonus,Tile:9,Tile:4,Tile:8,Tile:8-Tile:hidden1,Tile:nugget,Tile:hidden2
Map 12 3 1
Drop 2 0 0
Tile:13 5 4 1
Tile:8 4 5 0
Map 12 3 1
Tile:9 5 6 0
Tile:12_flip 3 5 1
Tile:8 5 3 0
Tile:2 4 4 1
Tile:8 6 3 0
GAMEOVER TIMEOUT WINNER 0
# Game ended: Sat Apr 11 17:19:16 EDT 2020
