# Server version 0.08 running on 192.168.2.10:8123
# Game ID: 311
# Board class: Saboteur.SaboteurBoard
# Timeout: 20000
# First Move Timeout: 30000
# Date: Sat Apr 11 20:10:29 EDT 2020
# Player 1: Player-0, '260738242', running on 192.168.2.10
# Player 2: Player-1, 'RandomPlayer', running on 192.168.2.10
START Player-0 260738242
START Player-1 RandomPlayer
BoardInit:Tile:7,Tile:0,Tile:5,Destroy,Tile:9,Tile:10,Tile:9,Tile:8,Malus,Tile:9,Tile:14,Tile:7,Tile:13,Tile:0,Tile:3,Destroy,Tile:7,Destroy,Tile:6,Tile:6,Tile:6,Tile:10,Map,Tile:8,Tile:8,Bonus,Tile:9,Bonus,Tile:7,Tile:5,Tile:6,Map,Bonus,Tile:0,Tile:6,Tile:7,Tile:8,Tile:5,Tile:5,Tile:8,Tile:11-Tile:12,Tile:4,Tile:2,Tile:1,Bonus,Tile:9,Map-Map,Map,Tile:10,Tile:0,Map,Malus,Tile:15-Tile:hidden2,Tile:nugget,Tile:hidden1
Drop 3 0 1
Map 12 7 0
Tile:12 6 5 1
Map 12 3 0
Tile:2 5 4 1
Tile:15 5 6 0
Tile:9 4 4 1
Drop 1 0 0
Drop 0 0 1
Drop 1 0 0
Drop 2 0 1
Drop 1 0 0
Tile:9_flip 5 7 1
Drop 1 0 0
Tile:9_flip 4 3 1
Drop 1 0 0
Tile:14 6 4 1
Drop 1 0 0
Tile:3 4 2 1
Drop 1 0 0
Tile:7_flip 4 7 1
Drop 1 0 0
Tile:13 4 5 1
Drop 1 0 0
Map 12 7 1
Drop 1 0 0
Tile:6 3 5 1
Drop 1 0 0
Tile:9 6 3 1
Tile:6 7 3 0
Tile:6_flip 3 3 1
Tile:8 8 3 0
Tile:6 3 2 1
Drop 1 0 0
Drop 0 0 1
Tile:0 9 3 0
Tile:7 6 2 1
Tile:7 10 3 0
Tile:8 8 2 1
Tile:10 10 4 0
Tile:5 7 2 1
Tile:8 10 5 0
Tile:6_flip 2 3 1
Drop 1 0 0
Tile:5 5 2 1
Drop 1 0 0
Tile:11_flip 11 5 1
Drop 1 0 0
Tile:8 5 8 1
Drop 1 0 0
Drop 1 0 1
Drop 1 0 0
Malus 0 0 1
Drop 0 0 0
Drop 0 0 1
GAMEOVER DRAW
# Game ended: Sat Apr 11 20:10:29 EDT 2020
