# Server version 0.08 running on 192.168.2.10:8123
# Game ID: 310
# Board class: Saboteur.SaboteurBoard
# Timeout: 20000
# First Move Timeout: 30000
# Date: Sat Apr 11 20:10:24 EDT 2020
# Player 1: Player-0, 'RandomPlayer', running on 192.168.2.10
# Player 2: Player-1, '260738242', running on 192.168.2.10
START Player-0 RandomPlayer
START Player-1 260738242
BoardInit:Bonus,Tile:13,Tile:9,Bonus,Tile:10,Tile:8,Tile:8,Tile:8,Tile:12,Tile:9,Tile:0,Tile:9,Tile:5,Map,Tile:10,Tile:10,Map,Tile:7,Destroy,Tile:5,Tile:7,Tile:3,Tile:11,Tile:8,Destroy,Tile:8,Map,Tile:9,Tile:2,Tile:0,Tile:7,Tile:14,Tile:6,Tile:0,Tile:6,Map,Tile:6,Tile:7,Tile:4,Tile:5,Tile:0-Tile:5,Tile:7,Destroy,Tile:1,Map,Malus,Malus-Bonus,Bonus,Tile:15,Tile:6,Tile:9,Map,Tile:6-Tile:hidden2,Tile:nugget,Tile:hidden1
Map 12 7 1
Tile:9 4 5 0
Tile:5_flip 6 5 1
Tile:15 4 4 0
Tile:9 6 4 1
Tile:6 7 4 0
Drop 1 0 1
Tile:8 4 3 0
Tile:8 8 4 1
Tile:13 4 6 0
Tile:1 5 3 1
Tile:8 5 6 0
Tile:0 9 4 1
Tile:6_flip 8 3 0
Tile:12 6 6 1
Tile:9_flip 8 5 0
Drop 1 0 1
Tile:9 7 3 0
Map 12 5 1
Tile:7 6 3 0
Tile:7 10 4 1
Tile:5 3 6 0
Tile:7_flip 10 5 1
Tile:3 11 5 0
Tile:11 3 7 1
Tile:10 7 2 0
Drop 1 0 1
Drop 0 0 0
Drop 1 0 1
Map 12 3 0
Tile:2 4 2 1
Map 12 3 0
Drop 1 0 1
Tile:8 11 6 0
Malus 0 0 1
Drop 4 0 0
Drop 1 0 1
Drop 0 0 0
Drop 1 0 1
Map 12 5 0
Tile:4 5 4 1
Drop 4 0 0
Drop 1 0 1
Bonus 0 0 0
Drop 1 0 1
Tile:9 8 6 0
Drop 1 0 1
Tile:5 3 3 0
Drop 1 0 1
Tile:7 12 6 0
Tile:6 9 6 1
Tile:8 3 8 0
Drop 1 0 1
Tile:14_flip 7 5 0
Tile:10 3 4 1
GAMEOVER DRAW
# Game ended: Sat Apr 11 20:10:24 EDT 2020
