# Server version 0.08 running on 192.168.2.10:8123
# Game ID: 175
# Board class: Saboteur.SaboteurBoard
# Timeout: 20000
# First Move Timeout: 30000
# Date: Sat Apr 11 18:45:27 EDT 2020
# Player 1: Player-0, '260738242', running on 192.168.2.10
# Player 2: Player-1, 'RandomPlayer', running on 192.168.2.10
START Player-0 260738242
START Player-1 RandomPlayer
BoardInit:Tile:0,Tile:7,Tile:4,Tile:14,Malus,Map,Tile:7,Tile:12,Bonus,Tile:6,Destroy,Tile:5,Tile:5,Destroy,Tile:8,Tile:7,Malus,Map,Tile:8,Tile:15,Map,Tile:8,Tile:5,Tile:1,Tile:13,Tile:3,Tile:9,Tile:0,Tile:9,Map,Tile:11,Tile:0,Tile:6,Map,Tile:5,Tile:9,Tile:10,Tile:9,Tile:0,Tile:6,Tile:7-Tile:10,Tile:10,Tile:9,Tile:6,Map,Tile:6,Destroy-Tile:8,Bonus,Bonus,Tile:2,Tile:7,Tile:8,Bonus-Tile:hidden2,Tile:hidden1,Tile:nugget
Tile:6 5 6 1
Tile:8 6 6 0
Tile:6 6 7 1
Tile:8 7 6 0
Tile:9_flip 7 7 1
Tile:2 5 4 0
Tile:10 7 8 1
Map 12 3 0
Tile:4 7 5 1
Tile:14 6 4 0
Tile:10 6 3 1
Tile:6 8 6 0
Destroy 6 6 1
GAMEOVER TIMEOUT WINNER 1
# Game ended: Sat Apr 11 18:45:49 EDT 2020
