# Server version 0.08 running on 192.168.2.10:8123
# Game ID: 122
# Board class: Saboteur.SaboteurBoard
# Timeout: 20000
# First Move Timeout: 30000
# Date: Sat Apr 11 14:19:16 EDT 2020
# Player 1: Player-0, '260738242', running on 192.168.2.10
# Player 2: Player-1, 'RandomPlayer', running on 192.168.2.10
START Player-0 260738242
START Player-1 RandomPlayer
BoardInit:Tile:8,Tile:7,Tile:10,Tile:0,Tile:9,Tile:10,Bonus,Tile:13,Tile:7,Tile:7,Tile:4,Tile:8,Tile:6,Tile:9,Tile:9,Map,Tile:8,Tile:8,Tile:0,Map,Tile:6,Map,Tile:9,Tile:2,Tile:11,Tile:5,Tile:7,Map,Tile:6,Tile:3,Destroy,Tile:14,Map,Bonus,Bonus,Map,Malus,Tile:7,Tile:9,Tile:12,Tile:0-Tile:5,Tile:0,Destroy,Malus,Tile:1,Tile:10,Tile:8-Tile:6,Tile:6,Tile:5,Destroy,Tile:15,Tile:5,Bonus-Tile:nugget,Tile:hidden2,Tile:hidden1
Tile:1 4 5 1
Tile:6 3 5 0
Tile:5 3 4 1
Tile:6 5 6 0
Destroy 3 5 1
Tile:5_flip 6 6 0
Tile:0 4 4 1
Destroy 3 4 0
Tile:8 5 4 1
Tile:15 5 3 0
Tile:7_flip 3 5 1
Tile:5 3 4 0
Drop 4 0 1
Tile:7 5 2 0
Tile:6_flip 6 5 1
Tile:0 4 6 0
Drop 3 0 1
Map 12 3 0
Drop 3 0 1
Tile:13 4 2 0
Tile:8 4 1 1
Map 12 3 0
Tile:6_flip 3 2 1
Map 12 3 0
Drop 0 0 1
Tile:10 4 0 0
Tile:0 6 4 1
Tile:7_flip 3 1 0
Tile:11_flip 7 5 1
Map 12 3 0
Tile:10 3 0 1
Tile:8 2 2 0
Tile:4 2 1 1
Tile:9 2 3 0
Destroy 3 0 1
Tile:8 1 2 0
Tile:9_flip 1 1 1
Map 12 3 0
Tile:6_flip 7 4 1
Tile:2 1 0 0
Tile:9 7 6 1
Tile:5 0 0 0
Tile:9 0 1 1
Tile:3 3 0 0
Tile:0 2 0 1
Tile:14 1 3 0
Map 12 5 1
Tile:7_flip 0 2 0
Tile:8 8 4 1
Tile:12 5 1 0
Tile:7 9 4 1
Drop 0 0 0
Malus 0 0 1
Bonus 0 0 0
Drop 0 0 1
GAMEOVER DRAW
# Game ended: Sat Apr 11 14:19:17 EDT 2020
