# Server version 0.08 running on 192.168.2.10:8123
# Game ID: 56
# Board class: Saboteur.SaboteurBoard
# Timeout: 20000
# First Move Timeout: 30000
# Date: Fri Apr 10 19:44:09 EDT 2020
# Player 1: Player-0, 'RandomPlayer', running on 192.168.2.10
# Player 2: Player-1, '260738242', running on 192.168.2.10
START Player-0 RandomPlayer
START Player-1 260738242
BoardInit:Tile:7,Destroy,Tile:5,Tile:5,Tile:7,Tile:11,Tile:10,Destroy,Tile:12,Map,Tile:5,Tile:5,Bonus,Tile:1,Tile:7,Tile:4,Tile:10,Map,Tile:9,Tile:6,Malus,Tile:9,Bonus,Map,Destroy,Tile:0,Tile:0,Tile:10,Map,Tile:6,Tile:8,Tile:8,Map,Tile:6,Tile:2,Tile:9,Tile:6,Tile:6,Tile:13,Tile:9,Malus-Map,Tile:15,Tile:0,Tile:8,Tile:0,Bonus,Tile:9-Tile:14,Tile:8,Tile:7,Tile:8,Tile:7,Tile:3,Bonus-Tile:nugget,Tile:hidden1,Tile:hidden2
Map 12 3 1
Tile:3 5 4 0
Tile:15 5 6 1
Tile:14 5 7 0
Tile:0 4 4 1
Tile:7_flip 4 7 0
Tile:8 3 4 1
Destroy 3 4 0
Tile:0 4 5 1
Tile:5_flip 6 5 0
Tile:9 3 4 1
Destroy 5 7 0
Tile:7 3 3 1
Tile:7_flip 2 3 0
Tile:5 2 2 1
Drop 1 0 0
Tile:7 4 6 1
Tile:4 6 4 0
Tile:12 3 2 1
Tile:5 3 6 0
Tile:10 3 7 1
Tile:6 3 5 0
Tile:5_flip 3 8 1
Tile:11_flip 5 7 0
Tile:7_flip 2 8 1
Tile:1 2 5 0
Tile:10 2 7 1
Map 12 3 0
Malus 0 0 1
Map 12 5 0
Map 12 3 1
Drop 3 0 0
Destroy 2 2 1
Drop 4 0 0
Map 12 3 1
Drop 0 0 0
Tile:9 2 2 1
Drop 4 0 0
Tile:8 2 1 1
Drop 0 0 0
Tile:0 3 1 1
Drop 2 0 0
Tile:2 2 0 1
Drop 1 0 0
Tile:6 3 0 1
Drop 3 0 0
Tile:13 1 0 1
Drop 0 0 0
Malus 0 0 1
Drop 2 0 0
Drop 0 0 1
Drop 0 0 0
Drop 0 0 1
Drop 0 0 0
Drop 0 0 1
GAMEOVER DRAW
# Game ended: Fri Apr 10 19:44:09 EDT 2020
