# Server version 0.08 running on 192.168.2.10:8123
# Game ID: 269
# Board class: Saboteur.SaboteurBoard
# Timeout: 20000
# First Move Timeout: 30000
# Date: Sat Apr 11 19:58:37 EDT 2020
# Player 1: Player-0, '260738242', running on 192.168.2.10
# Player 2: Player-1, 'RandomPlayer', running on 192.168.2.10
START Player-0 260738242
START Player-1 RandomPlayer
BoardInit:Tile:4,Map,Destroy,Malus,Tile:13,Bonus,Map,Tile:14,Tile:9,Tile:7,Tile:0,Tile:2,Map,Tile:11,Tile:6,Tile:5,Tile:9,Tile:8,Tile:5,Malus,Tile:6,Tile:10,Bonus,Bonus,Tile:8,Tile:8,Tile:6,Tile:9,Tile:7,Tile:7,Map,Tile:7,Tile:9,Bonus,Tile:0,Map,Tile:12,Tile:1,Tile:0,Tile:6,Tile:5-Tile:8,Tile:10,Tile:3,Map,Tile:9,Tile:7,Tile:8-Tile:15,Tile:5,Tile:6,Tile:10,Tile:0,Destroy,Destroy-Tile:hidden1,Tile:nugget,Tile:hidden2
Tile:7_flip 4 5 1
Tile:5_flip 6 5 0
Tile:9 6 4 1
Map 12 7 0
Destroy 6 5 1
Tile:6 7 4 0
Map 12 5 1
Tile:0 8 4 0
Tile:4 7 3 1
Tile:15 5 6 0
Tile:13 5 7 1
Tile:7 9 4 0
Tile:3_flip 4 7 1
Tile:14 5 8 0
Tile:0 6 7 1
Tile:2 4 4 0
Tile:6 9 5 1
Tile:5_flip 10 5 0
Tile:9_flip 6 5 1
Tile:11_flip 6 3 0
Tile:8 7 7 1
Drop 1 0 0
Tile:8 5 3 1
Drop 1 0 0
Drop 5 0 1
Drop 1 0 0
Tile:9_flip 8 7 1
Drop 1 0 0
Tile:8 8 6 1
Tile:9 10 4 0
Tile:6 11 4 1
Malus 0 0 0
Map 12 7 1
Drop 1 0 0
Drop 3 0 1
Drop 1 0 0
Drop 5 0 1
Map 12 3 0
Map 12 7 1
Tile:1 4 3 0
Drop 6 0 1
Drop 1 0 0
Drop 4 0 1
Drop 1 0 0
Drop 1 0 1
Drop 1 0 0
Map 12 5 1
Drop 1 0 0
Drop 0 0 1
Drop 1 0 0
Drop 0 0 1
Drop 1 0 0
Drop 1 0 1
GAMEOVER USER CANCEL UNDECIDED
# Game ended: Sat Apr 11 19:58:47 EDT 2020
