# Server version 0.08 running on 192.168.2.10:8123
# Game ID: 103
# Board class: Saboteur.SaboteurBoard
# Timeout: 20000
# First Move Timeout: 30000
# Date: Sat Apr 11 00:49:23 EDT 2020
# Player 1: Player-0, '260738242', running on 192.168.2.10
# Player 2: Player-1, 'RandomPlayer', running on 192.168.2.10
START Player-0 260738242
START Player-1 RandomPlayer
BoardInit:Tile:9,Tile:1,Tile:10,Tile:10,Tile:13,Tile:8,Tile:6,Tile:6,Tile:12,Tile:7,Map,Map,Tile:9,Tile:8,Bonus,Tile:7,Bonus,Tile:0,Tile:15,Tile:6,Tile:5,Destroy,Destroy,Tile:8,Bonus,Map,Tile:10,Tile:9,Tile:5,Tile:9,Tile:0,Malus,Tile:7,Map,Tile:7,Tile:0,Map,Tile:3,Malus,Tile:5,Tile:7-Tile:8,Tile:0,Tile:6,Tile:2,Tile:11,Tile:9,Tile:14-Tile:6,Bonus,Tile:8,Tile:5,Map,Tile:4,Destroy-Tile:hidden1,Tile:hidden2,Tile:nugget
Tile:0 6 5 1
Map 12 3 0
Tile:8 5 4 1
Tile:5_flip 7 5 0
Drop 4 0 1
Tile:6 6 4 0
Tile:9_flip 7 4 1
Tile:8 5 3 0
Tile:6_flip 4 5 1
Tile:4 5 2 0
Drop 4 0 1
Destroy 5 2 0
Drop 6 0 1
Map 12 3 0
Tile:10 5 2 1
Tile:1 4 4 0
Tile:12_flip 4 3 1
Tile:10 4 6 0
Tile:9_flip 4 7 1
Tile:8 3 4 0
Tile:11 5 6 1
Tile:6 2 4 0
Tile:2 5 1 1
Tile:7 2 3 0
Drop 3 0 1
Tile:8 1 3 0
Tile:9_flip 6 3 1
Map 12 3 0
Destroy 2 4 1
GAMEOVER USER CANCEL UNDECIDED
# Game ended: Sat Apr 11 00:49:26 EDT 2020
