# Server version 0.08 running on 192.168.2.10:8123
# Game ID: 329
# Board class: Saboteur.SaboteurBoard
# Timeout: 20000
# First Move Timeout: 30000
# Date: Sat Apr 11 20:24:56 EDT 2020
# Player 1: Player-0, 'RandomPlayer', running on 192.168.2.10
# Player 2: Player-1, '260738242', running on 192.168.2.10
START Player-0 RandomPlayer
START Player-1 260738242
BoardInit:Map,Bonus,Malus,Malus,Tile:6,Tile:5,Tile:5,Tile:9,Tile:3,Destroy,Map,Tile:8,Tile:9,Tile:13,Tile:1,Tile:10,Tile:10,Map,Tile:0,Map,Tile:7,Map,Tile:14,Tile:9,Tile:6,Tile:6,Destroy,Tile:4,Destroy,Tile:7,Tile:6,Bonus,Bonus,Tile:5,Tile:9,Tile:8,Tile:0,Tile:10,Tile:8,Tile:7,Tile:0-Tile:12,Tile:8,Tile:11,Tile:7,Tile:5,Tile:6,Tile:0-Tile:9,Tile:15,Tile:7,Tile:8,Bonus,Map,Tile:2-Tile:nugget,Tile:hidden2,Tile:hidden1
Tile:7 6 5 1
Map 12 5 0
Map 12 3 1
Tile:9 5 4 0
Tile:5_flip 6 4 1
Tile:8 4 5 0
Tile:6_flip 6 3 1
Tile:5_flip 4 6 0
Tile:6 7 3 1
Tile:2 7 2 0
Tile:8 8 3 1
Drop 1 0 0
Tile:0 9 3 1
Tile:15 8 4 0
Malus 0 0 1
Destroy 6 4 0
Tile:5_flip 6 4 1
Malus 0 0 0
Drop 1 0 1
Drop 5 0 0
Drop 1 0 1
Drop 4 0 0
Drop 1 0 1
Drop 5 0 0
Drop 1 0 1
Map 12 3 0
Drop 1 0 1
Map 12 7 0
Drop 1 0 1
Drop 2 0 0
Drop 1 0 1
Drop 4 0 0
Drop 1 0 1
Bonus 0 0 0
Bonus 0 0 1
Tile:4 4 4 0
Tile:6 10 3 1
Tile:9 5 3 0
Tile:12_flip 3 5 1
Tile:10 10 2 0
Tile:14 6 6 1
Tile:5 3 6 0
Drop 1 0 1
Tile:8 5 2 0
Drop 1 0 1
Tile:7 8 2 0
Drop 1 0 1
Tile:7_flip 4 2 0
Drop 1 0 1
Drop 1 0 0
Drop 1 0 1
Tile:8 3 7 0
Drop 1 0 1
Drop 0 0 0
Destroy 8 3 1
GAMEOVER DRAW
# Game ended: Sat Apr 11 20:25:00 EDT 2020
