# Server version 0.08 running on 192.168.2.10:8123
# Game ID: 152
# Board class: Saboteur.SaboteurBoard
# Timeout: 20000
# First Move Timeout: 30000
# Date: Sat Apr 11 17:27:01 EDT 2020
# Player 1: Player-0, '260738242', running on 192.168.2.10
# Player 2: Player-1, 'RandomPlayer', running on 192.168.2.10
START Player-0 260738242
START Player-1 RandomPlayer
BoardInit:Tile:15,Tile:8,Tile:9,Tile:0,Tile:8,Map,Tile:0,Tile:10,Tile:14,Map,Malus,Tile:7,Tile:6,Tile:6,Malus,Tile:6,Tile:0,Tile:13,Bonus,Destroy,Map,Tile:5,Tile:7,Destroy,Bonus,Tile:7,Tile:8,Map,Tile:9,Tile:1,Tile:10,Destroy,Tile:10,Tile:11,Tile:9,Tile:5,Tile:8,Tile:6,Tile:9,Tile:12,Tile:3-Tile:7,Bonus,Map,Tile:8,Tile:2,Tile:7,Tile:5-Tile:6,Tile:9,Bonus,Map,Tile:0,Tile:5,Tile:4-Tile:hidden1,Tile:nugget,Tile:hidden2
Tile:7_flip 5 6 1
Map 12 3 0
Map 12 3 1
Tile:6 6 6 0
Tile:5_flip 7 6 1
Tile:5 7 5 0
Tile:9_flip 6 5 1
Map 12 3 0
Tile:0 8 5 1
Tile:4 5 4 0
Tile:14_flip 6 4 1
Map 12 3 0
Drop 4 0 1
Drop 2 0 0
Tile:7 9 5 1
Tile:7_flip 9 6 0
Tile:6 7 4 1
Tile:6 10 6 0
Drop 1 0 1
Tile:6 11 6 0
Tile:2 11 5 1
Destroy 11 6 0
Map 12 5 1
Tile:13 4 5 0
Drop 4 0 1
Destroy 10 6 0
Tile:7 4 4 1
Drop 2 0 0
Tile:8 3 5 1
Map 12 3 0
Malus 0 0 1
Bonus 0 0 0
Tile:10 11 6 1
Destroy 11 6 0
Tile:10 4 6 1
Tile:1 2 5 0
Drop 3 0 1
Tile:11 1 5 0
Tile:9 7 3 1
Tile:6 10 6 0
Tile:8 11 6 1
Tile:12 8 3 0
Tile:9 1 4 1
Drop 2 0 0
Tile:9_flip 11 7 1
Drop 2 0 0
Drop 3 0 1
Drop 2 0 0
Tile:3 1 3 1
Drop 2 0 0
Drop 0 0 1
GAMEOVER USER CANCEL UNDECIDED
# Game ended: Sat Apr 11 17:27:27 EDT 2020
