# Server version 0.08 running on 192.168.2.10:8123
# Game ID: 52
# Board class: Saboteur.SaboteurBoard
# Timeout: 20000
# First Move Timeout: 30000
# Date: Fri Apr 10 19:43:30 EDT 2020
# Player 1: Player-0, 'RandomPlayer', running on 192.168.2.10
# Player 2: Player-1, '260738242', running on 192.168.2.10
START Player-0 RandomPlayer
START Player-1 260738242
BoardInit:Tile:5,Tile:7,Tile:9,Tile:6,Tile:0,Malus,Tile:12,Tile:7,Bonus,Tile:5,Tile:5,Tile:9,Tile:6,Tile:3,Tile:4,Tile:5,Malus,Map,Tile:7,Tile:9,Tile:0,Tile:7,Tile:8,Tile:1,Tile:15,Tile:13,Tile:6,Tile:11,Map,Tile:9,Tile:6,Tile:6,Tile:10,Map,Tile:10,Map,Tile:8,Destroy,Tile:8,Tile:0,Map-Tile:8,Tile:14,Bonus,Tile:10,Tile:2,Bonus,Destroy-Tile:7,Map,Destroy,Bonus,Tile:8,Tile:9,Tile:0-Tile:nugget,Tile:hidden2,Tile:hidden1
Tile:8 5 4 1
Tile:8 5 3 0
Tile:14 6 3 1
Map 12 7 0
Tile:10 5 2 1
Tile:7_flip 4 5 0
Tile:0 6 4 1
Tile:0 6 5 0
Tile:2 4 4 1
Tile:7_flip 4 3 0
Destroy 4 3 1
Tile:6_flip 7 4 0
Tile:9_flip 8 4 1
Tile:9_flip 5 1 0
Tile:6 8 5 1
Destroy 5 1 0
Tile:5 3 4 1
Tile:7_flip 4 3 0
Tile:12 9 5 1
Tile:9 5 6 0
Tile:5 6 2 1
Tile:9_flip 5 1 0
Tile:4 4 2 1
Tile:3 5 0 0
Malus 0 0 1
Drop 0 0 0
Tile:7 6 6 1
Map 12 5 0
Tile:0 4 1 1
Drop 6 0 0
Map 12 3 1
Drop 1 0 0
Tile:8 3 1 1
Drop 4 0 0
Tile:15 3 0 1
Drop 4 0 0
Tile:6 2 1 1
Map 12 7 0
Tile:6 1 1 1
Destroy 8 5 0
Tile:8 8 5 1
Drop 2 0 0
Map 12 3 1
Drop 3 0 0
Tile:10 1 0 1
Drop 0 0 0
Tile:10 2 0 1
Drop 3 0 0
Tile:8 0 1 1
Map 12 7 0
Drop 0 0 1
Drop 0 0 0
Drop 0 0 1
Drop 0 0 0
Drop 0 0 1
GAMEOVER DRAW
# Game ended: Fri Apr 10 19:43:30 EDT 2020
