# Server version 0.08 running on 192.168.2.10:8123
# Game ID: 154
# Board class: Saboteur.SaboteurBoard
# Timeout: 20000
# First Move Timeout: 30000
# Date: Sat Apr 11 17:27:43 EDT 2020
# Player 1: Player-0, 'RandomPlayer', running on 192.168.2.10
# Player 2: Player-1, '260738242', running on 192.168.2.10
START Player-0 RandomPlayer
START Player-1 260738242
BoardInit:Tile:0,Destroy,Tile:2,Tile:15,Tile:8,Tile:3,Tile:4,Tile:10,Bonus,Tile:14,Tile:12,Tile:6,Tile:8,Malus,Tile:9,Tile:0,Bonus,Tile:0,Tile:9,Malus,Tile:7,Tile:7,Tile:9,Tile:8,Tile:1,Map,Tile:7,Map,Tile:6,Map,Bonus,Map,Tile:8,Tile:5,Tile:9,Destroy,Tile:11,Map,Tile:6,Tile:8,Tile:5-Destroy,Bonus,Tile:5,Tile:7,Tile:10,Map,Tile:10-Tile:9,Tile:0,Tile:5,Tile:6,Tile:13,Tile:7,Tile:6-Tile:hidden2,Tile:hidden1,Tile:nugget
Map 12 3 1
Tile:6 4 5 0
Drop 2 0 1
Tile:5 4 4 0
Tile:2 3 5 1
Tile:13 2 5 0
Drop 2 0 1
Tile:9_flip 2 6 0
Tile:4_flip 2 7 1
Tile:7_flip 1 5 0
Drop 2 0 1
Tile:10 3 6 0
Tile:12 6 5 1
Tile:6 5 6 0
Drop 2 0 1
Tile:6_flip 2 4 0
Drop 2 0 1
Tile:3 5 4 0
Drop 2 0 1
Destroy 5 6 0
Tile:9 3 7 1
Tile:14_flip 1 6 0
Drop 2 0 1
Tile:7_flip 3 8 0
Drop 2 0 1
Drop 2 0 0
Drop 2 0 1
Map 12 5 0
Drop 2 0 1
Tile:8 4 7 0
Tile:6 5 7 1
Tile:0 6 7 0
Drop 2 0 1
Tile:15 5 6 0
Drop 2 0 1
Map 12 5 0
Drop 2 0 1
Destroy 3 5 0
Tile:11 1 4 1
Tile:0 7 7 0
Tile:6 8 7 1
Tile:5 8 6 0
Drop 2 0 1
Drop 5 0 0
Drop 2 0 1
Map 12 3 0
Drop 2 0 1
Map 12 5 0
Drop 2 0 1
Drop 2 0 0
Drop 2 0 1
Malus 0 0 0
Bonus 0 0 1
Tile:0 9 6 0
GAMEOVER ILLEGAL MOVE: Player 1, CardUsed: (Drop), PosOfUse: (2, 0) WINNER 0
# Game ended: Sat Apr 11 17:27:44 EDT 2020
