# Server version 0.08 running on 192.168.2.10:8123
# Game ID: 282
# Board class: Saboteur.SaboteurBoard
# Timeout: 20000
# First Move Timeout: 30000
# Date: Sat Apr 11 20:04:03 EDT 2020
# Player 1: Player-0, 'RandomPlayer', running on 192.168.2.10
# Player 2: Player-1, '260738242', running on 192.168.2.10
START Player-0 RandomPlayer
START Player-1 260738242
BoardInit:Map,Tile:6,Bonus,Tile:8,Tile:14,Tile:5,Tile:13,Bonus,Tile:4,Tile:7,Malus,Tile:9,Tile:5,Tile:2,Tile:8,Tile:0,Tile:10,Tile:12,Tile:7,Tile:5,Bonus,Tile:0,Map,Tile:0,Tile:9,Tile:7,Tile:9,Map,Tile:8,Tile:6,Map,Tile:6,Tile:7,Tile:1,Tile:9,Tile:10,Bonus,Tile:9,Tile:6,Map,Destroy-Tile:11,Tile:8,Map,Tile:7,Tile:10,Destroy,Tile:8-Malus,Tile:5,Tile:0,Tile:3,Destroy,Tile:6,Tile:15-Tile:nugget,Tile:hidden1,Tile:hidden2
Map 12 5 1
Tile:5 4 5 0
Map 12 7 1
Tile:6_flip 5 4 0
Tile:8 6 4 1
Tile:15 6 3 0
Tile:8 7 4 1
Tile:3 8 4 0
Tile:11 4 6 1
Tile:6 4 7 0
Tile:14 5 6 1
Tile:8 6 5 0
Tile:13 3 7 1
Destroy 5 6 0
Tile:4 3 6 1
Tile:9_flip 6 2 0
Tile:8 7 5 1
Tile:2_flip 6 6 0
Drop 1 0 1
Drop 1 0 0
Drop 1 0 1
Tile:12_flip 4 4 0
Drop 1 0 1
Tile:5_flip 3 8 0
Drop 1 0 1
Drop 0 0 0
Drop 1 0 1
Tile:5_flip 7 6 0
Drop 1 0 1
Drop 3 0 0
Tile:8 8 5 1
Tile:7 5 7 0
Tile:9_flip 9 5 1
Tile:6 2 7 0
Tile:9 9 4 1
Tile:6_flip 6 1 0
Tile:9_flip 10 4 1
Tile:7_flip 9 6 0
Drop 1 0 1
Tile:9_flip 10 6 0
Tile:6_flip 10 3 1
Tile:10 7 3 0
Destroy 10 3 1
Tile:0 1 7 0
Drop 1 0 1
Drop 0 0 0
Drop 1 0 1
Tile:1 5 2 0
Drop 1 0 1
Tile:0 0 7 0
Drop 1 0 1
Map 12 3 0
Drop 1 0 1
Map 12 7 0
GAMEOVER USER CANCEL UNDECIDED
# Game ended: Sat Apr 11 20:04:08 EDT 2020
