# Server version 0.08 running on 192.168.2.10:8123
# Game ID: 48
# Board class: Saboteur.SaboteurBoard
# Timeout: 20000
# First Move Timeout: 30000
# Date: Fri Apr 10 19:39:37 EDT 2020
# Player 1: Player-0, '260738242', running on 192.168.2.10
# Player 2: Player-1, 'Human', running on 192.168.2.10
START Player-0 260738242
START Player-1 Human
BoardInit:Tile:12,Tile:6,Tile:5,Tile:5,Destroy,Tile:7,Tile:8,Tile:9,Map,Map,Tile:0,Tile:4,Tile:1,Tile:9,Tile:3,Map,Tile:15,Tile:8,Map,Tile:2,Tile:10,Destroy,Tile:8,Tile:0,Tile:6,Tile:7,Tile:8,Tile:7,Tile:9,Tile:0,Tile:5,Bonus,Tile:6,Tile:5,Tile:6,Bonus,Map,Tile:13,Tile:7,Tile:0,Tile:10-Tile:6,Map,Malus,Bonus,Tile:11,Tile:14,Tile:7-Bonus,Destroy,Tile:9,Tile:8,Malus,Tile:9,Tile:10-Tile:nugget,Tile:hidden1,Tile:hidden2
Map 12 5 1
Tile:9 5 4 0
Tile:7 6 5 1
Tile:6 6 4 0
Tile:6 7 4 1
Tile:9_flip 8 4 0
Tile:5 8 3 1
Tile:7 9 3 0
Tile:8 8 5 1
Tile:8 9 5 0
Map 12 7 1
Map 12 3 0
Tile:0 10 5 1
Destroy 6 4 0
Tile:1 6 4 1
Tile:9 6 6 0
Tile:12 7 6 1
Map 12 3 0
Malus 0 0 1
Bonus 0 0 0
Map 12 3 1
Malus 0 0 0
GAMEOVER USER CANCEL UNDECIDED
# Game ended: Fri Apr 10 19:40:46 EDT 2020
