# Server version 0.08 running on 192.168.2.10:8123
# Game ID: 86
# Board class: Saboteur.SaboteurBoard
# Timeout: 20000
# First Move Timeout: 30000
# Date: Sat Apr 11 00:43:57 EDT 2020
# Player 1: Player-0, 'RandomPlayer', running on 192.168.2.10
# Player 2: Player-1, '260738242', running on 192.168.2.10
START Player-0 RandomPlayer
START Player-1 260738242
BoardInit:Malus,Destroy,Tile:5,Tile:8,Tile:7,Tile:5,Map,Tile:6,Tile:7,Tile:6,Tile:10,Tile:5,Tile:12,Tile:6,Tile:9,Tile:6,Tile:7,Tile:4,Map,Tile:9,Map,Tile:8,Tile:0,Tile:7,Tile:7,Tile:8,Destroy,Tile:1,Tile:8,Tile:5,Bonus,Map,Tile:15,Tile:6,Tile:8,Tile:2,Map,Bonus,Malus,Tile:9,Tile:0-Destroy,Tile:14,Bonus,Tile:10,Tile:9,Map,Tile:13-Tile:9,Tile:3,Bonus,Tile:0,Tile:11,Tile:0,Tile:10-Tile:hidden1,Tile:hidden2,Tile:nugget
Map 12 3 1
Tile:9 5 6 0
Tile:9_flip 6 6 1
Tile:3 6 5 0
Tile:14 5 7 1
Tile:11 5 4 0
Destroy 5 4 1
Tile:8 4 7 0
Map 12 3 1
Drop 0 0 0
Tile:10 4 8 1
Tile:10 6 7 0
Tile:13 3 7 1
Tile:5_flip 4 9 0
Malus 0 0 1
Drop 4 0 0
Tile:5 2 7 1
Destroy 6 7 0
Tile:7 5 4 1
Drop 3 0 0
Map 12 3 1
Drop 2 0 0
Map 12 3 1
Drop 0 0 0
Tile:7_flip 2 8 1
Drop 2 0 0
Tile:12_flip 3 9 1
Drop 0 0 0
Tile:9 4 4 1
Drop 5 0 0
Tile:10 4 3 1
Drop 0 0 0
Tile:7 4 2 1
Map 12 3 0
Tile:0 3 2 1
Drop 3 0 0
Tile:7_flip 2 2 1
Drop 3 0 0
Map 12 3 1
Drop 0 0 0
Destroy 2 2 1
Drop 4 0 0
Tile:8 2 2 1
Bonus 0 0 0
Tile:15 2 1 1
Tile:5_flip 3 8 0
Tile:8 2 0 1
Tile:9 4 5 0
Malus 0 0 1
Drop 2 0 0
Tile:0 3 0 1
Drop 0 0 0
Drop 0 0 1
Drop 0 0 0
Drop 0 0 1
GAMEOVER DRAW
# Game ended: Sat Apr 11 00:43:58 EDT 2020
