# Server version 0.08 running on 192.168.2.10:8123
# Game ID: 49
# Board class: Saboteur.SaboteurBoard
# Timeout: 20000
# First Move Timeout: 30000
# Date: Fri Apr 10 19:40:51 EDT 2020
# Player 1: Player-0, '260738242', running on 192.168.2.10
# Player 2: Player-1, 'Human', running on 192.168.2.10
START Player-0 260738242
START Player-1 Human
BoardInit:Tile:3,Tile:6,Malus,Destroy,Tile:0,Tile:6,Bonus,Tile:9,Map,Tile:0,Tile:7,Tile:9,Tile:7,Tile:8,Tile:12,Tile:9,Bonus,Map,Tile:9,Destroy,Tile:6,Tile:11,Tile:6,Bonus,Tile:5,Tile:9,Map,Tile:5,Map,Map,Tile:8,Tile:14,Malus,Tile:5,Tile:0,Tile:7,Tile:0,Tile:2,Tile:15,Destroy,Tile:6-Tile:7,Tile:1,Tile:5,Tile:4,Tile:8,Tile:7,Tile:10-Tile:10,Tile:10,Tile:8,Tile:13,Tile:8,Bonus,Map-Tile:nugget,Tile:hidden2,Tile:hidden1
Tile:8 6 5 1
Map 12 3 0
Tile:7 7 5 1
Tile:10 6 4 0
Tile:10 6 6 1
Tile:10 6 3 0
Tile:5_flip 6 7 1
Tile:8 4 5 0
Tile:0 5 7 1
Tile:13 4 4 0
Map 12 3 1
Tile:8 4 3 0
Tile:7 6 2 1
Tile:6 3 3 0
Tile:7_flip 4 7 1
Destroy 3 3 0
Malus 0 0 1
Bonus 0 0 0
Tile:12 5 3 1
Map 12 3 0
Tile:9 7 6 1
Tile:0 8 6 0
Tile:6 9 6 1
Tile:6 10 6 0
Tile:6 11 6 1
Destroy 4 3 0
Tile:1 3 5 1
Tile:9 2 5 0
Tile:5 11 5 1
Tile:9 2 4 0
Map 12 7 1
Tile:8 2 3 0
Tile:8 12 4 1
GAMEOVER WINNER 1
# Game ended: Fri Apr 10 19:42:13 EDT 2020
