# Server version 0.08 running on 192.168.2.10:8123
# Game ID: 235
# Board class: Saboteur.SaboteurBoard
# Timeout: 20000
# First Move Timeout: 30000
# Date: Sat Apr 11 19:49:46 EDT 2020
# Player 1: Player-0, '260738242', running on 192.168.2.10
# Player 2: Player-1, 'RandomPlayer', running on 192.168.2.10
START Player-0 260738242
START Player-1 RandomPlayer
BoardInit:Destroy,Bonus,Tile:4,Tile:6,Tile:10,Tile:7,Map,Map,Tile:6,Map,Bonus,Tile:7,Tile:7,Bonus,Tile:11,Malus,Tile:8,Tile:12,Tile:13,Tile:10,Tile:9,Bonus,Tile:0,Malus,Tile:0,Tile:8,Tile:8,Tile:7,Tile:9,Tile:5,Tile:5,Tile:2,Map,Tile:14,Tile:3,Tile:0,Tile:0,Tile:8,Tile:6,Tile:1,Tile:9-Map,Tile:7,Destroy,Tile:10,Tile:6,Tile:15,Tile:9-Map,Tile:5,Tile:6,Tile:8,Destroy,Tile:5,Tile:9-Tile:hidden1,Tile:hidden2,Tile:nugget
Tile:6 6 5 1
Map 12 7 0
Tile:9 4 5 1
Tile:6 7 5 0
Drop 1 0 1
Tile:9_flip 8 5 0
Tile:15 8 4 1
Tile:7_flip 8 6 0
Destroy 8 6 1
Tile:6 8 6 0
Tile:6_flip 7 6 1
Tile:8 9 6 0
Tile:4_flip 5 6 1
Tile:7 10 6 0
Tile:7 4 4 1
Drop 2 0 0
Tile:10 7 4 1
Malus 0 0 0
Drop 1 0 1
Tile:12_flip 3 4 0
Map 12 7 1
Drop 2 0 0
Map 12 5 1
Drop 2 0 0
Drop 5 0 1
Malus 0 0 0
Drop 0 0 1
Tile:8 10 7 0
Drop 6 0 1
Drop 2 0 0
Drop 1 0 1
Drop 2 0 0
Drop 4 0 1
Tile:2 7 3 0
Drop 4 0 1
Tile:14 4 6 0
Map 12 7 1
Drop 2 0 0
Drop 0 0 1
Drop 2 0 0
Drop 2 0 1
Tile:1 3 6 0
Drop 0 0 1
Drop 2 0 0
Drop 4 0 1
Drop 2 0 0
Drop 2 0 1
Drop 2 0 0
Drop 0 0 1
Drop 2 0 0
Drop 0 0 1
GAMEOVER USER CANCEL UNDECIDED
# Game ended: Sat Apr 11 19:49:51 EDT 2020
