# Server version 0.08 running on 192.168.2.10:8123
# Game ID: 237
# Board class: Saboteur.SaboteurBoard
# Timeout: 20000
# First Move Timeout: 30000
# Date: Sat Apr 11 19:50:06 EDT 2020
# Player 1: Player-0, 'RandomPlayer', running on 192.168.2.10
# Player 2: Player-1, '260738242', running on 192.168.2.10
START Player-0 RandomPlayer
START Player-1 260738242
BoardInit:Bonus,Tile:6,Tile:7,Malus,Map,Tile:5,Tile:0,Tile:9,Tile:5,Map,Tile:5,Tile:8,Bonus,Tile:15,Map,Malus,Tile:8,Bonus,Tile:0,Tile:7,Tile:6,Tile:13,Tile:8,Tile:9,Map,Tile:4,Tile:14,Map,Map,Tile:10,Tile:9,Tile:6,Tile:9,Destroy,Tile:5,Destroy,Bonus,Tile:10,Tile:6,Tile:7,Tile:6-Tile:1,Tile:2,Destroy,Tile:0,Tile:7,Tile:9,Tile:3-Tile:0,Tile:10,Tile:12,Tile:11,Tile:8,Tile:8,Tile:7-Tile:nugget,Tile:hidden2,Tile:hidden1
Tile:7 6 5 1
Tile:7 5 4 0
Tile:9 6 6 1
Tile:8 6 7 0
Tile:0 7 6 1
Tile:10 5 6 0
Map 12 5 1
Drop 6 0 0
Tile:7 8 6 1
Tile:9 5 7 0
Tile:1 4 4 1
Drop 0 0 0
Tile:2 4 5 1
Tile:6 5 8 0
Tile:3_flip 3 4 1
Drop 2 0 0
Map 12 3 1
Tile:11_flip 6 8 0
Destroy 6 5 1
Tile:8 6 5 0
Tile:5_flip 7 5 1
Tile:15 6 9 0
Tile:5 7 4 1
Tile:13 8 7 0
Tile:6 8 4 1
Tile:7_flip 8 8 0
Tile:0 9 4 1
Malus 0 0 0
Bonus 0 0 1
Map 12 5 0
Tile:8 10 4 1
Drop 2 0 0
Tile:9_flip 11 4 1
Tile:4 3 3 0
Tile:14 4 6 1
Tile:6_flip 7 7 0
Drop 2 0 1
Tile:12_flip 3 5 0
Drop 2 0 1
Tile:10 11 3 0
Drop 2 0 1
Tile:7 10 3 0
Drop 2 0 1
Destroy 11 3 0
Drop 2 0 1
Drop 3 0 0
Drop 2 0 1
Tile:9_flip 9 7 0
Drop 2 0 1
Tile:10 9 6 0
Drop 2 0 1
Malus 0 0 0
Bonus 0 0 1
Map 12 7 0
GAMEOVER ILLEGAL MOVE: Player 1, CardUsed: (Drop), PosOfUse: (2, 0) WINNER 0
# Game ended: Sat Apr 11 19:50:06 EDT 2020
