# Server version 0.08 running on 192.168.2.10:8123
# Game ID: 65
# Board class: Saboteur.SaboteurBoard
# Timeout: 20000
# First Move Timeout: 30000
# Date: Fri Apr 10 19:55:30 EDT 2020
# Player 1: Player-0, 'RandomPlayer', running on 192.168.2.10
# Player 2: Player-1, '260738242', running on 192.168.2.10
START Player-0 RandomPlayer
START Player-1 260738242
BoardInit:Bonus,Destroy,Tile:6,Tile:0,Tile:7,Tile:10,Tile:11,Tile:5,Tile:14,Tile:7,Tile:5,Tile:4,Malus,Map,Tile:6,Malus,Tile:0,Destroy,Map,Tile:8,Destroy,Tile:15,Tile:5,Bonus,Tile:10,Tile:7,Tile:1,Bonus,Tile:13,Tile:7,Tile:8,Tile:10,Tile:3,Tile:5,Map,Tile:0,Tile:6,Map,Map,Tile:8,Tile:9-Tile:9,Tile:9,Tile:12,Tile:6,Tile:9,Tile:6,Tile:0-Tile:2,Tile:8,Tile:7,Tile:8,Bonus,Map,Tile:9-Tile:nugget,Tile:hidden1,Tile:hidden2
Tile:9 5 4 1
Tile:8 5 6 0
Tile:0 6 4 1
Tile:2_flip 7 4 0
Tile:9 5 3 1
Tile:9_flip 5 7 0
Tile:12 6 3 1
Map 12 5 0
Tile:6 6 6 1
Tile:10 5 8 0
Tile:9 5 2 1
Destroy 7 4 0
Tile:7 7 4 1
Tile:7_flip 4 5 0
Tile:6 7 5 1
Tile:4 4 4 0
Tile:6 8 5 1
Drop 0 0 0
Tile:0 9 5 1
Map 12 7 0
Map 12 3 1
Tile:7 5 1 0
Tile:6 10 5 1
Tile:5 4 6 0
Tile:11 4 7 1
Tile:0 6 2 0
Tile:14 4 8 1
Destroy 6 3 0
Tile:5 3 8 1
Tile:7 10 4 0
Malus 0 0 1
Drop 3 0 0
Tile:8 11 5 1
Bonus 0 0 0
Tile:10 11 6 1
Tile:5 8 4 0
Destroy 3 8 1
Tile:10 11 7 0
Tile:5 3 8 1
Tile:0 7 6 0
Tile:1 4 1 1
Tile:8 12 4 0
GAMEOVER WINNER 0
# Game ended: Fri Apr 10 19:55:31 EDT 2020
