# Server version 0.08 running on 192.168.2.10:8123
# Game ID: 169
# Board class: Saboteur.SaboteurBoard
# Timeout: 20000
# First Move Timeout: 30000
# Date: Sat Apr 11 17:44:09 EDT 2020
# Player 1: Player-0, '260738242', running on 192.168.2.10
# Player 2: Player-1, 'Human', running on 192.168.2.10
START Player-0 260738242
START Player-1 Human
BoardInit:Map,Bonus,Tile:8,Tile:8,Map,Tile:8,Tile:13,Tile:14,Tile:9,Map,Tile:4,Bonus,Tile:8,Tile:12,Bonus,Tile:9,Map,Destroy,Tile:10,Malus,Tile:0,Tile:7,Destroy,Tile:10,Malus,Tile:5,Tile:6,Tile:7,Tile:0,Destroy,Tile:5,Tile:0,Tile:8,Tile:6,Bonus,Tile:10,Tile:0,Tile:2,Tile:7,Tile:3,Tile:7-Tile:7,Tile:5,Tile:1,Tile:6,Tile:5,Tile:6,Tile:11-Map,Map,Tile:9,Tile:9,Tile:9,Tile:15,Tile:6-Tile:hidden1,Tile:nugget,Tile:hidden2
Tile:6 6 5 1
Map 12 3 0
Tile:6 7 5 1
Map 12 3 0
Tile:8 8 5 1
Tile:6 9 5 0
Tile:7 10 5 1
Tile:9 10 6 0
Tile:13 11 6 1
Tile:15 5 4 0
Tile:5 5 3 1
Map 12 3 0
