# Server version 0.08 running on 192.168.2.10:8123
# Game ID: 299
# Board class: Saboteur.SaboteurBoard
# Timeout: 20000
# First Move Timeout: 30000
# Date: Sat Apr 11 20:08:40 EDT 2020
# Player 1: Player-0, 'RandomPlayer', running on 192.168.2.10
# Player 2: Player-1, '260738242', running on 192.168.2.10
START Player-0 RandomPlayer
START Player-1 260738242
BoardInit:Destroy,Tile:14,Tile:0,Tile:9,Tile:0,Tile:5,Malus,Tile:7,Tile:7,Destroy,Map,Tile:1,Tile:10,Tile:6,Tile:3,Tile:5,Tile:9,Tile:10,Tile:6,Tile:8,Bonus,Malus,Tile:4,Map,Tile:5,Bonus,Tile:8,Tile:0,Map,Tile:7,Tile:15,Tile:7,Bonus,Tile:9,Tile:8,Tile:13,Tile:9,Tile:6,Map,Tile:8,Tile:10-Map,Tile:12,Bonus,Tile:8,Tile:6,Map,Tile:6-Tile:7,Tile:9,Tile:11,Destroy,Tile:0,Tile:5,Tile:2-Tile:nugget,Tile:hidden2,Tile:hidden1
Map 12 7 1
Tile:11 5 4 0
Map 12 3 1
Tile:14 6 4 0
Tile:6_flip 6 5 1
Tile:9 5 6 0
Tile:6 7 5 1
Tile:5 7 4 0
Tile:8 8 4 1
Tile:7 5 3 0
Tile:0 9 4 1
Tile:2 10 4 0
Tile:12 11 4 1
Tile:9 4 3 0
Drop 1 0 1
Tile:7 4 2 0
Tile:3_flip 3 2 1
Destroy 5 6 0
Drop 1 0 1
Tile:6 10 5 0
Drop 1 0 1
Tile:5_flip 4 4 0
Drop 1 0 1
Tile:0 11 5 0
Tile:6 8 5 1
Destroy 8 5 0
Tile:4 3 1 1
Tile:10 6 3 0
Tile:8 8 5 1
Tile:1 4 5 0
Drop 1 0 1
Tile:5 8 3 0
Tile:15 5 6 1
Tile:7_flip 8 6 0
Drop 1 0 1
Tile:0 9 5 0
Drop 1 0 1
Tile:7_flip 6 6 0
Drop 1 0 1
Tile:6 3 4 0
Drop 1 0 1
Tile:8 5 7 0
Drop 1 0 1
Tile:9 6 2 0
Drop 1 0 1
Tile:13 12 6 0
Drop 1 0 1
Tile:8 6 1 0
Drop 1 0 1
Map 12 7 0
Drop 1 0 1
Malus 0 0 0
Bonus 0 0 1
Drop 0 0 0
Tile:10 12 4 1
GAMEOVER WINNER 1
# Game ended: Sat Apr 11 20:08:40 EDT 2020
