# Server version 0.08 running on 192.168.2.10:8123
# Game ID: 253
# Board class: Saboteur.SaboteurBoard
# Timeout: 20000
# First Move Timeout: 30000
# Date: Sat Apr 11 19:56:08 EDT 2020
# Player 1: Player-0, 'RandomPlayer', running on 192.168.2.10
# Player 2: Player-1, '260738242', running on 192.168.2.10
START Player-0 RandomPlayer
START Player-1 260738242
BoardInit:Bonus,Tile:7,Tile:10,Bonus,Tile:5,Destroy,Tile:6,Bonus,Tile:9,Tile:11,Tile:6,Tile:7,Tile:8,Tile:0,Tile:7,Tile:5,Tile:0,Tile:6,Tile:14,Tile:5,Map,Tile:9,Map,Tile:15,Tile:10,Tile:8,Tile:8,Tile:8,Map,Malus,Tile:4,Tile:10,Tile:7,Tile:0,Tile:0,Tile:2,Map,Destroy,Tile:1,Tile:8,Tile:3-Tile:5,Tile:7,Tile:13,Destroy,Bonus,Map,Tile:9-Tile:6,Malus,Map,Tile:9,Tile:6,Tile:9,Tile:12-Tile:hidden1,Tile:nugget,Tile:hidden2
Map 12 7 1
Map 12 7 0
Tile:5_flip 6 5 1
Tile:9_flip 5 4 0
Tile:9 6 4 1
Tile:7_flip 5 6 0
Tile:7 7 4 1
Tile:6_flip 6 6 0
Tile:13 5 3 1
Tile:9 7 5 0
Tile:5_flip 8 5 1
Destroy 8 5 0
Tile:6 8 5 1
Tile:6 7 6 0
Tile:9_flip 9 5 1
Tile:7 8 6 0
Tile:6_flip 9 4 1
Malus 0 0 0
Bonus 0 0 1
Tile:6 4 4 0
Tile:7 10 4 1
Tile:11_flip 6 7 0
Map 12 3 1
Tile:9 5 2 0
Tile:14 6 2 1
Tile:15 10 5 0
Destroy 6 5 1
Tile:0 4 5 0
Drop 1 0 1
Tile:5_flip 6 5 0
Drop 1 0 1
Drop 3 0 0
Tile:4 5 1 1
Tile:8 4 3 0
Drop 1 0 1
Drop 4 0 0
Drop 1 0 1
Tile:2 6 3 0
Drop 1 0 1
Drop 6 0 0
Tile:1 3 3 1
Tile:8 3 5 0
Tile:3 4 2 1
Tile:12 7 3 0
Drop 1 0 1
Tile:8 8 7 0
Tile:0 9 7 1
Tile:10 6 1 0
Drop 1 0 1
Drop 1 0 0
Drop 1 0 1
Tile:0 3 2 0
Drop 1 0 1
Drop 0 0 0
GAMEOVER USER CANCEL UNDECIDED
# Game ended: Sat Apr 11 19:56:11 EDT 2020
