# Server version 0.08 running on 192.168.2.10:8123
# Game ID: 44
# Board class: Saboteur.SaboteurBoard
# Timeout: 20000
# First Move Timeout: 30000
# Date: Fri Apr 10 19:34:07 EDT 2020
# Player 1: Player-0, 'RandomPlayer', running on 192.168.2.10
# Player 2: Player-1, '260738242', running on 192.168.2.10
START Player-0 RandomPlayer
START Player-1 260738242
BoardInit:Tile:5,Tile:15,Tile:10,Tile:3,Tile:9,Tile:4,Tile:6,Tile:7,Tile:8,Destroy,Map,Malus,Map,Tile:9,Tile:9,Tile:0,Tile:10,Map,Tile:1,Tile:2,Destroy,Tile:7,Tile:5,Tile:7,Tile:6,Tile:0,Tile:9,Map,Tile:0,Bonus,Tile:12,Tile:5,Tile:9,Tile:0,Tile:10,Tile:7,Tile:11,Tile:6,Tile:14,Tile:8,Tile:5-Tile:8,Tile:8,Bonus,Tile:6,Destroy,Bonus,Bonus-Tile:6,Tile:13,Tile:7,Tile:8,Map,Malus,Map-Tile:hidden1,Tile:nugget,Tile:hidden2
Tile:8 5 4 1
Tile:13 5 3 0
Tile:8 5 2 1
Tile:7 5 1 0
Tile:6 6 2 1
Tile:6_flip 6 3 0
Destroy 5 1 1
Tile:15 5 1 0
Tile:5 5 0 1
Tile:3 6 5 0
Tile:10 6 1 1
Tile:7_flip 4 3 0
Map 12 3 1
Tile:8 6 0 0
Map 12 3 1
Drop 3 0 0
Tile:9 4 2 1
Map 12 3 0
Tile:6 6 4 1
Malus 0 0 0
Bonus 0 0 1
Map 12 7 0
Tile:8 5 6 1
Tile:2 4 6 0
Tile:9 4 7 1
Map 12 7 0
Tile:10 4 1 1
Tile:7_flip 4 8 0
Tile:1 4 4 1
Tile:9_flip 7 4 0
Destroy 4 1 1
Destroy 6 0 0
Tile:5 3 4 1
Drop 1 0 0
Tile:6 3 5 1
Tile:5 3 6 0
Tile:9 2 5 1
Drop 6 0 0
Tile:0 4 5 1
Tile:0 5 8 0
Tile:12 6 8 1
Tile:7 2 4 0
Tile:9 1 4 1
Tile:6_flip 1 3 0
Tile:10 1 5 1
Drop 3 0 0
Tile:11 0 3 1
Map 12 5 0
Tile:14 0 4 1
Tile:8 0 2 0
Tile:5 0 1 1
Malus 0 0 0
Bonus 0 0 1
Drop 0 0 0
Drop 0 0 1
GAMEOVER DRAW
# Game ended: Fri Apr 10 19:34:09 EDT 2020
