# Server version 0.08 running on 192.168.2.10:8123
# Game ID: 144
# Board class: Saboteur.SaboteurBoard
# Timeout: 20000
# First Move Timeout: 30000
# Date: Sat Apr 11 15:55:09 EDT 2020
# Player 1: Player-0, 'RandomPlayer', running on 192.168.2.10
# Player 2: Player-1, '260738242', running on 192.168.2.10
START Player-0 RandomPlayer
START Player-1 260738242
BoardInit:Tile:0,Tile:4,Tile:6,Tile:9,Tile:5,Tile:6,Bonus,Tile:7,Tile:5,Tile:8,Malus,Bonus,Tile:6,Bonus,Tile:0,Tile:12,Tile:9,Tile:10,Map,Tile:8,Tile:9,Tile:3,Tile:7,Tile:7,Tile:9,Malus,Tile:5,Tile:0,Tile:8,Tile:8,Tile:2,Tile:9,Tile:11,Map,Tile:10,Map,Map,Tile:6,Tile:1,Tile:13,Tile:15-Tile:5,Tile:0,Tile:6,Destroy,Tile:7,Destroy,Destroy-Tile:14,Bonus,Tile:7,Tile:10,Map,Tile:8,Map-Tile:hidden1,Tile:hidden2,Tile:nugget
Drop 2 0 1
Tile:7_flip 4 5 0
Drop 2 0 1
Tile:4 5 4 0
Drop 2 0 1
Tile:9_flip 4 4 0
Drop 2 0 1
Tile:6 3 4 0
Drop 2 0 1
Tile:8 5 6 0
Tile:5_flip 6 6 1
Drop 1 0 0
Tile:6_flip 6 5 1
Drop 6 0 0
Tile:6 7 5 1
Tile:7_flip 2 4 0
Drop 2 0 1
Tile:10 7 4 0
Drop 2 0 1
Drop 3 0 0
Map 12 3 1
Tile:14_flip 2 3 0
Drop 2 0 1
Drop 5 0 0
Drop 2 0 1
Tile:10 4 3 0
Drop 2 0 1
Drop 0 0 0
Drop 2 0 1
Tile:7 4 2 0
Drop 2 0 1
Map 12 3 0
Tile:2 3 2 1
Tile:9 7 3 0
Tile:11 5 7 1
Drop 4 0 0
Drop 2 0 1
Tile:8 5 8 0
Map 12 3 1
Map 12 3 0
Tile:1 2 2 1
Map 12 3 0
Tile:15 5 9 1
Tile:12 6 8 0
Drop 2 0 1
Drop 3 0 0
Drop 2 0 1
Tile:3 8 5 0
Drop 2 0 1
Drop 1 0 0
Drop 2 0 1
Tile:13 7 2 0
GAMEOVER USER CANCEL UNDECIDED
# Game ended: Sat Apr 11 17:17:16 EDT 2020
