# Server version 0.08 running on 192.168.2.10:8123
# Game ID: 203
# Board class: Saboteur.SaboteurBoard
# Timeout: 20000
# First Move Timeout: 30000
# Date: Sat Apr 11 19:39:22 EDT 2020
# Player 1: Player-0, 'RandomPlayer', running on 192.168.2.10
# Player 2: Player-1, '260738242', running on 192.168.2.10
START Player-0 RandomPlayer
START Player-1 260738242
BoardInit:Tile:0,Tile:7,Tile:5,Destroy,Bonus,Tile:5,Tile:2,Tile:1,Map,Tile:7,Tile:6,Bonus,Tile:5,Tile:8,Map,Tile:8,Tile:6,Malus,Tile:7,Bonus,Tile:6,Malus,Map,Tile:5,Bonus,Tile:8,Tile:10,Tile:0,Tile:8,Tile:0,Tile:13,Tile:15,Tile:6,Destroy,Tile:6,Tile:9,Tile:0,Map,Destroy,Tile:10,Tile:9-Tile:14,Tile:9,Map,Tile:3,Tile:7,Tile:11,Tile:7-Tile:4,Tile:9,Tile:8,Tile:9,Tile:10,Tile:12,Map-Tile:nugget,Tile:hidden2,Tile:hidden1
Map 12 7 1
Tile:10 5 6 0
Tile:7 6 5 1
Tile:9_flip 5 7 0
Tile:14 5 8 1
Destroy 6 5 0
Tile:7 6 5 1
Tile:5 4 8 0
Tile:3 5 4 1
Drop 2 0 0
Map 12 3 1
Tile:4_flip 4 9 0
Tile:11 4 4 1
Tile:7_flip 4 5 0
Tile:2 4 3 1
Drop 2 0 0
Drop 2 0 1
Tile:7_flip 4 7 0
Drop 2 0 1
Tile:12 5 3 0
Drop 2 0 1
Drop 1 0 0
Drop 2 0 1
Drop 5 0 0
Drop 2 0 1
Tile:8 3 3 0
Drop 2 0 1
Tile:8 3 2 0
Drop 2 0 1
Tile:5_flip 3 4 0
Drop 2 0 1
Tile:0 4 2 0
Tile:13 3 1 1
Tile:15 3 0 0
Drop 2 0 1
Malus 0 0 0
Bonus 0 0 1
Destroy 5 3 0
Drop 2 0 1
Tile:8 2 4 0
Destroy 6 5 1
Drop 2 0 0
Tile:9_flip 6 5 1
Tile:0 5 3 0
Tile:6 6 3 1
Tile:10 6 2 0
Tile:6 7 3 1
Tile:9_flip 8 3 0
Drop 2 0 1
Map 12 5 0
Drop 2 0 1
Malus 0 0 0
GAMEOVER USER CANCEL UNDECIDED
# Game ended: Sat Apr 11 19:39:30 EDT 2020
