# Server version 0.08 running on 192.168.2.10:8123
# Game ID: 160
# Board class: Saboteur.SaboteurBoard
# Timeout: 20000
# First Move Timeout: 30000
# Date: Sat Apr 11 17:29:57 EDT 2020
# Player 1: Player-0, '260738242', running on 192.168.2.10
# Player 2: Player-1, 'RandomPlayer', running on 192.168.2.10
START Player-0 260738242
START Player-1 RandomPlayer
BoardInit:Tile:9,Tile:0,Tile:5,Tile:7,Tile:0,Tile:6,Map,Tile:11,Map,Tile:9,Malus,Tile:6,Tile:14,Tile:7,Bonus,Tile:6,Tile:0,Tile:1,Destroy,Tile:7,Tile:9,Tile:2,Map,Tile:10,Map,Tile:5,Tile:12,Tile:5,Tile:6,Tile:8,Destroy,Tile:5,Tile:10,Tile:7,Tile:0,Tile:3,Tile:8,Tile:13,Tile:9,Tile:8,Bonus-Map,Bonus,Map,Tile:7,Tile:15,Tile:6,Tile:8-Tile:4,Bonus,Tile:8,Tile:10,Tile:9,Destroy,Malus-Tile:nugget,Tile:hidden2,Tile:hidden1
Map 12 5 1
Tile:4 5 4 0
Tile:6 6 5 1
Drop 2 0 0
Tile:7_flip 4 5 1
Drop 2 0 0
Tile:9_flip 7 5 1
Tile:7_flip 7 6 0
Tile:5_flip 5 6 1
Tile:6 8 6 0
Tile:15 6 4 1
Tile:9_flip 9 6 0
Drop 6 0 1
Tile:6_flip 9 5 0
Drop 1 0 1
Tile:11 6 3 0
Map 12 3 1
Tile:6 10 5 0
Tile:0 4 6 1
Tile:1 3 6 0
Destroy 4 5 1
Drop 2 0 0
Tile:9 8 5 1
Tile:2 2 6 0
Tile:8 6 2 1
Drop 2 0 0
Tile:0 1 6 1
Drop 2 0 0
Map 12 7 1
Drop 2 0 0
Drop 2 0 1
Drop 2 0 0
Tile:12 7 3 1
Drop 2 0 0
Tile:6 0 6 1
Drop 2 0 0
Tile:14 11 5 1
Tile:3 0 5 0
Tile:10 10 4 1
Tile:13 2 7 0
Tile:8 10 3 1
Tile:7 11 3 0
Destroy 10 5 1
Drop 2 0 0
Map 12 7 1
Drop 2 0 0
Tile:9_flip 8 4 1
Drop 2 0 0
Drop 1 0 1
Drop 2 0 0
Tile:0 1 7 1
GAMEOVER USER CANCEL UNDECIDED
# Game ended: Sat Apr 11 17:30:17 EDT 2020
