# Server version 0.08 running on 192.168.2.10:8123
# Game ID: 209
# Board class: Saboteur.SaboteurBoard
# Timeout: 20000
# First Move Timeout: 30000
# Date: Sat Apr 11 19:41:51 EDT 2020
# Player 1: Player-0, '260738242', running on 192.168.2.10
# Player 2: Player-1, 'RandomPlayer', running on 192.168.2.10
START Player-0 260738242
START Player-1 RandomPlayer
BoardInit:Tile:10,Tile:11,Bonus,Tile:7,Tile:0,Tile:7,Tile:6,Tile:7,Tile:5,Tile:8,Tile:9,Bonus,Map,Map,Tile:0,Map,Tile:8,Tile:15,Tile:10,Tile:8,Tile:2,Tile:7,Tile:3,Tile:12,Map,Tile:0,Tile:9,Tile:5,Tile:9,Tile:9,Malus,Tile:14,Tile:5,Tile:10,Bonus,Map,Map,Destroy,Tile:1,Destroy,Tile:6-Tile:8,Destroy,Tile:6,Tile:7,Tile:6,Tile:5,Bonus-Tile:0,Tile:6,Tile:8,Tile:13,Malus,Tile:9,Tile:4-Tile:nugget,Tile:hidden1,Tile:hidden2
Tile:5 5 4 1
Tile:6 6 4 0
Tile:6_flip 4 5 1
Tile:9_flip 7 4 0
Tile:6 5 6 1
Tile:7_flip 7 5 0
Tile:0 6 6 1
Tile:0 8 5 0
Tile:6_flip 3 5 1
Tile:8 9 5 0
Tile:7_flip 3 6 1
Tile:8 10 5 0
Destroy 9 5 1
Tile:13 4 6 0
Drop 5 0 1
Map 12 3 0
Tile:0 11 5 1
Tile:7 7 3 0
Drop 3 0 1
Tile:4 10 4 0
Tile:8 9 5 1
Tile:11 2 5 0
Tile:10 4 7 1
Tile:15 2 4 0
Tile:10 4 8 1
Tile:12 7 6 0
Drop 3 0 1
Drop 2 0 0
Tile:9 12 4 1
GAMEOVER WINNER 1
# Game ended: Sat Apr 11 19:41:53 EDT 2020
