# Server version 0.08 running on 192.168.2.10:8123
# Game ID: 298
# Board class: Saboteur.SaboteurBoard
# Timeout: 20000
# First Move Timeout: 30000
# Date: Sat Apr 11 20:08:34 EDT 2020
# Player 1: Player-0, 'RandomPlayer', running on 192.168.2.10
# Player 2: Player-1, '260738242', running on 192.168.2.10
START Player-0 RandomPlayer
START Player-1 260738242
BoardInit:Tile:8,Tile:5,Map,Tile:8,Tile:0,Tile:5,Tile:10,Tile:7,Tile:6,Tile:13,Tile:9,Tile:15,Tile:7,Tile:6,Tile:1,Tile:7,Tile:9,Tile:2,Tile:12,Tile:8,Tile:10,Tile:0,Tile:8,Tile:9,Tile:9,Tile:7,Bonus,Bonus,Tile:6,Map,Tile:0,Malus,Tile:0,Bonus,Tile:4,Tile:10,Map,Tile:6,Tile:14,Tile:8,Tile:7-Destroy,Bonus,Tile:5,Map,Malus,Tile:3,Tile:6-Tile:9,Map,Tile:5,Destroy,Map,Tile:11,Destroy-Tile:nugget,Tile:hidden1,Tile:hidden2
Map 12 5 1
Tile:9 5 6 0
Tile:6 6 5 1
Tile:11 5 7 0
Map 12 7 1
Tile:8 7 5 0
Tile:5_flip 8 5 1
Tile:5 4 5 0
Tile:8 8 4 1
Tile:5 6 4 0
Tile:6 9 4 1
Tile:13 10 4 0
Tile:3 6 6 1
Drop 6 0 0
Drop 1 0 1
Map 12 5 0
Drop 1 0 1
Tile:7 9 3 0
Tile:1 11 4 1
Map 12 5 0
Tile:12 12 4 1
Tile:6_flip 7 4 0
Drop 1 0 1
Destroy 7 5 0
Drop 1 0 1
Tile:8 8 3 0
Drop 1 0 1
Tile:9 10 3 0
Drop 1 0 1
Tile:0 7 3 0
Drop 1 0 1
Tile:5_flip 11 3 0
Drop 1 0 1
Destroy 7 4 0
Drop 1 0 1
Tile:7_flip 6 3 0
Tile:4 6 2 1
Tile:2_flip 6 7 0
Drop 1 0 1
Tile:6_flip 7 5 0
Tile:14 4 6 1
Drop 2 0 0
Drop 1 0 1
Tile:8 11 2 0
Drop 1 0 1
Tile:7 5 4 0
Drop 1 0 1
Tile:10 7 6 0
Drop 1 0 1
Malus 0 0 0
Drop 1 0 1
Drop 0 0 0
Drop 1 0 1
Drop 0 0 0
Destroy 8 5 1
GAMEOVER DRAW
# Game ended: Sat Apr 11 20:08:36 EDT 2020
