# Server version 0.08 running on 192.168.2.10:8123
# Game ID: 220
# Board class: Saboteur.SaboteurBoard
# Timeout: 20000
# First Move Timeout: 30000
# Date: Sat Apr 11 19:45:27 EDT 2020
# Player 1: Player-0, 'RandomPlayer', running on 192.168.2.10
# Player 2: Player-1, '260738242', running on 192.168.2.10
START Player-0 RandomPlayer
START Player-1 260738242
BoardInit:Map,Tile:1,Tile:14,Destroy,Tile:5,Bonus,Tile:8,Tile:5,Tile:7,Tile:6,Tile:7,Tile:13,Tile:0,Bonus,Malus,Map,Tile:15,Tile:12,Tile:6,Tile:10,Tile:6,Tile:5,Tile:10,Tile:8,Tile:9,Tile:11,Tile:8,Tile:0,Tile:7,Malus,Tile:3,Map,Tile:9,Tile:9,Tile:6,Tile:7,Tile:7,Map,Map,Tile:10,Tile:2-Tile:4,Tile:8,Destroy,Tile:0,Tile:9,Tile:8,Tile:0-Map,Tile:9,Bonus,Bonus,Tile:5,Destroy,Tile:6-Tile:nugget,Tile:hidden1,Tile:hidden2
Tile:9_flip 6 5 1
Tile:6 6 6 0
Map 12 5 1
Tile:9_flip 5 4 0
Tile:8 7 6 1
Tile:5 4 4 0
Tile:5_flip 8 6 1
Drop 2 0 0
Tile:8 8 5 1
Destroy 4 4 0
Tile:7 9 5 1
Map 12 3 0
Tile:7_flip 9 6 1
Destroy 6 6 0
Tile:0 10 6 1
Tile:13 6 6 0
Tile:0 11 6 1
Tile:5_flip 12 6 0
Destroy 6 5 1
Tile:6_flip 6 5 0
Tile:4 5 3 1
Tile:1 4 5 0
Tile:14 6 7 1
Map 12 7 0
Tile:15 8 4 1
Tile:8 7 5 0
Drop 2 0 1
Tile:11 12 4 0
Drop 2 0 1
Tile:10 7 7 0
Drop 2 0 1
Tile:12 13 4 0
Tile:3 7 4 1
Map 12 7 0
Drop 2 0 1
Drop 3 0 0
Drop 2 0 1
Tile:9 5 6 0
Drop 2 0 1
Tile:0 3 5 0
Map 12 7 1
Drop 0 0 0
Tile:2 8 3 1
Drop 5 0 0
Drop 2 0 1
Tile:7_flip 5 7 0
Drop 2 0 1
Drop 3 0 0
Drop 2 0 1
Malus 0 0 0
Drop 2 0 1
Drop 0 0 0
GAMEOVER USER CANCEL UNDECIDED
# Game ended: Sat Apr 11 19:45:31 EDT 2020
