# Server version 0.08 running on 192.168.2.10:8123
# Game ID: 314
# Board class: Saboteur.SaboteurBoard
# Timeout: 20000
# First Move Timeout: 30000
# Date: Sat Apr 11 20:11:21 EDT 2020
# Player 1: Player-0, 'RandomPlayer', running on 192.168.2.10
# Player 2: Player-1, '260738242', running on 192.168.2.10
START Player-0 RandomPlayer
START Player-1 260738242
BoardInit:Tile:6,Tile:14,Tile:8,Tile:10,Tile:7,Tile:7,Map,Bonus,Tile:7,Tile:6,Tile:0,Tile:0,Tile:9,Tile:5,Tile:6,Map,Bonus,Map,Tile:8,Destroy,Tile:3,Tile:9,Bonus,Tile:6,Tile:15,Tile:9,Malus,Tile:7,Map,Tile:5,Tile:7,Tile:9,Destroy,Tile:11,Malus,Map,Tile:1,Tile:8,Tile:12,Tile:4,Tile:0-Destroy,Tile:0,Tile:5,Tile:5,Bonus,Tile:13,Tile:2-Tile:8,Tile:9,Map,Tile:8,Tile:10,Tile:10,Tile:6-Tile:hidden1,Tile:nugget,Tile:hidden2
Tile:5_flip 6 5 1
Tile:8 4 5 0
Tile:5 6 4 1
Map 12 5 0
Tile:6 7 4 1
Drop 3 0 0
Tile:7 8 4 1
Tile:9 7 3 0
Map 12 5 1
Tile:10 4 6 0
Tile:7_flip 8 5 1
Tile:6_flip 9 5 0
Tile:0 10 5 1
Tile:14 11 5 0
Tile:0 8 3 1
Tile:10 4 7 0
Tile:9_flip 9 3 1
Tile:8 9 6 0
Tile:6_flip 10 6 1
Tile:5_flip 10 7 0
Tile:13 4 4 1
Drop 6 0 0
Tile:2 4 3 1
Map 12 3 0
Tile:3 5 3 1
Tile:6 9 7 0
Tile:15 4 8 1
Tile:6_flip 8 7 0
Malus 0 0 1
Drop 6 0 0
Drop 1 0 1
Drop 3 0 0
Drop 1 0 1
Drop 4 0 0
Drop 1 0 1
Drop 0 0 0
Malus 0 0 1
Map 12 7 0
Tile:1 3 3 1
Drop 0 0 0
Tile:12_flip 3 4 1
Drop 2 0 0
Tile:0 11 6 1
Drop 1 0 0
Drop 1 0 1
Drop 3 0 0
Drop 1 0 1
Drop 0 0 0
Drop 1 0 1
Drop 2 0 0
Drop 1 0 1
Drop 0 0 0
Drop 1 0 1
Drop 0 0 0
Destroy 4 6 1
GAMEOVER DRAW
# Game ended: Sat Apr 11 20:11:23 EDT 2020
