# Server version 0.08 running on 192.168.2.10:8123
# Game ID: 272
# Board class: Saboteur.SaboteurBoard
# Timeout: 20000
# First Move Timeout: 30000
# Date: Sat Apr 11 19:59:30 EDT 2020
# Player 1: Player-0, 'RandomPlayer', running on 192.168.2.10
# Player 2: Player-1, '260738242', running on 192.168.2.10
START Player-0 RandomPlayer
START Player-1 260738242
BoardInit:Destroy,Tile:0,Tile:9,Tile:8,Tile:6,Tile:8,Tile:8,Tile:9,Tile:11,Tile:0,Tile:7,Tile:7,Bonus,Tile:15,Tile:5,Tile:6,Tile:9,Tile:13,Tile:6,Map,Tile:0,Bonus,Map,Tile:5,Tile:2,Tile:7,Tile:6,Tile:7,Malus,Tile:3,Map,Tile:7,Tile:8,Bonus,Tile:4,Map,Tile:5,Tile:12,Tile:1,Map,Tile:10-Tile:6,Malus,Tile:0,Destroy,Tile:9,Tile:10,Bonus-Destroy,Tile:5,Tile:9,Tile:8,Tile:10,Map,Tile:14-Tile:hidden1,Tile:nugget,Tile:hidden2
Tile:6 6 5 1
Tile:9 6 4 0
Tile:0 7 5 1
Tile:8 4 5 0
Drop 1 0 1
Tile:5_flip 4 6 0
Tile:6 8 5 1
Map 12 3 0
Tile:8 9 5 1
Tile:14_flip 4 4 0
Tile:11 5 6 1
Tile:10 9 4 0
Drop 1 0 1
Destroy 4 6 0
Drop 1 0 1
Drop 5 0 0
Drop 1 0 1
Tile:6_flip 10 5 0
Drop 1 0 1
Tile:8 5 7 0
Drop 1 0 1
Tile:0 7 4 0
Drop 1 0 1
Tile:8 4 7 0
Map 12 5 1
Map 12 3 0
Malus 0 0 1
Drop 0 0 0
Tile:2 3 7 1
Drop 6 0 0
Malus 0 0 1
Drop 1 0 0
Drop 1 0 1
Drop 4 0 0
Drop 1 0 1
Drop 4 0 0
Tile:4 6 3 1
Drop 0 0 0
Drop 1 0 1
Map 12 5 0
Tile:1 2 7 1
Map 12 5 0
Drop 1 0 1
Drop 4 0 0
Drop 1 0 1
Drop 3 0 0
Drop 1 0 1
Drop 1 0 0
Drop 1 0 1
Drop 2 0 0
Drop 1 0 1
Drop 0 0 0
Drop 1 0 1
Drop 0 0 0
GAMEOVER USER CANCEL UNDECIDED
# Game ended: Sat Apr 11 20:00:02 EDT 2020
