# Server version 0.08 running on 192.168.2.10:8123
# Game ID: 219
# Board class: Saboteur.SaboteurBoard
# Timeout: 20000
# First Move Timeout: 30000
# Date: Sat Apr 11 19:45:20 EDT 2020
# Player 1: Player-0, 'RandomPlayer', running on 192.168.2.10
# Player 2: Player-1, '260738242', running on 192.168.2.10
START Player-0 RandomPlayer
START Player-1 260738242
BoardInit:Tile:14,Tile:6,Bonus,Malus,Map,Tile:5,Tile:6,Tile:15,Tile:8,Tile:12,Tile:8,Destroy,Bonus,Tile:8,Tile:9,Tile:4,Map,Tile:7,Bonus,Malus,Tile:0,Tile:0,Tile:5,Tile:11,Tile:0,Tile:13,Tile:6,Tile:7,Tile:1,Destroy,Tile:6,Tile:10,Tile:6,Tile:2,Tile:7,Tile:7,Tile:10,Tile:8,Bonus,Tile:10,Tile:9-Map,Tile:8,Map,Map,Tile:9,Tile:7,Tile:0-Destroy,Tile:9,Tile:5,Tile:3,Tile:9,Map,Tile:5-Tile:hidden2,Tile:nugget,Tile:hidden1
Map 12 5 1
Map 12 7 0
Tile:7 6 5 1
Tile:9_flip 5 6 0
Tile:14 5 7 1
Tile:5 5 4 0
Tile:0 6 4 1
Tile:9 4 7 0
Tile:9_flip 7 4 1
Tile:15 7 3 0
Drop 2 0 1
Tile:6_flip 4 6 0
Drop 2 0 1
Malus 0 0 0
Bonus 0 0 1
Drop 5 0 0
Tile:9 7 5 1
Tile:3_flip 4 5 0
Tile:6 8 5 1
Tile:7 7 2 0
Tile:8 9 5 1
Tile:4 4 4 0
Tile:8 10 5 1
Tile:5_flip 4 8 0
Drop 2 0 1
Tile:12 11 5 0
Drop 2 0 1
Destroy 10 5 0
Drop 2 0 1
Tile:7_flip 3 8 0
Tile:1 3 6 1
Tile:11 6 6 0
Drop 2 0 1
Tile:10 8 4 0
Drop 2 0 1
Tile:0 10 5 0
Drop 2 0 1
Tile:2_flip 7 6 0
Drop 2 0 1
Destroy 8 5 0
Drop 2 0 1
Tile:5 8 3 0
Drop 2 0 1
Tile:7_flip 6 2 0
Drop 2 0 1
Tile:8 8 5 0
Tile:9_flip 9 3 1
Tile:8 2 6 0
Drop 2 0 1
Malus 0 0 0
Bonus 0 0 1
Tile:13 1 6 0
GAMEOVER USER CANCEL UNDECIDED
# Game ended: Sat Apr 11 19:45:24 EDT 2020
