# Server version 0.08 running on 192.168.2.10:8123
# Game ID: 266
# Board class: Saboteur.SaboteurBoard
# Timeout: 20000
# First Move Timeout: 30000
# Date: Sat Apr 11 19:58:04 EDT 2020
# Player 1: Player-0, '260738242', running on 192.168.2.10
# Player 2: Player-1, 'RandomPlayer', running on 192.168.2.10
START Player-0 260738242
START Player-1 RandomPlayer
BoardInit:Tile:9,Tile:0,Tile:8,Malus,Map,Destroy,Tile:9,Tile:7,Bonus,Tile:6,Tile:0,Tile:6,Tile:7,Tile:0,Tile:8,Malus,Bonus,Tile:8,Tile:2,Tile:0,Tile:5,Tile:10,Tile:5,Tile:12,Tile:6,Tile:6,Map,Bonus,Tile:6,Tile:14,Tile:4,Bonus,Map,Tile:7,Tile:10,Tile:8,Destroy,Map,Tile:11,Map,Tile:13-Tile:8,Map,Tile:3,Tile:7,Tile:9,Tile:9,Tile:5-Tile:5,Tile:7,Tile:9,Destroy,Tile:10,Tile:15,Tile:1-Tile:nugget,Tile:hidden2,Tile:hidden1
Tile:9_flip 6 5 1
Tile:7_flip 6 6 0
Drop 5 0 1
Tile:5_flip 7 6 0
Drop 2 0 1
Tile:9 7 5 0
Tile:9 5 4 1
Tile:0 8 5 0
Tile:7 6 4 1
Tile:15 5 3 0
Map 12 5 1
Tile:6 9 5 0
Drop 4 0 1
Tile:6 10 5 0
Tile:8 11 5 1
Destroy 6 5 0
Tile:9 12 4 1
Tile:1 13 4 0
Tile:7 11 4 1
Drop 1 0 0
Tile:8 10 4 1
Drop 1 0 0
Tile:8 9 4 1
Drop 1 0 0
Tile:0 13 5 1
Tile:12_flip 8 4 0
Tile:5 9 3 1
Tile:6_flip 10 3 0
Drop 5 0 1
Drop 1 0 0
Tile:5_flip 11 3 1
Tile:14 5 6 0
Tile:4 5 2 1
Drop 1 0 0
Tile:2_flip 11 6 1
Drop 1 0 0
Drop 3 0 1
Drop 1 0 0
Destroy 8 5 1
Map 12 7 0
Tile:6 12 6 1
Drop 1 0 0
Drop 6 0 1
Drop 1 0 0
Drop 4 0 1
Drop 1 0 0
Map 12 3 1
Drop 1 0 0
Tile:11 4 5 1
Drop 1 0 0
Drop 0 0 1
Drop 1 0 0
Drop 0 0 1
GAMEOVER USER CANCEL UNDECIDED
# Game ended: Sat Apr 11 19:58:10 EDT 2020
