# Server version 0.08 running on 192.168.2.10:8123
# Game ID: 216
# Board class: Saboteur.SaboteurBoard
# Timeout: 20000
# First Move Timeout: 30000
# Date: Sat Apr 11 19:44:42 EDT 2020
# Player 1: Player-0, 'RandomPlayer', running on 192.168.2.10
# Player 2: Player-1, '260738242', running on 192.168.2.10
START Player-0 RandomPlayer
START Player-1 260738242
BoardInit:Map,Bonus,Tile:9,Tile:9,Tile:7,Tile:7,Tile:7,Map,Tile:0,Bonus,Tile:4,Tile:2,Tile:5,Destroy,Map,Malus,Tile:8,Map,Tile:10,Tile:5,Tile:8,Tile:8,Bonus,Tile:8,Tile:0,Tile:6,Destroy,Map,Tile:9,Tile:12,Tile:9,Tile:7,Tile:5,Destroy,Tile:15,Tile:11,Tile:7,Tile:13,Tile:9,Malus,Tile:8-Tile:5,Tile:6,Tile:10,Bonus,Tile:0,Tile:6,Tile:3-Tile:6,Tile:1,Tile:6,Map,Tile:0,Tile:10,Tile:14-Tile:nugget,Tile:hidden2,Tile:hidden1
Tile:5_flip 6 5 1
Tile:6 4 5 0
Map 12 7 1
Tile:14_flip 5 4 0
Tile:6_flip 6 4 1
Tile:0 7 4 0
Tile:7 8 4 1
Tile:6 3 5 0
Tile:7_flip 8 5 1
Map 12 3 0
Tile:6 9 5 1
Drop 1 0 0
Tile:9_flip 10 5 1
Tile:9_flip 4 4 0
Tile:5 10 4 1
Drop 3 0 0
Map 12 3 1
Tile:2 2 5 0
Tile:0 11 4 1
Destroy 5 4 0
Tile:3 4 3 1
Map 12 3 0
Tile:4_flip 2 6 1
Tile:7 12 4 0
Drop 2 0 1
Tile:5 5 4 0
Drop 2 0 1
Tile:1 1 5 0
Destroy 6 5 1
Tile:8 3 3 0
Tile:9_flip 6 5 1
Malus 0 0 0
Bonus 0 0 1
Tile:7 3 2 0
Drop 2 0 1
Tile:12_flip 2 3 0
Tile:15 5 6 1
Tile:11 10 6 0
Drop 2 0 1
Tile:8 13 5 0
Drop 2 0 1
Tile:13 3 4 0
Drop 2 0 1
Destroy 13 5 0
Drop 2 0 1
Drop 3 0 0
Drop 2 0 1
Tile:6 2 2 0
Drop 2 0 1
Malus 0 0 0
Drop 2 0 1
Drop 0 0 0
GAMEOVER USER CANCEL UNDECIDED
# Game ended: Sat Apr 11 19:44:50 EDT 2020
