# Server version 0.08 running on 192.168.2.10:8123
# Game ID: 173
# Board class: Saboteur.SaboteurBoard
# Timeout: 20000
# First Move Timeout: 30000
# Date: Sat Apr 11 18:43:46 EDT 2020
# Player 1: Player-0, '260738242', running on 192.168.2.10
# Player 2: Player-1, 'RandomPlayer', running on 192.168.2.10
START Player-0 260738242
START Player-1 RandomPlayer
BoardInit:Destroy,Tile:7,Tile:12,Bonus,Tile:8,Tile:6,Bonus,Tile:9,Tile:5,Destroy,Tile:5,Tile:8,Map,Tile:4,Bonus,Tile:9,Tile:8,Tile:0,Tile:11,Tile:13,Tile:10,Bonus,Tile:6,Tile:0,Tile:9,Tile:15,Destroy,Tile:1,Map,Tile:14,Tile:8,Tile:3,Tile:6,Tile:9,Tile:8,Tile:7,Map,Tile:7,Tile:5,Map,Tile:6-Tile:7,Tile:6,Malus,Map,Tile:2,Tile:10,Tile:0-Tile:9,Tile:10,Tile:7,Tile:5,Tile:0,Map,Malus-Tile:hidden2,Tile:nugget,Tile:hidden1
Tile:10 5 4 1
Map 12 3 0
Tile:7 5 3 1
Drop 2 0 0
Tile:6 6 5 1
Tile:0 7 5 0
Tile:12 8 5 1
Drop 2 0 0
Tile:2_flip 5 6 1
Drop 2 0 0
Drop 1 0 1
Drop 2 0 0
Tile:0 4 3 1
Drop 2 0 0
Destroy 6 5 1
Drop 2 0 0
Tile:5 4 5 1
Drop 2 0 0
Tile:8 3 3 1
Tile:4 3 2 0
Drop 4 0 1
Tile:13 3 4 0
Tile:11 2 3 1
Drop 2 0 0
Tile:5_flip 3 5 1
Drop 2 0 0
Malus 0 0 1
Bonus 0 0 0
Tile:10 2 2 1
Tile:1 6 6 0
Destroy 2 2 1
Drop 2 0 0
Map 12 5 1
Tile:3 7 6 0
Tile:9_flip 7 7 1
Tile:15 7 8 0
Tile:6_flip 6 7 1
Tile:14 6 8 0
Tile:6_flip 2 5 1
Drop 2 0 0
Tile:8 4 6 1
Map 12 3 0
Drop 0 0 1
Drop 2 0 0
Tile:8 4 7 1
Drop 2 0 0
Tile:6 2 6 1
Drop 2 0 0
Map 12 3 1
Drop 2 0 0
Tile:8 1 5 1
