# Server version 0.08 running on 192.168.2.10:8123
# Game ID: 307
# Board class: Saboteur.SaboteurBoard
# Timeout: 20000
# First Move Timeout: 30000
# Date: Sat Apr 11 20:09:27 EDT 2020
# Player 1: Player-0, 'RandomPlayer', running on 192.168.2.10
# Player 2: Player-1, '260738242', running on 192.168.2.10
START Player-0 RandomPlayer
START Player-1 260738242
BoardInit:Tile:5,Bonus,Tile:6,Tile:7,Tile:15,Tile:6,Map,Tile:13,Tile:6,Map,Tile:12,Tile:7,Map,Tile:5,Tile:9,Tile:5,Tile:6,Tile:7,Tile:9,Tile:11,Tile:8,Malus,Tile:6,Destroy,Bonus,Tile:4,Destroy,Tile:10,Tile:14,Map,Bonus,Tile:8,Tile:5,Tile:9,Tile:10,Tile:10,Malus,Tile:8,Tile:0,Tile:3,Tile:1-Tile:0,Destroy,Tile:8,Tile:9,Tile:7,Tile:0,Tile:7-Bonus,Map,Map,Tile:9,Tile:0,Tile:8,Tile:2-Tile:hidden1,Tile:nugget,Tile:hidden2
Tile:7 6 5 1
Tile:9_flip 5 4 0
Tile:7_flip 6 6 1
Tile:2_flip 4 5 0
Tile:5_flip 7 6 1
Drop 2 0 0
Tile:9 7 5 1
Map 12 5 0
Map 12 3 1
Tile:8 4 4 0
Tile:6 8 5 1
Tile:6_flip 3 4 0
Tile:6 9 5 1
Tile:13 3 5 0
Map 12 5 1
Tile:5 7 4 0
Tile:0 10 5 1
Tile:7 4 3 0
Tile:15 3 6 1
Tile:0 3 3 0
Tile:12_flip 2 3 1
Tile:11 5 3 0
Drop 1 0 1
Tile:5_flip 11 5 0
Tile:6_flip 8 4 1
Map 12 7 0
Tile:6_flip 9 4 1
Destroy 7 5 0
Tile:0 10 4 1
Tile:10 5 6 0
Tile:8 11 4 1
Tile:4_flip 3 7 0
Tile:14 6 3 1
Map 12 5 0
Drop 1 0 1
Drop 5 0 0
Drop 1 0 1
Drop 3 0 0
Malus 0 0 1
Bonus 0 0 0
Drop 1 0 1
Tile:10 5 7 0
Tile:1 2 5 1
Tile:9_flip 12 4 0
Drop 1 0 1
Tile:8 6 2 0
Drop 1 0 1
Tile:7 11 3 0
Drop 1 0 1
Drop 1 0 0
Drop 1 0 1
Tile:3_flip 5 8 0
Drop 1 0 1
Drop 0 0 0
Destroy 4 4 1
GAMEOVER DRAW
# Game ended: Sat Apr 11 20:09:27 EDT 2020
