# Server version 0.08 running on 192.168.2.10:8123
# Game ID: 250
# Board class: Saboteur.SaboteurBoard
# Timeout: 20000
# First Move Timeout: 30000
# Date: Sat Apr 11 19:55:19 EDT 2020
# Player 1: Player-0, 'RandomPlayer', running on 192.168.2.10
# Player 2: Player-1, '260738242', running on 192.168.2.10
START Player-0 RandomPlayer
START Player-1 260738242
BoardInit:Tile:7,Tile:7,Destroy,Tile:6,Tile:4,Map,Tile:9,Tile:5,Tile:8,Tile:7,Tile:9,Tile:8,Tile:6,Tile:5,Bonus,Tile:9,Destroy,Tile:10,Tile:2,Tile:3,Tile:6,Tile:7,Bonus,Tile:6,Tile:7,Tile:12,Tile:0,Tile:0,Tile:5,Destroy,Map,Malus,Bonus,Map,Bonus,Tile:1,Tile:10,Tile:0,Tile:15,Tile:10,Tile:9-Tile:5,Tile:0,Map,Tile:9,Tile:8,Tile:6,Tile:13-Tile:14,Tile:11,Malus,Map,Tile:8,Tile:8,Map-Tile:hidden2,Tile:nugget,Tile:hidden1
Map 12 3 1
Tile:8 5 6 0
Tile:5_flip 6 6 1
Tile:8 4 5 0
Tile:6_flip 6 5 1
Map 12 5 0
Tile:7 7 5 1
Map 12 5 0
Tile:9 7 6 1
Tile:5 4 4 0
Tile:9_flip 8 6 1
Drop 1 0 0
Tile:9 8 7 1
Tile:6 4 6 0
Tile:6 9 7 1
Tile:7 5 4 0
Tile:0 10 7 1
Tile:5 9 6 0
Tile:13 3 5 1
Tile:10 8 5 0
Tile:4 3 4 1
Tile:9_flip 11 7 0
Tile:6_flip 11 6 1
Tile:3_flip 3 6 0
Destroy 11 6 1
Tile:14 10 6 0
Tile:2 2 5 1
Tile:7 8 4 0
Drop 1 0 1
Map 12 5 0
Tile:5 11 6 1
Malus 0 0 0
Map 12 5 1
Tile:8 11 8 0
Bonus 0 0 1
Tile:12 12 8 0
Destroy 11 6 1
Destroy 11 7 0
Drop 1 0 1
Tile:0 10 8 0
Tile:15 2 6 1
Tile:7 11 7 0
Drop 1 0 1
Tile:1 7 4 0
Drop 1 0 1
Drop 3 0 0
Drop 1 0 1
Drop 2 0 0
Drop 1 0 1
Tile:6_flip 9 8 0
Drop 1 0 1
Tile:10 5 7 0
Drop 1 0 1
Drop 0 0 0
GAMEOVER USER CANCEL UNDECIDED
# Game ended: Sat Apr 11 19:55:28 EDT 2020
