# Server version 0.08 running on 192.168.2.10:8123
# Game ID: 306
# Board class: Saboteur.SaboteurBoard
# Timeout: 20000
# First Move Timeout: 30000
# Date: Sat Apr 11 20:09:22 EDT 2020
# Player 1: Player-0, '260738242', running on 192.168.2.10
# Player 2: Player-1, 'RandomPlayer', running on 192.168.2.10
START Player-0 260738242
START Player-1 RandomPlayer
BoardInit:Tile:13,Tile:7,Tile:9,Tile:8,Tile:8,Tile:5,Bonus,Tile:9,Tile:9,Malus,Tile:7,Tile:6,Bonus,Tile:12,Tile:0,Malus,Tile:0,Map,Map,Tile:11,Tile:8,Tile:8,Tile:4,Map,Tile:5,Bonus,Bonus,Tile:3,Tile:8,Tile:14,Map,Tile:0,Tile:6,Tile:9,Tile:6,Tile:5,Tile:2,Destroy,Tile:0,Tile:10,Tile:10-Map,Tile:7,Tile:1,Tile:6,Destroy,Tile:9,Map-Tile:6,Tile:10,Destroy,Tile:7,Tile:5,Tile:15,Tile:7-Tile:hidden1,Tile:hidden2,Tile:nugget
Tile:9_flip 6 5 1
Tile:7_flip 6 6 0
Map 12 3 1
Tile:5_flip 7 6 0
Tile:7_flip 4 5 1
Tile:15 4 4 0
Tile:6_flip 6 4 1
Tile:5 7 5 0
Drop 0 0 1
Tile:6 8 5 0
Tile:9 5 4 1
Tile:8 9 5 0
Tile:13 9 6 1
Tile:6 10 5 0
Destroy 4 4 1
Tile:12 7 4 0
Tile:7_flip 9 7 1
Drop 1 0 0
Drop 1 0 1
Map 12 7 0
Map 12 3 1
Malus 0 0 0
Drop 5 0 1
Tile:8 10 7 0
Drop 0 0 1
Malus 0 0 0
Drop 0 0 1
Tile:11 5 3 0
Drop 2 0 1
Tile:3 4 4 0
Drop 4 0 1
Tile:14 6 3 0
Drop 3 0 1
Drop 1 0 0
Bonus 0 0 1
Drop 1 0 0
Map 12 7 1
Drop 1 0 0
Drop 0 0 1
Drop 1 0 0
Drop 4 0 1
Drop 1 0 0
Drop 5 0 1
Drop 1 0 0
Drop 4 0 1
Drop 1 0 0
Drop 3 0 1
Drop 1 0 0
Drop 2 0 1
Drop 1 0 0
Drop 0 0 1
Drop 1 0 0
Bonus 0 0 1
Tile:10 8 4 0
Tile:10 6 2 1
GAMEOVER DRAW
# Game ended: Sat Apr 11 20:09:22 EDT 2020
