# Server version 0.08 running on 192.168.2.10:8123
# Game ID: 90
# Board class: Saboteur.SaboteurBoard
# Timeout: 20000
# First Move Timeout: 30000
# Date: Sat Apr 11 00:46:00 EDT 2020
# Player 1: Player-0, 'RandomPlayer', running on 192.168.2.10
# Player 2: Player-1, '260738242', running on 192.168.2.10
START Player-0 RandomPlayer
START Player-1 260738242
BoardInit:Tile:6,Tile:9,Tile:3,Tile:8,Tile:10,Tile:8,Tile:15,Map,Tile:13,Map,Tile:0,Map,Tile:6,Tile:8,Tile:9,Bonus,Tile:10,Malus,Tile:10,Tile:7,Tile:0,Tile:14,Destroy,Tile:1,Tile:6,Tile:7,Bonus,Tile:9,Tile:5,Tile:8,Tile:6,Tile:2,Tile:7,Tile:11,Map,Destroy,Tile:12,Tile:0,Tile:4,Tile:6,Tile:8-Tile:9,Tile:5,Malus,Map,Bonus,Tile:5,Destroy-Map,Tile:0,Bonus,Tile:9,Tile:7,Tile:5,Tile:7-Tile:hidden1,Tile:hidden2,Tile:nugget
Map 12 3 1
Tile:9_flip 6 5 0
Tile:5_flip 6 6 1
Tile:9 5 4 0
Tile:9 5 3 1
Tile:7_flip 5 6 0
Malus 0 0 1
Drop 2 0 0
Tile:5 5 2 1
Drop 1 0 0
Destroy 5 2 1
Map 12 5 0
Tile:6 4 5 1
Map 12 3 0
Tile:3 4 4 1
Drop 2 0 0
Tile:10 5 2 1
Drop 5 0 0
Tile:15 5 1 1
Map 12 5 0
Tile:13 3 4 1
Drop 1 0 0
Tile:0 2 4 1
Drop 5 0 0
Tile:6 1 4 1
Drop 0 0 0
Tile:9 1 3 1
Malus 0 0 0
Bonus 0 0 1
Drop 6 0 0
Tile:10 1 2 1
Drop 3 0 0
Tile:10 1 1 1
Bonus 0 0 0
Tile:0 2 3 1
Tile:8 3 5 0
Map 12 3 1
Destroy 1 4 0
Destroy 1 1 1
Map 12 5 0
Tile:6 1 4 1
Tile:7 3 3 0
Tile:5 1 1 1
Tile:6_flip 6 4 0
Tile:6 2 1 1
Tile:2 2 5 0
Tile:7 2 0 1
Tile:1 1 0 0
Tile:12 3 1 1
Tile:11_flip 5 0 0
Tile:8 0 0 1
Drop 0 0 0
Tile:4_flip 0 1 1
Tile:0 6 3 0
Drop 0 0 1
GAMEOVER DRAW
# Game ended: Sat Apr 11 00:46:01 EDT 2020
