# Server version 0.08 running on 192.168.2.10:8123
# Game ID: 289
# Board class: Saboteur.SaboteurBoard
# Timeout: 20000
# First Move Timeout: 30000
# Date: Sat Apr 11 20:07:06 EDT 2020
# Player 1: Player-0, 'RandomPlayer', running on 192.168.2.10
# Player 2: Player-1, '260738242', running on 192.168.2.10
START Player-0 RandomPlayer
START Player-1 260738242
BoardInit:Tile:13,Bonus,Tile:7,Tile:11,Destroy,Tile:2,Bonus,Tile:6,Tile:7,Bonus,Tile:5,Tile:5,Tile:7,Map,Map,Malus,Destroy,Map,Tile:10,Tile:9,Tile:10,Tile:4,Tile:8,Map,Tile:8,Tile:8,Tile:12,Tile:10,Tile:7,Tile:1,Tile:6,Tile:5,Tile:9,Tile:9,Tile:0,Tile:9,Tile:7,Tile:0,Map,Tile:3,Map-Tile:8,Tile:9,Tile:6,Tile:6,Tile:15,Tile:0,Tile:14-Tile:5,Destroy,Malus,Bonus,Tile:6,Tile:8,Tile:0-Tile:nugget,Tile:hidden2,Tile:hidden1
Tile:9_flip 6 5 1
Tile:5 6 4 0
Tile:6 7 4 1
Tile:6 4 5 0
Tile:7 8 4 1
Destroy 6 5 0
Tile:6 8 5 1
Tile:11_flip 6 5 0
Tile:8 9 5 1
Tile:8 4 4 0
Tile:0 10 5 1
Malus 0 0 0
Bonus 0 0 1
Tile:6 3 4 0
Tile:15 3 3 1
Tile:5 4 3 0
Map 12 5 1
Tile:2 2 4 0
Tile:14 5 3 1
Tile:0 3 5 0
Tile:13 1 4 1
Tile:9 5 6 0
Drop 1 0 1
Tile:4 9 4 0
Drop 1 0 1
Drop 4 0 0
Drop 1 0 1
Tile:8 5 7 0
Tile:12 6 7 1
Map 12 3 0
Drop 1 0 1
Map 12 3 0
Drop 1 0 1
Tile:5 7 3 0
Drop 1 0 1
Tile:9 1 5 0
Drop 1 0 1
Drop 6 0 0
Drop 1 0 1
Drop 6 0 0
Map 12 7 1
Tile:3 1 3 0
Tile:9_flip 11 5 1
Tile:10 9 6 0
Tile:6_flip 11 4 1
Drop 0 0 0
Drop 1 0 1
Tile:1 8 3 0
Drop 1 0 1
Map 12 7 0
Drop 1 0 1
Drop 0 0 0
Drop 1 0 1
Drop 0 0 0
Destroy 3 5 1
GAMEOVER DRAW
# Game ended: Sat Apr 11 20:07:08 EDT 2020
