# Server version 0.08 running on 192.168.2.10:8123
# Game ID: 136
# Board class: Saboteur.SaboteurBoard
# Timeout: 20000
# First Move Timeout: 30000
# Date: Sat Apr 11 15:39:16 EDT 2020
# Player 1: Player-0, '260738242', running on 192.168.2.10
# Player 2: Player-1, 'Human', running on 192.168.2.10
START Player-0 260738242
START Player-1 Human
BoardInit:Bonus,Tile:1,Tile:0,Tile:8,Tile:0,Tile:2,Map,Tile:9,Tile:4,Map,Tile:3,Tile:6,Tile:7,Tile:13,Tile:6,Tile:5,Tile:6,Tile:10,Tile:7,Tile:11,Tile:9,Tile:12,Map,Tile:10,Tile:0,Tile:7,Bonus,Tile:9,Tile:15,Tile:8,Tile:6,Tile:5,Map,Tile:8,Tile:9,Destroy,Tile:9,Tile:0,Bonus,Map,Tile:7-Tile:8,Tile:14,Tile:8,Map,Tile:10,Destroy,Tile:7-Malus,Destroy,Tile:5,Malus,Tile:5,Tile:6,Bonus-Tile:hidden1,Tile:hidden2,Tile:nugget
Tile:8 6 5 1
Tile:6 7 5 0
Tile:8 8 5 1
Drop 2 0 0
Tile:0 9 5 1
Drop 2 0 0
Tile:0 10 5 1
Tile:2 5 4 0
Map 12 5 1
Tile:1 4 4 0
Tile:7 11 5 1
Map 12 3 0
Tile:10 6 6 1
Tile:9 11 6 0
Tile:7 12 6 1
GAMEOVER WINNER 1
# Game ended: Sat Apr 11 15:41:19 EDT 2020
