# Server version 0.08 running on 192.168.2.10:8123
# Game ID: 16
# Board class: Saboteur.SaboteurBoard
# Timeout: 20000
# First Move Timeout: 30000
# Date: Fri Apr 10 17:03:26 EDT 2020
# Player 1: Player-0, 'RandomPlayer', running on 192.168.2.10
# Player 2: Player-1, '260738242', running on 192.168.2.10
START Player-0 RandomPlayer
START Player-1 260738242
BoardInit:Map,Tile:6,Malus,Tile:9,Tile:2,Tile:1,Tile:6,Bonus,Map,Tile:4,Bonus,Tile:9,Tile:8,Tile:3,Tile:7,Map,Tile:13,Map,Destroy,Tile:10,Tile:9,Tile:5,Tile:8,Map,Tile:12,Tile:8,Tile:6,Tile:7,Tile:0,Tile:0,Tile:8,Destroy,Tile:14,Tile:6,Bonus,Tile:9,Destroy,Tile:15,Tile:0,Tile:9,Tile:11-Tile:7,Malus,Tile:10,Tile:5,Tile:5,Tile:6,Tile:5-Bonus,Tile:8,Tile:10,Map,Tile:7,Tile:7,Tile:0-Tile:nugget,Tile:hidden2,Tile:hidden1
Tile:6_flip 6 5 1
Map 12 7 0
Tile:5_flip 7 5 1
Tile:7 5 4 0
Malus 0 0 1
Drop 4 0 0
Tile:2_flip 4 4 1
Drop 3 0 0
Tile:6 6 6 1
Drop 0 0 0
Drop 1 0 1
Bonus 0 0 0
Map 12 5 1
Tile:9 3 4 0
Map 12 5 1
Tile:9_flip 3 3 0
Tile:7 7 6 1
Drop 5 0 0
Tile:13 5 6 1
Tile:10 4 3 0
Tile:8 4 2 1
Tile:6_flip 5 2 0
Destroy 5 4 1
Tile:1 6 2 0
Tile:5 4 5 1
Tile:8 7 7 0
Drop 3 0 1
Drop 3 0 0
Tile:8 4 1 1
Tile:8 4 6 0
Tile:6 8 7 1
Tile:4 4 0 0
Tile:12 5 1 1
Tile:5 3 1 0
Tile:9_flip 7 8 1
Tile:6_flip 6 8 0
Tile:5 8 6 1
Tile:9_flip 3 5 0
Destroy 3 4 1
Tile:0 2 5 0
Tile:8 9 6 1
Map 12 5 0
Drop 0 0 1
Tile:9 7 9 0
Tile:11 5 3 1
Drop 3 0 0
Tile:0 6 7 1
Tile:7 6 3 0
Tile:14 6 4 1
Map 12 3 0
