# Server version 0.08 running on 192.168.2.10:8123
# Game ID: 78
# Board class: Saboteur.SaboteurBoard
# Timeout: 20000
# First Move Timeout: 30000
# Date: Sat Apr 11 00:27:56 EDT 2020
# Player 1: Player-0, 'RandomPlayer', running on 192.168.2.10
# Player 2: Player-1, 'Human', running on 192.168.2.10
START Player-0 RandomPlayer
START Player-1 Human
BoardInit:Tile:11,Tile:8,Tile:15,Tile:2,Map,Tile:10,Map,Destroy,Tile:5,Bonus,Tile:5,Tile:0,Malus,Tile:6,Malus,Tile:1,Tile:13,Bonus,Map,Map,Tile:6,Tile:10,Bonus,Tile:0,Bonus,Tile:7,Tile:8,Tile:12,Tile:6,Tile:14,Map,Tile:7,Tile:7,Tile:0,Tile:6,Tile:0,Destroy,Tile:9,Destroy,Map,Tile:8-Tile:7,Tile:4,Tile:9,Tile:9,Tile:8,Tile:10,Tile:7-Tile:5,Tile:5,Tile:8,Tile:9,Tile:3,Tile:6,Tile:9-Tile:nugget,Tile:hidden1,Tile:hidden2
Tile:8 6 5 1
Tile:6 7 5 0
Tile:7 7 4 1
Tile:9_flip 8 5 0
Tile:9 8 6 1
Drop 4 0 0
Tile:9 8 4 1
Tile:8 8 3 0
Tile:7 9 4 1
Tile:5 8 2 0
Map 12 5 1
Tile:3_flip 4 5 0
Map 12 3 1
Tile:10 5 6 0
Tile:10 8 7 1
Tile:2 6 4 0
Malus 0 0 1
Destroy 7 5 0
Tile:13 5 4 1
Drop 2 0 0
Map 12 7 1
Drop 6 0 0
Tile:6 9 6 1
Drop 3 0 0
Tile:5 5 3 1
Drop 5 0 0
GAMEOVER USER CANCEL UNDECIDED
# Game ended: Sat Apr 11 00:29:22 EDT 2020
