# Server version 0.08 running on 192.168.2.10:8123
# Game ID: 238
# Board class: Saboteur.SaboteurBoard
# Timeout: 20000
# First Move Timeout: 30000
# Date: Sat Apr 11 19:50:58 EDT 2020
# Player 1: Player-0, 'RandomPlayer', running on 192.168.2.10
# Player 2: Player-1, '260738242', running on 192.168.2.10
START Player-0 RandomPlayer
START Player-1 260738242
BoardInit:Tile:6,Destroy,Malus,Tile:10,Tile:1,Tile:0,Tile:9,Tile:8,Tile:12,Tile:8,Tile:0,Tile:10,Tile:4,Tile:2,Tile:6,Map,Tile:7,Tile:9,Map,Tile:8,Tile:0,Tile:0,Tile:5,Tile:15,Tile:11,Tile:3,Bonus,Tile:7,Tile:7,Tile:8,Bonus,Tile:6,Tile:9,Bonus,Destroy,Tile:9,Tile:13,Tile:6,Tile:8,Map,Malus-Bonus,Map,Map,Tile:7,Destroy,Tile:6,Tile:9-Map,Tile:5,Tile:5,Tile:10,Tile:14,Tile:5,Tile:7-Tile:hidden2,Tile:nugget,Tile:hidden1
Map 12 7 1
Tile:5_flip 5 6 0
Map 12 3 1
Drop 1 0 0
Tile:7 6 5 1
Tile:14_flip 4 6 0
Destroy 6 5 1
Tile:10 5 4 0
Tile:6 6 5 1
Tile:7_flip 4 7 0
Tile:6 7 5 1
Tile:8 7 4 0
Tile:0 8 5 1
Drop 4 0 0
Tile:1 5 7 1
Drop 5 0 0
Tile:6 9 5 1
Tile:2 6 7 0
Malus 0 0 1
Drop 5 0 0
Tile:12 7 7 1
Destroy 7 4 0
Tile:0 10 5 1
Map 12 7 0
Tile:4 5 3 1
Drop 2 0 0
Tile:11 6 4 1
Drop 0 0 0
Drop 1 0 1
Drop 5 0 0
Drop 1 0 1
Drop 0 0 0
Drop 1 0 1
Drop 6 0 0
Drop 1 0 1
Drop 0 0 0
Drop 1 0 1
Drop 4 0 0
Tile:13 7 4 1
Drop 0 0 0
Drop 1 0 1
Drop 2 0 0
Malus 0 0 1
Drop 3 0 0
Drop 1 0 1
Drop 0 0 0
Drop 1 0 1
Map 12 3 0
Drop 1 0 1
Bonus 0 0 0
Drop 1 0 1
Drop 0 0 0
Drop 1 0 1
Drop 0 0 0
GAMEOVER USER CANCEL UNDECIDED
# Game ended: Sat Apr 11 19:51:08 EDT 2020
