# Server version 0.08 running on 192.168.2.10:8123
# Game ID: 249
# Board class: Saboteur.SaboteurBoard
# Timeout: 20000
# First Move Timeout: 30000
# Date: Sat Apr 11 19:55:12 EDT 2020
# Player 1: Player-0, 'RandomPlayer', running on 192.168.2.10
# Player 2: Player-1, '260738242', running on 192.168.2.10
START Player-0 RandomPlayer
START Player-1 260738242
BoardInit:Tile:7,Tile:5,Tile:7,Tile:12,Tile:15,Tile:0,Tile:7,Bonus,Tile:10,Bonus,Tile:10,Tile:0,Tile:8,Destroy,Map,Map,Tile:8,Tile:6,Tile:8,Malus,Tile:6,Tile:8,Tile:10,Tile:2,Bonus,Tile:3,Tile:11,Tile:14,Map,Tile:5,Tile:8,Tile:9,Destroy,Tile:13,Tile:7,Tile:6,Bonus,Tile:6,Map,Tile:9,Tile:4-Tile:0,Tile:6,Malus,Tile:1,Tile:7,Destroy,Tile:5-Tile:0,Map,Tile:9,Tile:9,Tile:9,Map,Tile:5-Tile:hidden2,Tile:hidden1,Tile:nugget
Tile:7 6 5 1
Tile:5 5 4 0
Tile:5_flip 6 4 1
Tile:9 6 6 0
Tile:6 7 6 1
Tile:9_flip 5 6 0
Tile:0 8 6 1
Tile:9_flip 6 3 0
Tile:1 5 3 1
Tile:5 4 5 0
Tile:15 5 7 1
Tile:0 4 3 0
Drop 1 0 1
Drop 1 0 0
Tile:8 9 6 1
Destroy 5 6 0
Map 12 7 1
Drop 1 0 0
Tile:7 10 6 1
Map 12 3 0
Tile:7_flip 10 7 1
Drop 4 0 0
Malus 0 0 1
Malus 0 0 0
Drop 1 0 1
Drop 0 0 0
Bonus 0 0 1
Drop 5 0 0
Tile:11 3 3 1
Drop 2 0 0
Drop 1 0 1
Drop 4 0 0
Drop 1 0 1
Drop 6 0 0
Destroy 10 7 1
Drop 4 0 0
Tile:7_flip 10 7 1
Drop 3 0 0
Drop 1 0 1
Bonus 0 0 0
Drop 1 0 1
Tile:9 9 5 0
Tile:4 3 2 1
Tile:6_flip 9 4 0
Drop 1 0 1
Drop 3 0 0
Drop 1 0 1
Tile:6 3 4 0
Drop 1 0 1
Tile:5_flip 11 7 0
Drop 1 0 1
Tile:13 6 2 0
Drop 1 0 1
Drop 0 0 0
GAMEOVER USER CANCEL UNDECIDED
# Game ended: Sat Apr 11 19:55:16 EDT 2020
