# Server version 0.08 running on 192.168.2.10:8123
# Game ID: 128
# Board class: Saboteur.SaboteurBoard
# Timeout: 20000
# First Move Timeout: 30000
# Date: Sat Apr 11 14:32:17 EDT 2020
# Player 1: Player-0, '260738242', running on 192.168.2.10
# Player 2: Player-1, 'RandomPlayer', running on 192.168.2.10
START Player-0 260738242
START Player-1 RandomPlayer
BoardInit:Tile:6,Map,Bonus,Tile:8,Tile:7,Tile:5,Tile:3,Map,Tile:0,Tile:0,Tile:9,Tile:14,Tile:2,Map,Destroy,Map,Destroy,Tile:8,Tile:5,Tile:7,Malus,Map,Tile:9,Tile:6,Tile:0,Tile:9,Tile:10,Destroy,Bonus,Tile:8,Tile:10,Bonus,Tile:9,Tile:5,Tile:11,Tile:7,Tile:10,Tile:7,Tile:4,Tile:13,Malus-Tile:1,Tile:8,Tile:8,Tile:0,Tile:5,Bonus,Tile:9-Tile:6,Tile:6,Tile:15,Tile:7,Tile:12,Map,Tile:6-Tile:nugget,Tile:hidden2,Tile:hidden1
Tile:1 4 5 1
Map 12 3 0
Tile:0 6 5 1
Map 12 3 0
Drop 4 0 1
Tile:6 7 5 0
Drop 2 0 1
Tile:6 8 5 0
Tile:7 5 4 1
Map 12 3 0
Tile:6 9 5 1
Tile:6 10 5 0
Tile:3 8 4 1
Tile:15 5 6 0
Tile:2 11 5 1
Map 12 3 0
Tile:8 3 5 1
Map 12 3 0
Destroy 11 5 1
Tile:12_flip 4 4 0
Tile:9_flip 11 5 1
Tile:14 3 6 0
Tile:8 11 4 1
Map 12 3 0
Tile:0 12 4 1
Drop 2 0 0
Drop 3 0 1
Drop 2 0 0
Tile:10 5 7 1
Destroy 10 5 0
Tile:9 2 6 1
Drop 2 0 0
Tile:10 3 4 1
Drop 2 0 0
Tile:9 3 3 1
Drop 2 0 0
Tile:11 11 3 1
Drop 2 0 0
Destroy 7 5 1
Drop 2 0 0
Tile:0 13 4 1
Tile:13 2 5 0
Malus 0 0 1
Bonus 0 0 0
Malus 0 0 1
Drop 2 0 0
Drop 1 0 1
Drop 2 0 0
Tile:10 2 4 1
Drop 2 0 0
Tile:4_flip 2 7 1
