# Server version 0.08 running on 192.168.2.10:8123
# Game ID: 137
# Board class: Saboteur.SaboteurBoard
# Timeout: 20000
# First Move Timeout: 30000
# Date: Sat Apr 11 15:41:32 EDT 2020
# Player 1: Player-0, '260738242', running on 192.168.2.10
# Player 2: Player-1, 'RandomPlayer', running on 192.168.2.10
START Player-0 260738242
START Player-1 RandomPlayer
BoardInit:Map,Tile:5,Tile:10,Tile:7,Tile:6,Bonus,Tile:8,Tile:7,Tile:9,Tile:5,Tile:4,Map,Map,Tile:3,Bonus,Map,Tile:14,Tile:8,Tile:6,Destroy,Destroy,Tile:13,Tile:12,Tile:0,Tile:10,Tile:7,Tile:8,Malus,Tile:6,Tile:7,Tile:8,Tile:15,Tile:5,Tile:11,Tile:0,Bonus,Tile:6,Tile:0,Tile:8,Tile:7,Tile:2-Map,Tile:9,Tile:9,Tile:1,Tile:9,Tile:0,Tile:5-Tile:9,Tile:6,Malus,Tile:10,Bonus,Destroy,Map-Tile:hidden2,Tile:nugget,Tile:hidden1
Tile:1 4 5 1
Map 12 3 0
Tile:9 5 4 1
Tile:9_flip 6 4 0
Drop 1 0 1
Tile:6 6 5 0
Drop 4 0 1
Drop 2 0 0
Tile:0 3 5 1
Drop 2 0 0
Tile:9_flip 7 5 1
Tile:7_flip 7 6 0
Tile:9_flip 6 3 1
Map 12 3 0
Tile:4 7 4 1
Tile:3 6 2 0
Tile:6 5 2 1
Map 12 3 0
Tile:14 8 6 1
Drop 2 0 0
Tile:5 2 5 1
GAMEOVER TIMEOUT WINNER 1
# Game ended: Sat Apr 11 15:41:54 EDT 2020
