# Server version 0.08 running on 192.168.2.10:8123
# Game ID: 224
# Board class: Saboteur.SaboteurBoard
# Timeout: 20000
# First Move Timeout: 30000
# Date: Sat Apr 11 19:46:14 EDT 2020
# Player 1: Player-0, 'RandomPlayer', running on 192.168.2.10
# Player 2: Player-1, '260738242', running on 192.168.2.10
START Player-0 RandomPlayer
START Player-1 260738242
BoardInit:Tile:6,Tile:10,Tile:9,Malus,Tile:8,Tile:15,Destroy,Tile:2,Tile:5,Bonus,Tile:1,Tile:8,Tile:6,Tile:0,Tile:6,Tile:8,Tile:13,Tile:9,Map,Tile:0,Tile:7,Tile:8,Tile:4,Tile:5,Map,Bonus,Map,Tile:11,Tile:12,Bonus,Map,Map,Tile:6,Tile:6,Tile:10,Tile:7,Map,Bonus,Malus,Tile:14,Tile:5-Tile:7,Tile:9,Tile:0,Tile:9,Tile:7,Tile:5,Tile:8-Destroy,Tile:9,Destroy,Tile:3,Tile:10,Tile:7,Tile:0-Tile:hidden1,Tile:hidden2,Tile:nugget
Tile:7 6 5 1
Drop 3 0 0
Tile:7_flip 6 6 1
Drop 1 0 0
Tile:5_flip 7 6 1
Destroy 7 6 0
Tile:9_flip 7 6 1
Drop 2 0 0
Tile:9 7 5 1
Tile:10 5 4 0
Tile:6 8 5 1
Tile:2 8 4 0
Tile:0 9 5 1
Tile:15 5 3 0
Tile:6 10 5 1
Tile:0 11 5 0
Tile:9 7 7 1
Tile:0 9 4 0
Tile:6_flip 10 4 1
Tile:8 4 5 0
Map 12 3 1
Destroy 11 5 0
Tile:1 8 7 1
Tile:10 4 6 0
Tile:13 4 7 1
Tile:0 13 5 0
Tile:4 4 4 1
Tile:8 12 6 0
Drop 2 0 1
Tile:8 12 4 0
Tile:12 5 7 1
Tile:11 7 4 0
Drop 2 0 1
Tile:5_flip 13 4 0
Drop 2 0 1
Tile:9_flip 13 3 0
Drop 2 0 1
Tile:6_flip 13 6 0
Drop 2 0 1
Tile:7 13 2 0
Drop 2 0 1
Drop 2 0 0
Drop 2 0 1
Tile:14 13 7 0
Drop 2 0 1
Drop 2 0 0
Drop 2 0 1
Drop 3 0 0
Drop 2 0 1
Map 12 7 0
Drop 2 0 1
Malus 0 0 0
GAMEOVER USER CANCEL UNDECIDED
# Game ended: Sat Apr 11 19:46:19 EDT 2020
