# Server version 0.08 running on 192.168.2.10:8123
# Game ID: 303
# Board class: Saboteur.SaboteurBoard
# Timeout: 20000
# First Move Timeout: 30000
# Date: Sat Apr 11 20:09:05 EDT 2020
# Player 1: Player-0, 'RandomPlayer', running on 192.168.2.10
# Player 2: Player-1, '260738242', running on 192.168.2.10
START Player-0 RandomPlayer
START Player-1 260738242
BoardInit:Tile:9,Tile:6,Tile:0,Map,Tile:7,Destroy,Tile:8,Tile:8,Tile:0,Tile:4,Tile:5,Tile:8,Tile:5,Tile:5,Tile:6,Bonus,Map,Tile:9,Tile:13,Tile:10,Tile:1,Tile:2,Tile:11,Tile:14,Tile:5,Tile:8,Tile:7,Bonus,Tile:15,Tile:0,Tile:3,Destroy,Tile:9,Tile:7,Tile:10,Destroy,Tile:6,Bonus,Tile:6,Tile:6,Tile:0-Tile:9,Malus,Bonus,Malus,Tile:9,Tile:12,Tile:10-Map,Map,Map,Map,Tile:7,Tile:8,Tile:7-Tile:nugget,Tile:hidden2,Tile:hidden1
Tile:9_flip 6 5 1
Tile:7 5 4 0
Tile:9 6 6 1
Tile:7_flip 4 5 0
Tile:9_flip 7 6 1
Map 12 7 0
Drop 1 0 1
Map 12 5 0
Drop 1 0 1
Map 12 7 0
Drop 1 0 1
Map 12 3 0
Tile:5 7 5 1
Destroy 7 5 0
Tile:5 7 5 1
Drop 5 0 0
Tile:6 8 5 1
Tile:5_flip 5 6 0
Map 12 5 1
Tile:9_flip 6 7 0
Tile:0 9 5 1
Tile:10 6 4 0
Tile:8 10 5 1
Tile:8 11 5 0
Tile:7_flip 7 7 1
Tile:6 13 5 0
Tile:0 8 7 1
Tile:8 13 4 0
Malus 0 0 1
Drop 6 0 0
Tile:13 6 3 1
Map 12 3 0
Tile:1 4 6 1
Destroy 11 5 0
Tile:11 3 6 1
Drop 0 0 0
Tile:15 3 5 1
Destroy 9 5 0
Tile:3 6 2 1
Bonus 0 0 0
Drop 1 0 1
Tile:6 5 3 0
Drop 1 0 1
Tile:0 9 5 0
Drop 1 0 1
Tile:2_flip 12 6 0
Drop 1 0 1
Tile:8 3 7 0
Drop 1 0 1
Tile:14 6 8 0
Drop 1 0 1
Tile:7 13 3 0
Drop 1 0 1
Drop 0 0 0
Tile:10 8 4 1
GAMEOVER DRAW
# Game ended: Sat Apr 11 20:09:05 EDT 2020
