# Server version 0.08 running on 192.168.2.10:8123
# Game ID: 51
# Board class: Saboteur.SaboteurBoard
# Timeout: 20000
# First Move Timeout: 30000
# Date: Fri Apr 10 19:42:33 EDT 2020
# Player 1: Player-0, 'RandomPlayer', running on 192.168.2.10
# Player 2: Player-1, '260738242', running on 192.168.2.10
START Player-0 RandomPlayer
START Player-1 260738242
BoardInit:Tile:1,Tile:8,Tile:7,Map,Tile:5,Tile:14,Tile:10,Tile:11,Tile:9,Malus,Tile:10,Tile:6,Tile:13,Tile:12,Tile:3,Tile:8,Map,Tile:9,Tile:6,Tile:7,Tile:9,Tile:0,Map,Tile:7,Tile:7,Tile:4,Tile:0,Malus,Tile:9,Tile:5,Map,Bonus,Bonus,Destroy,Destroy,Tile:7,Tile:0,Tile:8,Tile:10,Tile:6,Tile:6-Tile:0,Bonus,Bonus,Destroy,Map,Tile:5,Tile:15-Tile:9,Tile:6,Tile:2,Tile:5,Tile:8,Map,Tile:8-Tile:hidden1,Tile:nugget,Tile:hidden2
Map 12 3 1
Tile:5_flip 5 6 0
Tile:0 4 6 1
Tile:6_flip 6 5 0
Destroy 4 6 1
Map 12 7 0
Tile:5 4 5 1
Map 12 5 0
Tile:15 6 6 1
Tile:2_flip 7 5 0
Tile:1 8 5 1
Tile:8 6 7 0
Tile:7 7 4 1
Tile:9_flip 6 8 0
Tile:5_flip 6 9 1
Tile:12_flip 6 4 0
Tile:9 4 6 1
Drop 5 0 0
Map 12 3 1
Tile:8 4 7 0
Tile:10 4 8 1
Tile:8 4 9 0
Tile:10 4 10 1
Tile:8 7 7 0
Map 12 3 1
Tile:11 4 11 0
Tile:13 3 9 1
Tile:9_flip 3 10 0
Tile:3 3 8 1
Tile:0 5 7 0
Tile:0 8 7 1
Tile:14 3 11 0
Map 12 3 1
Tile:7_flip 2 8 0
Tile:6 9 7 1
Destroy 8 7 0
Tile:9 2 7 1
Tile:7 9 5 0
Tile:0 8 7 1
Tile:7_flip 2 11 0
Tile:7 2 6 1
Tile:4_flip 7 8 0
Tile:6 10 7 1
Drop 4 0 0
Tile:9 1 6 1
Tile:5 10 6 0
Destroy 1 6 1
Tile:6 5 9 0
Tile:10 4 12 1
Drop 1 0 0
Drop 0 0 1
Malus 0 0 0
GAMEOVER USER CANCEL UNDECIDED
# Game ended: Fri Apr 10 19:43:25 EDT 2020
