# Server version 0.08 running on 192.168.2.10:8123
# Game ID: 273
# Board class: Saboteur.SaboteurBoard
# Timeout: 20000
# First Move Timeout: 30000
# Date: Sat Apr 11 20:00:07 EDT 2020
# Player 1: Player-0, 'RandomPlayer', running on 192.168.2.10
# Player 2: Player-1, '260738242', running on 192.168.2.10
START Player-0 RandomPlayer
START Player-1 260738242
BoardInit:Tile:9,Tile:5,Tile:14,Bonus,Tile:7,Tile:15,Tile:13,Bonus,Tile:6,Destroy,Map,Tile:7,Tile:10,Tile:9,Map,Tile:6,Tile:9,Map,Tile:4,Tile:8,Tile:0,Tile:3,Tile:9,Tile:10,Malus,Tile:9,Tile:8,Bonus,Tile:5,Tile:7,Tile:5,Tile:6,Tile:0,Map,Tile:0,Tile:5,Bonus,Tile:11,Tile:10,Malus,Tile:8-Tile:8,Destroy,Map,Tile:2,Tile:7,Tile:6,Tile:1-Tile:7,Tile:12,Map,Destroy,Tile:0,Tile:8,Tile:6-Tile:hidden2,Tile:nugget,Tile:hidden1
Map 12 7 1
Drop 3 0 0
Tile:7 6 5 1
Tile:7_flip 5 6 0
Destroy 6 5 1
Drop 4 0 0
Tile:7 6 5 1
Drop 5 0 0
Tile:2 5 4 1
Tile:5 4 4 0
Drop 1 0 1
Drop 1 0 0
Map 12 5 1
Drop 0 0 0
Tile:6 6 6 1
Tile:9_flip 7 6 0
Tile:9 7 5 1
Tile:6 6 4 0
Tile:8 8 5 1
Destroy 6 5 0
Tile:14 7 7 1
Tile:15 6 3 0
Tile:0 9 5 1
Tile:3 6 5 0
Tile:1 6 7 1
Drop 4 0 0
Tile:13 6 2 1
Drop 3 0 0
Tile:8 10 5 1
Tile:9_flip 8 4 0
Malus 0 0 1
Drop 4 0 0
Tile:4 6 1 1
Drop 6 0 0
Drop 1 0 1
Bonus 0 0 0
Drop 1 0 1
Tile:0 11 5 0
GAMEOVER WINNER 0
# Game ended: Sat Apr 11 20:00:07 EDT 2020
