# Server version 0.08 running on 192.168.2.10:8123
# Game ID: 10
# Board class: Saboteur.SaboteurBoard
# Timeout: 20000
# First Move Timeout: 30000
# Date: Fri Apr 10 16:32:02 EDT 2020
# Player 1: Player-0, 'RandomPlayer', running on 192.168.2.10
# Player 2: Player-1, '260738242', running on 192.168.2.10
START Player-0 RandomPlayer
START Player-1 260738242
BoardInit:Tile:4,Tile:6,Tile:9,Tile:10,Tile:10,Tile:8,Tile:8,Map,Tile:6,Tile:9,Tile:14,Map,Tile:9,Map,Tile:5,Tile:9,Tile:0,Tile:8,Bonus,Malus,Tile:8,Destroy,Tile:1,Tile:11,Tile:13,Bonus,Tile:9,Tile:15,Tile:6,Tile:0,Tile:5,Tile:0,Bonus,Tile:7,Map,Bonus,Tile:10,Malus,Tile:5,Tile:6,Tile:7-Map,Tile:5,Destroy,Tile:0,Map,Tile:8,Tile:3-Tile:7,Tile:2,Tile:7,Tile:6,Tile:12,Destroy,Tile:7-Tile:hidden2,Tile:hidden1,Tile:nugget
Tile:0 6 5 1
Destroy 6 5 0
Tile:4 5 4 1
Tile:7_flip 5 6 0
Map 12 7 1
Tile:7 6 6 0
Drop 3 0 1
Tile:2_flip 6 5 0
Map 12 7 1
Tile:6_flip 7 5 0
Tile:3_flip 7 6 1
Tile:12 8 5 0
Destroy 7 6 1
Tile:9 6 4 0
Tile:6_flip 6 3 1
Drop 3 0 0
Tile:5_flip 7 4 1
Tile:10 7 6 0
Tile:8 4 5 1
Tile:6 5 3 0
Tile:9 4 3 1
Tile:9_flip 4 6 0
Drop 3 0 1
Destroy 4 3 0
Tile:9_flip 4 7 1
Tile:11_flip 5 2 0
Drop 0 0 1
Tile:7 4 4 0
