# Server version 0.08 running on 192.168.2.10:8123
# Game ID: 255
# Board class: Saboteur.SaboteurBoard
# Timeout: 20000
# First Move Timeout: 30000
# Date: Sat Apr 11 19:56:23 EDT 2020
# Player 1: Player-0, 'RandomPlayer', running on 192.168.2.10
# Player 2: Player-1, '260738242', running on 192.168.2.10
START Player-0 RandomPlayer
START Player-1 260738242
BoardInit:Destroy,Map,Tile:13,Tile:7,Tile:4,Tile:7,Destroy,Malus,Tile:6,Tile:1,Tile:7,Bonus,Tile:9,Tile:7,Bonus,Tile:0,Tile:8,Tile:6,Tile:9,Tile:8,Tile:3,Malus,Tile:5,Tile:6,Tile:5,Tile:0,Tile:0,Tile:9,Tile:7,Bonus,Tile:0,Tile:2,Bonus,Tile:8,Tile:5,Map,Tile:8,Tile:14,Tile:9,Tile:10,Map-Tile:10,Map,Tile:6,Tile:15,Destroy,Tile:12,Tile:8-Tile:6,Tile:10,Map,Map,Tile:9,Tile:11,Tile:5-Tile:nugget,Tile:hidden2,Tile:hidden1
Map 12 7 1
Map 12 5 0
Tile:6 6 5 1
Drop 5 0 0
Tile:8 7 5 1
Tile:11_flip 6 4 0
Tile:15 5 6 1
Tile:6_flip 4 5 0
Tile:13 5 4 1
Tile:10 7 6 0
Tile:6 8 5 1
Drop 3 0 0
Tile:12_flip 4 4 1
Tile:9_flip 4 6 0
Tile:9_flip 9 5 1
Map 12 5 0
Tile:4 5 3 1
Map 12 3 0
Tile:8 9 4 1
Tile:7_flip 7 7 0
Tile:7 10 4 1
Tile:7_flip 9 6 0
Tile:9 10 5 1
Tile:6_flip 8 7 0
Tile:5_flip 11 5 1
Tile:0 9 7 0
Tile:5 11 4 1
Tile:0 12 4 0
Tile:3 9 3 1
Tile:8 10 7 0
Drop 1 0 1
Malus 0 0 0
Bonus 0 0 1
Drop 4 0 0
Drop 1 0 1
Tile:2_flip 5 7 0
Drop 1 0 1
Tile:6 13 4 0
Tile:8 10 6 1
Tile:14 10 8 0
Tile:0 11 6 1
Tile:1 12 6 0
Map 12 3 1
Tile:10 13 3 0
Drop 1 0 1
Tile:8 3 6 0
Drop 1 0 1
Map 12 3 0
Drop 1 0 1
Malus 0 0 0
Drop 1 0 1
Drop 0 0 0
Drop 1 0 1
Drop 0 0 0
GAMEOVER USER CANCEL UNDECIDED
# Game ended: Sat Apr 11 19:56:34 EDT 2020
