# Server version 0.08 running on 192.168.2.10:8123
# Game ID: 233
# Board class: Saboteur.SaboteurBoard
# Timeout: 20000
# First Move Timeout: 30000
# Date: Sat Apr 11 19:48:53 EDT 2020
# Player 1: Player-0, 'RandomPlayer', running on 192.168.2.10
# Player 2: Player-1, '260738242', running on 192.168.2.10
START Player-0 RandomPlayer
START Player-1 260738242
BoardInit:Tile:10,Map,Tile:10,Tile:6,Tile:14,Map,Malus,Tile:9,Tile:8,Bonus,Bonus,Tile:9,Tile:7,Destroy,Tile:7,Tile:12,Tile:13,Tile:6,Map,Tile:9,Tile:11,Tile:0,Map,Tile:0,Tile:7,Tile:5,Tile:3,Map,Tile:6,Tile:8,Tile:8,Map,Destroy,Tile:2,Tile:1,Tile:9,Tile:8,Tile:7,Tile:4,Tile:0,Tile:0-Bonus,Tile:7,Tile:6,Tile:5,Malus,Tile:15,Tile:9-Tile:5,Tile:10,Tile:5,Destroy,Tile:6,Tile:8,Bonus-Tile:hidden2,Tile:hidden1,Tile:nugget
Tile:7 6 5 1
Drop 3 0 0
Tile:6 6 6 1
Tile:5 4 5 0
Tile:5_flip 7 6 1
Tile:5 7 5 0
Tile:15 4 6 1
Tile:8 5 4 0
Tile:14 4 7 1
Tile:6_flip 5 3 0
Tile:8 8 5 1
Tile:9 4 3 0
Drop 2 0 1
Drop 0 0 0
Drop 2 0 1
Destroy 5 3 0
Drop 2 0 1
Map 12 3 0
Tile:13 4 2 1
Tile:6 6 4 0
Map 12 7 1
Tile:9_flip 8 4 0
Tile:7 9 5 1
Tile:6 7 4 0
Tile:7_flip 9 6 1
Map 12 7 0
Tile:7 10 6 1
Tile:5 3 2 0
Malus 0 0 1
Drop 2 0 0
Tile:6 10 7 1
Bonus 0 0 0
Malus 0 0 1
Map 12 7 0
Tile:11 4 1 1
Drop 4 0 0
Tile:3 4 0 1
Map 12 7 0
Tile:1 3 0 1
Drop 0 0 0
Tile:4 6 3 1
Drop 2 0 0
Drop 2 0 1
Drop 1 0 0
Drop 2 0 1
Drop 3 0 0
Drop 2 0 1
Drop 0 0 0
Drop 2 0 1
Drop 2 0 0
Drop 2 0 1
Drop 0 0 0
GAMEOVER USER CANCEL UNDECIDED
# Game ended: Sat Apr 11 19:48:57 EDT 2020
