# Server version 0.08 running on 192.168.2.10:8123
# Game ID: 143
# Board class: Saboteur.SaboteurBoard
# Timeout: 20000
# First Move Timeout: 30000
# Date: Sat Apr 11 15:54:52 EDT 2020
# Player 1: Player-0, '260738242', running on 192.168.2.10
# Player 2: Player-1, 'RandomPlayer', running on 192.168.2.10
START Player-0 260738242
START Player-1 RandomPlayer
BoardInit:Tile:12,Tile:0,Tile:6,Tile:8,Tile:2,Tile:15,Tile:8,Malus,Bonus,Tile:0,Destroy,Tile:10,Map,Tile:8,Bonus,Tile:5,Tile:3,Map,Tile:10,Tile:1,Tile:9,Tile:11,Tile:5,Malus,Tile:7,Tile:6,Map,Bonus,Tile:0,Tile:7,Tile:5,Tile:13,Destroy,Tile:6,Tile:9,Tile:7,Tile:10,Tile:9,Destroy,Tile:7,Tile:5-Tile:9,Tile:8,Bonus,Tile:6,Tile:14,Map,Tile:7-Map,Tile:6,Tile:0,Tile:9,Tile:4,Map,Tile:8-Tile:hidden1,Tile:hidden2,Tile:nugget
Map 12 7 1
Map 12 3 0
Tile:8 4 5 1
Map 12 3 0
Tile:9_flip 4 6 1
Tile:6 4 7 0
Tile:6 3 7 1
Tile:4 4 4 0
Tile:7_flip 3 5 1
Tile:15 3 4 0
Tile:6 6 5 1
Drop 2 0 0
Tile:2_flip 2 7 1
Drop 2 0 0
Drop 2 0 1
Drop 2 0 0
Tile:14_flip 3 6 1
Drop 2 0 0
Tile:8 5 7 1
Map 12 3 0
Destroy 3 6 1
Tile:1 1 7 0
Tile:9 6 4 1
Tile:11 0 7 0
Tile:3 6 3 1
Drop 2 0 0
Tile:7 3 3 1
Tile:6 7 5 0
Tile:10 2 6 1
Drop 2 0 0
Map 12 3 1
Drop 2 0 0
Tile:5_flip 5 8 1
Tile:13 0 6 0
Tile:5 4 8 1
Tile:6 8 5 0
Destroy 6 3 1
Drop 2 0 0
Tile:10 5 4 1
Drop 2 0 0
Drop 2 0 1
Drop 2 0 0
Map 12 5 1
Drop 2 0 0
Destroy 0 7 1
Drop 2 0 0
Tile:9_flip 7 4 1
Drop 2 0 0
Tile:5 3 6 1
Drop 2 0 0
Tile:0 2 3 1
GAMEOVER USER CANCEL UNDECIDED
# Game ended: Sat Apr 11 15:55:03 EDT 2020
