# Server version 0.08 running on 192.168.2.10:8123
# Game ID: 146
# Board class: Saboteur.SaboteurBoard
# Timeout: 20000
# First Move Timeout: 30000
# Date: Sat Apr 11 17:18:27 EDT 2020
# Player 1: Player-0, '260738242', running on 192.168.2.10
# Player 2: Player-1, 'RandomPlayer', running on 192.168.2.10
START Player-0 260738242
START Player-1 RandomPlayer
BoardInit:Tile:7,Tile:5,Tile:3,Tile:0,Tile:6,Tile:5,Tile:9,Map,Map,Tile:10,Destroy,Tile:4,Tile:15,Tile:0,Tile:5,Tile:14,Tile:13,Tile:7,Malus,Tile:6,Tile:8,Destroy,Tile:1,Tile:2,Tile:8,Tile:12,Tile:9,Tile:0,Tile:7,Bonus,Bonus,Bonus,Map,Destroy,Bonus,Tile:6,Tile:9,Tile:9,Tile:7,Map,Tile:10-Tile:6,Tile:8,Map,Tile:10,Tile:11,Malus,Map-Tile:8,Tile:5,Tile:9,Tile:8,Tile:6,Tile:0,Tile:7-Tile:hidden2,Tile:hidden1,Tile:nugget
Tile:11_flip 5 6 1
Drop 2 0 0
Malus 0 0 1
Drop 2 0 0
Map 12 7 1
Drop 2 0 0
Tile:3_flip 4 5 1
Drop 2 0 0
Tile:9 5 4 1
Map 12 3 0
Tile:10 4 4 1
Drop 2 0 0
Map 12 5 1
Drop 2 0 0
Tile:6_flip 4 3 1
GAMEOVER TIMEOUT WINNER 1
# Game ended: Sat Apr 11 17:18:48 EDT 2020
