# Server version 0.08 running on 192.168.2.10:8123
# Game ID: 130
# Board class: Saboteur.SaboteurBoard
# Timeout: 20000
# First Move Timeout: 30000
# Date: Sat Apr 11 14:39:48 EDT 2020
# Player 1: Player-0, '260738242', running on 192.168.2.10
# Player 2: Player-1, 'Human', running on 192.168.2.10
START Player-0 260738242
START Player-1 Human
BoardInit:Tile:6,Bonus,Tile:8,Tile:6,Tile:9,Tile:0,Tile:8,Tile:6,Malus,Bonus,Tile:5,Tile:0,Tile:8,Tile:10,Destroy,Tile:6,Tile:13,Tile:10,Tile:5,Tile:1,Tile:7,Tile:3,Tile:15,Tile:7,Tile:11,Tile:5,Tile:2,Tile:5,Tile:12,Tile:9,Tile:4,Tile:9,Map,Map,Destroy,Tile:0,Tile:7,Destroy,Map,Bonus,Tile:7-Tile:10,Malus,Tile:14,Tile:9,Tile:0,Tile:7,Tile:6-Tile:8,Bonus,Map,Map,Map,Tile:8,Tile:9-Tile:hidden1,Tile:hidden2,Tile:nugget
Tile:6 6 5 1
Map 12 3 0
Tile:6 7 5 1
Map 12 3 0
Tile:8 8 5 1
Map 12 3 0
Tile:0 9 5 1
Drop 2 0 0
Tile:8 10 5 1
Drop 2 0 0
