# Server version 0.08 running on 192.168.2.10:8123
# Game ID: 265
# Board class: Saboteur.SaboteurBoard
# Timeout: 20000
# First Move Timeout: 30000
# Date: Sat Apr 11 19:57:55 EDT 2020
# Player 1: Player-0, 'RandomPlayer', running on 192.168.2.10
# Player 2: Player-1, '260738242', running on 192.168.2.10
START Player-0 RandomPlayer
START Player-1 260738242
BoardInit:Map,Destroy,Tile:8,Map,Tile:5,Destroy,Tile:5,Tile:5,Tile:6,Tile:9,Tile:8,Tile:8,Tile:4,Tile:2,Map,Tile:10,Tile:7,Bonus,Malus,Tile:12,Tile:6,Tile:13,Map,Tile:10,Tile:9,Tile:8,Tile:10,Tile:6,Tile:6,Tile:9,Tile:7,Tile:14,Tile:11,Tile:8,Tile:0,Tile:6,Tile:9,Tile:0,Destroy,Tile:0,Tile:9-Malus,Bonus,Tile:7,Tile:1,Tile:15,Bonus,Tile:0-Bonus,Tile:5,Tile:7,Tile:7,Map,Tile:3,Map-Tile:hidden2,Tile:nugget,Tile:hidden1
Tile:7 6 5 1
Tile:5 4 5 0
Map 12 5 1
Destroy 4 5 0
Tile:15 5 4 1
Tile:3 5 3 0
Tile:1 4 3 1
Tile:7_flip 5 6 0
Tile:8 6 6 1
Map 12 5 0
Tile:5_flip 7 6 1
Drop 1 0 0
Tile:5 7 5 1
Tile:5_flip 8 5 0
Tile:4 8 4 1
Destroy 5 3 0
Drop 1 0 1
Tile:9 6 7 0
Tile:6_flip 7 7 1
Tile:2 4 5 0
Tile:0 8 7 1
Drop 4 0 0
Tile:6 9 7 1
Tile:12_flip 3 5 0
Tile:8 10 7 1
Drop 4 0 0
Tile:9_flip 11 7 1
Tile:10 10 8 0
Tile:10 11 6 1
Tile:6_flip 5 3 0
Malus 0 0 1
Bonus 0 0 0
Malus 0 0 1
Map 12 7 0
Tile:11 3 3 1
Drop 3 0 0
Drop 1 0 1
Drop 2 0 0
Drop 1 0 1
Map 12 5 0
Destroy 11 6 1
Drop 2 0 0
Tile:6_flip 11 6 1
Drop 1 0 0
Drop 1 0 1
Drop 3 0 0
Drop 1 0 1
Drop 0 0 0
Drop 1 0 1
Drop 2 0 0
Drop 1 0 1
Drop 0 0 0
Drop 1 0 1
Drop 0 0 0
GAMEOVER USER CANCEL UNDECIDED
# Game ended: Sat Apr 11 19:58:00 EDT 2020
