# Server version 0.08 running on 192.168.2.10:8123
# Game ID: 185
# Board class: Saboteur.SaboteurBoard
# Timeout: 20000
# First Move Timeout: 30000
# Date: Sat Apr 11 19:18:22 EDT 2020
# Player 1: Player-0, '260738242', running on 192.168.2.10
# Player 2: Player-1, 'RandomPlayer', running on 192.168.2.10
START Player-0 260738242
START Player-1 RandomPlayer
BoardInit:Tile:9,Bonus,Tile:7,Tile:6,Tile:15,Tile:8,Tile:5,Tile:10,Tile:5,Tile:8,Tile:6,Tile:0,Tile:9,Tile:14,Tile:6,Destroy,Tile:7,Tile:10,Destroy,Tile:2,Tile:3,Tile:11,Tile:9,Tile:6,Tile:6,Tile:13,Tile:8,Tile:5,Tile:0,Map,Bonus,Map,Tile:8,Map,Bonus,Tile:7,Destroy,Tile:7,Malus,Tile:12,Tile:0-Malus,Tile:1,Tile:8,Tile:4,Tile:9,Map,Map-Tile:7,Tile:5,Tile:9,Map,Tile:10,Bonus,Tile:0-Tile:nugget,Tile:hidden1,Tile:hidden2
Drop 3 0 1
Map 12 3 0
Tile:9_flip 5 4 1
Tile:5 5 3 0
Tile:9_flip 6 3 1
Drop 2 0 0
Drop 2 0 1
Drop 2 0 0
Tile:1 6 5 1
Drop 2 0 0
Drop 1 0 1
Drop 2 0 0
Tile:7_flip 6 4 1
Tile:9_flip 7 4 0
Tile:9 6 2 1
Tile:14 5 6 0
Tile:6 4 5 1
Drop 2 0 0
Tile:5_flip 7 2 1
Drop 2 0 0
Tile:7_flip 3 5 1
Tile:2 3 4 0
Destroy 3 5 1
Tile:11 3 5 0
Tile:5_flip 7 5 1
Drop 2 0 0
Tile:6_flip 7 1 1
Tile:13 4 4 0
Tile:6_flip 6 1 1
Tile:5 7 3 0
Malus 0 0 1
Drop 2 0 0
Map 12 7 1
Drop 2 0 0
Drop 0 0 1
Drop 2 0 0
Drop 6 0 1
Drop 2 0 0
Destroy 7 4 1
Drop 2 0 0
Tile:0 4 6 1
Drop 2 0 0
Drop 0 0 1
Drop 2 0 0
Tile:8 8 3 1
GAMEOVER TIMEOUT WINNER 1
# Game ended: Sat Apr 11 19:18:43 EDT 2020
