# Server version 0.08 running on 192.168.2.10:8123
# Game ID: 74
# Board class: Saboteur.SaboteurBoard
# Timeout: 20000
# First Move Timeout: 30000
# Date: Sat Apr 11 00:12:07 EDT 2020
# Player 1: Player-0, '260738242', running on 192.168.2.10
# Player 2: Player-1, 'Human', running on 192.168.2.10
START Player-0 260738242
START Player-1 Human
BoardInit:Tile:3,Map,Map,Tile:7,Destroy,Tile:12,Tile:13,Tile:8,Tile:2,Tile:5,Map,Tile:1,Tile:8,Tile:0,Tile:6,Bonus,Tile:10,Tile:9,Tile:6,Bonus,Destroy,Tile:5,Tile:8,Destroy,Tile:8,Tile:7,Tile:10,Tile:10,Bonus,Tile:7,Tile:11,Tile:0,Bonus,Tile:7,Tile:9,Tile:0,Tile:9,Tile:7,Malus,Tile:5,Tile:0-Tile:5,Tile:6,Tile:15,Malus,Tile:14,Tile:8,Map-Tile:4,Tile:6,Tile:9,Map,Map,Tile:9,Tile:6-Tile:nugget,Tile:hidden2,Tile:hidden1
Tile:8 6 5 1
Map 12 3 0
Tile:6 7 5 1
Map 12 3 0
Tile:5 5 4 1
Map 12 3 0
Map 12 5 1
Tile:6 8 5 0
Map 12 7 1
Tile:6 9 5 0
Malus 0 0 1
Drop 0 0 0
Tile:3 6 4 1
Drop 0 0 0
Tile:8 10 5 1
Drop 0 0 0
Tile:6 11 5 1
Bonus 0 0 0
Tile:2 4 5 1
Tile:7 8 4 0
Tile:6 6 6 1
Tile:12 7 6 0
Tile:10 12 4 1
GAMEOVER WINNER 1
# Game ended: Sat Apr 11 00:13:29 EDT 2020
