# Server version 0.08 running on 192.168.2.10:8123
# Game ID: 308
# Board class: Saboteur.SaboteurBoard
# Timeout: 20000
# First Move Timeout: 30000
# Date: Sat Apr 11 20:10:15 EDT 2020
# Player 1: Player-0, '260738242', running on 192.168.2.10
# Player 2: Player-1, 'RandomPlayer', running on 192.168.2.10
START Player-0 260738242
START Player-1 RandomPlayer
BoardInit:Tile:0,Tile:5,Bonus,Tile:6,Tile:0,Tile:7,Tile:0,Tile:8,Tile:9,Tile:11,Tile:6,Tile:7,Tile:14,Map,Tile:6,Tile:7,Map,Tile:2,Tile:10,Tile:13,Tile:6,Tile:8,Tile:8,Tile:5,Tile:4,Malus,Tile:5,Bonus,Bonus,Bonus,Map,Tile:10,Tile:10,Tile:9,Tile:3,Malus,Destroy,Tile:9,Tile:5,Tile:6,Tile:7-Tile:8,Tile:12,Tile:9,Tile:8,Tile:15,Destroy,Tile:1-Map,Map,Map,Tile:9,Tile:7,Tile:0,Destroy-Tile:hidden2,Tile:nugget,Tile:hidden1
Tile:9 5 6 1
Map 12 5 0
Tile:8 6 5 1
Tile:0 7 5 0
Tile:8 6 6 1
Tile:6 8 5 0
Drop 2 0 1
Drop 1 0 0
Drop 0 0 1
Tile:8 9 5 0
Tile:9_flip 10 5 1
Tile:11 5 4 0
Drop 2 0 1
Drop 1 0 0
Tile:1 4 5 1
Drop 1 0 0
Tile:14_flip 10 4 1
Drop 1 0 0
Tile:6_flip 7 6 1
Tile:2 3 5 0
Tile:6 11 4 1
Tile:13 3 6 0
Drop 5 0 1
Drop 1 0 0
Tile:15 10 6 1
Drop 1 0 0
Tile:8 7 7 1
Malus 0 0 0
Drop 6 0 1
Drop 1 0 0
Bonus 0 0 1
Drop 1 0 0
Tile:0 12 4 1
Drop 1 0 0
Tile:4 11 3 1
Drop 1 0 0
Tile:3 6 4 1
Malus 0 0 0
Destroy 11 4 1
Drop 1 0 0
Drop 2 0 1
Drop 1 0 0
Drop 0 0 1
Drop 1 0 0
Map 12 3 1
Drop 1 0 0
Drop 0 0 1
Drop 1 0 0
Map 12 7 1
Drop 1 0 0
Drop 0 0 1
Drop 1 0 0
Drop 1 0 1
Map 12 7 0
Drop 0 0 1
GAMEOVER DRAW
# Game ended: Sat Apr 11 20:10:15 EDT 2020
