# Server version 0.08 running on 192.168.2.10:8123
# Game ID: 234
# Board class: Saboteur.SaboteurBoard
# Timeout: 20000
# First Move Timeout: 30000
# Date: Sat Apr 11 19:49:04 EDT 2020
# Player 1: Player-0, '260738242', running on 192.168.2.10
# Player 2: Player-1, 'RandomPlayer', running on 192.168.2.10
START Player-0 260738242
START Player-1 RandomPlayer
BoardInit:Tile:5,Map,Tile:1,Tile:0,Tile:9,Tile:8,Tile:6,Tile:5,Tile:6,Tile:10,Map,Tile:6,Tile:8,Tile:0,Tile:7,Tile:10,Tile:13,Tile:12,Malus,Tile:6,Destroy,Destroy,Tile:5,Tile:4,Map,Tile:6,Tile:7,Tile:10,Tile:8,Destroy,Bonus,Tile:9,Tile:0,Tile:9,Bonus,Malus,Tile:9,Tile:5,Map,Tile:7,Tile:8-Tile:7,Map,Bonus,Tile:3,Map,Tile:15,Tile:11-Tile:9,Tile:14,Tile:2,Tile:7,Tile:0,Tile:8,Bonus-Tile:nugget,Tile:hidden2,Tile:hidden1
Tile:7 6 5 1
Tile:7_flip 6 6 0
Map 12 3 1
Map 12 3 0
Tile:15 5 6 1
Tile:14 5 7 0
Tile:3 7 6 1
Tile:2 5 4 0
Tile:5_flip 6 4 1
Tile:5 6 3 0
Tile:9 7 7 1
Tile:0 7 3 0
Tile:6_flip 8 7 1
Tile:6 8 3 0
Tile:11_flip 8 8 1
Tile:8 9 3 0
Tile:7 9 2 1
Tile:0 10 3 0
Tile:13 7 8 1
Tile:12 9 7 0
Tile:8 4 5 1
Drop 2 0 0
Tile:6 8 9 1
Drop 2 0 0
Tile:5_flip 11 3 1
Destroy 6 5 0
Map 12 3 1
Tile:6_flip 6 5 0
Tile:1 9 9 1
Tile:6 7 5 0
Destroy 7 8 1
Tile:9_flip 8 5 0
Map 12 7 1
Tile:4 11 2 0
Tile:8 8 2 1
Drop 2 0 0
Tile:0 7 9 1
Drop 2 0 0
Tile:7_flip 7 8 1
Tile:5 8 4 0
Drop 0 0 1
Drop 2 0 0
Tile:9 4 7 1
Drop 2 0 0
Drop 4 0 1
Drop 2 0 0
Tile:8 4 4 1
Drop 2 0 0
Malus 0 0 1
Bonus 0 0 0
Map 12 3 1
GAMEOVER USER CANCEL UNDECIDED
# Game ended: Sat Apr 11 19:49:41 EDT 2020
