# Server version 0.08 running on 192.168.2.10:8123
# Game ID: 110
# Board class: Saboteur.SaboteurBoard
# Timeout: 20000
# First Move Timeout: 30000
# Date: Sat Apr 11 00:50:22 EDT 2020
# Player 1: Player-0, '260738242', running on 192.168.2.10
# Player 2: Player-1, 'RandomPlayer', running on 192.168.2.10
START Player-0 260738242
START Player-1 RandomPlayer
BoardInit:Tile:15,Map,Tile:11,Tile:8,Bonus,Tile:8,Tile:7,Map,Tile:8,Tile:6,Tile:3,Map,Tile:0,Tile:9,Malus,Tile:9,Destroy,Tile:0,Map,Tile:5,Map,Bonus,Tile:9,Tile:4,Destroy,Tile:10,Tile:7,Tile:13,Malus,Map,Tile:0,Tile:10,Tile:7,Tile:8,Tile:5,Tile:6,Tile:0,Tile:5,Tile:9,Tile:9,Tile:6-Destroy,Tile:6,Bonus,Tile:1,Bonus,Tile:7,Tile:7-Tile:2,Tile:8,Tile:14,Tile:6,Tile:5,Tile:10,Tile:12-Tile:hidden2,Tile:hidden1,Tile:nugget
Tile:7_flip 4 5 1
Tile:2 4 4 0
Drop 1 0 1
Map 12 3 0
Tile:7_flip 3 4 1
Tile:8 3 3 0
Drop 3 0 1
Tile:14 4 3 0
Tile:11 2 3 1
Map 12 3 0
Drop 1 0 1
Tile:6_flip 2 2 0
Tile:8 3 2 1
Map 12 3 0
Drop 2 0 1
Tile:5 1 2 0
Drop 0 0 1
Tile:10 1 3 0
Destroy 2 3 1
Tile:8 1 4 0
Tile:7 3 1 1
Tile:12 2 4 0
Drop 5 0 1
Tile:8 0 4 0
Drop 2 0 1
Tile:6 2 1 0
Tile:1 1 1 1
Tile:9 0 1 0
Tile:7 0 0 1
Tile:9 2 0 0
Tile:0 3 0 1
Map 12 3 0
Destroy 0 0 1
Tile:0 4 0 0
Tile:0 6 5 1
Tile:5_flip 7 5 0
Tile:7 0 3 1
Tile:4 0 0 0
Tile:9_flip 1 5 1
Tile:10 1 6 0
Tile:5_flip 0 2 1
Tile:13 1 7 0
Tile:6_flip 7 4 1
Tile:10 1 8 0
Drop 2 0 1
Tile:8 2 7 0
Tile:9 2 6 1
Tile:6 0 7 0
Drop 0 0 1
Tile:5_flip 1 9 0
Tile:0 6 4 1
Tile:9 2 8 0
Drop 0 0 1
Drop 0 0 0
Malus 0 0 1
GAMEOVER DRAW
# Game ended: Sat Apr 11 00:50:22 EDT 2020
