# Server version 0.08 running on 192.168.2.10:8123
# Game ID: 267
# Board class: Saboteur.SaboteurBoard
# Timeout: 20000
# First Move Timeout: 30000
# Date: Sat Apr 11 19:58:14 EDT 2020
# Player 1: Player-0, 'RandomPlayer', running on 192.168.2.10
# Player 2: Player-1, '260738242', running on 192.168.2.10
START Player-0 RandomPlayer
START Player-1 260738242
BoardInit:Tile:6,Tile:0,Tile:7,Tile:9,Tile:2,Map,Map,Tile:6,Tile:8,Map,Tile:7,Tile:6,Destroy,Tile:9,Tile:8,Bonus,Tile:7,Tile:5,Map,Malus,Tile:8,Tile:8,Tile:5,Destroy,Malus,Tile:0,Tile:15,Bonus,Tile:10,Tile:6,Tile:7,Map,Tile:0,Tile:10,Destroy,Map,Tile:9,Tile:6,Tile:13,Tile:9,Tile:8-Tile:5,Tile:9,Tile:11,Tile:0,Tile:5,Tile:1,Bonus-Bonus,Tile:12,Tile:4,Tile:3,Tile:14,Tile:10,Tile:7-Tile:hidden1,Tile:nugget,Tile:hidden2
Tile:5_flip 6 5 1
Tile:4 6 4 0
Tile:11 5 6 1
Tile:12 6 6 0
Drop 1 0 1
Tile:10 5 7 0
Tile:2_flip 5 8 1
Tile:3 6 8 0
Map 12 7 1
Tile:9_flip 5 4 0
Tile:1 4 4 1
Tile:14_flip 4 5 0
Drop 1 0 1
Tile:6 3 4 0
Destroy 6 5 1
Tile:9_flip 6 9 0
Tile:6 6 5 1
Map 12 5 0
Tile:9_flip 7 5 1
Drop 1 0 0
Map 12 3 1
Tile:0 4 8 0
Drop 1 0 1
Drop 5 0 0
Drop 1 0 1
Drop 2 0 0
Drop 1 0 1
Destroy 5 6 0
Tile:15 3 3 1
Tile:5 7 4 0
Tile:7 8 4 1
Tile:6 3 8 0
Tile:7_flip 8 5 1
Map 12 3 0
Tile:8 9 5 1
Tile:10 6 10 0
Tile:8 10 5 1
Tile:0 5 9 0
Malus 0 0 1
Bonus 0 0 0
Destroy 10 5 1
Tile:9 5 6 0
Tile:0 10 5 1
Tile:8 2 4 0
Tile:13 1 4 1
Tile:6_flip 0 4 0
Drop 1 0 1
Map 12 7 0
Drop 1 0 1
Map 12 7 0
Drop 1 0 1
Drop 0 0 0
Drop 1 0 1
Drop 0 0 0
GAMEOVER USER CANCEL UNDECIDED
# Game ended: Sat Apr 11 19:58:19 EDT 2020
