# Server version 0.08 running on 192.168.2.10:8123
# Game ID: 199
# Board class: Saboteur.SaboteurBoard
# Timeout: 20000
# First Move Timeout: 30000
# Date: Sat Apr 11 19:38:29 EDT 2020
# Player 1: Player-0, 'RandomPlayer', running on 192.168.2.10
# Player 2: Player-1, '260738242', running on 192.168.2.10
START Player-0 RandomPlayer
START Player-1 260738242
BoardInit:Tile:8,Tile:0,Tile:6,Tile:13,Destroy,Destroy,Map,Tile:10,Tile:6,Map,Malus,Bonus,Tile:12,Tile:0,Tile:14,Bonus,Tile:6,Tile:9,Destroy,Tile:4,Tile:15,Tile:7,Tile:6,Tile:1,Tile:6,Tile:9,Tile:0,Tile:3,Tile:7,Tile:11,Tile:7,Map,Map,Tile:5,Tile:10,Map,Tile:5,Malus,Bonus,Tile:8,Tile:9-Map,Tile:0,Tile:8,Tile:7,Tile:8,Tile:7,Bonus-Tile:8,Tile:5,Tile:10,Tile:9,Tile:9,Tile:5,Tile:2-Tile:hidden1,Tile:nugget,Tile:hidden2
Map 12 3 1
Tile:2 4 5 0
Tile:7 6 5 1
Tile:8 4 6 0
Tile:7_flip 6 6 1
Tile:5_flip 5 6 0
Tile:6 7 6 1
Tile:9_flip 8 6 0
Map 12 7 1
Drop 0 0 0
Tile:6_flip 8 5 1
Drop 1 0 0
Tile:0 9 5 1
Tile:13 5 4 0
Tile:8 10 5 1
Tile:0 11 5 0
GAMEOVER WINNER 0
# Game ended: Sat Apr 11 19:38:29 EDT 2020
