# Server version 0.08 running on 192.168.2.10:8123
# Game ID: 285
# Board class: Saboteur.SaboteurBoard
# Timeout: 20000
# First Move Timeout: 30000
# Date: Sat Apr 11 20:05:07 EDT 2020
# Player 1: Player-0, 'RandomPlayer', running on 192.168.2.10
# Player 2: Player-1, '260738242', running on 192.168.2.10
START Player-0 RandomPlayer
START Player-1 260738242
BoardInit:Destroy,Tile:7,Bonus,Map,Tile:0,Tile:6,Tile:10,Tile:12,Bonus,Destroy,Tile:6,Tile:0,Tile:9,Tile:11,Tile:0,Tile:8,Tile:6,Bonus,Tile:0,Malus,Map,Tile:6,Tile:13,Tile:6,Tile:4,Tile:10,Tile:8,Map,Map,Tile:8,Tile:9,Tile:5,Tile:7,Tile:7,Tile:5,Map,Tile:7,Destroy,Tile:1,Tile:14,Tile:10-Tile:2,Tile:3,Tile:9,Tile:5,Tile:5,Tile:9,Map-Tile:8,Tile:8,Bonus,Malus,Tile:9,Tile:15,Tile:7-Tile:hidden2,Tile:hidden1,Tile:nugget
Map 12 7 1
Drop 3 0 0
Tile:9_flip 6 5 1
Tile:9 5 4 0
Tile:9 6 6 1
Tile:15 5 6 0
Tile:0 7 6 1
Tile:6 6 7 0
Tile:2 5 3 1
Tile:8 8 6 0
Tile:3 6 3 1
Drop 3 0 0
Tile:6 9 6 1
Tile:7_flip 4 5 0
Tile:9_flip 10 6 1
Tile:11 5 7 0
Drop 1 0 1
Drop 5 0 0
Tile:6 10 7 1
Tile:8 5 8 0
Drop 1 0 1
Tile:8 5 9 0
Drop 1 0 1
Drop 5 0 0
Tile:13 4 3 1
Tile:6_flip 9 5 0
Tile:4 4 2 1
Tile:6_flip 9 7 0
Drop 1 0 1
Tile:12 7 7 0
Drop 1 0 1
Tile:8 8 5 0
Drop 1 0 1
Tile:10 9 8 0
Drop 1 0 1
Destroy 6 3 0
Drop 1 0 1
Tile:7_flip 5 10 0
Drop 1 0 1
Destroy 10 7 0
Tile:1 3 3 1
Tile:5_flip 10 7 0
Drop 1 0 1
Map 12 7 0
Drop 1 0 1
Map 12 3 0
Drop 1 0 1
Tile:14_flip 2 3 0
Drop 1 0 1
Map 12 7 0
Drop 1 0 1
Drop 0 0 0
Drop 1 0 1
Drop 0 0 0
GAMEOVER USER CANCEL UNDECIDED
# Game ended: Sat Apr 11 20:05:14 EDT 2020
