# Server version 0.08 running on 192.168.2.10:8123
# Game ID: 301
# Board class: Saboteur.SaboteurBoard
# Timeout: 20000
# First Move Timeout: 30000
# Date: Sat Apr 11 20:08:55 EDT 2020
# Player 1: Player-0, '260738242', running on 192.168.2.10
# Player 2: Player-1, 'RandomPlayer', running on 192.168.2.10
START Player-0 260738242
START Player-1 RandomPlayer
BoardInit:Tile:9,Tile:11,Tile:5,Destroy,Tile:0,Tile:7,Bonus,Tile:5,Tile:7,Tile:6,Map,Bonus,Malus,Tile:15,Tile:0,Tile:12,Tile:4,Map,Tile:3,Tile:7,Bonus,Tile:8,Tile:5,Tile:9,Tile:13,Tile:9,Malus,Tile:9,Tile:6,Bonus,Map,Tile:6,Destroy,Tile:6,Tile:7,Tile:8,Tile:1,Map,Map,Tile:2,Destroy-Tile:6,Tile:9,Tile:5,Tile:8,Tile:14,Tile:8,Tile:0-Tile:8,Tile:10,Tile:10,Map,Tile:10,Tile:0,Tile:7-Tile:hidden1,Tile:hidden2,Tile:nugget
Tile:9_flip 5 4 1
Map 12 7 0
Tile:6 4 4 1
Tile:7 6 5 0
Tile:14_flip 4 5 1
Tile:8 6 6 0
Drop 2 0 1
Tile:7 7 6 0
Tile:5 3 4 1
Tile:11 4 3 0
Tile:9_flip 3 5 1
Tile:6 7 7 0
Drop 2 0 1
Tile:0 8 7 0
Tile:7_flip 5 6 1
Tile:15 3 6 0
Map 12 3 1
Tile:12_flip 2 5 0
Tile:8 3 7 1
Drop 1 0 0
Tile:3 4 7 1
Drop 1 0 0
Tile:4 4 2 1
Tile:8 9 7 0
Drop 4 0 1
Drop 1 0 0
Tile:0 2 7 1
Drop 1 0 0
Drop 2 0 1
Drop 1 0 0
Tile:13 5 3 1
Drop 1 0 0
Tile:6 10 7 1
Drop 1 0 0
Destroy 4 4 1
Drop 1 0 0
Map 12 3 1
Drop 1 0 0
Drop 2 0 1
Drop 1 0 0
Tile:0 6 3 1
Tile:2 7 3 0
Tile:5_flip 11 7 1
Drop 1 0 0
Destroy 2 7 1
Drop 1 0 0
Map 12 3 1
Drop 1 0 0
Tile:7_flip 6 7 1
Drop 1 0 0
Malus 0 0 1
Drop 1 0 0
Drop 0 0 1
Drop 0 0 0
Drop 0 0 1
GAMEOVER DRAW
# Game ended: Sat Apr 11 20:08:55 EDT 2020
