# Server version 0.08 running on 192.168.2.10:8123
# Game ID: 125
# Board class: Saboteur.SaboteurBoard
# Timeout: 20000
# First Move Timeout: 30000
# Date: Sat Apr 11 14:25:48 EDT 2020
# Player 1: Player-0, 'RandomPlayer', running on 192.168.2.10
# Player 2: Player-1, '260738242', running on 192.168.2.10
START Player-0 RandomPlayer
START Player-1 260738242
BoardInit:Tile:9,Tile:0,Tile:6,Tile:8,Tile:8,Map,Tile:5,Map,Destroy,Tile:0,Bonus,Tile:10,Tile:5,Tile:3,Malus,Tile:2,Tile:13,Tile:9,Bonus,Destroy,Tile:7,Bonus,Tile:9,Tile:12,Tile:0,Tile:10,Tile:7,Map,Tile:6,Tile:6,Map,Tile:9,Tile:7,Tile:8,Tile:10,Tile:6,Tile:4,Tile:8,Tile:9,Bonus,Tile:11-Tile:5,Map,Tile:1,Tile:6,Tile:14,Tile:5,Tile:0-Malus,Tile:7,Map,Tile:7,Destroy,Tile:15,Tile:8-Tile:nugget,Tile:hidden2,Tile:hidden1
Map 12 3 1
Drop 2 0 0
Tile:1 6 5 1
Tile:7 5 4 0
Tile:14_flip 4 4 1
Tile:8 5 6 0
Tile:6_flip 6 6 1
Map 12 5 0
Tile:6 7 6 1
Drop 2 0 0
GAMEOVER ILLEGAL MOVE: Player 1, CardUsed: (Tile:Drop), PosOfUse: (0, 0) WINNER 0
# Game ended: Sat Apr 11 14:25:49 EDT 2020
