# Server version 0.08 running on 192.168.2.10:8123
# Game ID: 313
# Board class: Saboteur.SaboteurBoard
# Timeout: 20000
# First Move Timeout: 30000
# Date: Sat Apr 11 20:10:38 EDT 2020
# Player 1: Player-0, 'RandomPlayer', running on 192.168.2.10
# Player 2: Player-1, '260738242', running on 192.168.2.10
START Player-0 RandomPlayer
START Player-1 260738242
BoardInit:Tile:8,Tile:8,Tile:11,Tile:9,Tile:1,Tile:5,Bonus,Map,Tile:6,Tile:6,Tile:8,Tile:0,Tile:10,Tile:7,Tile:5,Tile:2,Tile:9,Tile:9,Tile:8,Map,Tile:9,Bonus,Tile:6,Map,Tile:5,Tile:0,Bonus,Tile:8,Destroy,Tile:10,Destroy,Malus,Tile:5,Tile:3,Map,Tile:6,Tile:10,Tile:7,Tile:7,Map,Map-Tile:0,Tile:6,Tile:12,Tile:7,Tile:9,Tile:4,Malus-Tile:13,Tile:0,Bonus,Tile:7,Destroy,Tile:15,Tile:14-Tile:hidden2,Tile:hidden1,Tile:nugget
Tile:7 6 5 1
Tile:0 4 5 0
Tile:6 6 6 1
Tile:13 5 4 0
Tile:9_flip 7 6 1
Tile:9_flip 5 3 0
Tile:12 6 4 1
Tile:15 7 5 0
Tile:4 5 2 1
Tile:5 7 4 0
Tile:6 8 4 1
Tile:14_flip 8 3 0
Tile:0 9 4 1
Tile:6 4 3 0
Tile:8 10 4 1
Tile:8 3 5 0
Tile:8 11 4 1
Tile:7 12 4 0
Tile:11 3 4 1
Destroy 8 4 0
Tile:1 2 5 1
Tile:2 11 3 0
Drop 1 0 1
Tile:9 10 5 0
Drop 1 0 1
Tile:0 9 3 0
Drop 1 0 1
Drop 3 0 0
Drop 1 0 1
Tile:7_flip 3 6 0
Drop 1 0 1
Map 12 3 0
Drop 1 0 1
Tile:8 10 3 0
Drop 1 0 1
Drop 4 0 0
Map 12 7 1
Tile:0 4 6 0
Drop 1 0 1
Tile:6 10 6 0
Tile:7 11 6 1
Tile:3_flip 9 6 0
Malus 0 0 1
Map 12 5 0
Drop 1 0 1
Drop 3 0 0
Drop 1 0 1
Malus 0 0 0
Bonus 0 0 1
Bonus 0 0 0
Drop 1 0 1
Map 12 7 0
Drop 1 0 1
Drop 0 0 0
Tile:5 3 3 1
GAMEOVER DRAW
# Game ended: Sat Apr 11 20:10:38 EDT 2020
