# Server version 0.08 running on 192.168.2.10:8123
# Game ID: 258
# Board class: Saboteur.SaboteurBoard
# Timeout: 20000
# First Move Timeout: 30000
# Date: Sat Apr 11 19:56:56 EDT 2020
# Player 1: Player-0, 'RandomPlayer', running on 192.168.2.10
# Player 2: Player-1, '260738242', running on 192.168.2.10
START Player-0 RandomPlayer
START Player-1 260738242
BoardInit:Tile:9,Map,Tile:6,Tile:6,Map,Tile:7,Tile:3,Bonus,Tile:10,Tile:0,Bonus,Map,Tile:9,Tile:5,Tile:7,Tile:7,Tile:5,Tile:8,Map,Destroy,Map,Tile:5,Tile:12,Tile:13,Tile:9,Tile:8,Tile:0,Map,Tile:11,Tile:1,Malus,Tile:5,Malus,Tile:9,Tile:2,Tile:6,Tile:6,Tile:0,Bonus,Tile:7,Destroy-Tile:9,Destroy,Tile:8,Tile:10,Tile:10,Tile:15,Bonus-Tile:0,Tile:8,Tile:7,Tile:4,Tile:6,Tile:8,Tile:14-Tile:nugget,Tile:hidden2,Tile:hidden1
Tile:9_flip 6 5 1
Tile:14 5 6 0
Tile:9 6 6 1
Tile:0 4 6 0
Tile:6 7 6 1
Tile:4 7 5 0
Map 12 5 1
Tile:6 8 6 0
Tile:8 9 6 1
Tile:7 10 6 0
Tile:15 5 4 1
Tile:6 6 7 0
Tile:3 5 3 1
Drop 4 0 0
Tile:9 10 7 1
Tile:7_flip 4 5 0
Drop 1 0 1
Tile:5 8 5 0
Tile:5_flip 11 7 1
Tile:0 7 7 0
Map 12 7 1
Tile:7_flip 10 8 0
Tile:10 11 6 1
Tile:8 11 5 0
Tile:12 8 7 1
Tile:13 9 5 0
Drop 1 0 1
Tile:8 13 5 0
Tile:0 11 8 1
Destroy 9 5 0
Tile:7 9 5 1
Map 12 3 0
Tile:11 3 6 1
Tile:5_flip 3 7 0
Drop 1 0 1
Tile:8 12 8 0
Tile:9 6 4 1
Tile:9 6 3 0
Tile:6 7 3 1
Tile:8 13 6 0
Tile:2 2 7 1
Map 12 3 0
Drop 1 0 1
Tile:5 12 4 0
Drop 1 0 1
Tile:6_flip 4 3 0
Drop 1 0 1
Tile:7 7 2 0
Drop 1 0 1
Map 12 3 0
Drop 1 0 1
Tile:1 5 7 0
Drop 1 0 1
Tile:0 7 4 0
GAMEOVER USER CANCEL UNDECIDED
# Game ended: Sat Apr 11 19:57:00 EDT 2020
