# Server version 0.08 running on 192.168.2.10:8123
# Game ID: 155
# Board class: Saboteur.SaboteurBoard
# Timeout: 20000
# First Move Timeout: 30000
# Date: Sat Apr 11 17:29:00 EDT 2020
# Player 1: Player-0, '260738242', running on 192.168.2.10
# Player 2: Player-1, 'RandomPlayer', running on 192.168.2.10
START Player-0 260738242
START Player-1 RandomPlayer
BoardInit:Tile:0,Bonus,Tile:6,Tile:10,Tile:5,Tile:14,Bonus,Tile:0,Destroy,Tile:4,Tile:6,Tile:3,Tile:8,Tile:7,Malus,Tile:12,Tile:10,Tile:5,Tile:8,Map,Bonus,Map,Tile:9,Tile:6,Tile:7,Tile:0,Tile:13,Tile:5,Tile:6,Tile:8,Destroy,Tile:9,Tile:1,Tile:9,Tile:10,Destroy,Tile:5,Map,Tile:8,Tile:2,Tile:6-Tile:7,Tile:7,Map,Tile:11,Tile:9,Tile:15,Map-Tile:7,Tile:9,Tile:8,Map,Bonus,Malus,Tile:0-Tile:nugget,Tile:hidden2,Tile:hidden1
Map 12 7 1
Map 12 3 0
Tile:9_flip 5 6 1
Tile:7_flip 5 7 0
Drop 2 0 1
Drop 2 0 0
Tile:7 6 7 1
Tile:14 6 5 0
Drop 0 0 1
Drop 2 0 0
Drop 2 0 1
Tile:4 5 4 0
Drop 6 0 1
Tile:3_flip 4 5 0
Tile:8 6 8 1
Tile:9_flip 7 8 0
Tile:15 4 4 1
Tile:12_flip 4 6 0
Tile:5 5 8 1
Tile:5 7 7 0
Tile:10 4 3 1
Map 12 3 0
Tile:6_flip 4 2 1
Map 12 3 0
Tile:8 7 9 1
Tile:6 8 7 0
Destroy 7 8 1
Drop 2 0 0
Tile:9 6 4 1
Drop 2 0 0
Tile:13 9 7 1
Tile:7 7 4 0
Tile:7 8 6 1
Tile:9 7 5 0
Destroy 4 3 1
Drop 2 0 0
Tile:1 8 5 1
Drop 2 0 0
Tile:5_flip 10 7 1
Map 12 3 0
Tile:6 9 8 1
Tile:5 10 6 0
Drop 0 0 1
Destroy 10 6 0
Tile:6_flip 10 6 1
Tile:2 5 2 0
Tile:10 6 3 1
Drop 2 0 0
Tile:8 7 8 1
Drop 2 0 0
Drop 0 0 1
GAMEOVER USER CANCEL UNDECIDED
# Game ended: Sat Apr 11 17:29:05 EDT 2020
