# Server version 0.08 running on 192.168.2.10:8123
# Game ID: 98
# Board class: Saboteur.SaboteurBoard
# Timeout: 20000
# First Move Timeout: 30000
# Date: Sat Apr 11 00:48:43 EDT 2020
# Player 1: Player-0, 'RandomPlayer', running on 192.168.2.10
# Player 2: Player-1, '260738242', running on 192.168.2.10
START Player-0 RandomPlayer
START Player-1 260738242
BoardInit:Destroy,Tile:9,Tile:15,Tile:1,Map,Map,Tile:2,Map,Tile:7,Destroy,Tile:10,Tile:11,Tile:7,Tile:6,Tile:8,Tile:14,Tile:8,Tile:9,Tile:0,Tile:5,Tile:5,Tile:8,Tile:9,Bonus,Tile:5,Tile:0,Tile:0,Tile:10,Tile:9,Bonus,Map,Tile:5,Map,Tile:13,Tile:8,Tile:7,Tile:7,Tile:10,Tile:6,Tile:6,Bonus-Tile:6,Tile:6,Tile:0,Malus,Bonus,Tile:12,Tile:8-Malus,Tile:9,Map,Tile:7,Tile:3,Tile:4,Destroy-Tile:hidden2,Tile:nugget,Tile:hidden1
Tile:6 5 6 1
Tile:9 5 4 0
Tile:6 6 4 1
Tile:7_flip 4 5 0
Tile:0 4 6 1
Destroy 5 6 0
Map 12 3 1
Tile:9_flip 5 3 0
Malus 0 0 1
Drop 1 0 0
Tile:7 7 4 1
Map 12 3 0
Tile:12_flip 3 6 1
Destroy 4 5 0
Tile:7_flip 7 5 1
Map 12 5 0
Tile:8 5 6 1
Drop 1 0 0
Destroy 3 6 1
Drop 3 0 0
Tile:15 5 2 1
Drop 2 0 0
Tile:5_flip 8 5 1
Drop 3 0 0
Tile:2 3 6 1
Drop 0 0 0
Tile:10 3 7 1
Drop 0 0 0
Tile:8 2 6 1
Drop 6 0 0
Tile:8 1 6 1
Drop 4 0 0
Map 12 3 1
Drop 4 0 0
Map 12 3 1
Drop 0 0 0
Tile:0 0 6 1
Drop 4 0 0
Tile:9 1 7 1
Drop 0 0 0
Tile:5 5 1 1
Drop 4 0 0
Tile:0 6 1 1
Bonus 0 0 0
Tile:9 1 8 1
Tile:10 6 3 0
Tile:8 1 9 1
Tile:5_flip 2 9 0
Tile:7 2 8 1
Tile:13 2 5 0
GAMEOVER USER CANCEL UNDECIDED
# Game ended: Sat Apr 11 00:48:47 EDT 2020
