# Server version 0.08 running on 192.168.2.10:8123
# Game ID: 221
# Board class: Saboteur.SaboteurBoard
# Timeout: 20000
# First Move Timeout: 30000
# Date: Sat Apr 11 19:45:34 EDT 2020
# Player 1: Player-0, 'RandomPlayer', running on 192.168.2.10
# Player 2: Player-1, '260738242', running on 192.168.2.10
START Player-0 RandomPlayer
START Player-1 260738242
BoardInit:Tile:9,Tile:0,Tile:7,Tile:8,Map,Tile:8,Tile:7,Destroy,Bonus,Map,Bonus,Destroy,Map,Tile:0,Tile:15,Destroy,Tile:8,Tile:14,Tile:9,Map,Tile:10,Tile:12,Tile:6,Tile:8,Tile:8,Tile:7,Tile:10,Tile:6,Malus,Tile:0,Tile:7,Tile:6,Tile:11,Tile:9,Tile:6,Map,Tile:5,Tile:1,Bonus,Tile:5,Tile:4-Tile:2,Tile:13,Tile:7,Tile:5,Tile:9,Tile:6,Tile:9-Malus,Map,Tile:0,Bonus,Tile:3,Tile:10,Tile:5-Tile:hidden1,Tile:nugget,Tile:hidden2
Tile:7 6 5 1
Tile:10 6 6 0
Tile:2 5 4 1
Map 12 3 0
Tile:13 4 4 1
Drop 4 0 0
Map 12 5 1
Tile:8 6 7 0
Tile:5_flip 7 7 1
Tile:0 3 4 0
Tile:9 7 6 1
Malus 0 0 0
Bonus 0 0 1
Destroy 5 4 0
Tile:6 8 6 1
Map 12 5 0
Tile:9_flip 9 6 1
Destroy 6 5 0
Tile:9 9 5 1
Destroy 7 6 0
Tile:8 10 5 1
Tile:14_flip 9 4 0
Tile:15 4 3 1
Tile:3_flip 6 8 0
Drop 2 0 1
Tile:8 4 5 0
Drop 2 0 1
Tile:7 7 8 0
Drop 2 0 1
Tile:12 11 5 0
Tile:7 6 5 1
Tile:6_flip 3 5 0
Drop 2 0 1
Tile:6 2 5 0
Tile:11 2 4 1
Tile:9_flip 5 6 0
Drop 2 0 1
Tile:8 2 3 0
Drop 2 0 1
Map 12 7 0
Drop 2 0 1
Tile:1 1 3 0
Tile:4 2 2 1
Tile:5_flip 7 9 0
Drop 2 0 1
Drop 3 0 0
Drop 2 0 1
Tile:0 6 9 0
Drop 2 0 1
Drop 2 0 0
Drop 2 0 1
Tile:0 5 9 0
GAMEOVER USER CANCEL UNDECIDED
# Game ended: Sat Apr 11 19:45:38 EDT 2020
