# Server version 0.08 running on 192.168.2.10:8123
# Game ID: 2
# Board class: Saboteur.SaboteurBoard
# Timeout: 20000
# First Move Timeout: 30000
# Date: Mon Apr 06 20:05:13 EDT 2020
# Player 1: Player-0, 'RandomPlayer', running on 192.168.2.10
# Player 2: Player-1, '260738242', running on 192.168.2.10
START Player-0 RandomPlayer
START Player-1 260738242
BoardInit:Tile:5,Bonus,Tile:8,Destroy,Tile:9,Destroy,Bonus,Tile:6,Tile:7,Tile:0,Tile:7,Tile:7,Map,Bonus,Tile:8,Tile:1,Tile:10,Tile:8,Destroy,Tile:9,Map,Tile:8,Tile:9,Tile:6,Tile:10,Map,Tile:0,Tile:5,Malus,Tile:5,Tile:13,Tile:0,Tile:3,Tile:6,Tile:15,Tile:5,Malus,Bonus,Tile:6,Tile:9,Tile:0-Map,Tile:10,Tile:6,Tile:11,Tile:8,Tile:9,Tile:4-Tile:7,Map,Tile:12,Tile:7,Map,Tile:14,Tile:2-Tile:nugget,Tile:hidden2,Tile:hidden1
Tile:11_flip 6 5 1
Tile:7 6 4 0
Tile:6_flip 5 4 1
Map 12 5 0
Tile:8 4 4 1
Destroy 4 4 0
Drop 2 0 1
Tile:2_flip 5 6 0
Tile:5_flip 6 6 1
Tile:14_flip 4 6 0
Drop 4 0 1
Drop 2 0 0
Drop 6 0 1
Tile:12_flip 4 4 0
Drop 3 0 1
Tile:7_flip 4 7 0
Map 12 7 1
Destroy 6 6 0
Drop 3 0 1
Tile:6 6 6 0
Map 12 3 1
Tile:7 5 7 0
Drop 5 0 1
Tile:9_flip 7 6 0
Tile:9 5 8 1
Tile:6_flip 6 8 0
Tile:10 5 9 1
Map 12 7 0
Tile:10 6 9 1
Tile:5 7 5 0
Tile:0 4 5 1
Drop 2 0 0
Tile:4_flip 5 10 1
Tile:0 8 5 0
Drop 3 0 1
Tile:8 9 5 0
Tile:8 10 5 1
Tile:0 11 5 0
Tile:13 7 7 1
Tile:5 3 5 0
Tile:3_flip 9 6 1
Tile:5_flip 10 6 0
Tile:15 6 10 1
Tile:6_flip 8 7 0
Drop 4 0 1
Tile:9_flip 9 4 0
Tile:0 9 7 1
Tile:8 7 8 0
Drop 3 0 1
Tile:1 10 7 0
Drop 1 0 1
Drop 0 0 0
Malus 0 0 1
Drop 0 0 0
Drop 0 0 1
GAMEOVER DRAW
# Game ended: Mon Apr 06 20:05:14 EDT 2020
