# Server version 0.08 running on 192.168.2.10:8123
# Game ID: 123
# Board class: Saboteur.SaboteurBoard
# Timeout: 20000
# First Move Timeout: 30000
# Date: Sat Apr 11 14:19:25 EDT 2020
# Player 1: Player-0, '260738242', running on 192.168.2.10
# Player 2: Player-1, 'RandomPlayer', running on 192.168.2.10
START Player-0 260738242
START Player-1 RandomPlayer
BoardInit:Tile:9,Tile:8,Tile:9,Bonus,Tile:5,Tile:8,Map,Tile:5,Tile:15,Map,Bonus,Tile:6,Tile:14,Tile:0,Tile:8,Bonus,Map,Tile:3,Tile:9,Destroy,Tile:11,Tile:2,Tile:1,Tile:8,Tile:7,Tile:6,Tile:7,Malus,Tile:8,Tile:10,Tile:0,Destroy,Tile:7,Tile:6,Tile:5,Map,Destroy,Tile:6,Tile:6,Tile:9,Tile:7-Tile:13,Tile:0,Tile:0,Tile:12,Tile:5,Malus,Bonus-Tile:9,Tile:4,Tile:10,Map,Tile:7,Tile:10,Map-Tile:hidden2,Tile:hidden1,Tile:nugget
Tile:12 6 5 1
Map 12 3 0
Drop 1 0 1
Map 12 3 0
Tile:9 4 5 1
Tile:9 4 4 0
Tile:9_flip 5 6 1
Tile:4 4 3 0
Drop 0 0 1
Tile:7_flip 4 6 0
Map 12 5 1
Map 12 3 0
Drop 6 0 1
Drop 0 0 0
Tile:14 5 7 1
Tile:5 4 7 0
Drop 5 0 1
Tile:10 4 8 0
Map 12 7 1
Tile:8 4 9 0
Drop 4 0 1
Tile:8 4 10 0
Tile:9_flip 4 11 1
Tile:6 3 9 0
Tile:5 3 11 1
Tile:0 3 10 0
Tile:0 2 9 1
Tile:3 3 8 0
Tile:8 5 10 1
Destroy 2 9 0
Malus 0 0 1
Bonus 0 0 0
Drop 6 0 1
Tile:2 2 8 0
Tile:7_flip 5 11 1
Tile:8 2 9 0
Tile:1 6 10 1
Map 12 3 0
Destroy 4 4 1
Tile:6 1 8 0
Tile:11_flip 4 12 1
Malus 0 0 0
Drop 5 0 1
Tile:10 1 7 0
Drop 4 0 1
Destroy 1 7 0
Drop 3 0 1
Tile:6 0 8 0
Drop 2 0 1
Tile:6 2 10 0
Drop 0 0 1
Tile:9 0 7 0
Drop 1 0 1
Drop 0 0 0
Drop 0 0 1
GAMEOVER DRAW
# Game ended: Sat Apr 11 14:19:25 EDT 2020
