# Server version 0.08 running on 192.168.2.10:8123
# Game ID: 270
# Board class: Saboteur.SaboteurBoard
# Timeout: 20000
# First Move Timeout: 30000
# Date: Sat Apr 11 19:58:52 EDT 2020
# Player 1: Player-0, 'RandomPlayer', running on 192.168.2.10
# Player 2: Player-1, '260738242', running on 192.168.2.10
START Player-0 RandomPlayer
START Player-1 260738242
BoardInit:Tile:8,Tile:7,Tile:9,Tile:14,Tile:7,Tile:0,Tile:9,Tile:13,Tile:3,Tile:15,Tile:6,Destroy,Bonus,Tile:6,Destroy,Tile:12,Tile:5,Bonus,Malus,Destroy,Map,Tile:1,Tile:10,Bonus,Tile:10,Tile:8,Map,Tile:5,Tile:6,Tile:11,Tile:0,Tile:2,Tile:4,Tile:8,Tile:7,Tile:8,Tile:0,Tile:5,Tile:0,Bonus,Tile:5-Tile:9,Map,Tile:10,Tile:9,Tile:7,Tile:6,Tile:6-Tile:7,Map,Malus,Map,Tile:8,Tile:9,Map-Tile:nugget,Tile:hidden2,Tile:hidden1
Map 12 7 1
Tile:9_flip 6 5 0
Tile:9 6 4 1
Tile:8 6 6 0
Tile:7 7 4 1
Drop 1 0 0
Tile:7_flip 7 5 1
Tile:7 5 4 0
Tile:9_flip 8 5 1
Tile:13 5 6 0
Tile:9 8 4 1
Tile:14_flip 4 6 0
Tile:6 9 4 1
Tile:7_flip 5 7 0
Tile:6 10 4 1
Map 12 5 0
Tile:9_flip 11 4 1
Destroy 6 6 0
Tile:3 6 7 1
Malus 0 0 0
Bonus 0 0 1
Map 12 7 0
Map 12 3 1
Tile:15 11 3 0
Destroy 6 5 1
Tile:6_flip 9 3 0
Drop 1 0 1
Tile:0 4 5 0
Drop 1 0 1
Tile:5_flip 6 6 0
Drop 1 0 1
Tile:11_flip 6 5 0
Drop 1 0 1
Tile:8 8 6 0
Tile:4 11 2 1
Tile:2_flip 4 4 0
Drop 1 0 1
Tile:12_flip 7 6 0
Drop 1 0 1
Tile:8 11 5 0
Drop 1 0 1
Destroy 6 5 0
Drop 1 0 1
Tile:8 3 5 0
Drop 1 0 1
Tile:1 2 5 0
Drop 1 0 1
Tile:5_flip 6 8 0
Drop 1 0 1
Drop 2 0 0
Drop 1 0 1
Drop 0 0 0
Drop 1 0 1
Drop 0 0 0
GAMEOVER USER CANCEL UNDECIDED
# Game ended: Sat Apr 11 19:59:01 EDT 2020
