# Server version 0.08 running on 192.168.2.10:8123
# Game ID: 88
# Board class: Saboteur.SaboteurBoard
# Timeout: 20000
# First Move Timeout: 30000
# Date: Sat Apr 11 00:45:03 EDT 2020
# Player 1: Player-0, '260738242', running on 192.168.2.10
# Player 2: Player-1, 'RandomPlayer', running on 192.168.2.10
START Player-0 260738242
START Player-1 RandomPlayer
BoardInit:Tile:7,Tile:0,Tile:0,Tile:1,Tile:14,Tile:6,Tile:5,Tile:12,Tile:7,Bonus,Tile:10,Tile:9,Bonus,Tile:10,Bonus,Tile:6,Map,Tile:2,Tile:7,Tile:8,Tile:0,Tile:5,Tile:6,Map,Tile:6,Tile:8,Destroy,Map,Malus,Malus,Tile:3,Bonus,Tile:7,Tile:15,Destroy,Tile:9,Tile:7,Map,Tile:8,Tile:10,Map-Tile:13,Tile:8,Tile:4,Tile:11,Tile:6,Map,Tile:9-Destroy,Tile:8,Tile:9,Tile:0,Tile:9,Tile:5,Tile:5-Tile:hidden1,Tile:nugget,Tile:hidden2
Tile:9 5 6 1
Tile:5_flip 6 6 0
Tile:4 5 4 1
Tile:9_flip 6 5 0
Tile:7_flip 4 5 1
Destroy 5 4 0
Drop 2 0 1
Tile:8 4 4 0
Map 12 3 1
Tile:0 3 4 0
Drop 0 0 1
Tile:9 2 4 0
Tile:14_flip 6 4 1
Tile:5 2 3 0
Tile:7 5 4 1
Tile:0 3 3 0
Tile:6_flip 4 3 1
Tile:6 2 5 0
Tile:8 1 5 1
Tile:12 3 5 0
Tile:10 1 4 1
GAMEOVER USER CANCEL UNDECIDED
# Game ended: Sat Apr 11 00:45:44 EDT 2020
