# Server version 0.08 running on 192.168.2.10:8123
# Game ID: 80
# Board class: Saboteur.SaboteurBoard
# Timeout: 20000
# First Move Timeout: 30000
# Date: Sat Apr 11 00:34:22 EDT 2020
# Player 1: Player-0, '260738242', running on 192.168.2.10
# Player 2: Player-1, 'Human', running on 192.168.2.10
START Player-0 260738242
START Player-1 Human
BoardInit:Tile:10,Tile:7,Tile:0,Tile:6,Tile:10,Tile:9,Tile:1,Tile:8,Malus,Tile:7,Tile:6,Tile:14,Tile:8,Tile:5,Bonus,Bonus,Tile:2,Map,Map,Tile:7,Tile:5,Bonus,Tile:6,Tile:3,Destroy,Map,Tile:7,Tile:15,Map,Tile:8,Tile:8,Tile:13,Tile:5,Tile:8,Tile:6,Destroy,Tile:7,Destroy,Tile:11,Tile:10,Tile:6-Tile:5,Malus,Tile:0,Tile:9,Tile:9,Tile:9,Tile:12-Bonus,Tile:4,Tile:0,Tile:0,Tile:9,Map,Map-Tile:hidden1,Tile:hidden2,Tile:nugget
Tile:0 6 5 1
Map 12 3 0
Tile:9 5 4 1
Map 12 3 0
Tile:9 5 6 1
Tile:7 7 5 0
Tile:9 7 6 1
Tile:9_flip 8 6 0
Tile:5 8 5 1
Tile:6 9 5 0
Tile:0 10 5 1
Tile:7 11 5 0
Tile:6 11 6 1
Tile:8 8 7 0
GAMEOVER USER CANCEL UNDECIDED
# Game ended: Sat Apr 11 00:35:51 EDT 2020
