# Server version 0.08 running on 192.168.2.10:8123
# Game ID: 246
# Board class: Saboteur.SaboteurBoard
# Timeout: 20000
# First Move Timeout: 30000
# Date: Sat Apr 11 19:53:56 EDT 2020
# Player 1: Player-0, 'RandomPlayer', running on 192.168.2.10
# Player 2: Player-1, '260738242', running on 192.168.2.10
START Player-0 RandomPlayer
START Player-1 260738242
BoardInit:Tile:6,Tile:6,Destroy,Map,Tile:10,Tile:10,Tile:6,Tile:0,Tile:9,Tile:3,Bonus,Tile:5,Tile:13,Tile:9,Tile:9,Destroy,Tile:6,Malus,Tile:9,Tile:8,Bonus,Tile:12,Tile:1,Tile:7,Tile:11,Tile:5,Tile:6,Tile:0,Map,Tile:8,Bonus,Tile:0,Map,Tile:5,Tile:0,Tile:7,Tile:15,Tile:8,Map,Tile:2,Tile:9-Tile:10,Tile:8,Tile:4,Tile:7,Tile:8,Malus,Map-Tile:14,Bonus,Destroy,Tile:7,Tile:5,Tile:7,Map-Tile:nugget,Tile:hidden1,Tile:hidden2
Map 12 5 1
Tile:14_flip 5 4 0
Tile:7 6 5 1
Destroy 6 5 0
Tile:6 6 5 1
Tile:7 7 5 0
Tile:10 7 6 1
Tile:6_flip 6 4 0
Tile:6 7 4 1
Map 12 7 0
Tile:9_flip 8 4 1
Tile:3_flip 5 6 0
Tile:10 8 5 1
Drop 6 0 0
Tile:4 7 3 1
Drop 3 0 0
Tile:9 8 6 1
Tile:0 4 5 0
Tile:6 9 6 1
Drop 1 0 0
Tile:9_flip 10 6 1
Destroy 5 4 0
Tile:8 10 7 1
Tile:9 7 7 0
Tile:13 3 5 1
Tile:8 5 4 0
Tile:1 2 5 1
Drop 3 0 0
Tile:11 1 5 1
Tile:5_flip 11 7 0
Map 12 7 1
Tile:10 11 6 0
Drop 1 0 1
Tile:8 3 6 0
Drop 1 0 1
Tile:7 4 6 0
Drop 1 0 1
Tile:5 11 5 0
Tile:15 1 4 1
Tile:7 12 4 0
Drop 1 0 1
Tile:2 9 7 0
Drop 1 0 1
Tile:0 4 4 0
Drop 1 0 1
Tile:8 8 7 0
Drop 1 0 1
Tile:12 6 6 0
Drop 1 0 1
Tile:7_flip 7 8 0
Drop 1 0 1
Drop 0 0 0
Drop 1 0 1
Tile:0 11 4 0
GAMEOVER USER CANCEL UNDECIDED
# Game ended: Sat Apr 11 19:54:22 EDT 2020
