# Server version 0.08 running on 192.168.2.10:8123
# Game ID: 174
# Board class: Saboteur.SaboteurBoard
# Timeout: 20000
# First Move Timeout: 30000
# Date: Sat Apr 11 18:44:35 EDT 2020
# Player 1: Player-0, '260738242', running on 192.168.2.10
# Player 2: Player-1, 'Human', running on 192.168.2.10
START Player-0 260738242
START Player-1 Human
BoardInit:Malus,Tile:14,Tile:7,Tile:0,Tile:1,Map,Destroy,Tile:5,Tile:10,Destroy,Tile:2,Map,Tile:6,Tile:8,Tile:8,Malus,Tile:6,Bonus,Tile:3,Tile:7,Tile:11,Tile:5,Tile:6,Tile:8,Tile:9,Bonus,Tile:5,Tile:7,Tile:0,Map,Tile:8,Map,Tile:8,Tile:15,Tile:7,Tile:10,Tile:7,Tile:5,Tile:13,Tile:6,Tile:12-Destroy,Bonus,Tile:0,Tile:4,Bonus,Tile:9,Tile:9-Tile:9,Tile:10,Tile:9,Tile:0,Map,Map,Tile:6-Tile:hidden2,Tile:nugget,Tile:hidden1
Tile:0 6 5 1
Map 12 3 0
Tile:9 5 6 1
Map 12 3 0
Tile:9 5 4 1
Tile:6 7 5 0
Tile:7 8 5 1
Map 12 3 0
Tile:4 7 4 1
Tile:9 8 6 0
Malus 0 0 1
Drop 2 0 0
Tile:2 5 3 1
Map 12 3 0
Tile:6 9 6 1
Drop 2 0 0
Tile:8 10 6 1
Malus 0 0 0
GAMEOVER USER CANCEL UNDECIDED
# Game ended: Sat Apr 11 18:45:23 EDT 2020
