# Server version 0.08 running on 192.168.2.10:8123
# Game ID: 59
# Board class: Saboteur.SaboteurBoard
# Timeout: 20000
# First Move Timeout: 30000
# Date: Fri Apr 10 19:44:35 EDT 2020
# Player 1: Player-0, 'RandomPlayer', running on 192.168.2.10
# Player 2: Player-1, '260738242', running on 192.168.2.10
START Player-0 RandomPlayer
START Player-1 260738242
BoardInit:Tile:5,Tile:7,Tile:6,Map,Tile:15,Tile:0,Tile:9,Malus,Tile:10,Bonus,Tile:6,Tile:0,Tile:10,Tile:12,Tile:5,Destroy,Tile:0,Tile:5,Tile:3,Tile:9,Tile:0,Tile:9,Tile:6,Tile:6,Tile:1,Tile:7,Map,Tile:8,Bonus,Tile:6,Tile:7,Destroy,Tile:5,Tile:11,Bonus,Tile:13,Destroy,Map,Tile:8,Tile:14,Tile:7-Tile:8,Tile:9,Tile:4,Tile:10,Tile:2,Malus,Tile:9-Tile:8,Bonus,Map,Map,Tile:7,Tile:8,Map-Tile:hidden1,Tile:nugget,Tile:hidden2
Tile:8 5 4 1
Tile:8 6 5 0
Tile:9 4 4 1
Map 12 5 0
Tile:6 7 5 1
Tile:7 7 4 0
Tile:4 4 3 1
Map 12 5 0
Tile:10 6 6 1
Map 12 3 0
Tile:2 6 4 1
Tile:7 8 5 0
Malus 0 0 1
Drop 5 0 0
Tile:9 4 5 1
Malus 0 0 0
Drop 0 0 1
Destroy 4 4 0
Drop 0 0 1
Map 12 7 0
Drop 0 0 1
Drop 2 0 0
Drop 0 0 1
Drop 3 0 0
Drop 0 0 1
Drop 5 0 0
Drop 0 0 1
Drop 0 0 0
Map 12 3 1
Drop 5 0 0
Bonus 0 0 1
Drop 0 0 0
Tile:5_flip 4 6 1
Destroy 8 5 0
Tile:0 8 5 1
Drop 3 0 0
Tile:0 9 5 1
Drop 3 0 0
Tile:6 10 5 1
Map 12 5 0
Tile:8 11 5 1
GAMEOVER WINNER 1
# Game ended: Fri Apr 10 19:44:35 EDT 2020
