# Server version 0.08 running on 192.168.2.10:8123
# Game ID: 325
# Board class: Saboteur.SaboteurBoard
# Timeout: 20000
# First Move Timeout: 30000
# Date: Sat Apr 11 20:16:38 EDT 2020
# Player 1: Player-0, 'RandomPlayer', running on 192.168.2.10
# Player 2: Player-1, '260738242', running on 192.168.2.10
START Player-0 RandomPlayer
START Player-1 260738242
BoardInit:Tile:14,Tile:5,Tile:6,Tile:5,Tile:6,Map,Tile:8,Tile:10,Tile:3,Tile:8,Map,Tile:13,Bonus,Tile:8,Tile:1,Tile:4,Map,Tile:7,Destroy,Malus,Tile:9,Bonus,Tile:0,Tile:5,Tile:7,Tile:9,Tile:11,Tile:0,Map,Bonus,Tile:8,Tile:6,Tile:7,Tile:6,Map,Bonus,Tile:12,Tile:0,Tile:8,Map,Destroy-Tile:2,Tile:15,Malus,Tile:7,Tile:10,Tile:0,Destroy-Tile:7,Tile:5,Tile:9,Tile:10,Tile:9,Tile:6,Tile:9-Tile:nugget,Tile:hidden1,Tile:hidden2
Malus 0 0 1
Drop 3 0 0
Tile:2 6 5 1
Drop 1 0 0
Tile:15 5 6 1
Drop 4 0 0
Tile:14 5 7 1
Map 12 5 0
Drop 1 0 1
Drop 1 0 0
Tile:3 7 5 1
Drop 4 0 0
Map 12 5 1
Drop 0 0 0
Drop 1 0 1
Drop 0 0 0
Tile:1 4 5 1
Drop 5 0 0
Map 12 7 1
Drop 3 0 0
Drop 1 0 1
Drop 2 0 0
Drop 1 0 1
Drop 5 0 0
Drop 1 0 1
Drop 5 0 0
Drop 1 0 1
Drop 0 0 0
Tile:11 3 5 1
Drop 5 0 0
Drop 1 0 1
Drop 1 0 0
Drop 1 0 1
Drop 4 0 0
Drop 1 0 1
Drop 0 0 0
Drop 1 0 1
Drop 3 0 0
Tile:12_flip 4 7 1
Drop 0 0 0
Drop 1 0 1
Drop 2 0 0
Drop 1 0 1
Drop 3 0 0
Drop 1 0 1
Drop 2 0 0
Drop 1 0 1
Drop 3 0 0
Drop 1 0 1
Drop 2 0 0
Drop 1 0 1
Drop 0 0 0
Drop 1 0 1
Drop 0 0 0
Drop 0 0 1
GAMEOVER DRAW
# Game ended: Sat Apr 11 20:16:39 EDT 2020
