# Server version 0.08 running on 192.168.2.10:8123
# Game ID: 326
# Board class: Saboteur.SaboteurBoard
# Timeout: 20000
# First Move Timeout: 30000
# Date: Sat Apr 11 20:21:49 EDT 2020
# Player 1: Player-0, 'RandomPlayer', running on 192.168.2.10
# Player 2: Player-1, '260738242', running on 192.168.2.10
START Player-0 RandomPlayer
START Player-1 260738242
BoardInit:Tile:7,Destroy,Bonus,Tile:15,Tile:9,Tile:14,Tile:6,Tile:3,Tile:6,Map,Tile:9,Tile:0,Tile:7,Tile:9,Tile:8,Tile:10,Tile:7,Tile:9,Tile:8,Malus,Bonus,Tile:9,Tile:0,Bonus,Destroy,Tile:0,Tile:13,Tile:8,Map,Map,Tile:0,Tile:5,Tile:7,Tile:8,Map,Tile:10,Tile:5,Destroy,Tile:6,Bonus,Tile:6-Tile:6,Tile:1,Tile:4,Tile:10,Malus,Map,Tile:7-Tile:5,Tile:5,Tile:8,Tile:11,Map,Tile:12,Tile:2-Tile:hidden1,Tile:hidden2,Tile:nugget
Map 12 7 1
Tile:11_flip 5 6 0
Tile:7 6 5 1
Tile:8 5 7 0
Tile:7_flip 6 6 1
Tile:5 4 5 0
Tile:6 7 6 1
Drop 6 0 0
Tile:9_flip 8 6 1
Map 12 3 0
Tile:6 8 7 1
Tile:2_flip 4 6 0
Tile:6 9 7 1
Tile:12 6 7 0
Malus 0 0 1
Destroy 7 6 0
