# Server version 0.08 running on 192.168.2.10:8123
# Game ID: 43
# Board class: Saboteur.SaboteurBoard
# Timeout: 20000
# First Move Timeout: 30000
# Date: Fri Apr 10 19:27:54 EDT 2020
# Player 1: Player-0, '260738242', running on 192.168.2.10
# Player 2: Player-1, 'Human', running on 192.168.2.10
START Player-0 260738242
START Player-1 Human
BoardInit:Tile:15,Tile:9,Bonus,Tile:0,Destroy,Tile:10,Tile:8,Tile:5,Tile:10,Tile:5,Tile:6,Tile:7,Map,Tile:8,Tile:11,Map,Map,Tile:9,Tile:9,Tile:7,Tile:7,Tile:0,Tile:6,Bonus,Bonus,Tile:5,Tile:3,Tile:13,Tile:8,Tile:1,Tile:5,Tile:0,Tile:7,Malus,Tile:8,Tile:6,Tile:8,Map,Tile:10,Map,Tile:2-Tile:14,Map,Malus,Destroy,Tile:0,Destroy,Tile:6-Tile:9,Tile:9,Tile:6,Tile:4,Tile:7,Bonus,Tile:12-Tile:hidden2,Tile:hidden1,Tile:nugget
Tile:6 6 5 1
Tile:9 4 5 0
Tile:0 7 5 1
Tile:6 8 5 0
Tile:14 4 6 1
Tile:7_flip 5 6 0
Destroy 6 5 1
Drop 2 0 0
Tile:8 9 5 1
Drop 1 0 0
Tile:10 9 6 1
Drop 5 0 0
Tile:6 10 5 1
Tile:12 6 6 0
Map 12 5 1
Tile:9_flip 10 4 0
Map 12 7 1
Map 12 3 0
Map 12 3 1
Tile:7 5 4 0
Tile:9 10 3 1
Tile:9_flip 9 7 0
Tile:7 10 2 1
Tile:7 11 3 0
Tile:15 9 8 1
Tile:0 6 5 0
Malus 0 0 1
Drop 4 0 0
Tile:6 8 7 1
Drop 1 0 0
Tile:8 11 5 1
Bonus 0 0 0
Tile:5 4 4 1
Tile:8 9 4 0
Tile:7 9 3 1
Tile:13 8 4 0
Tile:8 12 6 1
GAMEOVER WINNER 1
# Game ended: Fri Apr 10 19:31:19 EDT 2020
