# Server version 0.08 running on 192.168.2.10:8123
# Game ID: 111
# Board class: Saboteur.SaboteurBoard
# Timeout: 20000
# First Move Timeout: 30000
# Date: Sat Apr 11 00:50:27 EDT 2020
# Player 1: Player-0, '260738242', running on 192.168.2.10
# Player 2: Player-1, 'RandomPlayer', running on 192.168.2.10
START Player-0 260738242
START Player-1 RandomPlayer
BoardInit:Tile:10,Tile:12,Map,Tile:7,Tile:9,Map,Map,Tile:10,Tile:8,Tile:6,Tile:8,Tile:8,Malus,Tile:6,Tile:7,Tile:5,Bonus,Tile:0,Tile:5,Tile:11,Malus,Tile:5,Tile:1,Tile:9,Bonus,Tile:2,Map,Tile:6,Tile:6,Destroy,Tile:14,Tile:9,Tile:3,Destroy,Tile:9,Tile:0,Tile:10,Tile:7,Destroy,Bonus,Tile:13-Tile:0,Tile:7,Tile:8,Tile:15,Tile:9,Bonus,Tile:4-Map,Tile:0,Tile:8,Map,Tile:7,Tile:5,Tile:6-Tile:hidden2,Tile:hidden1,Tile:nugget
Tile:8 5 6 1
Map 12 3 0
Tile:9_flip 6 5 1
Map 12 3 0
Tile:15 5 4 1
Tile:5_flip 6 6 0
Tile:9 6 4 1
Map 12 3 0
Map 12 3 1
Tile:0 4 5 0
Drop 1 0 1
Tile:8 3 5 0
Tile:10 6 3 1
Tile:7 3 4 0
Tile:8 2 4 1
Tile:6 2 5 0
Drop 1 0 1
Tile:6_flip 6 2 0
Drop 1 0 1
Tile:8 7 2 0
Tile:8 8 2 1
Tile:10 5 7 0
Tile:5_flip 3 6 1
