# Server version 0.08 running on 192.168.2.10:8123
# Game ID: 100
# Board class: Saboteur.SaboteurBoard
# Timeout: 20000
# First Move Timeout: 30000
# Date: Sat Apr 11 00:49:00 EDT 2020
# Player 1: Player-0, '260738242', running on 192.168.2.10
# Player 2: Player-1, 'RandomPlayer', running on 192.168.2.10
START Player-0 260738242
START Player-1 RandomPlayer
BoardInit:Map,Tile:10,Map,Tile:9,Destroy,Bonus,Tile:0,Destroy,Map,Tile:8,Tile:8,Tile:9,Tile:6,Malus,Tile:5,Tile:7,Tile:12,Tile:6,Tile:9,Tile:10,Bonus,Tile:1,Tile:7,Map,Tile:6,Tile:5,Tile:15,Tile:9,Tile:5,Tile:9,Tile:6,Tile:8,Tile:7,Map,Tile:11,Malus,Map,Tile:0,Tile:3,Tile:14,Tile:2-Tile:7,Tile:5,Bonus,Bonus,Tile:7,Tile:0,Tile:0-Tile:4,Tile:8,Tile:13,Tile:8,Destroy,Tile:10,Tile:6-Tile:hidden1,Tile:hidden2,Tile:nugget
Tile:7_flip 4 5 1
Tile:4 4 4 0
Tile:5 5 4 1
Tile:6 6 4 0
Map 12 3 1
Tile:9_flip 7 4 0
Drop 3 0 1
Tile:8 5 6 0
Tile:7 6 3 1
Tile:13 5 7 0
Map 12 3 1
Tile:8 6 6 0
Destroy 5 6 1
Tile:9 7 5 0
Drop 2 0 1
Destroy 4 4 0
Map 12 3 1
Tile:7 8 5 0
Tile:8 5 6 1
Tile:10 4 4 0
Tile:12_flip 4 6 1
Tile:10 4 3 0
Tile:6 7 6 1
Destroy 4 3 0
Tile:0 4 7 1
Map 12 3 0
Tile:5 4 3 1
Tile:8 3 7 0
Tile:9 7 3 1
Malus 0 0 0
Bonus 0 0 1
Tile:6 3 8 0
Tile:6 2 7 1
Tile:10 2 6 0
Tile:15 3 6 1
Map 12 3 0
Tile:6_flip 4 8 1
Tile:1 2 8 0
Tile:7 6 5 1
Tile:5 1 7 0
Tile:5_flip 5 8 1
Tile:9 1 8 0
Tile:3 2 5 1
Tile:9 1 9 0
Drop 4 0 1
Tile:8 1 10 0
Drop 3 0 1
Malus 0 0 0
Drop 0 0 1
Tile:0 2 9 0
Drop 0 0 1
Tile:14 1 11 0
Drop 1 0 1
Drop 0 0 0
Drop 0 0 1
GAMEOVER DRAW
# Game ended: Sat Apr 11 00:49:00 EDT 2020
