# Server version 0.08 running on 192.168.2.10:8123
# Game ID: 176
# Board class: Saboteur.SaboteurBoard
# Timeout: 20000
# First Move Timeout: 30000
# Date: Sat Apr 11 18:46:57 EDT 2020
# Player 1: Player-0, '260738242', running on 192.168.2.10
# Player 2: Player-1, '260738242', running on 192.168.2.10
START Player-0 260738242
START Player-1 260738242
BoardInit:Bonus,Malus,Tile:7,Bonus,Tile:14,Tile:6,Tile:7,Tile:5,Tile:7,Tile:9,Tile:7,Map,Tile:6,Tile:8,Tile:2,Tile:9,Bonus,Tile:5,Tile:10,Destroy,Tile:8,Tile:3,Tile:0,Tile:12,Tile:10,Tile:6,Map,Tile:8,Tile:11,Destroy,Map,Tile:5,Tile:5,Tile:0,Map,Tile:9,Tile:1,Destroy,Malus,Bonus,Map-Tile:15,Tile:6,Tile:6,Tile:0,Tile:9,Tile:8,Tile:10-Tile:8,Tile:13,Tile:0,Tile:7,Tile:9,Tile:4,Map-Tile:nugget,Tile:hidden1,Tile:hidden2
Tile:15 5 4 1
Map 12 3 0
Drop 2 0 1
Tile:13 5 3 0
Drop 2 0 1
Tile:4 5 2 0
Tile:14 6 3 1
Drop 2 0 0
Drop 2 0 1
Drop 2 0 0
Drop 2 0 1
Drop 2 0 0
Drop 2 0 1
Map 12 3 0
Drop 2 0 1
Drop 2 0 0
Tile:2 4 3 1
Drop 2 0 0
Drop 2 0 1
Drop 2 0 0
Drop 2 0 1
Drop 2 0 0
Drop 2 0 1
Tile:3 6 5 0
Drop 2 0 1
Tile:12_flip 3 3 0
Drop 2 0 1
Drop 2 0 0
Map 12 3 1
Drop 2 0 0
Tile:11 6 2 1
Drop 2 0 0
Map 12 3 1
Drop 2 0 0
Drop 2 0 1
Drop 2 0 0
Map 12 3 1
Drop 2 0 0
Tile:1 4 5 1
Drop 2 0 0
Drop 2 0 1
Drop 2 0 0
Map 12 3 1
Drop 2 0 0
Drop 2 0 1
Drop 2 0 0
Drop 2 0 1
Drop 2 0 0
Drop 2 0 1
Drop 2 0 0
Drop 2 0 1
GAMEOVER USER CANCEL UNDECIDED
# Game ended: Sat Apr 11 18:47:02 EDT 2020
