# Server version 0.08 running on 192.168.2.10:8123
# Game ID: 91
# Board class: Saboteur.SaboteurBoard
# Timeout: 20000
# First Move Timeout: 30000
# Date: Sat Apr 11 00:46:08 EDT 2020
# Player 1: Player-0, 'RandomPlayer', running on 192.168.2.10
# Player 2: Player-1, '260738242', running on 192.168.2.10
START Player-0 RandomPlayer
START Player-1 260738242
BoardInit:Tile:8,Bonus,Tile:10,Destroy,Destroy,Tile:0,Tile:7,Tile:2,Tile:14,Tile:1,Tile:9,Bonus,Tile:0,Map,Destroy,Tile:9,Malus,Map,Tile:9,Tile:15,Tile:8,Tile:5,Tile:6,Map,Tile:10,Tile:6,Map,Map,Tile:6,Tile:12,Tile:8,Tile:7,Bonus,Tile:4,Tile:8,Tile:5,Tile:9,Tile:3,Tile:10,Bonus,Tile:9-Tile:7,Tile:5,Map,Tile:0,Tile:8,Tile:0,Tile:7-Malus,Tile:6,Tile:13,Tile:5,Tile:7,Tile:6,Tile:11-Tile:hidden1,Tile:hidden2,Tile:nugget
Map 12 3 1
Tile:11 5 6 0
Tile:7 5 4 1
Tile:6 6 6 0
Tile:5 4 4 1
Tile:13 6 5 0
Tile:0 7 6 1
Drop 2 0 0
Tile:8 8 6 1
Tile:2_flip 8 7 0
Tile:0 7 7 1
Drop 1 0 0
Tile:7 9 6 1
Tile:6 7 5 0
Tile:8 7 4 1
Tile:0 6 7 0
Tile:10 7 3 1
Tile:9_flip 9 7 0
Destroy 4 4 1
Destroy 7 6 0
Tile:7 7 2 1
Tile:1 7 6 0
Tile:14 8 4 1
Drop 1 0 0
Tile:9 6 4 1
Tile:15 6 3 0
Tile:0 4 4 1
Map 12 5 0
Map 12 3 1
Map 12 5 0
Destroy 4 4 1
Malus 0 0 0
Malus 0 0 1
Map 12 7 0
Bonus 0 0 1
Drop 4 0 0
Tile:9 4 4 1
Map 12 7 0
Tile:8 4 3 1
Drop 0 0 0
Tile:6 3 3 1
Drop 4 0 0
Tile:10 3 2 1
Bonus 0 0 0
Tile:6 2 3 1
Drop 1 0 0
Tile:8 1 3 1
Tile:5 6 2 0
Tile:8 1 2 1
Tile:4 4 2 0
Tile:9 1 1 1
Tile:3 2 1 0
Tile:10 1 0 1
Tile:7_flip 0 2 0
Tile:9 1 4 1
GAMEOVER DRAW
# Game ended: Sat Apr 11 00:46:08 EDT 2020
