# Server version 0.08 running on 192.168.2.10:8123
# Game ID: 229
# Board class: Saboteur.SaboteurBoard
# Timeout: 20000
# First Move Timeout: 30000
# Date: Sat Apr 11 19:46:54 EDT 2020
# Player 1: Player-0, 'RandomPlayer', running on 192.168.2.10
# Player 2: Player-1, '260738242', running on 192.168.2.10
START Player-0 RandomPlayer
START Player-1 260738242
BoardInit:Tile:7,Tile:9,Destroy,Tile:5,Tile:9,Map,Bonus,Bonus,Map,Tile:0,Bonus,Tile:8,Tile:9,Tile:10,Tile:8,Tile:14,Tile:15,Tile:10,Tile:8,Tile:5,Map,Map,Malus,Tile:10,Tile:6,Tile:11,Tile:7,Tile:4,Tile:6,Tile:6,Destroy,Tile:2,Tile:3,Tile:7,Tile:9,Tile:13,Map,Tile:9,Bonus,Tile:6,Tile:7-Tile:0,Tile:6,Tile:7,Tile:5,Tile:1,Malus,Tile:8-Tile:5,Tile:8,Tile:0,Destroy,Map,Tile:0,Tile:12-Tile:hidden1,Tile:nugget,Tile:hidden2
Tile:7 6 5 1
Tile:0 4 5 0
Tile:7_flip 6 6 1
Tile:12_flip 3 5 0
Tile:5_flip 7 6 1
Tile:5 7 5 0
Tile:6 8 5 1
Tile:5_flip 9 5 0
Tile:9 9 4 1
Tile:8 9 3 0
Map 12 7 1
Tile:9_flip 10 3 0
Tile:8 10 4 1
Map 12 3 0
Tile:9_flip 11 4 1
Tile:8 11 5 0
GAMEOVER WINNER 0
# Game ended: Sat Apr 11 19:46:54 EDT 2020
