# Server version 0.08 running on 192.168.2.10:8123
# Game ID: 102
# Board class: Saboteur.SaboteurBoard
# Timeout: 20000
# First Move Timeout: 30000
# Date: Sat Apr 11 00:49:14 EDT 2020
# Player 1: Player-0, '260738242', running on 192.168.2.10
# Player 2: Player-1, 'RandomPlayer', running on 192.168.2.10
START Player-0 260738242
START Player-1 RandomPlayer
BoardInit:Map,Tile:1,Bonus,Tile:9,Map,Destroy,Tile:11,Tile:6,Tile:10,Tile:6,Tile:0,Tile:8,Tile:10,Map,Tile:0,Bonus,Tile:12,Tile:9,Tile:6,Tile:4,Map,Tile:5,Tile:0,Tile:10,Tile:0,Tile:14,Tile:7,Destroy,Tile:9,Tile:7,Tile:5,Malus,Tile:6,Tile:13,Bonus,Tile:8,Tile:9,Tile:5,Tile:7,Destroy,Tile:8-Tile:8,Tile:8,Tile:5,Map,Tile:7,Malus,Tile:6-Map,Bonus,Tile:15,Tile:7,Tile:3,Tile:9,Tile:2-Tile:hidden2,Tile:nugget,Tile:hidden1
Malus 0 0 1
Map 12 3 0
Tile:7 5 4 1
Bonus 0 0 0
Tile:6_flip 4 5 1
Tile:15 4 6 0
Drop 3 0 1
Tile:7_flip 4 4 0
Tile:8 4 7 1
Tile:3 4 3 0
Map 12 7 1
Tile:9 3 3 0
Tile:10 3 2 1
Tile:2 3 1 0
Tile:0 3 7 1
Map 12 3 0
Drop 5 0 1
Tile:1 4 1 0
Tile:11_flip 5 1 1
Tile:9 2 1 0
Tile:8 3 5 1
Destroy 2 1 0
Tile:6_flip 5 7 1
Tile:6 2 1 0
Tile:5_flip 3 6 1
Tile:6 1 1 0
Map 12 5 1
Tile:8 1 0 0
Drop 2 0 1
Tile:9 0 0 0
Tile:9_flip 6 7 1
Tile:4 6 6 0
Tile:7 2 0 1
GAMEOVER USER CANCEL UNDECIDED
# Game ended: Sat Apr 11 00:49:18 EDT 2020
