# Server version 0.08 running on 192.168.2.10:8123
# Game ID: 145
# Board class: Saboteur.SaboteurBoard
# Timeout: 20000
# First Move Timeout: 30000
# Date: Sat Apr 11 17:17:22 EDT 2020
# Player 1: Player-0, '260738242', running on 192.168.2.10
# Player 2: Player-1, 'Human', running on 192.168.2.10
START Player-0 260738242
START Player-1 Human
BoardInit:Tile:9,Tile:5,Tile:1,Tile:4,Malus,Tile:9,Tile:8,Tile:8,Bonus,Tile:0,Tile:6,Tile:6,Map,Tile:0,Tile:5,Tile:15,Tile:0,Tile:9,Tile:6,Map,Malus,Tile:12,Tile:8,Tile:7,Destroy,Tile:6,Tile:7,Tile:10,Tile:3,Tile:11,Destroy,Tile:10,Tile:6,Tile:5,Tile:2,Map,Bonus,Map,Tile:13,Map,Tile:7-Map,Tile:8,Tile:5,Bonus,Tile:10,Bonus,Tile:9-Tile:0,Destroy,Tile:7,Tile:8,Tile:9,Tile:7,Tile:14-Tile:hidden2,Tile:nugget,Tile:hidden1
Tile:8 6 5 1
Tile:14 5 6 0
Tile:5 6 4 1
Drop 2 0 0
Tile:9 6 6 1
Tile:4 5 4 0
Tile:9 6 7 1
Drop 2 0 0
Tile:8 7 5 1
Drop 2 0 0
Tile:10 6 8 1
Drop 2 0 0
Tile:6 8 5 1
Tile:6 9 5 0
Tile:1 7 7 1
Drop 2 0 0
Tile:5 9 4 1
Tile:15 6 9 0
Tile:0 10 5 1
Drop 2 0 0
Tile:6 11 5 1
GAMEOVER WINNER 1
# Game ended: Sat Apr 11 17:18:17 EDT 2020
