# Server version 0.08 running on 192.168.2.10:8123
# Game ID: 276
# Board class: Saboteur.SaboteurBoard
# Timeout: 20000
# First Move Timeout: 30000
# Date: Sat Apr 11 20:00:50 EDT 2020
# Player 1: Player-0, 'RandomPlayer', running on 192.168.2.10
# Player 2: Player-1, '260738242', running on 192.168.2.10
START Player-0 RandomPlayer
START Player-1 260738242
BoardInit:Bonus,Map,Bonus,Tile:5,Tile:2,Tile:5,Map,Tile:6,Tile:0,Tile:9,Map,Tile:15,Destroy,Destroy,Tile:9,Tile:7,Tile:3,Tile:6,Tile:8,Tile:0,Tile:14,Malus,Tile:11,Tile:7,Destroy,Tile:8,Tile:4,Tile:10,Tile:12,Bonus,Tile:8,Tile:13,Tile:6,Tile:5,Tile:9,Tile:8,Map,Tile:1,Tile:9,Malus,Tile:8-Tile:6,Bonus,Tile:10,Tile:5,Tile:7,Tile:6,Tile:0-Tile:7,Tile:10,Map,Tile:7,Tile:9,Tile:0,Map-Tile:hidden1,Tile:nugget,Tile:hidden2
Tile:5_flip 6 5 1
Tile:9_flip 5 6 0
Tile:6_flip 6 4 1
Drop 1 0 0
Tile:7 7 4 1
Tile:7_flip 4 6 0
Tile:2 5 4 1
Tile:5 4 5 0
Map 12 5 1
Drop 0 0 0
Drop 1 0 1
Tile:7_flip 7 5 0
Tile:6 8 5 1
Drop 6 0 0
Tile:0 9 5 1
Destroy 9 5 0
Tile:0 9 5 1
Tile:7_flip 5 7 0
Tile:3 6 7 1
Drop 3 0 0
Tile:8 10 5 1
Tile:9 10 6 0
Destroy 10 5 1
Drop 5 0 0
Tile:9_flip 10 5 1
Tile:6 4 4 0
Tile:14 6 8 1
Tile:6_flip 5 8 0
Tile:11 4 3 1
Drop 5 0 0
Tile:4 4 2 1
Tile:0 5 3 0
Tile:8 11 6 1
Tile:13 11 7 0
Destroy 11 6 1
Tile:5 10 4 0
Tile:6 11 4 1
Tile:8 11 3 0
Tile:12 6 3 1
Tile:1 10 3 0
Drop 1 0 1
Tile:7 13 3 0
Drop 1 0 1
Drop 4 0 0
Drop 1 0 1
Malus 0 0 0
Bonus 0 0 1
Map 12 7 0
Drop 1 0 1
Map 12 7 0
Drop 1 0 1
Tile:10 8 4 0
Drop 1 0 1
Drop 0 0 0
GAMEOVER USER CANCEL UNDECIDED
# Game ended: Sat Apr 11 20:00:56 EDT 2020
