# Server version 0.08 running on 192.168.2.10:8123
# Game ID: 40
# Board class: Saboteur.SaboteurBoard
# Timeout: 20000
# First Move Timeout: 30000
# Date: Fri Apr 10 19:24:07 EDT 2020
# Player 1: Player-0, 'RandomPlayer', running on 192.168.2.10
# Player 2: Player-1, '260738242', running on 192.168.2.10
START Player-0 RandomPlayer
START Player-1 260738242
BoardInit:Tile:5,Tile:5,Map,Tile:0,Tile:6,Map,Bonus,Tile:8,Tile:15,Tile:6,Tile:9,Tile:14,Tile:10,Tile:7,Tile:5,Tile:9,Map,Destroy,Tile:7,Tile:7,Destroy,Tile:7,Tile:0,Tile:8,Tile:1,Bonus,Map,Malus,Tile:3,Tile:8,Tile:12,Tile:5,Tile:6,Tile:4,Destroy,Tile:2,Tile:7,Tile:6,Tile:9,Tile:0,Malus-Bonus,Tile:9,Map,Tile:13,Tile:10,Bonus,Tile:8-Tile:11,Tile:0,Map,Tile:8,Tile:9,Tile:10,Tile:6-Tile:hidden2,Tile:nugget,Tile:hidden1
Map 12 3 1
Tile:9 5 6 0
Drop 4 0 1
Map 12 3 0
Map 12 3 1
Drop 2 0 0
Tile:13 4 5 1
Tile:11_flip 4 6 0
Tile:10 4 7 1
Tile:8 3 5 0
Tile:6_flip 2 5 1
Tile:0 1 5 0
Tile:5_flip 6 6 1
Tile:6_flip 6 5 0
Tile:8 7 5 1
Tile:7_flip 4 8 0
Drop 1 0 1
Tile:5 5 4 0
Map 12 3 1
Map 12 7 0
Tile:7 7 4 1
Tile:7 5 8 0
Tile:9_flip 2 6 1
Tile:14 5 9 0
Destroy 4 7 1
Tile:9_flip 4 4 0
Tile:1 6 4 1
Tile:7_flip 2 7 0
Map 12 3 1
Tile:8 3 4 0
Tile:3_flip 7 6 1
Tile:6_flip 1 6 0
Tile:5 4 9 1
Destroy 1 5 0
Drop 0 0 1
Tile:8 0 6 0
Tile:0 1 5 1
Tile:5_flip 1 7 0
Tile:7 3 7 1
Tile:2_flip 8 5 0
Tile:9 4 7 1
Tile:6 5 7 0
Destroy 1 6 1
Tile:0 2 4 0
Tile:6 1 4 1
Drop 3 0 0
Tile:10 4 3 1
Tile:10 3 8 0
Tile:12 6 7 1
Malus 0 0 0
Malus 0 0 1
Bonus 0 0 0
Drop 0 0 1
Tile:0 0 4 0
Drop 0 0 1
GAMEOVER DRAW
# Game ended: Fri Apr 10 19:24:08 EDT 2020
