# Server version 0.08 running on 192.168.2.10:8123
# Game ID: 151
# Board class: Saboteur.SaboteurBoard
# Timeout: 20000
# First Move Timeout: 30000
# Date: Sat Apr 11 17:26:28 EDT 2020
# Player 1: Player-0, '260738242', running on 192.168.2.10
# Player 2: Player-1, 'RandomPlayer', running on 192.168.2.10
START Player-0 260738242
START Player-1 RandomPlayer
BoardInit:Tile:9,Tile:1,Tile:8,Tile:7,Tile:6,Tile:10,Tile:0,Map,Tile:11,Tile:7,Tile:4,Tile:9,Tile:12,Tile:9,Map,Map,Tile:0,Destroy,Tile:10,Tile:14,Tile:8,Tile:6,Bonus,Tile:5,Tile:8,Tile:0,Tile:5,Tile:5,Tile:0,Destroy,Malus,Tile:7,Tile:8,Tile:7,Tile:7,Tile:3,Tile:13,Malus,Tile:9,Bonus,Map-Tile:10,Bonus,Tile:6,Tile:6,Tile:15,Tile:9,Destroy-Tile:5,Map,Tile:6,Tile:8,Bonus,Tile:2,Map-Tile:hidden2,Tile:hidden1,Tile:nugget
Tile:10 5 6 1
Map 12 3 0
Tile:9_flip 6 5 1
Map 12 3 0
Tile:8 6 4 1
Tile:7 7 4 0
Drop 6 0 1
Tile:2 5 4 0
Tile:9 7 5 1
Map 12 3 0
Tile:11 5 7 1
Tile:6 8 5 0
Destroy 6 4 1
Tile:1 4 4 0
Tile:6 6 7 1
Drop 2 0 0
Tile:6 9 5 1
Map 12 3 0
Tile:12_flip 4 5 1
Drop 2 0 0
Tile:4_flip 5 8 1
Tile:14 7 7 0
Map 12 3 1
Tile:6 10 5 0
Tile:15 9 4 1
Destroy 10 5 0
Tile:8 6 4 1
Drop 2 0 0
Tile:8 6 3 1
Drop 2 0 0
Drop 3 0 1
Drop 2 0 0
Tile:0 7 3 1
Drop 2 0 0
Tile:5 6 2 1
Drop 2 0 0
Tile:8 7 6 1
Tile:3 8 3 0
Tile:0 7 2 1
Drop 2 0 0
Tile:9 6 6 1
Drop 2 0 0
Map 12 7 1
Drop 2 0 0
Drop 1 0 1
Drop 2 0 0
Tile:7_flip 5 3 1
Drop 2 0 0
Tile:0 8 2 1
Drop 2 0 0
Drop 1 0 1
GAMEOVER USER CANCEL UNDECIDED
# Game ended: Sat Apr 11 17:26:57 EDT 2020
