# Server version 0.08 running on 192.168.2.10:8123
# Game ID: 318
# Board class: Saboteur.SaboteurBoard
# Timeout: 20000
# First Move Timeout: 30000
# Date: Sat Apr 11 20:12:54 EDT 2020
# Player 1: Player-0, 'RandomPlayer', running on 192.168.2.10
# Player 2: Player-1, '260738242', running on 192.168.2.10
START Player-0 RandomPlayer
START Player-1 260738242
BoardInit:Tile:10,Map,Tile:7,Tile:6,Destroy,Tile:9,Tile:10,Tile:8,Tile:14,Map,Tile:0,Tile:8,Tile:13,Tile:6,Tile:7,Tile:8,Tile:12,Map,Tile:5,Tile:9,Malus,Tile:4,Tile:8,Tile:11,Tile:3,Tile:9,Tile:2,Destroy,Tile:6,Tile:0,Tile:15,Tile:0,Bonus,Bonus,Tile:0,Map,Destroy,Tile:7,Bonus,Tile:9,Tile:5-Tile:10,Tile:6,Malus,Map,Tile:8,Tile:5,Tile:9-Tile:7,Tile:5,Tile:6,Map,Tile:1,Tile:7,Bonus-Tile:hidden1,Tile:hidden2,Tile:nugget
Map 12 3 1
Tile:6 4 5 0
Tile:6 6 5 1
Tile:5 6 4 0
Tile:8 7 5 1
Map 12 7 0
Drop 1 0 1
Drop 2 0 0
Drop 1 0 1
Tile:6_flip 8 5 0
Tile:14 5 6 1
Tile:9_flip 7 4 0
Tile:0 9 5 1
Tile:1 3 5 0
Tile:13 4 4 1
Tile:8 7 3 0
Drop 1 0 1
Tile:6 6 3 0
Tile:12 8 3 1
Tile:8 7 2 0
Drop 1 0 1
Tile:8 4 3 0
Drop 1 0 1
Tile:9 4 2 0
Tile:8 10 5 1
Map 12 5 0
Malus 0 0 1
Bonus 0 0 0
Tile:3 4 1 1
Drop 6 0 0
Tile:2 3 1 1
Tile:7 5 2 0
Tile:15 3 2 1
Tile:9 8 6 0
Drop 1 0 1
Tile:0 2 5 0
Drop 1 0 1
Tile:0 11 5 0
Tile:7 9 6 1
Drop 2 0 0
Tile:6 9 7 1
Tile:7_flip 12 6 0
Tile:0 10 7 1
Tile:9_flip 7 6 0
Drop 1 0 1
Map 12 3 0
Drop 1 0 1
Tile:11 1 5 0
Drop 1 0 1
Map 12 3 0
Drop 1 0 1
Map 12 7 0
Drop 1 0 1
Drop 0 0 0
Tile:10 7 1 1
GAMEOVER DRAW
# Game ended: Sat Apr 11 20:12:57 EDT 2020
