# Server version 0.08 running on 192.168.2.10:8123
# Game ID: 283
# Board class: Saboteur.SaboteurBoard
# Timeout: 20000
# First Move Timeout: 30000
# Date: Sat Apr 11 20:04:13 EDT 2020
# Player 1: Player-0, 'RandomPlayer', running on 192.168.2.10
# Player 2: Player-1, '260738242', running on 192.168.2.10
START Player-0 RandomPlayer
START Player-1 260738242
BoardInit:Tile:5,Tile:7,Tile:11,Tile:7,Destroy,Map,Tile:10,Destroy,Map,Tile:0,Tile:6,Tile:7,Tile:4,Tile:10,Tile:6,Map,Tile:1,Tile:0,Map,Tile:7,Tile:3,Tile:5,Tile:0,Tile:9,Bonus,Tile:6,Map,Tile:13,Tile:6,Bonus,Tile:7,Tile:5,Tile:8,Tile:8,Tile:2,Tile:9,Map,Destroy,Tile:0,Tile:8,Bonus-Tile:8,Tile:10,Tile:14,Tile:15,Malus,Bonus,Tile:8-Tile:9,Malus,Tile:6,Tile:9,Tile:9,Tile:12,Tile:5-Tile:hidden2,Tile:hidden1,Tile:nugget
Tile:8 6 5 1
Tile:9_flip 5 4 0
Tile:8 7 5 1
Tile:5 7 4 0
Tile:14 5 6 1
Tile:9_flip 5 3 0
Tile:15 5 2 1
Drop 5 0 0
Tile:11 5 1 1
Tile:12_flip 4 5 0
Map 12 3 1
Tile:7 6 1 0
Tile:6 8 5 1
Tile:6 4 4 0
Tile:4 5 0 1
Tile:7 8 4 0
Tile:6 9 5 1
Tile:10 6 6 0
Tile:1 3 4 1
Destroy 5 0 0
Map 12 7 1
Tile:9 9 4 0
Tile:3 5 0 1
Tile:5 4 6 0
Tile:0 10 5 1
Tile:9_flip 11 5 0
Tile:10 11 6 1
Tile:7 11 4 0
Malus 0 0 1
Map 12 5 0
Destroy 11 6 1
Malus 0 0 0
Bonus 0 0 1
Bonus 0 0 0
Tile:7_flip 11 6 1
Tile:8 6 7 0
Tile:2 2 4 1
Tile:0 7 7 0
Drop 1 0 1
Tile:6_flip 9 3 0
Drop 1 0 1
Tile:0 1 4 0
Drop 1 0 1
Tile:5_flip 10 3 0
Drop 1 0 1
Destroy 9 3 0
Drop 1 0 1
Tile:8 9 3 0
Drop 1 0 1
Tile:13 12 6 0
Tile:0 8 7 1
Drop 0 0 0
Drop 1 0 1
Tile:9_flip 6 8 0
GAMEOVER USER CANCEL UNDECIDED
# Game ended: Sat Apr 11 20:04:41 EDT 2020
