# Server version 0.08 running on 192.168.2.10:8123
# Game ID: 201
# Board class: Saboteur.SaboteurBoard
# Timeout: 20000
# First Move Timeout: 30000
# Date: Sat Apr 11 19:39:00 EDT 2020
# Player 1: Player-0, 'RandomPlayer', running on 192.168.2.10
# Player 2: Player-1, '260738242', running on 192.168.2.10
START Player-0 RandomPlayer
START Player-1 260738242
BoardInit:Tile:4,Tile:5,Tile:13,Tile:0,Map,Tile:0,Tile:14,Tile:0,Tile:3,Map,Tile:7,Tile:8,Tile:2,Tile:8,Destroy,Tile:8,Tile:11,Tile:6,Tile:9,Tile:5,Tile:10,Bonus,Tile:9,Tile:15,Map,Tile:9,Map,Malus,Tile:7,Tile:8,Tile:8,Tile:6,Tile:10,Destroy,Tile:12,Tile:6,Map,Destroy,Tile:6,Tile:7,Tile:5-Bonus,Tile:10,Bonus,Bonus,Tile:7,Tile:5,Tile:1-Tile:0,Tile:9,Malus,Tile:9,Tile:7,Tile:6,Map-Tile:nugget,Tile:hidden1,Tile:hidden2
Tile:7 6 5 1
Tile:9 5 6 0
Tile:1 4 5 1
Tile:7 5 4 0
Tile:4_flip 5 7 1
Tile:6 3 5 0
Map 12 7 1
Tile:0 2 5 0
Tile:13 3 4 1
Tile:0 2 4 0
Tile:14_flip 1 4 1
Map 12 7 0
Tile:3 3 3 1
Map 12 5 0
Tile:2_flip 2 3 1
Tile:8 1 5 0
Destroy 6 5 1
Tile:8 1 6 0
Tile:5_flip 6 5 1
Tile:0 2 6 0
Tile:9 6 4 1
Tile:6 7 4 0
Tile:7 8 4 1
Drop 1 0 0
Tile:9 8 5 1
Drop 2 0 0
Map 12 5 1
Tile:8 9 5 0
Tile:11 1 7 1
Tile:9_flip 10 5 0
Tile:10 10 4 1
Malus 0 0 0
Bonus 0 0 1
Tile:5_flip 9 6 0
Tile:8 10 3 1
Tile:6_flip 10 2 0
Tile:12 2 7 1
Destroy 10 3 0
Tile:7 11 2 1
Destroy 2 3 0
Drop 2 0 1
Tile:7 6 6 0
Drop 2 0 1
Tile:15 6 7 0
Drop 2 0 1
Tile:6 8 6 0
Drop 2 0 1
Tile:8 0 6 0
Drop 2 0 1
Drop 0 0 0
Drop 2 0 1
Malus 0 0 0
Bonus 0 0 1
Drop 0 0 0
GAMEOVER ILLEGAL MOVE: Player 1, CardUsed: (Drop), PosOfUse: (2, 0) WINNER 0
# Game ended: Sat Apr 11 19:39:01 EDT 2020
