# Server version 0.08 running on 192.168.2.10:8123
# Game ID: 159
# Board class: Saboteur.SaboteurBoard
# Timeout: 20000
# First Move Timeout: 30000
# Date: Sat Apr 11 17:29:44 EDT 2020
# Player 1: Player-0, '260738242', running on 192.168.2.10
# Player 2: Player-1, '260738242', running on 192.168.2.10
START Player-0 260738242
START Player-1 260738242
BoardInit:Tile:4,Tile:5,Map,Destroy,Tile:0,Destroy,Tile:0,Tile:3,Tile:8,Tile:7,Tile:8,Malus,Tile:12,Tile:5,Tile:9,Tile:14,Bonus,Tile:10,Tile:9,Tile:7,Tile:10,Bonus,Map,Malus,Tile:0,Tile:9,Tile:1,Tile:6,Tile:7,Tile:6,Tile:13,Tile:10,Bonus,Tile:7,Tile:8,Tile:6,Tile:7,Tile:5,Tile:9,Tile:15,Map-Tile:0,Tile:2,Map,Tile:11,Tile:8,Tile:6,Tile:9-Destroy,Tile:5,Map,Tile:8,Bonus,Tile:6,Map-Tile:nugget,Tile:hidden2,Tile:hidden1
Map 12 3 1
Map 12 3 0
Tile:2 5 4 1
Map 12 3 0
Map 12 3 1
Drop 2 0 0
Tile:11 4 4 1
Drop 2 0 0
Tile:4 4 3 1
Tile:3 6 4 0
Drop 2 0 1
Drop 2 0 0
Drop 2 0 1
Drop 2 0 0
Drop 2 0 1
Drop 2 0 0
Drop 2 0 1
Tile:14 5 6 0
Tile:12_flip 4 6 1
Drop 2 0 0
Drop 2 0 1
Drop 2 0 0
Drop 2 0 1
Drop 2 0 0
Map 12 3 1
Drop 2 0 0
Drop 2 0 1
Drop 2 0 0
Drop 2 0 1
Drop 2 0 0
Drop 2 0 1
Drop 2 0 0
Tile:13 6 5 1
Drop 2 0 0
Tile:1 7 5 1
Drop 2 0 0
Drop 2 0 1
Drop 2 0 0
Drop 2 0 1
Drop 2 0 0
Drop 2 0 1
Tile:15 6 6 0
Map 12 3 1
Drop 2 0 0
Drop 2 0 1
Drop 2 0 0
Drop 2 0 1
Drop 2 0 0
Drop 2 0 1
Drop 2 0 0
Drop 2 0 1
GAMEOVER USER CANCEL UNDECIDED
# Game ended: Sat Apr 11 17:29:52 EDT 2020
