# Server version 0.08 running on 192.168.2.10:8123
# Game ID: 254
# Board class: Saboteur.SaboteurBoard
# Timeout: 20000
# First Move Timeout: 30000
# Date: Sat Apr 11 19:56:16 EDT 2020
# Player 1: Player-0, 'RandomPlayer', running on 192.168.2.10
# Player 2: Player-1, '260738242', running on 192.168.2.10
START Player-0 RandomPlayer
START Player-1 260738242
BoardInit:Bonus,Tile:9,Tile:2,Tile:8,Tile:15,Tile:6,Map,Malus,Tile:10,Bonus,Tile:6,Tile:7,Tile:8,Tile:9,Tile:7,Tile:7,Tile:1,Tile:8,Tile:0,Tile:11,Tile:0,Tile:9,Map,Tile:9,Tile:10,Malus,Destroy,Map,Tile:7,Tile:5,Map,Tile:6,Destroy,Tile:10,Tile:12,Tile:0,Tile:9,Tile:13,Tile:5,Tile:3,Map-Map,Tile:0,Tile:4,Tile:8,Bonus,Bonus,Tile:5-Tile:6,Tile:8,Tile:14,Destroy,Tile:6,Tile:5,Tile:7-Tile:nugget,Tile:hidden1,Tile:hidden2
Map 12 5 1
Tile:14 5 6 0
Tile:5_flip 6 5 1
Tile:5 6 4 0
Tile:0 7 4 1
Tile:7 5 4 0
Tile:8 8 4 1
Drop 5 0 0
Map 12 3 1
Destroy 8 4 0
Tile:2 4 5 1
Tile:6 4 4 0
Tile:6 8 4 1
Tile:9 4 3 0
Tile:8 9 4 1
Tile:8 3 4 0
Tile:4 3 3 1
Tile:6_flip 9 3 0
Tile:15 4 2 1
Tile:8 10 4 0
Tile:7 10 3 1
Tile:11 8 3 0
Tile:0 11 4 1
Tile:6 4 6 0
Tile:1 5 3 1
Tile:9 8 2 0
Drop 1 0 1
Tile:9 4 1 0
Destroy 11 4 1
Tile:7 8 1 0
Tile:0 11 4 1
Drop 2 0 0
Drop 1 0 1
Tile:6 9 5 0
Destroy 11 4 1
Tile:5_flip 6 3 0
Tile:12 5 1 1
Tile:10 4 0 0
Tile:9_flip 11 4 1
Tile:13 11 5 0
Drop 1 0 1
Drop 2 0 0
Drop 1 0 1
Tile:0 7 1 0
Drop 1 0 1
Map 12 7 0
Drop 1 0 1
Tile:3_flip 3 6 0
Drop 1 0 1
Drop 1 0 0
Drop 1 0 1
Malus 0 0 0
Bonus 0 0 1
Drop 0 0 0
GAMEOVER USER CANCEL UNDECIDED
# Game ended: Sat Apr 11 19:56:20 EDT 2020
