# Server version 0.08 running on 192.168.2.10:8123
# Game ID: 257
# Board class: Saboteur.SaboteurBoard
# Timeout: 20000
# First Move Timeout: 30000
# Date: Sat Apr 11 19:56:47 EDT 2020
# Player 1: Player-0, 'RandomPlayer', running on 192.168.2.10
# Player 2: Player-1, '260738242', running on 192.168.2.10
START Player-0 RandomPlayer
START Player-1 260738242
BoardInit:Tile:6,Tile:9,Tile:7,Tile:7,Tile:14,Tile:0,Map,Tile:0,Tile:1,Bonus,Map,Map,Tile:8,Destroy,Tile:9,Tile:8,Map,Tile:2,Tile:6,Map,Tile:10,Tile:15,Tile:7,Tile:9,Tile:11,Tile:8,Tile:5,Bonus,Tile:7,Tile:7,Tile:6,Tile:13,Bonus,Tile:0,Tile:10,Tile:10,Tile:8,Tile:0,Tile:9,Tile:3,Tile:4-Tile:8,Map,Bonus,Tile:5,Tile:6,Malus,Tile:9-Malus,Tile:12,Destroy,Tile:6,Tile:5,Tile:5,Destroy-Tile:hidden1,Tile:hidden2,Tile:nugget
Map 12 5 1
Tile:6 6 5 0
Tile:5_flip 7 5 1
Tile:5 4 5 0
Tile:6_flip 7 4 1
Tile:5_flip 8 4 0
Tile:9 8 3 1
Drop 4 0 0
Map 12 7 1
Tile:7 8 2 0
Tile:7 9 3 1
Drop 4 0 0
Tile:14 4 6 1
Drop 6 0 0
Tile:1 3 6 1
Destroy 6 5 0
Tile:9 9 4 1
Tile:8 6 4 0
Tile:6 10 4 1
Destroy 3 6 0
Tile:6 11 4 1
Map 12 3 0
Drop 1 0 1
Tile:0 12 4 0
Drop 1 0 1
Tile:9 11 3 0
Tile:11 5 6 1
Destroy 7 4 0
Drop 1 0 1
Tile:8 3 6 0
Drop 1 0 1
Tile:7_flip 3 7 0
Drop 1 0 1
Tile:2 4 7 0
Drop 1 0 1
Tile:15 3 5 0
Drop 1 0 1
Drop 3 0 0
Drop 1 0 1
Tile:10 10 3 0
Drop 1 0 1
Tile:13 7 2 0
Tile:4 6 3 1
Tile:3_flip 6 2 0
Drop 1 0 1
Drop 3 0 0
Drop 1 0 1
Tile:12_flip 2 6 0
Drop 1 0 1
Tile:0 13 4 0
Tile:8 6 5 1
Malus 0 0 0
Drop 1 0 1
Drop 0 0 0
GAMEOVER USER CANCEL UNDECIDED
# Game ended: Sat Apr 11 19:56:53 EDT 2020
