# Server version 0.08 running on 192.168.2.10:8123
# Game ID: 205
# Board class: Saboteur.SaboteurBoard
# Timeout: 20000
# First Move Timeout: 30000
# Date: Sat Apr 11 19:39:42 EDT 2020
# Player 1: Player-0, 'RandomPlayer', running on 192.168.2.10
# Player 2: Player-1, '260738242', running on 192.168.2.10
START Player-0 RandomPlayer
START Player-1 260738242
BoardInit:Destroy,Tile:7,Tile:13,Malus,Tile:7,Tile:14,Tile:4,Tile:6,Tile:9,Tile:8,Map,Tile:11,Tile:5,Tile:1,Destroy,Bonus,Map,Tile:10,Tile:9,Bonus,Map,Tile:7,Tile:6,Tile:15,Tile:9,Tile:5,Map,Tile:7,Malus,Tile:0,Map,Map,Tile:0,Tile:12,Tile:5,Tile:0,Tile:2,Tile:6,Tile:5,Destroy,Tile:9-Tile:8,Tile:9,Tile:0,Tile:8,Bonus,Tile:10,Bonus-Tile:3,Tile:7,Tile:6,Tile:8,Tile:6,Tile:10,Tile:8-Tile:hidden2,Tile:nugget,Tile:hidden1
Tile:9_flip 6 5 1
Drop 5 0 0
Tile:8 6 6 1
Tile:6 5 6 0
Tile:0 7 6 1
Tile:7 5 4 0
Tile:8 8 6 1
Tile:3_flip 6 7 0
Tile:13 4 4 1
Tile:6 4 6 0
Tile:9_flip 9 6 1
Tile:8 3 4 0
Map 12 5 1
Tile:7_flip 8 7 0
Tile:5 9 5 1
Tile:8 4 5 0
Tile:4 3 3 1
Tile:6 3 5 0
Drop 2 0 1
Malus 0 0 0
Bonus 0 0 1
Drop 4 0 0
Drop 2 0 1
Tile:10 4 3 0
Tile:6 10 5 1
Tile:7_flip 2 5 0
Drop 2 0 1
Tile:14_flip 4 2 0
Drop 2 0 1
Drop 4 0 0
Malus 0 0 1
Drop 1 0 0
Drop 2 0 1
Map 12 7 0
Drop 2 0 1
Drop 0 0 0
Drop 2 0 1
Drop 4 0 0
Tile:2 2 4 1
Drop 0 0 0
Drop 2 0 1
Bonus 0 0 0
Drop 2 0 1
Tile:7 10 4 0
Drop 2 0 1
Drop 3 0 0
Drop 2 0 1
Destroy 9 5 0
Drop 2 0 1
Tile:12 5 2 0
Drop 2 0 1
Tile:5_flip 11 5 0
GAMEOVER USER CANCEL UNDECIDED
# Game ended: Sat Apr 11 19:39:52 EDT 2020
