# Server version 0.08 running on 192.168.2.10:8123
# Game ID: 139
# Board class: Saboteur.SaboteurBoard
# Timeout: 20000
# First Move Timeout: 30000
# Date: Sat Apr 11 15:42:14 EDT 2020
# Player 1: Player-0, '260738242', running on 192.168.2.10
# Player 2: Player-1, 'RandomPlayer', running on 192.168.2.10
START Player-0 260738242
START Player-1 RandomPlayer
BoardInit:Destroy,Tile:7,Tile:5,Tile:0,Tile:7,Tile:10,Tile:7,Tile:0,Tile:3,Tile:7,Tile:14,Tile:8,Tile:9,Tile:6,Bonus,Tile:9,Map,Tile:6,Tile:0,Tile:5,Tile:6,Tile:10,Tile:6,Tile:11,Malus,Tile:12,Tile:8,Tile:5,Tile:8,Tile:9,Tile:8,Map,Tile:0,Destroy,Tile:4,Bonus,Map,Tile:7,Tile:9,Bonus,Tile:2-Malus,Tile:9,Tile:13,Tile:8,Tile:1,Tile:15,Map-Tile:10,Destroy,Map,Bonus,Map,Tile:5,Tile:6-Tile:hidden1,Tile:nugget,Tile:hidden2
Tile:9 5 4 1
Map 12 3 0
Map 12 7 1
Map 12 3 0
Tile:8 5 6 1
Tile:6 6 6 0
Tile:13 6 5 1
Drop 2 0 0
Tile:5 5 3 1
Drop 2 0 0
Tile:7 6 4 1
Drop 2 0 0
Destroy 6 6 1
Drop 2 0 0
Tile:14_flip 4 6 1
Tile:6 6 6 0
Tile:9_flip 7 6 1
Tile:7_flip 7 7 0
Tile:3 7 5 1
Tile:6 8 7 0
Tile:7_flip 4 7 1
Drop 2 0 0
Drop 5 0 1
Drop 2 0 0
Drop 4 0 1
Tile:11 8 6 0
Tile:6 9 7 1
Tile:12 6 3 0
Drop 2 0 1
Drop 2 0 0
Malus 0 0 1
Drop 2 0 0
Tile:8 10 7 1
Map 12 3 0
Tile:6 10 8 1
Destroy 10 7 0
Tile:8 10 7 1
Bonus 0 0 0
Map 12 5 1
Destroy 10 7 0
Tile:0 9 8 1
GAMEOVER TIMEOUT WINNER 1
# Game ended: Sat Apr 11 15:42:36 EDT 2020
