# Server version 0.08 running on 192.168.2.10:8123
# Game ID: 200
# Board class: Saboteur.SaboteurBoard
# Timeout: 20000
# First Move Timeout: 30000
# Date: Sat Apr 11 19:38:38 EDT 2020
# Player 1: Player-0, 'RandomPlayer', running on 192.168.2.10
# Player 2: Player-1, '260738242', running on 192.168.2.10
START Player-0 RandomPlayer
START Player-1 260738242
BoardInit:Tile:6,Tile:9,Bonus,Destroy,Tile:15,Tile:5,Bonus,Tile:5,Map,Map,Tile:4,Tile:0,Tile:9,Map,Tile:5,Tile:0,Tile:7,Tile:5,Tile:7,Tile:8,Tile:0,Tile:6,Tile:10,Tile:7,Tile:8,Tile:8,Tile:3,Malus,Tile:10,Map,Tile:9,Map,Destroy,Tile:8,Bonus,Tile:13,Tile:10,Tile:8,Tile:1,Map,Tile:7-Tile:7,Tile:0,Tile:9,Tile:12,Tile:9,Tile:11,Tile:6-Bonus,Malus,Tile:6,Tile:2,Tile:14,Tile:6,Destroy-Tile:hidden2,Tile:nugget,Tile:hidden1
Tile:7 6 5 1
Drop 3 0 0
Tile:9 6 6 1
Tile:6_flip 7 6 0
Tile:9_flip 8 6 1
Destroy 7 6 0
Tile:6_flip 8 5 1
Tile:6 6 7 0
Tile:6 9 5 1
Tile:14_flip 7 5 0
Map 12 3 1
Tile:5_flip 5 6 0
Tile:0 10 5 1
Tile:9 9 4 0
Tile:9_flip 11 5 1
Map 12 3 0
Tile:12 7 7 1
Tile:5 5 7 0
Tile:7_flip 11 6 1
Tile:0 4 6 0
Tile:11 5 4 1
Malus 0 0 0
Bonus 0 0 1
Tile:8 12 6 0
Tile:0 10 4 1
Tile:6 7 6 0
GAMEOVER WINNER 0
# Game ended: Sat Apr 11 19:38:38 EDT 2020
