# Server version 0.08 running on 192.168.2.10:8123
# Game ID: 3
# Board class: Saboteur.SaboteurBoard
# Timeout: 20000
# First Move Timeout: 30000
# Date: Mon Apr 06 20:22:13 EDT 2020
# Player 1: Player-0, 'RandomPlayer', running on 192.168.2.10
# Player 2: Player-1, '260738242', running on 192.168.2.10
START Player-0 RandomPlayer
START Player-1 260738242
BoardInit:Tile:6,Tile:6,Map,Destroy,Map,Tile:5,Tile:12,Tile:9,Map,Bonus,Tile:10,Tile:8,Tile:1,Tile:5,Tile:15,Malus,Tile:6,Tile:0,Tile:7,Tile:3,Tile:10,Tile:11,Tile:6,Tile:8,Tile:0,Tile:0,Tile:5,Tile:7,Tile:7,Tile:14,Tile:4,Bonus,Tile:7,Tile:9,Tile:10,Tile:8,Tile:7,Bonus,Tile:9,Tile:6,Destroy-Destroy,Tile:9,Tile:9,Tile:8,Bonus,Tile:2,Map-Map,Malus,Tile:0,Tile:5,Map,Tile:13,Tile:8-Tile:nugget,Tile:hidden2,Tile:hidden1
Tile:2_flip 5 6 1
Tile:13 6 6 0
Tile:9 5 4 1
Drop 5 0 0
Tile:9_flip 5 3 1
Destroy 5 6 0
Tile:6_flip 6 4 1
Tile:6 4 5 0
Tile:8 7 4 1
Tile:9_flip 6 5 0
Drop 1 0 1
Malus 0 0 0
Map 12 5 1
Drop 4 0 0
Drop 5 0 1
Tile:5_flip 8 4 0
Map 12 3 1
Drop 0 0 0
Map 12 7 1
Tile:0 7 6 0
Destroy 4 5 1
Tile:3_flip 7 5 0
Map 12 7 1
Tile:8 6 7 0
Drop 2 0 1
Tile:0 7 7 0
Drop 0 0 1
Tile:11_flip 8 3 0
Drop 5 0 1
Tile:5_flip 8 6 0
Drop 0 0 1
Tile:0 8 7 0
Drop 6 0 1
Drop 1 0 0
Drop 3 0 1
Tile:7_flip 5 6 0
Drop 3 0 1
Tile:9_flip 5 2 0
Drop 6 0 1
Tile:8 7 3 0
Drop 2 0 1
Drop 6 0 0
Destroy 5 3 1
Tile:8 9 7 0
Drop 4 0 1
Drop 3 0 0
Drop 2 0 1
Map 12 7 0
Drop 0 0 1
Malus 0 0 0
Drop 0 0 1
Drop 0 0 0
Drop 1 0 1
Drop 0 0 0
Drop 0 0 1
GAMEOVER DRAW
# Game ended: Mon Apr 06 20:22:13 EDT 2020
