# Server version 0.08 running on 192.168.2.10:8123
# Game ID: 158
# Board class: Saboteur.SaboteurBoard
# Timeout: 20000
# First Move Timeout: 30000
# Date: Sat Apr 11 17:29:32 EDT 2020
# Player 1: Player-0, '260738242', running on 192.168.2.10
# Player 2: Player-1, '260738242', running on 192.168.2.10
START Player-0 260738242
START Player-1 260738242
BoardInit:Tile:6,Tile:6,Tile:9,Bonus,Tile:2,Tile:5,Tile:0,Tile:3,Tile:8,Tile:8,Tile:6,Tile:4,Tile:12,Bonus,Tile:6,Tile:8,Map,Tile:14,Tile:7,Map,Bonus,Tile:10,Malus,Tile:9,Map,Map,Tile:9,Tile:6,Tile:10,Tile:0,Tile:13,Tile:5,Tile:7,Tile:0,Malus,Destroy,Tile:5,Tile:5,Tile:1,Destroy,Map-Map,Tile:7,Bonus,Tile:7,Tile:0,Tile:8,Tile:15-Destroy,Tile:8,Tile:11,Tile:9,Tile:9,Tile:10,Tile:7-Tile:hidden1,Tile:nugget,Tile:hidden2
Map 12 3 1
Tile:11 5 4 0
Tile:15 5 3 1
Drop 2 0 0
Drop 2 0 1
Drop 2 0 0
Tile:2 5 2 1
Drop 2 0 0
Drop 2 0 1
Tile:3 6 2 0
Drop 2 0 1
Drop 2 0 0
Drop 2 0 1
Tile:4_flip 6 3 0
Tile:12 6 4 1
Drop 2 0 0
Drop 2 0 1
Drop 2 0 0
Map 12 3 1
Tile:14 5 6 0
Drop 2 0 1
Map 12 3 0
Drop 2 0 1
Drop 2 0 0
Drop 2 0 1
Drop 2 0 0
Map 12 3 1
Map 12 3 0
Drop 2 0 1
Drop 2 0 0
Drop 2 0 1
Drop 2 0 0
Tile:13 4 2 1
Drop 2 0 0
Drop 2 0 1
Drop 2 0 0
Drop 2 0 1
Drop 2 0 0
Drop 2 0 1
Drop 2 0 0
Tile:1 3 2 1
Drop 2 0 0
Map 12 3 1
Drop 2 0 0
Drop 2 0 1
Drop 2 0 0
Drop 2 0 1
Drop 2 0 0
Drop 2 0 1
Drop 2 0 0
Drop 2 0 1
GAMEOVER USER CANCEL UNDECIDED
# Game ended: Sat Apr 11 17:29:39 EDT 2020
