# Server version 0.08 running on 192.168.2.10:8123
# Game ID: 87
# Board class: Saboteur.SaboteurBoard
# Timeout: 20000
# First Move Timeout: 30000
# Date: Sat Apr 11 00:44:22 EDT 2020
# Player 1: Player-0, 'RandomPlayer', running on 192.168.2.10
# Player 2: Player-1, '260738242', running on 192.168.2.10
START Player-0 RandomPlayer
START Player-1 260738242
BoardInit:Destroy,Tile:10,Tile:5,Destroy,Tile:6,Map,Tile:0,Map,Malus,Tile:9,Tile:7,Tile:14,Tile:9,Tile:0,Tile:15,Tile:4,Malus,Tile:5,Map,Tile:2,Tile:9,Map,Tile:6,Tile:8,Map,Tile:5,Tile:7,Tile:0,Tile:6,Tile:1,Tile:12,Tile:8,Tile:9,Map,Tile:0,Tile:10,Tile:7,Tile:13,Tile:9,Tile:7,Tile:7-Tile:10,Bonus,Bonus,Bonus,Tile:11,Tile:3,Destroy-Tile:6,Bonus,Tile:8,Tile:8,Tile:6,Tile:8,Tile:5-Tile:hidden2,Tile:hidden1,Tile:nugget
Tile:10 5 4 1
Tile:8 5 3 0
Tile:11 5 2 1
Tile:8 4 5 0
Tile:5_flip 6 3 1
Tile:6_flip 6 2 0
Tile:3 4 4 1
Destroy 5 3 0
Destroy 4 4 1
Map 12 3 0
Destroy 6 2 1
Tile:10 4 4 0
Tile:6 4 6 1
Tile:14 5 6 0
Tile:0 3 6 1
Tile:8 6 5 0
Tile:7 7 5 1
Tile:9 6 6 0
Malus 0 0 1
Map 12 7 0
Map 12 3 1
Drop 2 0 0
Tile:9 2 6 1
Map 12 3 0
Tile:15 2 7 1
Drop 5 0 0
Map 12 3 1
Drop 0 0 0
Malus 0 0 1
Drop 5 0 0
Tile:9 2 8 1
Drop 0 0 0
Tile:6 2 9 1
Drop 6 0 0
Tile:7 3 8 1
Drop 3 0 0
Tile:6 3 9 1
Drop 2 0 0
Tile:9 5 3 1
Map 12 5 0
GAMEOVER USER CANCEL UNDECIDED
# Game ended: Sat Apr 11 00:44:57 EDT 2020
