# Server version 0.08 running on 192.168.2.10:8123
# Game ID: 182
# Board class: Saboteur.SaboteurBoard
# Timeout: 20000
# First Move Timeout: 30000
# Date: Sat Apr 11 19:13:58 EDT 2020
# Player 1: Player-0, '260738242', running on 192.168.2.10
# Player 2: Player-1, 'RandomPlayer', running on 192.168.2.10
START Player-0 260738242
START Player-1 RandomPlayer
BoardInit:Tile:5,Tile:7,Tile:0,Tile:10,Tile:8,Destroy,Tile:6,Tile:12,Tile:6,Destroy,Tile:7,Tile:9,Tile:6,Tile:10,Map,Tile:0,Tile:10,Tile:4,Tile:5,Map,Tile:7,Tile:5,Tile:9,Tile:8,Bonus,Bonus,Bonus,Tile:2,Tile:1,Tile:6,Tile:11,Map,Tile:8,Tile:5,Tile:0,Tile:6,Tile:9,Map,Bonus,Tile:9,Map-Tile:13,Tile:7,Tile:3,Tile:7,Tile:8,Tile:9,Map-Malus,Destroy,Tile:0,Tile:15,Tile:14,Malus,Tile:8-Tile:hidden2,Tile:nugget,Tile:hidden1
Tile:8 5 4 1
Drop 1 0 0
Tile:7 5 3 1
Drop 2 0 0
Tile:3 6 5 1
Drop 1 0 0
Map 12 3 1
Tile:14_flip 4 3 0
Tile:9 4 4 1
Drop 1 0 0
Tile:8 4 5 1
Tile:10 5 6 0
Tile:7_flip 6 6 1
Tile:12 6 4 0
Tile:5_flip 7 6 1
Drop 3 0 0
Tile:6_flip 3 5 1
GAMEOVER TIMEOUT WINNER 1
# Game ended: Sat Apr 11 19:14:19 EDT 2020
