# Server version 0.08 running on 192.168.2.10:8123
# Game ID: 252
# Board class: Saboteur.SaboteurBoard
# Timeout: 20000
# First Move Timeout: 30000
# Date: Sat Apr 11 19:56:01 EDT 2020
# Player 1: Player-0, 'RandomPlayer', running on 192.168.2.10
# Player 2: Player-1, '260738242', running on 192.168.2.10
START Player-0 RandomPlayer
START Player-1 260738242
BoardInit:Tile:12,Tile:15,Map,Tile:1,Tile:7,Tile:0,Tile:9,Tile:13,Bonus,Bonus,Map,Malus,Tile:6,Tile:7,Tile:8,Tile:11,Tile:7,Tile:8,Tile:7,Tile:3,Tile:6,Destroy,Tile:5,Tile:8,Tile:0,Tile:10,Tile:5,Tile:14,Tile:10,Map,Tile:9,Tile:9,Tile:9,Tile:8,Tile:0,Tile:6,Tile:8,Map,Tile:6,Tile:10,Destroy-Map,Tile:6,Bonus,Tile:0,Tile:5,Malus,Map-Tile:5,Destroy,Tile:2,Tile:4,Tile:7,Bonus,Tile:9-Tile:nugget,Tile:hidden2,Tile:hidden1
Map 12 5 1
Tile:5 4 5 0
Map 12 3 1
Destroy 4 5 0
Tile:5_flip 6 5 1
Tile:4 5 4 0
Tile:12_flip 4 5 1
Drop 0 0 0
Tile:9 6 4 1
Tile:13 6 3 0
Tile:6 7 4 1
Tile:0 8 4 0
Tile:0 9 4 1
Tile:7_flip 5 6 0
Tile:6 10 4 1
Tile:9_flip 10 3 0
Tile:8 11 4 1
Tile:11 11 3 0
Malus 0 0 1
Drop 3 0 0
Drop 1 0 1
Drop 4 0 0
Drop 1 0 1
Destroy 10 4 0
Drop 1 0 1
Drop 0 0 0
Drop 1 0 1
Drop 0 0 0
Drop 1 0 1
Drop 6 0 0
Drop 1 0 1
Drop 3 0 0
Drop 1 0 1
Map 12 7 0
Drop 1 0 1
Drop 0 0 0
Drop 1 0 1
Drop 4 0 0
Drop 1 0 1
Map 12 5 0
Drop 1 0 1
Drop 4 0 0
Destroy 11 4 1
Malus 0 0 0
Bonus 0 0 1
Drop 3 0 0
Tile:9_flip 10 4 1
Drop 0 0 0
Drop 1 0 1
Drop 2 0 0
Drop 1 0 1
Drop 0 0 0
Drop 1 0 1
Drop 0 0 0
GAMEOVER USER CANCEL UNDECIDED
# Game ended: Sat Apr 11 19:56:05 EDT 2020
