# Server version 0.08 running on 192.168.2.10:8123
# Game ID: 294
# Board class: Saboteur.SaboteurBoard
# Timeout: 20000
# First Move Timeout: 30000
# Date: Sat Apr 11 20:08:09 EDT 2020
# Player 1: Player-0, 'RandomPlayer', running on 192.168.2.10
# Player 2: Player-1, '260738242', running on 192.168.2.10
START Player-0 RandomPlayer
START Player-1 260738242
BoardInit:Map,Tile:8,Tile:12,Tile:5,Destroy,Map,Tile:9,Tile:5,Tile:8,Map,Tile:9,Map,Tile:8,Tile:5,Tile:6,Malus,Map,Tile:0,Tile:6,Tile:6,Tile:0,Tile:3,Tile:6,Tile:5,Tile:7,Tile:8,Tile:0,Tile:10,Tile:9,Tile:11,Tile:7,Malus,Tile:4,Tile:8,Bonus,Destroy,Tile:7,Map,Tile:7,Tile:10,Tile:6-Tile:15,Bonus,Tile:13,Bonus,Tile:1,Tile:10,Tile:9-Bonus,Tile:9,Tile:0,Destroy,Tile:14,Tile:2,Tile:7-Tile:hidden2,Tile:hidden1,Tile:nugget
Tile:9_flip 6 5 1
Tile:7 5 4 0
Map 12 5 1
Tile:14_flip 4 4 0
Tile:15 5 6 1
Destroy 6 5 0
Tile:13 5 7 1
Tile:0 6 5 0
Tile:1 6 7 1
Tile:2_flip 4 5 0
Tile:8 7 5 1
Tile:8 8 5 0
Tile:12 7 7 1
Map 12 3 0
Tile:8 9 5 1
Tile:5 3 5 0
Tile:6 10 5 1
Tile:5_flip 7 6 0
Map 12 7 1
Tile:9 3 6 0
Tile:9_flip 11 5 1
Tile:5 4 7 0
Tile:9 11 6 1
Tile:6_flip 11 4 0
Drop 1 0 1
Tile:0 12 6 0
Drop 1 0 1
Drop 3 0 0
Drop 1 0 1
Tile:8 11 7 0
GAMEOVER WINNER 0
# Game ended: Sat Apr 11 20:08:10 EDT 2020
