# Server version 0.08 running on 192.168.2.10:8123
# Game ID: 232
# Board class: Saboteur.SaboteurBoard
# Timeout: 20000
# First Move Timeout: 30000
# Date: Sat Apr 11 19:48:28 EDT 2020
# Player 1: Player-0, 'RandomPlayer', running on 192.168.2.10
# Player 2: Player-1, '260738242', running on 192.168.2.10
START Player-0 RandomPlayer
START Player-1 260738242
BoardInit:Malus,Tile:10,Tile:6,Tile:6,Destroy,Tile:8,Tile:0,Tile:6,Tile:5,Tile:8,Tile:2,Map,Tile:7,Map,Tile:10,Malus,Tile:5,Tile:13,Tile:7,Tile:8,Bonus,Map,Map,Map,Tile:9,Tile:9,Tile:4,Tile:5,Tile:0,Tile:6,Tile:8,Tile:5,Tile:7,Tile:7,Tile:1,Map,Tile:12,Tile:8,Tile:9,Tile:0,Tile:3-Bonus,Tile:10,Tile:9,Tile:7,Destroy,Bonus,Tile:6-Tile:11,Tile:15,Tile:0,Bonus,Tile:14,Tile:9,Destroy-Tile:nugget,Tile:hidden2,Tile:hidden1
Tile:7 6 5 1
Tile:0 4 5 0
Tile:9 6 6 1
Tile:15 6 7 0
Tile:6 7 6 1
Tile:11_flip 5 6 0
Tile:6 8 6 1
Tile:6_flip 9 6 0
Tile:0 10 6 1
Tile:10 5 4 0
Tile:5_flip 11 6 1
Tile:9_flip 6 8 0
Tile:2 4 6 1
Tile:14_flip 5 3 0
Drop 2 0 1
Tile:6 3 6 0
Drop 2 0 1
Tile:8 3 5 0
Drop 2 0 1
Drop 1 0 0
Drop 2 0 1
Tile:13 11 5 0
Drop 2 0 1
Map 12 3 0
Map 12 3 1
Tile:8 2 6 0
Drop 2 0 1
Tile:9 8 5 0
Tile:5_flip 9 5 1
Map 12 7 0
Tile:9 9 4 1
Map 12 7 0
Tile:0 10 4 1
Map 12 3 0
Tile:8 11 4 1
Tile:5 11 3 0
GAMEOVER WINNER 0
# Game ended: Sat Apr 11 19:48:29 EDT 2020
