# Server version 0.08 running on 192.168.2.10:8123
# Game ID: 99
# Board class: Saboteur.SaboteurBoard
# Timeout: 20000
# First Move Timeout: 30000
# Date: Sat Apr 11 00:48:52 EDT 2020
# Player 1: Player-0, '260738242', running on 192.168.2.10
# Player 2: Player-1, 'RandomPlayer', running on 192.168.2.10
START Player-0 260738242
START Player-1 RandomPlayer
BoardInit:Bonus,Tile:8,Tile:9,Tile:10,Malus,Tile:0,Tile:0,Tile:4,Tile:10,Tile:9,Tile:11,Tile:7,Tile:8,Map,Destroy,Tile:8,Map,Tile:5,Tile:12,Bonus,Tile:8,Tile:3,Tile:13,Tile:14,Tile:7,Tile:9,Tile:6,Destroy,Map,Tile:6,Tile:2,Map,Tile:5,Map,Tile:9,Tile:6,Tile:9,Tile:0,Tile:5,Tile:10,Destroy-Bonus,Map,Tile:5,Tile:6,Tile:7,Tile:8,Tile:7-Tile:6,Bonus,Tile:7,Tile:0,Tile:15,Tile:1,Malus-Tile:nugget,Tile:hidden1,Tile:hidden2
Tile:8 6 5 1
Tile:7 7 5 0
Tile:6_flip 6 4 1
Tile:6 5 6 0
Map 12 7 1
Tile:0 4 6 0
Tile:5 5 4 1
Tile:1 3 6 0
Tile:7_flip 7 6 1
Malus 0 0 0
Drop 1 0 1
Tile:9_flip 8 6 0
Drop 4 0 1
Tile:8 2 6 0
Malus 0 0 1
Map 12 3 0
Drop 1 0 1
Bonus 0 0 0
Destroy 8 6 1
Tile:7 8 6 0
Drop 6 0 1
Tile:15 2 5 0
Map 12 3 1
Tile:10 2 4 0
Drop 5 0 1
Tile:0 4 5 0
Drop 0 0 1
Tile:4 2 3 0
Drop 5 0 1
Tile:8 2 7 0
Map 12 3 1
Tile:5 1 7 0
Drop 6 0 1
Map 12 3 0
Drop 3 0 1
Map 12 3 0
Drop 3 0 1
Tile:3 3 7 0
Drop 6 0 1
Tile:14 1 8 0
Drop 2 0 1
Tile:9 2 8 0
Drop 6 0 1
Destroy 1 7 0
Drop 4 0 1
Tile:6 0 8 0
Drop 2 0 1
Tile:6 2 9 0
Drop 0 0 1
Tile:0 1 9 0
Drop 0 0 1
Tile:10 0 7 0
Drop 1 0 1
Drop 0 0 0
Drop 0 0 1
GAMEOVER DRAW
# Game ended: Sat Apr 11 00:48:53 EDT 2020
