# Server version 0.08 running on 192.168.2.10:8123
# Game ID: 245
# Board class: Saboteur.SaboteurBoard
# Timeout: 20000
# First Move Timeout: 30000
# Date: Sat Apr 11 19:53:47 EDT 2020
# Player 1: Player-0, 'RandomPlayer', running on 192.168.2.10
# Player 2: Player-1, '260738242', running on 192.168.2.10
START Player-0 RandomPlayer
START Player-1 260738242
BoardInit:Tile:14,Malus,Tile:2,Map,Malus,Tile:0,Tile:4,Tile:7,Tile:10,Destroy,Tile:6,Map,Bonus,Destroy,Tile:12,Tile:9,Tile:8,Destroy,Tile:7,Tile:13,Bonus,Map,Map,Tile:9,Bonus,Tile:7,Tile:8,Tile:6,Tile:6,Tile:6,Tile:9,Tile:0,Tile:10,Tile:15,Tile:11,Map,Tile:8,Tile:5,Tile:0,Tile:9,Map-Tile:5,Tile:8,Tile:10,Tile:3,Tile:7,Tile:0,Tile:6-Tile:5,Tile:5,Tile:1,Tile:9,Tile:8,Bonus,Tile:7-Tile:nugget,Tile:hidden2,Tile:hidden1
Tile:5_flip 6 5 1
Tile:7 5 4 0
Tile:3_flip 5 6 1
Tile:1 4 4 0
Tile:14_flip 4 5 1
Tile:5 6 4 0
Tile:7 7 4 1
Drop 6 0 0
Tile:2 3 4 1
Tile:7_flip 7 5 0
Tile:6 8 5 1
Tile:9 8 4 0
Tile:6 9 5 1
Map 12 3 0
Tile:8 10 5 1
Tile:5 10 4 0
Tile:4 8 3 1
Tile:9_flip 9 4 0
Tile:12 6 6 1
Drop 0 0 0
Drop 1 0 1
Drop 3 0 0
Drop 1 0 1
Destroy 4 5 0
Map 12 7 1
Destroy 7 4 0
Tile:7 11 4 1
Tile:9_flip 7 4 0
Drop 1 0 1
Destroy 6 6 0
Drop 1 0 1
Tile:6 10 6 0
Drop 1 0 1
Tile:6_flip 6 6 0
Drop 1 0 1
Tile:7_flip 3 5 0
Tile:11 2 4 1
Tile:13 11 5 0
Tile:6 11 6 1
Tile:0 9 6 0
Drop 1 0 1
Drop 6 0 0
Map 12 5 1
Tile:5_flip 12 6 0
Tile:9 9 3 1
Drop 3 0 0
Tile:0 10 3 1
Map 12 7 0
Drop 1 0 1
Map 12 7 0
Drop 1 0 1
Malus 0 0 0
Drop 1 0 1
Drop 0 0 0
GAMEOVER USER CANCEL UNDECIDED
# Game ended: Sat Apr 11 19:53:53 EDT 2020
