# Server version 0.08 running on 192.168.2.10:8123
# Game ID: 116
# Board class: Saboteur.SaboteurBoard
# Timeout: 20000
# First Move Timeout: 30000
# Date: Sat Apr 11 14:12:26 EDT 2020
# Player 1: Player-0, '260738242', running on 192.168.2.10
# Player 2: Player-1, 'Human', running on 192.168.2.10
START Player-0 260738242
START Player-1 Human
BoardInit:Tile:15,Bonus,Tile:5,Tile:6,Map,Map,Tile:0,Tile:11,Tile:6,Destroy,Map,Tile:9,Tile:5,Tile:7,Tile:0,Map,Tile:9,Tile:10,Bonus,Tile:8,Map,Tile:7,Tile:12,Tile:9,Tile:3,Tile:8,Tile:7,Bonus,Tile:5,Tile:8,Tile:0,Tile:6,Tile:9,Tile:6,Tile:10,Tile:0,Tile:2,Tile:7,Malus,Tile:9,Tile:6-Map,Tile:1,Tile:8,Destroy,Tile:5,Tile:10,Tile:13-Destroy,Tile:8,Tile:14,Tile:7,Malus,Bonus,Tile:4-Tile:hidden1,Tile:hidden2,Tile:nugget
Tile:8 6 5 1
Tile:7 7 5 0
Tile:10 7 6 1
Tile:8 5 4 0
Tile:5 5 3 1
Destroy 5 3 0
Map 12 5 1
Map 12 3 0
Tile:5 5 3 1
Tile:14 6 3 0
