# Server version 0.08 running on 192.168.2.10:8123
# Game ID: 241
# Board class: Saboteur.SaboteurBoard
# Timeout: 20000
# First Move Timeout: 30000
# Date: Sat Apr 11 19:51:30 EDT 2020
# Player 1: Player-0, 'RandomPlayer', running on 192.168.2.10
# Player 2: Player-1, '260738242', running on 192.168.2.10
START Player-0 RandomPlayer
START Player-1 260738242
BoardInit:Map,Tile:6,Bonus,Tile:0,Tile:8,Bonus,Tile:15,Tile:8,Tile:7,Tile:6,Tile:11,Tile:0,Malus,Map,Tile:10,Tile:6,Tile:9,Tile:10,Tile:7,Tile:9,Destroy,Tile:5,Tile:5,Tile:14,Tile:6,Tile:6,Tile:7,Tile:9,Tile:7,Tile:12,Bonus,Map,Tile:2,Tile:3,Destroy,Map,Bonus,Tile:0,Destroy,Tile:5,Malus-Tile:10,Tile:8,Tile:9,Tile:9,Tile:13,Tile:5,Tile:8-Tile:0,Map,Tile:4,Tile:1,Map,Tile:7,Tile:8-Tile:nugget,Tile:hidden2,Tile:hidden1
Tile:5_flip 6 5 1
Map 12 5 0
Map 12 7 1
Drop 1 0 0
Tile:9 6 4 1
Tile:6_flip 6 3 0
Tile:9_flip 7 3 1
Map 12 5 0
Tile:8 7 4 1
Tile:0 5 3 0
Tile:7 8 4 1
Tile:1 4 3 0
Tile:8 8 5 1
Tile:6 4 5 0
Tile:8 9 5 1
Tile:0 3 3 0
Tile:13 2 3 1
Tile:7 2 2 0
Tile:9_flip 10 5 1
Tile:8 2 4 0
Tile:15 2 5 1
Tile:6_flip 1 3 0
Tile:11 0 3 1
Tile:9 10 6 0
Tile:7 10 4 1
Drop 4 0 0
Tile:5_flip 11 6 1
Tile:14_flip 9 4 0
Tile:10 11 5 1
Tile:6 5 6 0
Malus 0 0 1
Drop 3 0 0
Drop 1 0 1
Map 12 7 0
Tile:2 0 2 1
Drop 0 0 0
Drop 1 0 1
Drop 2 0 0
Drop 1 0 1
Map 12 5 0
Drop 1 0 1
Drop 2 0 0
Malus 0 0 1
Drop 1 0 0
Drop 1 0 1
Drop 3 0 0
Drop 1 0 1
Drop 0 0 0
Drop 1 0 1
Drop 2 0 0
Drop 1 0 1
Drop 0 0 0
Drop 1 0 1
Drop 0 0 0
GAMEOVER USER CANCEL UNDECIDED
# Game ended: Sat Apr 11 19:51:34 EDT 2020
