# Server version 0.08 running on 192.168.2.10:8123
# Game ID: 290
# Board class: Saboteur.SaboteurBoard
# Timeout: 20000
# First Move Timeout: 30000
# Date: Sat Apr 11 20:07:13 EDT 2020
# Player 1: Player-0, 'RandomPlayer', running on 192.168.2.10
# Player 2: Player-1, '260738242', running on 192.168.2.10
START Player-0 RandomPlayer
START Player-1 260738242
BoardInit:Tile:6,Tile:7,Malus,Tile:7,Bonus,Tile:5,Tile:15,Bonus,Tile:7,Tile:6,Tile:7,Tile:9,Malus,Tile:8,Tile:4,Tile:9,Tile:8,Destroy,Map,Bonus,Tile:9,Tile:8,Tile:7,Tile:10,Tile:0,Tile:0,Tile:5,Tile:6,Tile:12,Tile:14,Map,Tile:6,Tile:1,Tile:9,Tile:5,Tile:0,Tile:13,Tile:6,Map,Map,Tile:8-Tile:11,Map,Tile:10,Tile:2,Map,Destroy,Destroy-Tile:8,Tile:5,Tile:10,Tile:0,Tile:3,Bonus,Tile:9-Tile:nugget,Tile:hidden2,Tile:hidden1
Map 12 7 1
Tile:8 5 6 0
Map 12 5 1
Tile:9 4 6 0
Tile:6 6 5 1
Tile:0 6 6 0
Tile:11 4 7 1
Tile:7 7 6 0
Tile:2 5 4 1
Drop 2 0 0
Tile:15 4 8 1
Tile:5 4 5 0
Drop 1 0 1
Tile:5_flip 7 5 0
Tile:10 7 4 1
Tile:6 4 9 0
Drop 1 0 1
Tile:9_flip 5 7 0
Tile:8 7 3 1
Tile:10 5 8 0
Tile:4 7 2 1
Destroy 5 4 0
Drop 1 0 1
Tile:8 5 9 0
Drop 1 0 1
Drop 4 0 0
Tile:0 8 3 1
Tile:8 6 9 0
Drop 1 0 1
Tile:7 6 4 0
Tile:12 7 9 1
Tile:9 3 9 0
Drop 1 0 1
Tile:6_flip 5 4 0
Tile:1 4 4 1
Tile:6 6 10 0
Drop 1 0 1
Drop 3 0 0
Tile:13 3 10 1
Tile:0 7 10 0
Drop 1 0 1
Tile:9 2 10 0
Tile:8 9 3 1
Tile:14_flip 6 8 0
Drop 1 0 1
Tile:6_flip 4 10 0
Drop 1 0 1
Tile:10 3 8 0
Drop 1 0 1
Map 12 7 0
Drop 1 0 1
Drop 0 0 0
Drop 1 0 1
Drop 0 0 0
Destroy 4 8 1
GAMEOVER DRAW
# Game ended: Sat Apr 11 20:07:13 EDT 2020
