# Server version 0.08 running on 192.168.2.10:8123
# Game ID: 197
# Board class: Saboteur.SaboteurBoard
# Timeout: 20000
# First Move Timeout: 30000
# Date: Sat Apr 11 19:37:34 EDT 2020
# Player 1: Player-0, '260738242', running on 192.168.2.10
# Player 2: Player-1, 'RandomPlayer', running on 192.168.2.10
START Player-0 260738242
START Player-1 RandomPlayer
BoardInit:Tile:1,Tile:6,Tile:4,Destroy,Tile:9,Tile:6,Map,Tile:5,Bonus,Tile:3,Tile:10,Tile:0,Tile:9,Tile:7,Tile:10,Tile:7,Tile:9,Tile:8,Tile:6,Tile:12,Tile:7,Malus,Destroy,Map,Tile:0,Tile:13,Tile:5,Tile:7,Map,Tile:9,Tile:11,Tile:5,Tile:14,Tile:0,Tile:2,Bonus,Map,Bonus,Tile:8,Malus,Tile:8-Map,Tile:8,Tile:15,Bonus,Map,Destroy,Tile:0-Tile:10,Tile:5,Tile:9,Tile:7,Tile:6,Tile:8,Tile:6-Tile:hidden2,Tile:nugget,Tile:hidden1
Map 12 5 1
Tile:5_flip 6 5 0
Destroy 6 5 1
Tile:7 6 5 0
Tile:4_flip 5 6 1
Tile:9 6 6 0
Map 12 5 1
Tile:6 7 6 0
Tile:1 8 6 1
Destroy 6 5 0
Tile:8 6 5 1
Tile:6_flip 7 5 0
Drop 0 0 1
Tile:6 8 5 0
Drop 2 0 1
Tile:6 9 5 0
Tile:10 6 4 1
Tile:8 10 5 0
Tile:0 9 6 1
Tile:3 5 4 0
Tile:6 11 5 1
GAMEOVER WINNER 1
# Game ended: Sat Apr 11 19:37:35 EDT 2020
