# Server version 0.08 running on 192.168.2.10:8123
# Game ID: 320
# Board class: Saboteur.SaboteurBoard
# Timeout: 20000
# First Move Timeout: 30000
# Date: Sat Apr 11 20:14:47 EDT 2020
# Player 1: Player-0, 'RandomPlayer', running on 192.168.2.10
# Player 2: Player-1, '260738242', running on 192.168.2.10
START Player-0 RandomPlayer
START Player-1 260738242
BoardInit:Tile:6,Tile:13,Tile:7,Tile:7,Tile:8,Tile:6,Map,Tile:0,Tile:5,Tile:8,Bonus,Bonus,Tile:7,Map,Malus,Tile:1,Tile:8,Map,Tile:9,Tile:9,Tile:9,Tile:4,Tile:6,Destroy,Tile:12,Bonus,Tile:10,Tile:10,Tile:5,Tile:8,Tile:9,Tile:6,Tile:7,Tile:2,Tile:7,Tile:0,Tile:11,Tile:9,Map,Tile:15,Destroy-Tile:10,Tile:8,Tile:0,Tile:5,Malus,Map,Tile:14-Tile:0,Destroy,Tile:6,Tile:5,Bonus,Map,Tile:3-Tile:hidden2,Tile:nugget,Tile:hidden1
Map 12 3 1
Tile:6 5 6 0
Malus 0 0 1
Drop 1 0 0
Tile:14 6 5 1
Map 12 5 0
Drop 1 0 1
Drop 3 0 0
Map 12 5 1
Drop 5 0 0
Tile:6_flip 6 6 1
Bonus 0 0 0
Tile:5_flip 7 6 1
Drop 6 0 0
Tile:5 7 5 1
Map 12 7 0
Tile:0 8 5 1
Tile:1 9 5 0
Drop 1 0 1
Tile:5 6 4 0
Drop 1 0 1
Tile:0 4 6 0
Drop 1 0 1
Tile:0 4 5 0
Tile:6 7 4 1
Tile:8 6 7 0
Tile:12 7 7 1
Tile:9 3 6 0
Drop 1 0 1
Tile:13 6 8 0
Drop 1 0 1
Destroy 6 7 0
Drop 1 0 1
Tile:8 5 8 0
Drop 1 0 1
Tile:10 5 4 0
Drop 1 0 1
Tile:4 7 3 0
Tile:11 3 5 1
Tile:6_flip 7 8 0
Drop 1 0 1
Tile:9 4 8 0
Drop 1 0 1
Tile:7 10 5 0
Drop 1 0 1
Drop 3 0 0
Drop 1 0 1
Tile:2_flip 8 4 0
Drop 1 0 1
Map 12 3 0
Drop 1 0 1
Tile:15 8 3 0
Drop 1 0 1
Drop 0 0 0
Tile:10 4 9 1
GAMEOVER DRAW
# Game ended: Sat Apr 11 20:14:48 EDT 2020
