# Server version 0.08 running on 192.168.2.10:8123
# Game ID: 327
# Board class: Saboteur.SaboteurBoard
# Timeout: 20000
# First Move Timeout: 30000
# Date: Sat Apr 11 20:23:39 EDT 2020
# Player 1: Player-0, 'RandomPlayer', running on 192.168.2.10
# Player 2: Player-1, '260738242', running on 192.168.2.10
START Player-0 RandomPlayer
START Player-1 260738242
BoardInit:Tile:9,Tile:1,Destroy,Tile:8,Map,Tile:5,Tile:9,Tile:7,Tile:7,Tile:6,Tile:5,Tile:11,Tile:5,Map,Tile:10,Malus,Destroy,Tile:6,Tile:7,Tile:0,Bonus,Tile:7,Tile:9,Tile:6,Tile:14,Tile:8,Tile:4,Tile:2,Tile:10,Tile:3,Bonus,Map,Tile:9,Map,Tile:5,Tile:8,Tile:6,Malus,Tile:0,Tile:15,Map-Tile:0,Destroy,Tile:7,Bonus,Tile:6,Tile:10,Map-Tile:8,Bonus,Tile:12,Tile:9,Tile:13,Tile:0,Tile:8-Tile:hidden2,Tile:hidden1,Tile:nugget
Map 12 3 1
Tile:8 5 6 0
Tile:7 6 6 1
Tile:9_flip 5 7 0
Tile:9 6 7 1
Tile:13 4 5 0
Map 12 7 1
Tile:0 3 5 0
Tile:6 7 7 1
Tile:7_flip 4 7 0
Tile:0 8 7 1
Tile:6_flip 9 7 0
Drop 1 0 1
Tile:1 2 5 0
Drop 1 0 1
Tile:11 4 4 0
Drop 1 0 1
Tile:8 4 3 0
Drop 1 0 1
Tile:6_flip 1 5 0
Drop 1 0 1
Tile:12 6 5 0
Drop 1 0 1
Tile:8 5 8 0
Drop 1 0 1
Tile:7 4 2 0
Tile:14 1 6 1
Tile:8 5 9 0
Tile:4 7 6 1
Tile:2_flip 10 7 0
Drop 1 0 1
Malus 0 0 0
Bonus 0 0 1
Tile:6_flip 0 6 0
Drop 1 0 1
Tile:0 4 8 0
Drop 1 0 1
Tile:8 5 4 0
Tile:6 6 8 1
Tile:3_flip 5 10 0
Tile:0 7 8 1
Tile:5_flip 0 7 0
Drop 1 0 1
Map 12 5 0
Drop 1 0 1
Drop 3 0 0
Drop 1 0 1
Drop 2 0 0
Drop 1 0 1
Map 12 3 0
Drop 1 0 1
Tile:15 10 6 0
Drop 1 0 1
Drop 0 0 0
Destroy 1 5 1
GAMEOVER DRAW
# Game ended: Sat Apr 11 20:23:42 EDT 2020
