# Server version 0.08 running on 192.168.2.10:8123
# Game ID: 84
# Board class: Saboteur.SaboteurBoard
# Timeout: 20000
# First Move Timeout: 30000
# Date: Sat Apr 11 00:42:08 EDT 2020
# Player 1: Player-0, 'RandomPlayer', running on 192.168.2.10
# Player 2: Player-1, '260738242', running on 192.168.2.10
START Player-0 RandomPlayer
START Player-1 260738242
BoardInit:Malus,Tile:9,Map,Bonus,Tile:0,Tile:7,Tile:6,Tile:1,Tile:6,Tile:5,Bonus,Tile:12,Tile:13,Tile:10,Tile:5,Tile:6,Tile:8,Destroy,Map,Map,Map,Tile:2,Tile:7,Destroy,Tile:11,Tile:0,Malus,Destroy,Map,Tile:10,Tile:6,Map,Tile:6,Tile:7,Tile:8,Tile:5,Tile:5,Tile:9,Tile:14,Tile:3,Tile:8-Tile:0,Tile:10,Tile:15,Tile:4,Tile:7,Tile:0,Tile:8-Bonus,Bonus,Tile:7,Tile:9,Tile:9,Tile:8,Tile:9-Tile:hidden1,Tile:hidden2,Tile:nugget
Tile:0 6 5 1
Tile:8 7 5 0
Tile:10 5 4 1
Tile:9 5 3 0
Map 12 3 1
Tile:7_flip 7 6 0
Tile:15 5 2 1
Tile:9_flip 7 4 0
Tile:6 8 5 1
Tile:9 5 1 0
Tile:6 9 5 1
Tile:5 4 5 0
Tile:4 5 0 1
Tile:12 8 6 0
Tile:7 6 1 1
Tile:10 6 2 0
Tile:8 4 6 1
Tile:6 3 6 0
Tile:0 2 6 1
Tile:9 7 3 0
Map 12 3 1
Destroy 8 6 0
Map 12 3 1
Tile:7_flip 1 6 0
Malus 0 0 1
Drop 0 0 0
Tile:0 8 3 1
Map 12 7 0
Tile:13 4 7 1
Destroy 9 5 0
Map 12 3 1
Drop 0 0 0
Tile:6 9 5 1
Map 12 3 0
Tile:6 10 5 1
Destroy 4 7 0
Tile:5_flip 11 5 1
Drop 4 0 0
Malus 0 0 1
Drop 0 0 0
Tile:8 1 5 1
Drop 2 0 0
Tile:7 1 4 1
Drop 1 0 0
Tile:11 0 4 1
Drop 3 0 0
Tile:8 0 3 1
Drop 0 0 0
Tile:5 0 2 1
Drop 2 0 0
Tile:14 1 2 1
Drop 0 0 0
Tile:8 0 5 1
Drop 0 0 0
Drop 0 0 1
GAMEOVER DRAW
# Game ended: Sat Apr 11 00:42:10 EDT 2020
