# Server version 0.08 running on 192.168.2.10:8123
# Game ID: 193
# Board class: Saboteur.SaboteurBoard
# Timeout: 20000
# First Move Timeout: 30000
# Date: Sat Apr 11 19:30:40 EDT 2020
# Player 1: Player-0, 'RandomPlayer', running on 192.168.2.10
# Player 2: Player-1, '260738242', running on 192.168.2.10
START Player-0 RandomPlayer
START Player-1 260738242
BoardInit:Tile:0,Tile:0,Bonus,Tile:9,Map,Tile:1,Tile:15,Map,Tile:13,Tile:6,Tile:5,Tile:7,Tile:5,Tile:5,Tile:8,Tile:7,Tile:10,Tile:8,Destroy,Tile:9,Malus,Tile:6,Bonus,Tile:14,Map,Tile:12,Bonus,Tile:6,Tile:7,Tile:3,Tile:9,Tile:8,Malus,Tile:8,Tile:0,Tile:4,Destroy,Map,Tile:7,Tile:5,Tile:2-Tile:8,Tile:7,Tile:9,Tile:10,Tile:0,Tile:9,Map-Map,Tile:6,Destroy,Tile:6,Tile:11,Tile:10,Bonus-Tile:hidden1,Tile:nugget,Tile:hidden2
Map 12 3 1
Tile:6 6 5 0
Tile:7 7 5 1
Tile:6_flip 6 4 0
Tile:9 7 6 1
Tile:11 7 7 0
Map 12 7 1
Tile:1 7 4 0
Tile:9_flip 8 6 1
Tile:9 5 4 0
Tile:15 5 3 1
Map 12 3 0
Tile:5 8 5 1
Map 12 5 0
Tile:8 9 5 1
Tile:5 4 5 0
Tile:0 10 5 1
Destroy 4 5 0
Tile:13 5 2 1
Tile:7 11 5 0
Destroy 6 5 1
Tile:9_flip 7 8 0
