# Server version 0.08 running on 192.168.2.10:8123
# Game ID: 247
# Board class: Saboteur.SaboteurBoard
# Timeout: 20000
# First Move Timeout: 30000
# Date: Sat Apr 11 19:54:27 EDT 2020
# Player 1: Player-0, 'RandomPlayer', running on 192.168.2.10
# Player 2: Player-1, '260738242', running on 192.168.2.10
START Player-0 RandomPlayer
START Player-1 260738242
BoardInit:Map,Malus,Tile:11,Tile:8,Tile:0,Tile:6,Destroy,Map,Tile:4,Tile:12,Tile:7,Tile:9,Tile:7,Tile:8,Destroy,Tile:5,Map,Tile:9,Tile:7,Tile:15,Tile:6,Bonus,Tile:0,Tile:0,Tile:0,Destroy,Tile:9,Bonus,Tile:5,Tile:5,Tile:2,Tile:13,Tile:10,Map,Tile:6,Tile:10,Tile:9,Tile:8,Map,Tile:10,Tile:9-Tile:14,Tile:5,Tile:8,Malus,Tile:3,Tile:7,Tile:1-Bonus,Tile:6,Bonus,Map,Tile:6,Tile:8,Tile:7-Tile:hidden2,Tile:hidden1,Tile:nugget
Tile:5_flip 6 5 1
Drop 3 0 0
Map 12 3 1
Tile:6_flip 4 5 0
Tile:14 4 6 1
Tile:7 6 4 0
Tile:3_flip 5 6 1
Tile:6 3 6 0
Destroy 6 5 1
Drop 2 0 0
Tile:8 6 5 1
Drop 2 0 0
Tile:7 7 5 1
Tile:6 6 6 0
Tile:11 3 5 1
Tile:8 7 6 0
Tile:7 8 6 1
Tile:9 7 7 0
Map 12 7 1
Map 12 7 0
Tile:1 2 6 1
Tile:9_flip 7 8 0
Tile:6 8 7 1
Drop 1 0 0
Tile:0 9 7 1
Tile:0 10 7 0
Malus 0 0 1
Destroy 4 6 0
Destroy 10 7 1
Drop 4 0 0
Tile:0 10 7 1
Bonus 0 0 0
Tile:4 3 4 1
Tile:13 6 8 0
Tile:2 1 6 1
Tile:5 5 4 0
Drop 1 0 1
Tile:5_flip 6 9 0
Drop 1 0 1
Tile:8 11 7 0
GAMEOVER WINNER 0
# Game ended: Sat Apr 11 19:54:29 EDT 2020
