# Server version 0.08 running on 192.168.2.10:8123
# Game ID: 217
# Board class: Saboteur.SaboteurBoard
# Timeout: 20000
# First Move Timeout: 30000
# Date: Sat Apr 11 19:44:54 EDT 2020
# Player 1: Player-0, '260738242', running on 192.168.2.10
# Player 2: Player-1, 'RandomPlayer', running on 192.168.2.10
START Player-0 260738242
START Player-1 RandomPlayer
BoardInit:Tile:12,Tile:5,Tile:3,Map,Bonus,Tile:10,Bonus,Tile:8,Tile:9,Tile:11,Tile:14,Tile:6,Tile:8,Tile:15,Tile:5,Map,Tile:9,Tile:7,Destroy,Tile:10,Tile:9,Map,Tile:13,Tile:8,Malus,Tile:0,Tile:7,Tile:4,Tile:7,Tile:0,Tile:9,Bonus,Tile:7,Tile:9,Tile:10,Map,Tile:5,Tile:5,Tile:8,Tile:2,Tile:1-Tile:6,Destroy,Bonus,Malus,Destroy,Tile:8,Tile:6-Tile:0,Tile:0,Tile:6,Tile:6,Tile:7,Map,Map-Tile:nugget,Tile:hidden1,Tile:hidden2
Tile:6_flip 6 5 1
Map 12 5 0
Drop 1 0 1
Map 12 3 0
Tile:6 5 6 1
Tile:5_flip 7 5 0
Tile:8 5 4 1
Tile:6_flip 7 4 0
Drop 0 0 1
Tile:6 8 4 0
Drop 1 0 1
Tile:0 9 4 0
Tile:3 5 3 1
Tile:6 10 4 0
Tile:8 4 5 1
Tile:0 11 4 0
Tile:9 8 3 1
Tile:11 4 6 0
Tile:9_flip 6 6 1
Tile:15 4 7 0
Tile:5_flip 9 3 1
Drop 2 0 0
Tile:14_flip 4 3 1
Drop 2 0 0
Tile:9 9 2 1
Drop 2 0 0
Destroy 5 6 1
Drop 2 0 0
Tile:12 10 2 1
Tile:4 8 2 0
Tile:7 12 4 1
Drop 2 0 0
Tile:9_flip 12 6 1
Drop 2 0 0
Tile:7_flip 12 8 1
Drop 2 0 0
Tile:13 4 8 1
Drop 2 0 0
Tile:5 9 1 1
Tile:0 10 1 0
Tile:7 13 8 1
Tile:7 11 1 0
Tile:8 4 4 1
Tile:9 11 2 0
Tile:10 13 9 1
Tile:2 3 4 0
Tile:1 13 7 1
Drop 2 0 0
Drop 0 0 1
Drop 2 0 0
Drop 0 0 1
GAMEOVER USER CANCEL UNDECIDED
# Game ended: Sat Apr 11 19:45:06 EDT 2020
