# Server version 0.08 running on 192.168.2.10:8123
# Game ID: 68
# Board class: Saboteur.SaboteurBoard
# Timeout: 20000
# First Move Timeout: 30000
# Date: Fri Apr 10 19:56:56 EDT 2020
# Player 1: Player-0, '260738242', running on 192.168.2.10
# Player 2: Player-1, 'RandomPlayer', running on 192.168.2.10
START Player-0 260738242
START Player-1 RandomPlayer
BoardInit:Tile:5,Tile:7,Tile:6,Tile:10,Tile:9,Malus,Tile:8,Tile:9,Tile:0,Tile:11,Tile:1,Tile:13,Tile:0,Tile:12,Map,Tile:10,Tile:6,Tile:6,Tile:5,Tile:10,Tile:8,Bonus,Destroy,Tile:9,Tile:0,Map,Map,Tile:14,Tile:8,Tile:2,Map,Tile:8,Tile:6,Map,Destroy,Tile:7,Tile:7,Tile:3,Tile:7,Tile:6,Bonus-Tile:0,Map,Tile:15,Tile:7,Tile:5,Tile:8,Malus-Destroy,Bonus,Tile:5,Bonus,Tile:4,Tile:9,Tile:9-Tile:hidden2,Tile:hidden1,Tile:nugget
Tile:7 5 4 1
Tile:5 4 4 0
Drop 1 0 1
Destroy 4 4 0
Drop 4 0 1
Tile:9 4 4 0
Drop 2 0 1
Tile:4 4 3 0
Tile:8 4 5 1
Tile:9 4 6 0
Tile:5_flip 4 7 1
Tile:7_flip 3 7 0
Tile:8 5 6 1
Tile:9_flip 6 6 0
Tile:0 3 5 1
Tile:10 6 7 0
Drop 6 0 1
Malus 0 0 0
Drop 3 0 1
Tile:6_flip 6 5 0
Drop 2 0 1
Tile:11 2 5 0
Drop 0 0 1
Tile:13 2 4 0
Destroy 3 5 1
Tile:12 3 4 0
Drop 0 0 1
Map 12 3 0
Drop 4 0 1
Tile:10 2 3 0
Map 12 3 1
Tile:10 2 2 0
Map 12 3 1
Tile:8 7 5 0
Drop 3 0 1
Map 12 3 0
Destroy 3 7 1
Tile:9 2 1 0
Drop 6 0 1
Tile:14 3 1 0
Drop 2 0 1
Tile:6 8 5 0
Drop 5 0 1
Tile:2 2 0 0
Drop 4 0 1
Tile:7 3 0 0
Drop 3 0 1
Tile:3 7 4 0
Drop 2 0 1
Drop 0 0 0
Drop 0 0 1
Drop 0 0 0
Bonus 0 0 1
Drop 0 0 0
Tile:0 3 5 1
GAMEOVER DRAW
# Game ended: Fri Apr 10 19:56:57 EDT 2020
