# Server version 0.08 running on 192.168.2.10:8123
# Game ID: 164
# Board class: Saboteur.SaboteurBoard
# Timeout: 20000
# First Move Timeout: 30000
# Date: Sat Apr 11 17:36:25 EDT 2020
# Player 1: Player-0, '260738242', running on 192.168.2.10
# Player 2: Player-1, 'RandomPlayer', running on 192.168.2.10
START Player-0 260738242
START Player-1 RandomPlayer
BoardInit:Tile:9,Tile:10,Tile:14,Tile:0,Tile:4,Map,Bonus,Tile:0,Map,Malus,Tile:6,Tile:5,Tile:7,Map,Tile:10,Tile:8,Tile:12,Map,Tile:9,Tile:0,Map,Tile:11,Destroy,Tile:8,Tile:6,Tile:7,Tile:9,Tile:15,Tile:8,Tile:6,Tile:8,Tile:3,Map,Tile:6,Bonus,Tile:6,Tile:9,Destroy,Tile:7,Tile:5,Tile:7-Tile:0,Tile:1,Tile:13,Tile:7,Tile:9,Bonus,Tile:2-Bonus,Malus,Tile:10,Destroy,Tile:8,Tile:5,Tile:5-Tile:hidden2,Tile:hidden1,Tile:nugget
Tile:2 4 5 1
Drop 2 0 0
Tile:7 6 5 1
Drop 2 0 0
Tile:14_flip 5 4 1
Drop 2 0 0
Drop 2 0 1
Map 12 3 0
Tile:9_flip 5 6 1
Drop 2 0 0
Drop 3 0 1
Drop 2 0 0
Map 12 7 1
Drop 2 0 0
Tile:6 4 6 1
Map 12 3 0
Tile:1 6 4 1
Drop 2 0 0
Tile:0 3 6 1
Map 12 3 0
Tile:10 6 6 1
Drop 2 0 0
Tile:9 6 7 1
Tile:11 2 6 0
Drop 0 0 1
Drop 2 0 0
Map 12 3 1
Drop 2 0 0
Tile:7_flip 6 8 1
Tile:15 2 5 0
Tile:6 7 7 1
Tile:6 8 7 0
Destroy 5 6 1
Tile:3 2 4 0
Tile:12_flip 1 4 1
Tile:6 9 7 0
Drop 6 0 1
Tile:6 10 7 0
Tile:4 7 6 1
Malus 0 0 0
Drop 2 0 1
Destroy 10 7 0
Map 12 7 1
Drop 2 0 0
Drop 4 0 1
Drop 2 0 0
Drop 3 0 1
Drop 2 0 0
Drop 2 0 1
Drop 2 0 0
Drop 0 0 1
GAMEOVER USER CANCEL UNDECIDED
# Game ended: Sat Apr 11 17:36:31 EDT 2020
