# Server version 0.08 running on 192.168.2.10:8123
# Game ID: 287
# Board class: Saboteur.SaboteurBoard
# Timeout: 20000
# First Move Timeout: 30000
# Date: Sat Apr 11 20:06:41 EDT 2020
# Player 1: Player-0, 'RandomPlayer', running on 192.168.2.10
# Player 2: Player-1, '260738242', running on 192.168.2.10
START Player-0 RandomPlayer
START Player-1 260738242
BoardInit:Tile:3,Tile:11,Tile:7,Tile:9,Tile:10,Tile:12,Map,Malus,Tile:5,Tile:7,Map,Tile:8,Tile:5,Destroy,Bonus,Destroy,Tile:6,Tile:6,Tile:0,Tile:7,Tile:0,Tile:10,Tile:0,Tile:7,Tile:6,Bonus,Tile:14,Map,Tile:8,Tile:15,Tile:7,Malus,Bonus,Tile:10,Tile:0,Tile:6,Map,Tile:2,Tile:13,Tile:8,Tile:1-Tile:9,Tile:5,Destroy,Bonus,Map,Tile:4,Tile:9-Tile:8,Map,Tile:6,Tile:5,Tile:9,Tile:9,Tile:8-Tile:nugget,Tile:hidden2,Tile:hidden1
Map 12 3 1
Tile:9_flip 5 4 0
Tile:5 5 3 1
Tile:8 4 5 0
Tile:4_flip 4 6 1
Tile:8 6 3 0
Tile:3 6 5 1
Tile:6 6 6 0
Drop 1 0 1
Tile:9 5 6 0
Drop 1 0 1
Tile:12 7 6 0
Drop 1 0 1
Tile:7_flip 6 4 0
Drop 1 0 1
Tile:8 7 3 0
Drop 1 0 1
Tile:9 4 4 0
Tile:6 8 3 1
Destroy 6 4 0
Tile:0 9 3 1
Tile:7_flip 6 4 0
Tile:0 10 3 1
Tile:5_flip 11 3 0
Drop 1 0 1
Tile:7 6 2 0
Tile:6 7 4 1
Map 12 3 0
Tile:0 8 4 1
Tile:11 5 7 0
Tile:14 5 8 1
Malus 0 0 0
Bonus 0 0 1
Malus 0 0 0
Bonus 0 0 1
Tile:6_flip 9 4 0
Tile:0 10 4 1
Destroy 8 3 0
Drop 1 0 1
Tile:6_flip 4 8 0
Tile:13 3 5 1
Tile:2_flip 2 5 0
Tile:1 1 5 1
Tile:10 9 5 0
Drop 1 0 1
Tile:10 4 3 0
Drop 1 0 1
Tile:15 3 4 0
Drop 1 0 1
Tile:8 11 2 0
Drop 1 0 1
Map 12 7 0
Drop 1 0 1
Drop 0 0 0
Drop 0 0 1
GAMEOVER DRAW
# Game ended: Sat Apr 11 20:06:43 EDT 2020
