# Server version 0.08 running on 192.168.2.10:8123
# Game ID: 317
# Board class: Saboteur.SaboteurBoard
# Timeout: 20000
# First Move Timeout: 30000
# Date: Sat Apr 11 20:12:47 EDT 2020
# Player 1: Player-0, 'RandomPlayer', running on 192.168.2.10
# Player 2: Player-1, '260738242', running on 192.168.2.10
START Player-0 RandomPlayer
START Player-1 260738242
BoardInit:Map,Tile:7,Tile:4,Map,Bonus,Tile:8,Tile:7,Tile:1,Tile:0,Tile:12,Tile:0,Map,Destroy,Malus,Tile:7,Tile:6,Tile:5,Tile:13,Tile:2,Tile:6,Bonus,Tile:0,Bonus,Tile:11,Tile:9,Tile:5,Tile:10,Destroy,Tile:7,Tile:10,Map,Tile:8,Malus,Tile:9,Destroy,Tile:6,Tile:6,Tile:6,Map,Bonus,Tile:8-Tile:15,Tile:9,Tile:3,Tile:5,Tile:8,Tile:9,Tile:7-Tile:9,Tile:10,Tile:14,Map,Tile:8,Tile:5,Tile:0-Tile:hidden2,Tile:nugget,Tile:hidden1
Tile:5_flip 6 5 1
Tile:8 4 5 0
Map 12 5 1
Tile:9 4 4 0
Tile:15 4 3 1
Map 12 3 0
Tile:3 4 2 1
Tile:14_flip 6 4 0
Tile:4_flip 4 6 1
Drop 0 0 0
Drop 1 0 1
Drop 1 0 0
Drop 1 0 1
Drop 6 0 0
Drop 1 0 1
Tile:7 7 4 0
Tile:7_flip 7 5 1
Tile:8 3 5 0
Tile:0 8 5 1
Tile:1 3 2 0
Tile:0 9 5 1
Tile:13 2 2 0
Tile:2 2 1 1
Tile:6 3 1 0
Drop 1 0 1
Tile:5_flip 10 5 0
Drop 1 0 1
Tile:6_flip 1 2 0
Drop 1 0 1
Destroy 2 2 0
Drop 1 0 1
Tile:11 10 4 0
Drop 1 0 1
Tile:5_flip 3 6 0
Drop 1 0 1
Tile:8 2 2 0
Drop 1 0 1
Tile:9_flip 10 3 0
Drop 1 0 1
Tile:0 4 1 0
Drop 1 0 1
Tile:6_flip 2 6 0
Drop 1 0 1
Tile:10 3 4 0
Drop 1 0 1
Map 12 7 0
Drop 1 0 1
Tile:6_flip 5 1 0
Drop 1 0 1
Tile:12 11 4 0
Drop 1 0 1
Malus 0 0 0
Drop 1 0 1
Drop 0 0 0
Drop 0 0 1
GAMEOVER DRAW
# Game ended: Sat Apr 11 20:12:49 EDT 2020
