# Server version 0.08 running on 192.168.2.10:8123
# Game ID: 41
# Board class: Saboteur.SaboteurBoard
# Timeout: 20000
# First Move Timeout: 30000
# Date: Fri Apr 10 19:24:18 EDT 2020
# Player 1: Player-0, '260738242', running on 192.168.2.10
# Player 2: Player-1, 'Human', running on 192.168.2.10
START Player-0 260738242
START Player-1 Human
BoardInit:Tile:14,Map,Tile:10,Bonus,Map,Tile:8,Tile:8,Map,Tile:6,Tile:7,Tile:9,Tile:6,Tile:7,Tile:0,Destroy,Tile:0,Bonus,Tile:1,Tile:5,Tile:8,Map,Destroy,Tile:7,Tile:8,Malus,Tile:8,Tile:5,Tile:3,Tile:2,Tile:0,Tile:9,Tile:9,Tile:4,Tile:6,Tile:6,Tile:15,Tile:12,Tile:0,Map,Tile:13,Tile:5-Tile:7,Tile:9,Tile:6,Tile:10,Bonus,Destroy,Tile:7-Tile:9,Tile:10,Malus,Map,Bonus,Tile:5,Tile:11-Tile:nugget,Tile:hidden1,Tile:hidden2
Tile:6 6 5 1
Map 12 3 0
Tile:7 5 4 1
Map 12 3 0
Tile:9 5 6 1
Tile:9 4 4 0
Tile:10 5 7 1
Drop 2 0 0
Tile:8 7 5 1
Map 12 3 0
Tile:6 8 5 1
Tile:7 6 6 0
Tile:9 5 8 1
Tile:6 4 5 0
Tile:7 9 5 1
Tile:8 6 8 0
Tile:10 9 6 1
Tile:0 3 5 0
Map 12 5 1
Tile:1 7 8 0
Tile:5 4 3 1
Drop 3 0 0
Tile:7 8 8 1
Tile:10 6 9 0
