# Server version 0.08 running on 192.168.2.10:8123
# Game ID: 292
# Board class: Saboteur.SaboteurBoard
# Timeout: 20000
# First Move Timeout: 30000
# Date: Sat Apr 11 20:07:23 EDT 2020
# Player 1: Player-0, 'RandomPlayer', running on 192.168.2.10
# Player 2: Player-1, '260738242', running on 192.168.2.10
START Player-0 RandomPlayer
START Player-1 260738242
BoardInit:Bonus,Tile:1,Tile:6,Tile:8,Tile:13,Tile:0,Tile:5,Tile:10,Tile:0,Tile:10,Destroy,Tile:2,Map,Map,Tile:7,Map,Tile:9,Tile:7,Bonus,Tile:14,Malus,Map,Map,Tile:7,Tile:9,Tile:9,Tile:8,Tile:6,Tile:6,Tile:7,Tile:10,Tile:0,Tile:9,Bonus,Tile:5,Tile:6,Destroy,Tile:0,Tile:5,Tile:15,Tile:12-Destroy,Malus,Tile:6,Tile:11,Tile:8,Tile:8,Tile:9-Tile:8,Tile:4,Tile:3,Tile:5,Map,Bonus,Tile:7-Tile:hidden1,Tile:nugget,Tile:hidden2
Tile:6 6 5 1
Map 12 5 0
Tile:8 7 5 1
Drop 1 0 0
Tile:6 8 5 1
Tile:7 6 4 0
Tile:8 9 5 1
Tile:8 7 6 0
Tile:11 5 4 1
Tile:0 8 6 0
Tile:0 10 5 1
Tile:10 9 4 0
Tile:13 5 3 1
Tile:5_flip 7 7 0
Map 12 5 1
Tile:2_flip 5 6 0
Malus 0 0 1
Drop 5 0 0
Drop 1 0 1
Map 12 7 0
Drop 1 0 1
Drop 2 0 0
Malus 0 0 1
Map 12 3 0
Drop 1 0 1
Drop 5 0 0
Drop 1 0 1
Drop 0 0 0
Drop 1 0 1
Drop 6 0 0
Drop 1 0 1
Drop 1 0 0
Drop 1 0 1
Drop 4 0 0
Drop 1 0 1
Drop 4 0 0
Drop 1 0 1
Drop 3 0 0
Drop 1 0 1
Bonus 0 0 0
Drop 1 0 1
Drop 4 0 0
Tile:12 6 3 1
Bonus 0 0 0
Drop 1 0 1
Tile:7_flip 4 5 0
Drop 1 0 1
Tile:0 6 6 0
Drop 1 0 1
Tile:0 11 5 0
GAMEOVER WINNER 0
# Game ended: Sat Apr 11 20:07:23 EDT 2020
