# Server version 0.08 running on 192.168.2.10:8123
# Game ID: 243
# Board class: Saboteur.SaboteurBoard
# Timeout: 20000
# First Move Timeout: 30000
# Date: Sat Apr 11 19:52:30 EDT 2020
# Player 1: Player-0, 'RandomPlayer', running on 192.168.2.10
# Player 2: Player-1, '260738242', running on 192.168.2.10
START Player-0 RandomPlayer
START Player-1 260738242
BoardInit:Bonus,Map,Destroy,Tile:10,Tile:0,Tile:9,Tile:8,Map,Tile:9,Tile:6,Tile:6,Destroy,Tile:11,Map,Tile:7,Tile:6,Tile:10,Map,Tile:7,Tile:9,Tile:8,Map,Tile:0,Tile:10,Tile:3,Malus,Tile:1,Tile:6,Tile:8,Tile:15,Bonus,Tile:5,Tile:8,Tile:6,Tile:12,Tile:5,Tile:4,Bonus,Tile:14,Malus,Tile:7-Tile:7,Tile:7,Map,Tile:8,Tile:9,Tile:2,Tile:5-Tile:13,Destroy,Bonus,Tile:9,Tile:5,Tile:0,Tile:0-Tile:nugget,Tile:hidden1,Tile:hidden2
Map 12 7 1
Drop 2 0 0
Tile:7 6 5 1
Drop 1 0 0
Destroy 6 5 1
Tile:9 5 6 0
Tile:7 6 5 1
Tile:13 4 5 0
Tile:2 4 4 1
Drop 2 0 0
Drop 1 0 1
Tile:9 3 5 0
Drop 1 0 1
Tile:10 5 7 0
Tile:11 3 4 1
Destroy 4 4 0
Drop 1 0 1
Tile:6_flip 5 4 0
Tile:6 6 4 1
Tile:5_flip 5 8 0
Tile:7 7 4 1
Map 12 7 0
Tile:7_flip 7 5 1
Map 12 7 0
Tile:9_flip 8 5 1
Tile:6_flip 6 3 0
Tile:3 3 3 1
Tile:0 2 3 0
Tile:1 1 3 1
Tile:6 8 6 0
Tile:10 8 4 1
Malus 0 0 0
Bonus 0 0 1
Tile:5 7 6 0
Tile:8 9 6 1
Tile:9_flip 6 6 0
Tile:0 10 6 1
Tile:5 4 8 0
Tile:8 11 6 1
Tile:6 4 9 0
Tile:12 5 9 1
Tile:15 4 6 0
Tile:4 8 3 1
Malus 0 0 0
Drop 1 0 1
Map 12 3 0
Drop 1 0 1
Tile:10 11 5 0
Drop 1 0 1
Drop 2 0 0
Drop 1 0 1
Map 12 3 0
Drop 1 0 1
Map 12 7 0
