# Server version 0.08 running on 192.168.2.10:8123
# Game ID: 6
# Board class: Saboteur.SaboteurBoard
# Timeout: 20000
# First Move Timeout: 30000
# Date: Fri Apr 10 16:08:23 EDT 2020
# Player 1: Player-0, 'RandomPlayer', running on 192.168.2.10
# Player 2: Player-1, '260738242', running on 192.168.2.10
START Player-0 RandomPlayer
START Player-1 260738242
BoardInit:Tile:13,Tile:3,Tile:7,Map,Destroy,Tile:9,Tile:6,Tile:5,Tile:5,Tile:8,Tile:0,Bonus,Tile:10,Malus,Tile:0,Map,Tile:9,Tile:10,Malus,Destroy,Map,Tile:7,Tile:11,Tile:10,Tile:6,Tile:14,Tile:6,Tile:8,Tile:6,Tile:0,Tile:8,Tile:7,Tile:9,Tile:2,Tile:12,Map,Tile:1,Tile:9,Tile:4,Tile:8,Tile:9-Map,Destroy,Map,Bonus,Tile:7,Tile:5,Tile:6-Bonus,Tile:5,Tile:7,Tile:15,Tile:8,Tile:0,Bonus-Tile:hidden2,Tile:nugget,Tile:hidden1
Tile:7 6 5 1
Tile:8 5 4 0
Tile:6 4 5 1
Tile:5 3 5 0
Tile:7_flip 3 6 1
Tile:7 5 3 0
Destroy 6 5 1
Tile:9 4 3 0
Destroy 4 3 1
Tile:5 4 4 0
Drop 2 0 1
Drop 4 0 0
Tile:13 6 4 1
Drop 6 0 0
Tile:0 4 3 1
Drop 5 0 0
Map 12 3 1
Tile:0 4 6 0
Map 12 3 1
Map 12 7 0
Tile:6 5 6 1
Malus 0 0 0
Map 12 3 1
Destroy 3 5 0
Drop 5 0 1
Tile:10 6 3 0
Drop 0 0 1
Tile:14_flip 6 2 0
Drop 5 0 1
Drop 6 0 0
Drop 0 0 1
Tile:7_flip 3 3 0
Drop 6 0 1
Map 12 3 0
Drop 3 0 1
Tile:2_flip 6 5 0
Drop 3 0 1
Tile:7 6 6 0
Drop 6 0 1
Tile:0 7 4 0
Drop 2 0 1
Drop 2 0 0
Drop 0 0 1
Tile:8 6 7 0
Drop 4 0 1
Drop 3 0 0
Drop 2 0 1
Tile:10 3 2 0
Drop 0 0 1
Tile:9 3 1 0
Drop 0 0 1
Tile:15 6 8 0
Drop 1 0 1
Drop 0 0 0
Drop 0 0 1
GAMEOVER DRAW
# Game ended: Fri Apr 10 16:08:24 EDT 2020
