# Server version 0.08 running on 192.168.2.10:8123
# Game ID: 277
# Board class: Saboteur.SaboteurBoard
# Timeout: 20000
# First Move Timeout: 30000
# Date: Sat Apr 11 20:01:03 EDT 2020
# Player 1: Player-0, 'RandomPlayer', running on 192.168.2.10
# Player 2: Player-1, '260738242', running on 192.168.2.10
START Player-0 RandomPlayer
START Player-1 260738242
BoardInit:Destroy,Tile:6,Tile:0,Tile:7,Tile:0,Tile:7,Tile:5,Tile:9,Tile:7,Tile:8,Tile:15,Tile:8,Tile:5,Tile:8,Map,Map,Tile:9,Tile:10,Tile:12,Bonus,Tile:6,Map,Malus,Tile:6,Tile:6,Tile:1,Bonus,Tile:8,Tile:11,Tile:9,Map,Tile:13,Tile:9,Tile:6,Tile:9,Tile:8,Tile:3,Tile:4,Bonus,Map,Tile:5-Tile:7,Tile:7,Tile:0,Map,Bonus,Tile:0,Malus-Destroy,Destroy,Tile:14,Tile:10,Tile:2,Tile:10,Tile:5-Tile:hidden2,Tile:hidden1,Tile:nugget
Map 12 7 1
Drop 2 0 0
Tile:7 6 5 1
Destroy 6 5 0
Tile:7 6 5 1
Tile:7 5 4 0
Drop 1 0 1
Drop 2 0 0
Drop 1 0 1
Tile:10 5 6 0
Tile:5_flip 5 7 1
Tile:10 6 6 0
Tile:7_flip 6 7 1
Drop 2 0 0
Tile:0 7 7 1
Drop 3 0 0
Tile:0 8 7 1
Drop 1 0 0
Tile:0 9 7 1
Drop 3 0 0
Tile:12_flip 4 4 1
Map 12 3 0
Tile:6 10 7 1
Destroy 10 7 0
Drop 1 0 1
Tile:6 4 7 0
Tile:6 10 7 1
Tile:7 11 7 0
Tile:15 4 6 1
Drop 6 0 0
Tile:11 3 7 1
Drop 0 0 0
Drop 1 0 1
Tile:8 3 8 0
Drop 1 0 1
Drop 0 0 0
Drop 1 0 1
Tile:1 4 8 0
Tile:3 3 6 1
Tile:9_flip 11 8 0
Drop 1 0 1
Tile:6_flip 10 6 0
Drop 1 0 1
Tile:13 2 6 0
Drop 1 0 1
Drop 3 0 0
Drop 1 0 1
Tile:8 11 9 0
Tile:5_flip 11 6 1
Drop 2 0 0
Tile:9_flip 12 9 1
Map 12 7 0
Malus 0 0 1
Drop 0 0 0
GAMEOVER USER CANCEL UNDECIDED
# Game ended: Sat Apr 11 20:01:19 EDT 2020
