# Server version 0.08 running on 192.168.2.10:8123
# Game ID: 190
# Board class: Saboteur.SaboteurBoard
# Timeout: 20000
# First Move Timeout: 30000
# Date: Sat Apr 11 19:23:40 EDT 2020
# Player 1: Player-0, 'RandomPlayer', running on 192.168.2.10
# Player 2: Player-1, '260738242', running on 192.168.2.10
START Player-0 RandomPlayer
START Player-1 260738242
BoardInit:Tile:0,Destroy,Tile:11,Map,Tile:8,Tile:8,Tile:6,Tile:5,Tile:6,Bonus,Tile:8,Bonus,Tile:3,Tile:7,Tile:5,Tile:6,Destroy,Tile:9,Tile:9,Tile:5,Tile:9,Tile:1,Map,Tile:0,Malus,Map,Tile:8,Tile:10,Tile:7,Tile:10,Map,Tile:12,Tile:15,Bonus,Tile:10,Map,Map,Tile:7,Tile:0,Bonus,Tile:0-Tile:14,Tile:5,Tile:2,Tile:9,Tile:7,Malus,Tile:9-Tile:8,Destroy,Tile:13,Tile:6,Tile:4,Tile:6,Tile:7-Tile:hidden1,Tile:hidden2,Tile:nugget
Tile:5_flip 6 5 1
Tile:6_flip 5 4 0
Tile:14 5 6 1
Tile:6_flip 4 5 0
Tile:2 3 5 1
Drop 1 0 0
Tile:8 6 4 1
Tile:7_flip 2 5 0
Tile:7 7 4 1
Tile:8 4 6 0
Tile:9 7 5 1
Destroy 4 6 0
Tile:6 8 5 1
Tile:4 8 4 0
Tile:6 9 5 1
Tile:7_flip 7 6 0
Tile:0 10 5 1
Tile:13 6 3 0
Tile:11 2 4 1
Drop 1 0 0
Tile:3 2 3 1
Tile:5_flip 3 6 0
Drop 2 0 1
Tile:5 2 6 0
Map 12 3 1
Tile:0 5 3 0
GAMEOVER TIMEOUT WINNER 0
# Game ended: Sat Apr 11 19:24:03 EDT 2020
