# Server version 0.08 running on 192.168.2.10:8123
# Game ID: 304
# Board class: Saboteur.SaboteurBoard
# Timeout: 20000
# First Move Timeout: 30000
# Date: Sat Apr 11 20:09:11 EDT 2020
# Player 1: Player-0, 'RandomPlayer', running on 192.168.2.10
# Player 2: Player-1, '260738242', running on 192.168.2.10
START Player-0 RandomPlayer
START Player-1 260738242
BoardInit:Tile:4,Bonus,Map,Tile:9,Tile:6,Bonus,Tile:5,Tile:3,Tile:11,Tile:8,Tile:8,Map,Map,Bonus,Tile:8,Tile:6,Malus,Map,Tile:6,Tile:13,Tile:7,Destroy,Tile:10,Tile:14,Tile:9,Tile:8,Tile:10,Tile:7,Destroy,Map,Tile:9,Tile:0,Tile:9,Malus,Tile:6,Map,Tile:5,Tile:7,Tile:6,Tile:8,Tile:5-Tile:7,Tile:15,Tile:0,Tile:2,Bonus,Tile:7,Tile:0-Destroy,Tile:1,Tile:5,Tile:12,Tile:10,Tile:0,Tile:9-Tile:nugget,Tile:hidden2,Tile:hidden1
Tile:7 6 5 1
Drop 2 0 0
Tile:7_flip 6 6 1
Drop 1 0 0
Map 12 5 1
Tile:9_flip 5 4 0
Tile:6 7 6 1
Destroy 6 5 0
Tile:0 8 6 1
Tile:12_flip 4 4 0
Tile:0 9 6 1
Drop 1 0 0
Tile:8 10 6 1
Tile:9_flip 11 6 0
Map 12 7 1
Map 12 7 0
Tile:15 5 3 1
Drop 5 0 0
Tile:2 5 2 1
Tile:6_flip 4 2 0
Tile:4_flip 4 3 1
Tile:13 11 7 0
Tile:11 3 2 1
Tile:3 7 5 0
Tile:10 11 5 1
Tile:8 6 5 0
Tile:5 11 4 1
Destroy 4 4 0
Malus 0 0 1
Drop 2 0 0
Drop 1 0 1
Bonus 0 0 0
Drop 1 0 1
Tile:14 6 2 0
Drop 1 0 1
Tile:7 6 1 0
Drop 1 0 1
Drop 3 0 0
Drop 1 0 1
Map 12 5 0
Drop 1 0 1
Tile:7 10 5 0
Drop 1 0 1
Tile:0 12 4 0
Drop 1 0 1
Map 12 3 0
Drop 1 0 1
Tile:10 11 8 0
Drop 1 0 1
Tile:8 3 1 0
Drop 1 0 1
Tile:8 2 1 0
Drop 1 0 1
Drop 0 0 0
Drop 0 0 1
GAMEOVER DRAW
# Game ended: Sat Apr 11 20:09:11 EDT 2020
