# Server version 0.08 running on 192.168.2.10:8123
# Game ID: 198
# Board class: Saboteur.SaboteurBoard
# Timeout: 20000
# First Move Timeout: 30000
# Date: Sat Apr 11 19:37:58 EDT 2020
# Player 1: Player-0, 'RandomPlayer', running on 192.168.2.10
# Player 2: Player-1, '260738242', running on 192.168.2.10
START Player-0 RandomPlayer
START Player-1 260738242
BoardInit:Tile:9,Tile:10,Tile:6,Tile:10,Tile:8,Map,Bonus,Tile:6,Tile:2,Tile:8,Tile:9,Tile:5,Tile:0,Map,Tile:0,Bonus,Tile:8,Tile:9,Map,Tile:7,Tile:5,Tile:6,Destroy,Malus,Tile:0,Tile:7,Map,Map,Map,Tile:11,Bonus,Tile:5,Tile:1,Tile:15,Tile:8,Destroy,Tile:8,Tile:10,Tile:9,Tile:4,Tile:7-Tile:7,Tile:6,Bonus,Tile:3,Tile:7,Malus,Tile:5-Tile:0,Tile:9,Tile:13,Tile:12,Tile:6,Destroy,Tile:14-Tile:hidden2,Tile:hidden1,Tile:nugget
Tile:7 6 5 1
Tile:13 4 5 0
Tile:7_flip 6 6 1
Tile:0 7 6 0
Tile:5_flip 8 6 1
Tile:14 5 6 0
Tile:6_flip 8 5 1
Tile:6_flip 5 4 0
Tile:6 9 5 1
Destroy 8 5 0
Tile:8 10 5 1
Tile:9 10 6 0
Tile:3 9 4 1
Tile:6 3 5 0
Tile:2 3 4 1
Tile:8 4 4 0
Drop 2 0 1
Tile:12 6 4 0
Drop 2 0 1
Map 12 7 0
Map 12 7 1
Tile:9 8 4 0
Tile:9_flip 11 6 1
Tile:10 11 7 0
Tile:8 11 8 1
Drop 5 0 0
Malus 0 0 1
Malus 0 0 0
Bonus 0 0 1
Map 12 5 0
Drop 2 0 1
Drop 3 0 0
Drop 2 0 1
Map 12 7 0
Tile:1 2 4 1
Drop 0 0 0
Drop 2 0 1
Destroy 10 6 0
Drop 2 0 1
Drop 0 0 0
Drop 2 0 1
Drop 4 0 0
Drop 2 0 1
Bonus 0 0 0
Drop 2 0 1
Drop 1 0 0
Drop 2 0 1
Tile:7 12 8 0
Drop 2 0 1
Tile:10 10 4 0
Drop 2 0 1
Tile:5_flip 11 9 0
GAMEOVER USER CANCEL UNDECIDED
# Game ended: Sat Apr 11 19:38:25 EDT 2020
