# Server version 0.08 running on 192.168.2.10:8123
# Game ID: 261
# Board class: Saboteur.SaboteurBoard
# Timeout: 20000
# First Move Timeout: 30000
# Date: Sat Apr 11 19:57:21 EDT 2020
# Player 1: Player-0, 'RandomPlayer', running on 192.168.2.10
# Player 2: Player-1, '260738242', running on 192.168.2.10
START Player-0 RandomPlayer
START Player-1 260738242
BoardInit:Tile:5,Tile:15,Map,Tile:9,Tile:0,Tile:2,Tile:9,Tile:5,Tile:5,Tile:1,Tile:10,Tile:5,Destroy,Map,Tile:7,Malus,Destroy,Tile:6,Malus,Tile:7,Tile:13,Tile:8,Tile:12,Tile:9,Map,Tile:6,Destroy,Tile:3,Tile:7,Map,Bonus,Tile:8,Tile:6,Tile:4,Tile:9,Tile:7,Tile:11,Tile:8,Tile:6,Tile:14,Tile:10-Tile:9,Tile:7,Map,Tile:0,Tile:0,Bonus,Tile:8-Bonus,Map,Tile:0,Tile:10,Tile:6,Bonus,Tile:8-Tile:nugget,Tile:hidden2,Tile:hidden1
Map 12 3 1
Tile:0 4 5 0
Tile:7 6 5 1
Tile:10 6 6 0
Drop 1 0 1
Tile:15 5 6 0
Drop 1 0 1
Map 12 5 0
Drop 1 0 1
Drop 0 0 0
Drop 1 0 1
Drop 1 0 0
Drop 1 0 1
Tile:9 3 5 0
Destroy 6 5 1
Tile:8 6 7 0
Tile:7 6 5 1
Drop 1 0 0
Destroy 6 5 1
Tile:5 3 4 0
Tile:9_flip 6 5 1
Tile:6 5 7 0
Tile:5 6 4 1
Tile:5_flip 3 6 0
Tile:9_flip 7 4 1
Tile:6 7 7 0
Tile:13 2 6 1
Tile:8 6 8 0
Tile:12 4 4 1
Tile:6_flip 5 8 0
Drop 1 0 1
Tile:7_flip 4 7 0
Drop 1 0 1
Tile:8 6 9 0
Tile:6_flip 7 3 1
Tile:9 7 5 0
Drop 1 0 1
Tile:7 7 9 0
Tile:11 2 7 1
Tile:1 4 8 0
Tile:6 8 3 1
Tile:3_flip 5 9 0
Drop 1 0 1
Tile:8 8 7 0
Drop 1 0 1
Tile:14 2 8 0
Drop 1 0 1
Tile:4 2 5 0
Drop 1 0 1
Drop 1 0 0
Drop 1 0 1
Map 12 3 0
Drop 1 0 1
Map 12 7 0
GAMEOVER USER CANCEL UNDECIDED
# Game ended: Sat Apr 11 19:57:25 EDT 2020
