# Server version 0.08 running on 192.168.2.10:8123
# Game ID: 230
# Board class: Saboteur.SaboteurBoard
# Timeout: 20000
# First Move Timeout: 30000
# Date: Sat Apr 11 19:48:12 EDT 2020
# Player 1: Player-0, '260738242', running on 192.168.2.10
# Player 2: Player-1, 'RandomPlayer', running on 192.168.2.10
START Player-0 260738242
START Player-1 RandomPlayer
BoardInit:Tile:7,Tile:6,Bonus,Map,Tile:2,Tile:7,Malus,Tile:5,Tile:1,Tile:7,Tile:10,Tile:8,Map,Tile:6,Tile:7,Tile:10,Tile:4,Tile:8,Tile:13,Tile:10,Tile:0,Tile:14,Tile:8,Malus,Tile:0,Map,Tile:15,Tile:6,Tile:0,Map,Tile:12,Map,Tile:3,Tile:5,Tile:7,Tile:9,Tile:0,Destroy,Tile:11,Tile:8,Tile:9-Map,Bonus,Bonus,Bonus,Tile:9,Tile:9,Tile:9-Tile:6,Destroy,Destroy,Tile:5,Tile:5,Tile:6,Tile:8-Tile:nugget,Tile:hidden2,Tile:hidden1
Drop 3 0 1
Tile:5_flip 6 5 0
Tile:9_flip 5 6 1
Tile:5 6 4 0
Tile:9 4 6 1
Map 12 7 0
Map 12 5 1
Tile:7 7 4 0
Tile:7_flip 7 5 1
Tile:5_flip 8 5 0
Drop 1 0 1
Drop 2 0 0
Drop 0 0 1
Drop 2 0 0
Tile:9 8 4 1
Tile:7 9 4 0
Tile:2 8 3 1
Drop 2 0 0
Drop 3 0 1
Drop 2 0 0
Tile:4_flip 9 5 1
Destroy 6 5 0
Map 12 3 1
Tile:14 4 7 0
Tile:7_flip 3 7 1
Drop 2 0 0
Tile:0 9 3 1
Map 12 3 0
Tile:0 7 3 1
Tile:6 10 3 0
Tile:15 5 4 1
Malus 0 0 0
Drop 6 0 1
Drop 2 0 0
Drop 4 0 1
Drop 2 0 0
Drop 3 0 1
Drop 2 0 0
Bonus 0 0 1
Drop 2 0 0
Tile:11_flip 3 6 1
Drop 2 0 0
Tile:0 6 3 1
Drop 2 0 0
Tile:1 11 3 1
Tile:9_flip 6 5 0
Tile:3 10 2 1
Destroy 6 5 0
Tile:9 5 3 1
Drop 2 0 0
Drop 1 0 1
GAMEOVER USER CANCEL UNDECIDED
# Game ended: Sat Apr 11 19:48:16 EDT 2020
