# Server version 0.08 running on 192.168.2.10:8123
# Game ID: 319
# Board class: Saboteur.SaboteurBoard
# Timeout: 20000
# First Move Timeout: 30000
# Date: Sat Apr 11 20:13:03 EDT 2020
# Player 1: Player-0, 'RandomPlayer', running on 192.168.2.10
# Player 2: Player-1, '260738242', running on 192.168.2.10
START Player-0 RandomPlayer
START Player-1 260738242
BoardInit:Tile:0,Tile:0,Malus,Tile:6,Tile:7,Destroy,Tile:9,Tile:9,Map,Map,Tile:8,Tile:8,Tile:4,Tile:7,Destroy,Tile:7,Tile:2,Tile:15,Tile:6,Bonus,Tile:10,Tile:9,Tile:0,Tile:5,Map,Tile:8,Tile:8,Tile:13,Tile:9,Map,Tile:1,Tile:5,Bonus,Tile:0,Bonus,Tile:12,Bonus,Map,Tile:10,Tile:6,Destroy-Tile:10,Tile:7,Malus,Tile:9,Map,Tile:8,Tile:6-Tile:5,Tile:3,Tile:7,Tile:11,Tile:6,Tile:5,Tile:14-Tile:nugget,Tile:hidden2,Tile:hidden1
Map 12 7 1
Tile:14 5 6 0
Tile:9_flip 6 5 1
Tile:5 4 5 0
Tile:6_flip 6 4 1
Drop 2 0 0
Tile:8 7 4 1
Tile:6_flip 7 3 0
Tile:0 8 3 1
Tile:0 9 3 0
Map 12 3 1
Tile:6 4 6 0
Tile:8 10 3 1
Drop 0 0 0
Malus 0 0 1
Map 12 7 0
Malus 0 0 1
Destroy 10 3 0
Tile:4_flip 6 6 1
Drop 3 0 0
Tile:6 10 3 1
Drop 2 0 0
Tile:2 3 6 1
Drop 3 0 0
Drop 1 0 1
Drop 5 0 0
Drop 1 0 1
Drop 0 0 0
Drop 1 0 1
Drop 6 0 0
Drop 1 0 1
Drop 3 0 0
Tile:1 2 6 1
Map 12 3 0
Drop 1 0 1
Drop 3 0 0
Drop 1 0 1
Drop 3 0 0
Drop 1 0 1
Map 12 5 0
Drop 1 0 1
Drop 2 0 0
Drop 1 0 1
Drop 1 0 0
Drop 1 0 1
Drop 3 0 0
Drop 1 0 1
Drop 0 0 0
Drop 1 0 1
Drop 2 0 0
Drop 1 0 1
Drop 0 0 0
Drop 1 0 1
Drop 0 0 0
Tile:10 7 5 1
GAMEOVER DRAW
# Game ended: Sat Apr 11 20:13:03 EDT 2020
