# Server version 0.08 running on 192.168.2.10:8123
# Game ID: 281
# Board class: Saboteur.SaboteurBoard
# Timeout: 20000
# First Move Timeout: 30000
# Date: Sat Apr 11 20:02:59 EDT 2020
# Player 1: Player-0, 'RandomPlayer', running on 192.168.2.10
# Player 2: Player-1, '260738242', running on 192.168.2.10
START Player-0 RandomPlayer
START Player-1 260738242
BoardInit:Tile:7,Map,Destroy,Tile:6,Tile:9,Tile:0,Tile:14,Map,Tile:7,Tile:0,Tile:11,Tile:9,Tile:0,Tile:12,Tile:8,Tile:5,Tile:8,Bonus,Tile:13,Tile:8,Tile:4,Tile:8,Tile:5,Tile:6,Destroy,Tile:1,Tile:6,Tile:5,Tile:7,Malus,Tile:7,Map,Tile:6,Tile:10,Tile:15,Tile:10,Tile:3,Tile:10,Bonus,Tile:9,Map-Tile:9,Tile:5,Tile:6,Tile:8,Bonus,Bonus,Map-Destroy,Tile:7,Tile:2,Map,Tile:0,Malus,Tile:9-Tile:nugget,Tile:hidden1,Tile:hidden2
Map 12 3 1
Tile:7 6 5 0
Drop 1 0 1
Drop 1 0 0
Destroy 6 5 1
Tile:9_flip 6 5 0
Tile:9 6 4 1
Tile:6_flip 6 3 0
Tile:6 7 3 1
Map 12 5 0
Tile:8 8 3 1
Drop 1 0 0
Tile:14 5 6 1
Tile:9 6 6 0
Tile:0 9 3 1
Tile:12 7 4 0
Tile:8 10 3 1
Destroy 7 3 0
Tile:11 4 5 1
Tile:0 7 6 0
Tile:13 4 4 1
Tile:0 7 3 0
Tile:4 8 2 1
Tile:5 4 3 0
Drop 1 0 1
Tile:6_flip 11 3 0
GAMEOVER WINNER 0
# Game ended: Sat Apr 11 20:02:59 EDT 2020
