# Server version 0.08 running on 192.168.2.10:8123
# Game ID: 225
# Board class: Saboteur.SaboteurBoard
# Timeout: 20000
# First Move Timeout: 30000
# Date: Sat Apr 11 19:46:22 EDT 2020
# Player 1: Player-0, 'RandomPlayer', running on 192.168.2.10
# Player 2: Player-1, '260738242', running on 192.168.2.10
START Player-0 RandomPlayer
START Player-1 260738242
BoardInit:Tile:7,Tile:14,Tile:6,Map,Tile:1,Bonus,Bonus,Destroy,Tile:9,Tile:9,Tile:0,Tile:13,Tile:0,Malus,Tile:9,Tile:8,Tile:15,Tile:4,Tile:9,Bonus,Tile:8,Map,Map,Malus,Tile:5,Tile:5,Tile:0,Destroy,Tile:5,Tile:7,Tile:7,Map,Tile:7,Tile:2,Tile:3,Tile:10,Tile:5,Bonus,Tile:8,Tile:8,Tile:10-Map,Tile:9,Map,Tile:6,Tile:12,Tile:6,Tile:0-Tile:6,Destroy,Tile:10,Tile:6,Tile:11,Tile:7,Tile:8-Tile:hidden1,Tile:hidden2,Tile:nugget
Map 12 3 1
Tile:6 4 5 0
Map 12 5 1
Tile:14 5 6 0
Tile:7 6 5 1
Tile:11 5 4 0
Tile:9 6 6 1
Tile:10 4 4 0
Tile:6 7 6 1
Tile:6 8 6 0
Tile:6 9 6 1
Destroy 7 6 0
Tile:6 10 6 1
Destroy 4 5 0
Tile:9_flip 11 6 1
Tile:9 4 6 0
Tile:12 6 4 1
Tile:8 4 5 0
Tile:1 3 5 1
Tile:8 11 5 0
Tile:15 4 3 1
Tile:7 11 4 0
Drop 2 0 1
Drop 5 0 0
Drop 2 0 1
Malus 0 0 0
Bonus 0 0 1
Tile:13 11 7 0
Drop 2 0 1
Destroy 9 6 0
Drop 2 0 1
Drop 3 0 0
Drop 2 0 1
Map 12 5 0
Drop 2 0 1
Tile:2 10 4 0
Tile:3 4 2 1
Tile:5 5 3 0
Drop 2 0 1
Tile:7 8 5 0
Drop 2 0 1
Tile:10 11 8 0
Drop 2 0 1
Drop 5 0 0
Drop 2 0 1
Drop 3 0 0
Drop 2 0 1
Tile:4_flip 6 7 0
Drop 2 0 1
Malus 0 0 0
Drop 2 0 1
Drop 0 0 0
GAMEOVER USER CANCEL UNDECIDED
# Game ended: Sat Apr 11 19:46:26 EDT 2020
