# Server version 0.08 running on 192.168.2.10:8123
# Game ID: 76
# Board class: Saboteur.SaboteurBoard
# Timeout: 20000
# First Move Timeout: 30000
# Date: Sat Apr 11 00:22:44 EDT 2020
# Player 1: Player-0, 'Human', running on 192.168.2.10
# Player 2: Player-1, '260738242', running on 192.168.2.10
START Player-0 Human
START Player-1 260738242
BoardInit:Tile:9,Tile:5,Tile:10,Tile:6,Tile:7,Tile:10,Tile:13,Tile:0,Map,Tile:7,Tile:5,Tile:8,Bonus,Tile:8,Tile:8,Map,Tile:6,Tile:6,Tile:9,Destroy,Tile:11,Tile:4,Tile:6,Tile:7,Bonus,Tile:10,Malus,Tile:6,Destroy,Tile:1,Tile:7,Tile:5,Tile:5,Tile:7,Tile:12,Map,Tile:8,Tile:8,Tile:15,Tile:3,Tile:9-Tile:9,Destroy,Map,Malus,Tile:0,Map,Tile:14-Tile:0,Tile:9,Bonus,Tile:0,Tile:2,Bonus,Map-Tile:hidden1,Tile:hidden2,Tile:nugget
Map 12 3 1
Tile:0 6 5 0
Map 12 3 1
Tile:5 5 4 0
Tile:9 5 6 1
Tile:6 7 5 0
Destroy 5 4 1
Tile:0 8 5 0
Malus 0 0 1
Bonus 0 0 0
Map 12 3 1
Tile:0 9 5 0
Tile:0 6 6 1
Tile:8 10 5 0
Tile:7 11 5 1
Tile:8 11 6 0
Drop 2 0 1
Map 12 5 0
Tile:13 5 7 1
GAMEOVER USER CANCEL UNDECIDED
# Game ended: Sat Apr 11 00:25:35 EDT 2020
