# Server version 0.08 running on 192.168.2.10:8123
# Game ID: 179
# Board class: Saboteur.SaboteurBoard
# Timeout: 20000
# First Move Timeout: 30000
# Date: Sat Apr 11 18:51:00 EDT 2020
# Player 1: Player-0, '260738242', running on 192.168.2.10
# Player 2: Player-1, 'Human', running on 192.168.2.10
START Player-0 260738242
START Player-1 Human
BoardInit:Bonus,Map,Tile:10,Bonus,Tile:7,Tile:7,Tile:8,Destroy,Tile:6,Tile:7,Tile:6,Tile:8,Tile:0,Bonus,Destroy,Tile:9,Tile:9,Tile:9,Tile:5,Tile:10,Tile:6,Tile:10,Malus,Tile:12,Tile:11,Tile:1,Tile:9,Bonus,Map,Tile:5,Tile:7,Tile:6,Tile:5,Tile:0,Tile:0,Tile:7,Malus,Tile:2,Tile:8,Tile:0,Tile:6-Map,Tile:14,Tile:8,Destroy,Tile:4,Tile:15,Tile:8-Map,Tile:3,Map,Tile:9,Tile:5,Tile:13,Map-Tile:hidden1,Tile:hidden2,Tile:nugget
Tile:8 6 5 1
Map 12 3 0
Tile:8 7 5 1
Map 12 3 0
Tile:10 7 6 1
Map 12 3 0
Tile:4 7 4 1
Map 12 3 0
Tile:8 8 5 1
Tile:3 5 4 0
