# Server version 0.08 running on 192.168.2.10:8123
# Game ID: 210
# Board class: Saboteur.SaboteurBoard
# Timeout: 20000
# First Move Timeout: 30000
# Date: Sat Apr 11 19:43:47 EDT 2020
# Player 1: Player-0, '260738242', running on 192.168.2.10
# Player 2: Player-1, 'RandomPlayer', running on 192.168.2.10
START Player-0 260738242
START Player-1 RandomPlayer
BoardInit:Tile:9,Malus,Tile:9,Tile:5,Tile:3,Destroy,Bonus,Tile:9,Tile:8,Tile:10,Bonus,Tile:8,Tile:6,Tile:8,Tile:12,Tile:0,Tile:1,Tile:0,Map,Tile:9,Tile:2,Tile:7,Tile:5,Tile:7,Tile:9,Tile:8,Tile:14,Tile:6,Tile:0,Tile:0,Tile:11,Destroy,Tile:13,Tile:7,Tile:7,Tile:5,Tile:15,Map,Tile:6,Map,Map-Map,Tile:7,Tile:6,Bonus,Tile:5,Map,Tile:10-Malus,Destroy,Bonus,Tile:8,Tile:4,Tile:6,Tile:10-Tile:hidden2,Tile:nugget,Tile:hidden1
Map 12 5 1
Tile:6 6 5 0
Map 12 5 1
Tile:8 7 5 0
Drop 4 0 1
Tile:4 5 4 0
Drop 2 0 1
Drop 2 0 0
Tile:6_flip 8 5 1
Drop 2 0 0
Tile:7 7 4 1
Drop 2 0 0
Tile:8 4 5 1
Tile:8 9 5 0
Drop 3 0 1
Tile:8 10 5 0
Tile:5 3 5 1
Drop 2 0 0
Tile:9_flip 5 6 1
Drop 2 0 0
Tile:9_flip 9 4 1
Drop 2 0 0
Tile:6 11 5 1
GAMEOVER WINNER 1
# Game ended: Sat Apr 11 19:43:48 EDT 2020
