# Server version 0.08 running on 192.168.2.10:8123
# Game ID: 274
# Board class: Saboteur.SaboteurBoard
# Timeout: 20000
# First Move Timeout: 30000
# Date: Sat Apr 11 20:00:23 EDT 2020
# Player 1: Player-0, 'RandomPlayer', running on 192.168.2.10
# Player 2: Player-1, '260738242', running on 192.168.2.10
START Player-0 RandomPlayer
START Player-1 260738242
BoardInit:Destroy,Tile:2,Map,Tile:9,Tile:4,Tile:8,Map,Tile:8,Tile:8,Tile:9,Tile:14,Tile:3,Bonus,Tile:0,Tile:7,Tile:10,Malus,Tile:1,Bonus,Tile:13,Tile:5,Tile:0,Tile:6,Map,Bonus,Tile:10,Tile:5,Tile:7,Destroy,Tile:12,Map,Tile:7,Tile:6,Tile:7,Tile:9,Tile:8,Tile:9,Tile:6,Map,Tile:15,Tile:10-Tile:5,Tile:6,Tile:6,Tile:0,Bonus,Tile:8,Tile:7-Tile:5,Map,Tile:0,Malus,Tile:9,Tile:11,Destroy-Tile:hidden2,Tile:nugget,Tile:hidden1
Tile:5_flip 6 5 1
Tile:11_flip 5 4 0
Drop 1 0 1
Tile:9 5 6 0
Map 12 7 1
Drop 2 0 0
Tile:4 5 3 1
Tile:9_flip 5 7 0
Map 12 5 1
Tile:2_flip 4 4 0
Tile:6_flip 6 6 1
Tile:8 5 8 0
Tile:0 7 6 1
Map 12 5 0
Tile:8 8 6 1
Destroy 8 6 0
Tile:8 8 6 1
Tile:5 4 8 0
Tile:14 4 9 1
Drop 3 0 0
Drop 1 0 1
Tile:1 4 7 0
Tile:5_flip 9 6 1
Tile:8 9 5 0
Tile:6 10 5 1
Drop 3 0 0
Malus 0 0 1
Map 12 5 0
Destroy 10 5 1
Drop 6 0 0
Drop 1 0 1
Drop 1 0 0
Drop 1 0 1
Drop 4 0 0
Tile:6 10 5 1
Drop 0 0 0
Destroy 10 5 1
Drop 3 0 0
Drop 1 0 1
Drop 6 0 0
Drop 1 0 1
Drop 2 0 0
Drop 1 0 1
Drop 1 0 0
Drop 1 0 1
Drop 3 0 0
Drop 1 0 1
Drop 0 0 0
Drop 1 0 1
Drop 2 0 0
Drop 1 0 1
Drop 0 0 0
Drop 1 0 1
Drop 0 0 0
GAMEOVER USER CANCEL UNDECIDED
# Game ended: Sat Apr 11 20:00:29 EDT 2020
