# Server version 0.08 running on 192.168.2.10:8123
# Game ID: 300
# Board class: Saboteur.SaboteurBoard
# Timeout: 20000
# First Move Timeout: 30000
# Date: Sat Apr 11 20:08:47 EDT 2020
# Player 1: Player-0, 'RandomPlayer', running on 192.168.2.10
# Player 2: Player-1, '260738242', running on 192.168.2.10
START Player-0 RandomPlayer
START Player-1 260738242
BoardInit:Tile:7,Tile:10,Map,Tile:14,Tile:9,Tile:1,Destroy,Map,Tile:2,Tile:15,Map,Tile:7,Malus,Tile:5,Tile:6,Bonus,Destroy,Tile:7,Tile:3,Tile:10,Tile:8,Map,Bonus,Tile:6,Tile:9,Tile:12,Tile:0,Tile:4,Tile:6,Map,Map,Tile:6,Destroy,Tile:0,Tile:8,Tile:7,Tile:0,Bonus,Tile:9,Tile:5,Tile:13-Tile:5,Tile:10,Tile:9,Tile:8,Tile:7,Tile:8,Tile:8-Malus,Tile:9,Tile:6,Tile:0,Bonus,Tile:5,Tile:11-Tile:hidden2,Tile:nugget,Tile:hidden1
Tile:5_flip 6 5 1
Tile:11 5 6 0
Tile:9 6 4 1
Tile:0 6 6 0
Map 12 7 1
Tile:5_flip 5 7 0
Tile:8 7 4 1
Drop 6 0 0
Tile:8 8 4 1
Map 12 5 0
Tile:8 9 4 1
Tile:6 8 5 0
Map 12 5 1
Tile:7 10 4 0
Tile:7_flip 10 5 1
Tile:5 4 7 0
Malus 0 0 1
Bonus 0 0 0
Tile:2 6 3 1
Tile:7 7 6 0
Tile:3 5 4 1
Tile:14_flip 4 5 0
Drop 1 0 1
Tile:9_flip 9 5 0
Drop 1 0 1
Tile:15 7 7 0
Drop 1 0 1
Tile:6_flip 11 5 0
GAMEOVER WINNER 0
# Game ended: Sat Apr 11 20:08:47 EDT 2020
