# Server version 0.08 running on 192.168.2.10:8123
# Game ID: 315
# Board class: Saboteur.SaboteurBoard
# Timeout: 20000
# First Move Timeout: 30000
# Date: Sat Apr 11 20:11:28 EDT 2020
# Player 1: Player-0, 'RandomPlayer', running on 192.168.2.10
# Player 2: Player-1, '260738242', running on 192.168.2.10
START Player-0 RandomPlayer
START Player-1 260738242
BoardInit:Tile:7,Tile:8,Tile:6,Tile:5,Tile:7,Tile:10,Tile:7,Tile:6,Tile:9,Tile:9,Tile:9,Map,Bonus,Tile:14,Tile:9,Malus,Tile:10,Tile:2,Tile:1,Tile:7,Tile:13,Tile:5,Tile:8,Map,Tile:9,Bonus,Destroy,Tile:3,Malus,Tile:6,Destroy,Tile:6,Map,Tile:5,Tile:8,Tile:7,Tile:0,Destroy,Tile:0,Map,Tile:5-Map,Tile:11,Bonus,Bonus,Tile:15,Tile:12,Tile:4-Tile:8,Tile:8,Tile:6,Tile:0,Tile:10,Tile:0,Map-Tile:hidden1,Tile:nugget,Tile:hidden2
Map 12 5 1
Tile:6 4 5 0
Tile:11 4 4 1
Map 12 3 0
Tile:6 6 5 1
Drop 2 0 0
Tile:15 4 3 1
Tile:10 4 2 0
Tile:4 4 1 1
Tile:6 7 5 0
Drop 1 0 1
Tile:5 6 4 0
Drop 1 0 1
Tile:8 8 5 0
Drop 1 0 1
Tile:0 9 5 0
Drop 1 0 1
Tile:14 8 6 0
Drop 1 0 1
Tile:8 3 5 0
Tile:1 7 6 1
Tile:10 3 4 0
Tile:13 3 6 1
Tile:7 8 4 0
Tile:8 10 5 1
Drop 3 0 0
Drop 1 0 1
Tile:5_flip 5 6 0
Drop 1 0 1
Tile:8 2 5 0
Malus 0 0 1
Map 12 3 0
Drop 1 0 1
Bonus 0 0 0
Drop 1 0 1
Tile:6 11 5 0
GAMEOVER WINNER 0
# Game ended: Sat Apr 11 20:11:31 EDT 2020
