# Server version 0.08 running on 192.168.2.10:8123
# Game ID: 13
# Board class: Saboteur.SaboteurBoard
# Timeout: 20000
# First Move Timeout: 30000
# Date: Fri Apr 10 16:47:01 EDT 2020
# Player 1: Player-0, 'RandomPlayer', running on 192.168.2.10
# Player 2: Player-1, '260738242', running on 192.168.2.10
START Player-0 RandomPlayer
START Player-1 260738242
BoardInit:Malus,Bonus,Tile:7,Bonus,Tile:11,Map,Bonus,Tile:6,Tile:7,Destroy,Tile:10,Tile:2,Map,Map,Tile:0,Tile:7,Tile:9,Malus,Tile:0,Tile:4,Tile:6,Map,Tile:8,Tile:10,Tile:13,Tile:8,Tile:10,Tile:6,Tile:1,Tile:9,Destroy,Tile:0,Tile:7,Bonus,Tile:5,Tile:5,Tile:5,Tile:5,Map,Tile:0,Tile:9-Tile:12,Tile:6,Tile:9,Tile:8,Tile:15,Tile:14,Tile:6-Tile:9,Map,Tile:8,Tile:7,Tile:3,Tile:8,Destroy-Tile:hidden1,Tile:nugget,Tile:hidden2
Tile:9 5 6 1
Tile:8 6 5 0
Tile:12 7 5 1
Tile:3_flip 4 5 0
Drop 2 0 1
Tile:8 5 7 0
Tile:6 5 8 1
Drop 4 0 0
Tile:6 6 8 1
Drop 0 0 0
Drop 1 0 1
Tile:6 6 6 0
Tile:8 7 8 1
Destroy 5 6 0
Tile:7_flip 7 9 1
Map 12 7 0
Drop 5 0 1
Tile:2 7 6 0
Tile:9 6 4 1
Tile:7_flip 4 7 0
Tile:10 5 4 1
Drop 4 0 0
Tile:11 5 6 1
Destroy 6 5 0
Drop 5 0 1
Tile:10 4 4 0
Drop 3 0 1
Tile:8 6 5 0
Tile:7 6 3 1
Map 12 7 0
Drop 3 0 1
Tile:6 8 9 0
Tile:1 4 8 1
Map 12 3 0
Destroy 5 6 1
Drop 3 0 0
Tile:13 7 7 1
Tile:9 5 3 0
Tile:5 5 2 1
Tile:0 8 7 0
Tile:5 4 6 1
Tile:5_flip 9 9 0
Tile:0 3 8 1
Tile:0 8 6 0
Map 12 7 1
Tile:5_flip 7 4 0
Tile:9_flip 4 3 1
Tile:4 4 2 0
Malus 0 0 1
Bonus 0 0 0
Drop 1 0 1
Malus 0 0 0
Bonus 0 0 1
Drop 0 0 0
Tile:7 9 8 1
GAMEOVER DRAW
# Game ended: Fri Apr 10 16:47:02 EDT 2020
