# Server version 0.08 running on 192.168.2.10:8123
# Game ID: 208
# Board class: Saboteur.SaboteurBoard
# Timeout: 20000
# First Move Timeout: 30000
# Date: Sat Apr 11 19:40:13 EDT 2020
# Player 1: Player-0, 'RandomPlayer', running on 192.168.2.10
# Player 2: Player-1, '260738242', running on 192.168.2.10
START Player-0 RandomPlayer
START Player-1 260738242
BoardInit:Tile:10,Tile:6,Map,Tile:13,Tile:1,Tile:9,Tile:9,Tile:10,Tile:6,Map,Tile:0,Tile:0,Tile:8,Malus,Bonus,Tile:6,Tile:7,Tile:8,Destroy,Tile:5,Tile:3,Map,Tile:6,Map,Tile:0,Bonus,Destroy,Tile:2,Tile:11,Tile:7,Tile:8,Tile:10,Tile:9,Tile:12,Tile:8,Tile:9,Tile:15,Tile:5,Bonus,Map,Tile:9-Tile:6,Tile:5,Map,Tile:7,Tile:14,Tile:7,Tile:4-Destroy,Tile:5,Tile:0,Tile:8,Bonus,Tile:7,Malus-Tile:hidden2,Tile:hidden1,Tile:nugget
Map 12 3 1
Tile:8 6 5 0
Tile:7 7 5 1
Destroy 6 5 0
Map 12 5 1
Tile:6_flip 4 5 0
Tile:7_flip 7 6 1
Tile:9_flip 8 6 0
Tile:6 8 7 1
Tile:0 6 5 0
Tile:6 9 7 1
Tile:5_flip 5 6 0
Tile:0 10 7 1
Drop 6 0 0
Tile:14_flip 3 5 1
Malus 0 0 0
Bonus 0 0 1
Drop 0 0 0
Tile:4 5 4 1
Tile:13 4 6 0
Drop 2 0 1
Map 12 3 0
Tile:3_flip 3 6 1
Tile:6 11 7 0
GAMEOVER WINNER 0
# Game ended: Sat Apr 11 19:40:15 EDT 2020
