# Server version 0.08 running on 192.168.2.10:8123
# Game ID: 55
# Board class: Saboteur.SaboteurBoard
# Timeout: 20000
# First Move Timeout: 30000
# Date: Fri Apr 10 19:43:59 EDT 2020
# Player 1: Player-0, 'RandomPlayer', running on 192.168.2.10
# Player 2: Player-1, '260738242', running on 192.168.2.10
START Player-0 RandomPlayer
START Player-1 260738242
BoardInit:Tile:13,Map,Tile:11,Tile:9,Malus,Tile:0,Tile:8,Destroy,Tile:8,Tile:14,Tile:10,Tile:0,Bonus,Tile:7,Tile:6,Destroy,Map,Tile:8,Tile:9,Map,Tile:9,Bonus,Tile:5,Tile:8,Tile:2,Malus,Tile:1,Tile:0,Bonus,Tile:9,Map,Tile:9,Tile:15,Tile:12,Tile:7,Tile:0,Tile:6,Tile:10,Tile:10,Tile:6,Tile:4-Tile:6,Tile:5,Tile:5,Tile:3,Tile:7,Map,Map-Tile:7,Tile:7,Tile:5,Destroy,Bonus,Tile:6,Tile:8-Tile:hidden2,Tile:hidden1,Tile:nugget
Map 12 3 1
Tile:7 6 5 0
Map 12 3 1
Drop 1 0 0
Tile:7_flip 6 6 1
Tile:6_flip 4 5 0
Tile:6 7 6 1
Drop 2 0 0
Tile:8 8 6 1
Tile:0 9 6 0
Tile:8 10 6 1
Tile:7_flip 4 6 0
Tile:5 3 5 1
Drop 6 0 0
Tile:5 5 4 1
Destroy 9 6 0
Tile:6 9 6 1
Destroy 6 5 0
Map 12 3 1
Destroy 7 6 0
Tile:3 6 4 1
Drop 6 0 0
Tile:13 7 6 1
Tile:8 11 6 0
Tile:11 7 7 1
Tile:14 5 6 0
Malus 0 0 1
Malus 0 0 0
Bonus 0 0 1
Drop 6 0 0
Tile:10 3 6 1
Drop 3 0 0
Map 12 3 1
Bonus 0 0 0
Tile:9 3 7 1
Drop 3 0 0
Tile:9 3 8 1
Tile:12 4 7 0
Tile:5_flip 3 9 1
Tile:9_flip 9 5 0
Tile:2 4 8 1
Tile:10 4 9 0
Tile:1 2 9 1
Map 12 7 0
Tile:15 4 10 1
Tile:9_flip 12 6 0
Tile:7 9 4 1
Tile:9 4 11 0
Tile:6 1 9 1
Tile:6 10 7 0
Tile:10 1 8 1
Tile:7 1 7 0
Tile:4_flip 4 12 1
Tile:0 9 7 0
Drop 0 0 1
GAMEOVER DRAW
# Game ended: Fri Apr 10 19:44:00 EDT 2020
