# Server version 0.08 running on 192.168.2.10:8123
# Game ID: 312
# Board class: Saboteur.SaboteurBoard
# Timeout: 20000
# First Move Timeout: 30000
# Date: Sat Apr 11 20:10:33 EDT 2020
# Player 1: Player-0, 'RandomPlayer', running on 192.168.2.10
# Player 2: Player-1, '260738242', running on 192.168.2.10
START Player-0 RandomPlayer
START Player-1 260738242
BoardInit:Tile:7,Malus,Tile:0,Tile:0,Tile:15,Bonus,Bonus,Tile:12,Tile:4,Tile:7,Map,Tile:5,Tile:8,Tile:7,Destroy,Tile:7,Tile:3,Tile:6,Map,Tile:5,Tile:2,Map,Tile:5,Tile:9,Tile:9,Tile:14,Tile:9,Tile:10,Tile:6,Map,Tile:9,Tile:6,Tile:8,Bonus,Destroy,Tile:0,Tile:0,Tile:8,Tile:6,Destroy,Tile:8-Tile:10,Tile:11,Tile:1,Tile:6,Tile:13,Tile:8,Malus-Bonus,Map,Map,Tile:7,Tile:10,Tile:5,Tile:9-Tile:hidden1,Tile:nugget,Tile:hidden2
Tile:6 6 5 1
Tile:9 6 4 0
Tile:8 7 5 1
Tile:7 5 4 0
Tile:0 8 5 1
Tile:10 6 3 0
Tile:11 4 4 1
Map 12 5 0
Tile:13 4 3 1
Drop 0 0 0
Tile:1 3 3 1
Tile:0 9 5 0
Map 12 5 1
Tile:7 7 4 0
Tile:8 10 5 1
Tile:5_flip 5 3 0
Malus 0 0 1
Drop 3 0 0
Tile:15 4 2 1
Drop 5 0 0
Tile:4 4 1 1
Drop 1 0 0
Tile:3 6 2 1
Map 12 3 0
Tile:2 2 3 1
Drop 5 0 0
Drop 1 0 1
Drop 0 0 0
Drop 1 0 1
Drop 5 0 0
Drop 1 0 1
Map 12 3 0
Drop 1 0 1
Drop 6 0 0
Drop 1 0 1
Drop 0 0 0
Drop 1 0 1
Drop 4 0 0
Drop 1 0 1
Drop 0 0 0
Drop 1 0 1
Drop 1 0 0
Drop 1 0 1
Destroy 2 3 0
Drop 1 0 1
Drop 3 0 0
Drop 1 0 1
Drop 1 0 0
Drop 1 0 1
Bonus 0 0 0
Drop 1 0 1
Drop 0 0 0
Drop 1 0 1
Tile:8 10 4 0
Tile:10 10 3 1
GAMEOVER DRAW
# Game ended: Sat Apr 11 20:10:34 EDT 2020
