# Server version 0.08 running on 192.168.2.10:8123
# Game ID: 95
# Board class: Saboteur.SaboteurBoard
# Timeout: 20000
# First Move Timeout: 30000
# Date: Sat Apr 11 00:48:08 EDT 2020
# Player 1: Player-0, 'RandomPlayer', running on 192.168.2.10
# Player 2: Player-1, '260738242', running on 192.168.2.10
START Player-0 RandomPlayer
START Player-1 260738242
BoardInit:Tile:7,Tile:7,Tile:1,Map,Tile:12,Tile:6,Tile:3,Tile:9,Map,Tile:0,Tile:10,Tile:5,Tile:5,Tile:7,Tile:14,Tile:9,Tile:9,Destroy,Bonus,Tile:0,Tile:6,Malus,Tile:15,Map,Tile:2,Tile:9,Tile:6,Tile:5,Map,Destroy,Tile:8,Tile:5,Malus,Tile:8,Bonus,Tile:7,Tile:8,Tile:4,Tile:11,Bonus,Tile:6-Tile:13,Tile:8,Tile:6,Tile:8,Tile:0,Destroy,Bonus-Map,Tile:0,Tile:7,Map,Tile:10,Tile:9,Tile:10-Tile:nugget,Tile:hidden2,Tile:hidden1
Tile:13 5 4 1
Tile:7_flip 4 4 0
Tile:8 4 3 1
Tile:9_flip 5 3 0
Tile:6 3 3 1
Tile:10 3 2 0
Tile:8 3 1 1
Drop 2 0 0
Tile:0 4 1 1
Tile:6_flip 4 5 0
Map 12 3 1
Tile:0 6 5 0
Tile:7 7 5 1
Tile:9 2 3 0
Destroy 2 3 1
Map 12 3 0
Tile:1 2 1 1
Tile:9_flip 4 6 0
Tile:12 5 1 1
Tile:5_flip 4 7 0
Tile:3 3 0 1
Drop 6 0 0
Tile:10 5 6 1
Tile:7_flip 2 3 0
Tile:5 1 1 1
Tile:7_flip 2 0 0
Tile:14 1 2 1
Destroy 7 5 0
Tile:9_flip 7 5 1
Drop 6 0 0
Map 12 3 1
Destroy 4 6 0
Tile:6 0 2 1
Tile:9_flip 0 1 0
Tile:15 0 0 1
Map 12 5 0
Tile:2 3 7 1
Drop 3 0 0
Tile:6 3 8 1
Tile:8 2 7 0
Tile:8 2 6 1
Tile:5_flip 6 4 0
Malus 0 0 1
Drop 4 0 0
Tile:8 1 6 1
Drop 3 0 0
Tile:11 1 7 1
Drop 2 0 0
Tile:6 0 6 1
Bonus 0 0 0
Drop 0 0 1
Tile:10 7 4 0
Drop 0 0 1
Tile:0 3 5 0
Drop 0 0 1
GAMEOVER DRAW
# Game ended: Sat Apr 11 00:48:09 EDT 2020
