# Server version 0.08 running on 192.168.2.10:8123
# Game ID: 195
# Board class: Saboteur.SaboteurBoard
# Timeout: 20000
# First Move Timeout: 30000
# Date: Sat Apr 11 19:32:57 EDT 2020
# Player 1: Player-0, '260738242', running on 192.168.2.10
# Player 2: Player-1, 'RandomPlayer', running on 192.168.2.10
START Player-0 260738242
START Player-1 RandomPlayer
BoardInit:Bonus,Tile:7,Tile:0,Tile:6,Tile:12,Tile:7,Tile:7,Tile:10,Tile:7,Tile:4,Tile:9,Tile:5,Map,Tile:0,Tile:6,Tile:14,Map,Tile:5,Malus,Destroy,Tile:8,Tile:13,Tile:9,Tile:15,Tile:9,Bonus,Tile:6,Bonus,Tile:9,Tile:11,Map,Map,Tile:5,Tile:8,Tile:0,Tile:8,Map,Tile:8,Tile:3,Tile:10,Tile:10-Tile:7,Destroy,Tile:6,Tile:6,Tile:2,Malus,Tile:0-Map,Tile:5,Destroy,Bonus,Tile:8,Tile:9,Tile:1-Tile:hidden1,Tile:nugget,Tile:hidden2
Tile:2_flip 5 6 1
Map 12 7 0
Tile:6 4 6 1
Tile:5_flip 6 5 0
Destroy 4 6 1
Tile:9 6 4 0
Tile:0 7 4 1
Tile:7 8 4 0
Tile:6_flip 4 5 1
Tile:7_flip 8 5 0
Tile:12 6 6 1
Tile:6 9 5 0
Drop 2 0 1
Tile:5_flip 10 5 0
Tile:9 3 5 1
Tile:8 10 4 0
Tile:7 11 4 1
Tile:4 3 4 0
Tile:7_flip 4 6 1
Tile:14 3 6 0
Tile:7 5 4 1
Tile:1 2 6 0
Map 12 7 1
Tile:13 1 6 0
Tile:6 1 7 1
Tile:15 6 3 0
Tile:9 1 5 1
Drop 2 0 0
Drop 6 0 1
Drop 2 0 0
Tile:9 1 4 1
GAMEOVER TIMEOUT WINNER 1
# Game ended: Sat Apr 11 19:33:20 EDT 2020
