# Server version 0.08 running on 192.168.2.10:8123
# Game ID: 64
# Board class: Saboteur.SaboteurBoard
# Timeout: 20000
# First Move Timeout: 30000
# Date: Fri Apr 10 19:46:43 EDT 2020
# Player 1: Player-0, 'RandomPlayer', running on 192.168.2.10
# Player 2: Player-1, '260738242', running on 192.168.2.10
START Player-0 RandomPlayer
START Player-1 260738242
BoardInit:Tile:9,Map,Tile:6,Tile:9,Tile:5,Tile:6,Tile:3,Bonus,Tile:13,Tile:8,Map,Malus,Tile:6,Tile:1,Destroy,Tile:8,Tile:4,Tile:9,Tile:5,Tile:0,Tile:7,Tile:11,Tile:9,Tile:10,Tile:15,Destroy,Tile:8,Tile:10,Map,Tile:9,Tile:7,Tile:0,Bonus,Tile:8,Tile:6,Tile:2,Tile:12,Tile:10,Tile:8,Tile:7,Tile:5-Malus,Bonus,Tile:5,Bonus,Tile:6,Tile:7,Map-Destroy,Tile:14,Map,Tile:0,Tile:0,Tile:7,Map-Tile:hidden1,Tile:hidden2,Tile:nugget
Map 12 3 1
Drop 2 0 0
Malus 0 0 1
Drop 2 0 0
Tile:5 5 4 1
Drop 4 0 0
Tile:6 6 4 1
Destroy 6 4 0
Tile:7 6 4 1
Map 12 7 0
Tile:6 6 5 1
Bonus 0 0 0
Map 12 3 1
Drop 0 0 0
Tile:6 7 5 1
Tile:6 8 5 0
Tile:9 4 5 1
Tile:9_flip 4 4 0
Tile:5 4 3 1
Drop 1 0 0
Tile:3 8 4 1
Tile:8 4 6 0
Tile:13 3 4 1
Tile:1 9 5 0
Destroy 3 4 1
Tile:0 3 6 0
Tile:4_flip 4 7 1
Tile:9 2 6 0
Tile:5 2 5 1
Tile:0 5 3 0
Map 12 3 1
Destroy 7 5 0
Tile:8 7 5 1
Tile:0 10 5 0
Tile:7 11 5 1
Tile:11_flip 5 6 0
Tile:9 2 7 1
Tile:10 2 8 0
Tile:15 7 6 1
Tile:10 7 7 0
Tile:7 3 7 1
Tile:8 2 9 0
Tile:6 2 10 1
Tile:9 7 4 0
Tile:12 3 5 1
Tile:2 3 10 0
Tile:8 1 10 1
Tile:7_flip 0 10 0
Tile:5 7 3 1
Tile:8 1 9 0
GAMEOVER USER CANCEL UNDECIDED
# Game ended: Fri Apr 10 19:46:54 EDT 2020
