# Server version 0.08 running on 192.168.2.10:8123
# Game ID: 117
# Board class: Saboteur.SaboteurBoard
# Timeout: 20000
# First Move Timeout: 30000
# Date: Sat Apr 11 14:16:08 EDT 2020
# Player 1: Player-0, '260738242', running on 192.168.2.10
# Player 2: Player-1, 'Human', running on 192.168.2.10
START Player-0 260738242
START Player-1 Human
BoardInit:Tile:15,Tile:8,Tile:3,Bonus,Tile:5,Tile:6,Map,Tile:6,Tile:6,Tile:13,Tile:4,Tile:7,Tile:9,Tile:0,Tile:0,Map,Tile:9,Tile:8,Malus,Tile:0,Tile:6,Malus,Tile:0,Tile:8,Tile:7,Tile:6,Bonus,Tile:1,Tile:9,Tile:8,Tile:9,Tile:10,Bonus,Map,Tile:7,Tile:9,Map,Tile:5,Tile:11,Map,Tile:12-Tile:2,Tile:7,Tile:14,Tile:7,Tile:8,Tile:5,Tile:10-Destroy,Tile:5,Destroy,Tile:10,Map,Bonus,Destroy-Tile:hidden2,Tile:nugget,Tile:hidden1
Tile:8 6 5 1
Map 12 3 0
Tile:7 5 4 1
Destroy 5 4 0
Tile:10 5 4 1
Tile:5 5 3 0
Tile:5 6 4 1
Tile:6 7 5 0
Tile:7 8 5 1
Destroy 5 3 0
Tile:6 8 6 1
Tile:6 9 6 0
Tile:5 9 5 1
Tile:10 5 3 0
Tile:9_flip 10 6 1
Destroy 5 3 0
Tile:0 4 5 1
Map 12 3 0
Map 12 5 1
Tile:8 5 3 0
Tile:9_flip 10 5 1
Tile:13 5 2 0
Tile:6_flip 10 4 1
Tile:7 5 1 0
Tile:0 11 4 1
Malus 0 0 0
Drop 5 0 1
Tile:6_flip 12 4 0
GAMEOVER WINNER 0
# Game ended: Sat Apr 11 14:18:38 EDT 2020
