# Server version 0.08 running on 192.168.2.10:8123
# Game ID: 108
# Board class: Saboteur.SaboteurBoard
# Timeout: 20000
# First Move Timeout: 30000
# Date: Sat Apr 11 00:50:06 EDT 2020
# Player 1: Player-0, '260738242', running on 192.168.2.10
# Player 2: Player-1, 'RandomPlayer', running on 192.168.2.10
START Player-0 260738242
START Player-1 RandomPlayer
BoardInit:Map,Tile:9,Tile:0,Tile:0,Tile:9,Tile:2,Tile:7,Tile:15,Tile:9,Tile:7,Bonus,Destroy,Bonus,Map,Tile:10,Map,Tile:7,Tile:8,Tile:6,Tile:8,Tile:8,Destroy,Map,Tile:9,Map,Tile:5,Tile:6,Tile:4,Tile:5,Tile:11,Tile:5,Tile:6,Tile:14,Malus,Tile:8,Destroy,Tile:5,Tile:13,Tile:6,Bonus,Tile:10-Tile:9,Tile:8,Tile:0,Tile:6,Tile:10,Tile:0,Bonus-Map,Tile:7,Malus,Tile:12,Tile:7,Tile:1,Tile:3-Tile:hidden1,Tile:nugget,Tile:hidden2
Tile:9 5 6 1
Map 12 3 0
Tile:10 5 7 1
Tile:7 6 6 0
Tile:6_flip 4 5 1
Malus 0 0 0
Drop 2 0 1
Tile:12_flip 3 5 0
Map 12 5 1
Tile:7 5 4 0
Bonus 0 0 1
Tile:1 4 4 0
Drop 6 0 1
Tile:3_flip 3 4 0
Tile:9_flip 5 8 1
Map 12 3 0
Tile:0 6 5 1
Map 12 3 0
Drop 1 0 1
Tile:7 7 5 0
Tile:10 7 6 1
Tile:9 3 3 0
Tile:7_flip 4 8 1
Tile:0 4 3 0
Drop 4 0 1
Tile:2 3 2 0
Tile:7_flip 2 2 1
Tile:15 2 1 0
Tile:8 5 9 1
Destroy 2 1 0
Drop 2 0 1
Tile:8 2 1 0
Tile:9_flip 4 7 1
Tile:8 2 0 0
Tile:5_flip 5 3 1
Destroy 2 0 0
Tile:14_flip 1 1 1
Tile:9 2 0 0
Map 12 5 1
Tile:5 3 7 0
Tile:6 4 2 1
Tile:4 4 1 0
Tile:5_flip 3 1 1
Tile:11 6 7 0
Tile:8 7 7 1
Tile:6 8 7 0
Tile:6_flip 4 9 1
Malus 0 0 0
Bonus 0 0 1
Destroy 1 1 0
Drop 1 0 1
Tile:13 3 0 0
Tile:10 8 6 1
Drop 0 0 0
Map 12 5 1
GAMEOVER DRAW
# Game ended: Sat Apr 11 00:50:06 EDT 2020
