# Server version 0.08 running on 192.168.2.10:8123
# Game ID: 11
# Board class: Saboteur.SaboteurBoard
# Timeout: 20000
# First Move Timeout: 30000
# Date: Fri Apr 10 16:34:09 EDT 2020
# Player 1: Player-0, 'RandomPlayer', running on 192.168.2.10
# Player 2: Player-1, '260738242', running on 192.168.2.10
START Player-0 RandomPlayer
START Player-1 260738242
BoardInit:Tile:15,Tile:11,Tile:10,Tile:7,Tile:7,Destroy,Map,Tile:9,Tile:4,Tile:0,Tile:5,Tile:6,Map,Tile:0,Tile:12,Tile:9,Map,Tile:9,Tile:6,Map,Destroy,Tile:5,Tile:10,Destroy,Map,Tile:8,Map,Bonus,Bonus,Tile:10,Malus,Tile:6,Tile:14,Tile:0,Tile:6,Malus,Tile:5,Tile:7,Tile:0,Tile:6,Tile:3-Tile:5,Tile:8,Tile:8,Bonus,Tile:9,Bonus,Tile:8-Tile:7,Tile:7,Tile:9,Tile:8,Tile:13,Tile:2,Tile:1-Tile:hidden1,Tile:nugget,Tile:hidden2
Tile:5 4 5 1
Tile:8 5 4 0
Tile:8 6 5 1
Tile:2 6 4 0
Tile:10 6 6 1
Drop 3 0 0
Tile:7_flip 4 4 1
Tile:9_flip 4 3 0
Drop 1 0 1
Tile:7 7 5 0
Tile:15 5 6 1
Tile:7_flip 5 7 0
Drop 6 0 1
Destroy 5 4 0
Tile:4_flip 4 6 1
Tile:6 3 3 0
Drop 0 0 1
Tile:11_flip 3 2 0
Tile:8 5 4 1
Tile:9 5 3 0
Drop 5 0 1
Tile:9 7 6 0
Tile:6 2 2 1
Tile:9_flip 7 7 0
Destroy 6 5 1
Tile:5 4 2 0
Map 12 5 1
Tile:0 1 2 0
Map 12 3 1
Destroy 5 6 0
Map 12 5 1
Tile:10 5 6 0
Tile:9_flip 2 1 1
Tile:0 1 1 0
Tile:12 7 4 1
Tile:8 6 7 0
Tile:6_flip 2 0 1
Tile:1 2 3 0
Tile:10 6 8 1
Tile:7_flip 7 8 0
Tile:5_flip 6 3 1
Drop 0 0 0
Tile:0 1 3 1
Tile:7 5 2 0
Tile:3_flip 0 3 1
Tile:6 3 0 0
Tile:14_flip 0 1 1
Tile:6_flip 4 0 0
Drop 2 0 1
Drop 2 0 0
Drop 1 0 1
Drop 0 0 0
Drop 0 0 1
Tile:0 8 6 0
Malus 0 0 1
GAMEOVER DRAW
# Game ended: Fri Apr 10 16:42:29 EDT 2020
