# Server version 0.08 running on 192.168.2.10:8123
# Game ID: 268
# Board class: Saboteur.SaboteurBoard
# Timeout: 20000
# First Move Timeout: 30000
# Date: Sat Apr 11 19:58:23 EDT 2020
# Player 1: Player-0, '260738242', running on 192.168.2.10
# Player 2: Player-1, 'RandomPlayer', running on 192.168.2.10
START Player-0 260738242
START Player-1 RandomPlayer
BoardInit:Tile:8,Tile:8,Tile:8,Tile:7,Map,Tile:14,Tile:7,Tile:6,Tile:5,Destroy,Tile:12,Tile:5,Tile:5,Tile:9,Tile:11,Tile:6,Tile:0,Tile:10,Tile:9,Tile:8,Map,Map,Tile:7,Tile:6,Tile:7,Bonus,Tile:13,Tile:0,Tile:4,Tile:15,Destroy,Tile:9,Tile:1,Map,Malus,Tile:6,Tile:2,Tile:3,Malus,Map,Tile:10-Tile:0,Tile:10,Tile:9,Tile:0,Destroy,Tile:6,Tile:5-Bonus,Tile:9,Bonus,Map,Bonus,Tile:7,Tile:8-Tile:nugget,Tile:hidden2,Tile:hidden1
Tile:0 4 5 1
Map 12 5 0
Destroy 4 5 1
Tile:7 6 5 0
Tile:8 5 6 1
Drop 1 0 0
Tile:6_flip 4 6 1
Tile:14 4 7 0
Tile:7_flip 4 5 1
Drop 1 0 0
Tile:5 4 4 1
Destroy 6 5 0
Tile:0 6 6 1
Tile:7 7 6 0
Tile:5_flip 7 7 1
Tile:5_flip 6 5 0
Tile:10 5 7 1
Drop 1 0 0
Tile:9 3 6 1
Drop 1 0 0
Tile:12_flip 6 7 1
Drop 1 0 0
Map 12 3 1
Map 12 3 0
Drop 2 0 1
Tile:6_flip 6 4 0
Map 12 7 1
Tile:9_flip 7 4 0
Tile:8 5 4 1
Tile:6_flip 7 3 0
Tile:7_flip 6 3 1
Tile:6 8 3 0
Tile:9 6 2 1
Tile:8 9 3 0
Tile:7_flip 7 5 1
Tile:0 10 3 0
Tile:5_flip 11 3 1
Tile:6 7 2 0
Destroy 11 3 1
Tile:15 3 5 0
Drop 4 0 1
Tile:3 3 4 0
Tile:2_flip 2 4 1
Drop 1 0 0
Tile:13 8 2 1
Drop 1 0 0
Tile:10 7 1 1
Drop 1 0 0
Tile:4_flip 9 4 1
Drop 1 0 0
Tile:1 11 3 1
Drop 1 0 0
Tile:0 1 4 1
GAMEOVER USER CANCEL UNDECIDED
# Game ended: Sat Apr 11 19:58:33 EDT 2020
