# Server version 0.08 running on 192.168.2.10:8123
# Game ID: 244
# Board class: Saboteur.SaboteurBoard
# Timeout: 20000
# First Move Timeout: 30000
# Date: Sat Apr 11 19:53:07 EDT 2020
# Player 1: Player-0, 'RandomPlayer', running on 192.168.2.10
# Player 2: Player-1, '260738242', running on 192.168.2.10
START Player-0 RandomPlayer
START Player-1 260738242
BoardInit:Tile:10,Tile:1,Bonus,Tile:13,Tile:12,Tile:3,Bonus,Malus,Tile:9,Tile:2,Tile:0,Tile:9,Tile:14,Tile:9,Tile:5,Tile:6,Tile:7,Tile:8,Tile:0,Tile:7,Map,Tile:7,Tile:6,Tile:5,Map,Map,Tile:6,Tile:9,Destroy,Tile:5,Tile:8,Tile:7,Tile:8,Map,Tile:7,Tile:0,Tile:9,Tile:8,Bonus,Map,Tile:11-Malus,Map,Destroy,Tile:6,Tile:6,Tile:10,Bonus-Tile:15,Destroy,Tile:8,Tile:5,Tile:4,Tile:0,Tile:10-Tile:hidden2,Tile:nugget,Tile:hidden1
Map 12 5 1
Tile:4_flip 5 6 0
Tile:6 6 5 1
Tile:8 4 5 0
Tile:6 7 5 1
Drop 1 0 0
Drop 1 0 1
Tile:13 3 5 0
Drop 1 0 1
Tile:0 8 5 0
Drop 1 0 1
Tile:10 6 4 0
Tile:0 9 5 1
Tile:9_flip 4 6 0
Malus 0 0 1
Drop 5 0 0
Tile:14 4 7 1
Drop 1 0 0
Tile:12_flip 3 7 1
Drop 3 0 0
Tile:0 10 5 1
Drop 2 0 0
Drop 1 0 1
Drop 0 0 0
Drop 1 0 1
Drop 2 0 0
Drop 1 0 1
Drop 3 0 0
Drop 1 0 1
Drop 4 0 0
Destroy 10 5 1
Map 12 3 0
Tile:6 10 5 1
Drop 6 0 0
Drop 1 0 1
Drop 3 0 0
Drop 1 0 1
Drop 2 0 0
Drop 1 0 1
Map 12 5 0
Drop 1 0 1
Drop 6 0 0
Tile:11 3 4 1
Drop 1 0 0
Drop 1 0 1
Drop 3 0 0
Drop 1 0 1
Drop 0 0 0
Drop 1 0 1
Drop 2 0 0
Drop 1 0 1
Drop 0 0 0
Drop 1 0 1
Drop 0 0 0
