# Server version 0.08 running on 192.168.2.10:8123
# Game ID: 141
# Board class: Saboteur.SaboteurBoard
# Timeout: 20000
# First Move Timeout: 30000
# Date: Sat Apr 11 15:52:52 EDT 2020
# Player 1: Player-0, '260738242', running on 192.168.2.10
# Player 2: Player-1, 'Human', running on 192.168.2.10
START Player-0 260738242
START Player-1 Human
BoardInit:Tile:3,Map,Tile:8,Tile:7,Map,Tile:0,Destroy,Tile:10,Map,Tile:8,Tile:5,Tile:8,Tile:5,Tile:9,Tile:1,Tile:7,Tile:8,Tile:4,Tile:5,Tile:7,Tile:11,Tile:9,Tile:13,Bonus,Map,Tile:6,Destroy,Tile:2,Tile:10,Malus,Destroy,Tile:6,Tile:8,Tile:6,Tile:0,Tile:5,Bonus,Tile:12,Map,Tile:7,Tile:10-Tile:0,Tile:9,Tile:15,Bonus,Tile:14,Tile:0,Tile:9-Map,Tile:7,Tile:6,Bonus,Malus,Tile:6,Tile:9-Tile:hidden1,Tile:nugget,Tile:hidden2
Tile:0 6 5 1
Map 12 3 0
Tile:0 7 5 1
Map 12 3 0
Tile:8 8 5 1
Tile:6 9 5 0
Tile:9 9 4 1
Tile:6 10 5 0
Tile:9 9 3 1
Malus 0 0 0
Bonus 0 0 1
Drop 2 0 0
Map 12 5 1
Drop 2 0 0
Tile:5 9 2 1
Drop 2 0 0
Tile:5 5 4 1
Drop 2 0 0
Tile:8 11 5 1
GAMEOVER WINNER 1
# Game ended: Sat Apr 11 15:54:01 EDT 2020
