# Server version 0.08 running on 192.168.2.10:8123
# Game ID: 288
# Board class: Saboteur.SaboteurBoard
# Timeout: 20000
# First Move Timeout: 30000
# Date: Sat Apr 11 20:06:59 EDT 2020
# Player 1: Player-0, 'RandomPlayer', running on 192.168.2.10
# Player 2: Player-1, '260738242', running on 192.168.2.10
START Player-0 RandomPlayer
START Player-1 260738242
BoardInit:Tile:9,Tile:8,Map,Tile:12,Map,Malus,Tile:13,Tile:9,Tile:7,Tile:7,Tile:6,Map,Tile:5,Tile:6,Tile:5,Tile:8,Tile:11,Tile:5,Tile:8,Tile:10,Tile:9,Tile:7,Tile:10,Map,Destroy,Destroy,Tile:10,Tile:4,Bonus,Tile:1,Tile:2,Tile:7,Tile:0,Tile:15,Tile:0,Destroy,Tile:9,Tile:0,Tile:3,Tile:6,Tile:6-Tile:6,Bonus,Bonus,Bonus,Map,Tile:7,Tile:8-Malus,Tile:5,Tile:9,Map,Tile:0,Tile:8,Tile:14-Tile:hidden2,Tile:nugget,Tile:hidden1
Map 12 3 1
Tile:14 5 6 0
Tile:7 6 5 1
Drop 1 0 0
Map 12 5 1
Tile:9 4 5 0
Drop 1 0 1
Map 12 3 0
Tile:13 4 4 1
Drop 0 0 0
Drop 1 0 1
Tile:8 3 4 0
Drop 1 0 1
Drop 0 0 0
Drop 1 0 1
Tile:6 4 6 0
Drop 1 0 1
Tile:9_flip 4 3 0
Tile:11 3 3 1
Tile:12_flip 3 6 0
Drop 1 0 1
Tile:8 3 2 0
Drop 1 0 1
Tile:7_flip 2 4 0
Drop 1 0 1
Drop 4 0 0
Drop 1 0 1
Malus 0 0 0
Drop 1 0 1
Tile:4 2 3 0
Bonus 0 0 1
Tile:7 5 4 0
Tile:2 3 1 1
Tile:1 2 2 0
Drop 1 0 1
Destroy 5 4 0
Drop 1 0 1
Map 12 5 0
Drop 1 0 1
Tile:5_flip 3 5 0
Tile:3 4 1 1
Tile:7_flip 6 6 0
Tile:6 7 6 1
Destroy 4 6 0
Tile:9_flip 8 6 1
Tile:15 8 7 0
Tile:6_flip 8 5 1
Map 12 5 0
Tile:0 9 5 1
Tile:0 2 1 0
Tile:0 10 5 1
Tile:6_flip 1 1 0
Drop 1 0 1
Tile:8 1 2 0
Destroy 5 6 1
GAMEOVER DRAW
# Game ended: Sat Apr 11 20:07:01 EDT 2020
