# Server version 0.08 running on 192.168.2.10:8123
# Game ID: 321
# Board class: Saboteur.SaboteurBoard
# Timeout: 20000
# First Move Timeout: 30000
# Date: Sat Apr 11 20:14:54 EDT 2020
# Player 1: Player-0, 'RandomPlayer', running on 192.168.2.10
# Player 2: Player-1, '260738242', running on 192.168.2.10
START Player-0 RandomPlayer
START Player-1 260738242
BoardInit:Tile:9,Tile:7,Tile:10,Malus,Tile:6,Tile:11,Tile:14,Tile:12,Map,Tile:8,Bonus,Tile:2,Tile:8,Tile:5,Tile:0,Tile:15,Destroy,Map,Bonus,Bonus,Tile:9,Malus,Tile:9,Map,Tile:8,Tile:0,Tile:6,Tile:10,Destroy,Tile:6,Map,Tile:1,Tile:9,Tile:5,Tile:8,Map,Tile:8,Map,Tile:7,Tile:5,Tile:3-Tile:0,Tile:13,Tile:9,Tile:7,Tile:10,Destroy,Tile:6-Tile:0,Tile:7,Tile:5,Tile:7,Tile:6,Tile:4,Bonus-Tile:hidden1,Tile:nugget,Tile:hidden2
Tile:13 5 6 1
Tile:7 5 4 0
Drop 1 0 1
Drop 1 0 0
Drop 1 0 1
Malus 0 0 0
Drop 1 0 1
Tile:7_flip 4 4 0
Drop 1 0 1
Tile:11_flip 6 6 0
Map 12 3 1
Tile:4_flip 6 7 0
Bonus 0 0 1
Tile:6_flip 4 5 0
Tile:14 5 7 1
Tile:2 6 5 0
Drop 1 0 1
Tile:0 7 5 0
Drop 1 0 1
Tile:5 3 5 0
Drop 1 0 1
Map 12 3 0
Drop 1 0 1
Drop 5 0 0
Drop 1 0 1
Tile:8 4 6 0
Drop 1 0 1
Drop 3 0 0
Drop 1 0 1
Malus 0 0 0
Bonus 0 0 1
Tile:7_flip 3 6 0
Map 12 7 1
Map 12 3 0
Drop 1 0 1
Tile:6_flip 4 3 0
Drop 1 0 1
Tile:1 8 5 0
Drop 1 0 1
Drop 3 0 0
Drop 1 0 1
Tile:12 5 3 0
Tile:3_flip 3 3 1
Tile:5_flip 9 5 0
Drop 1 0 1
Map 12 3 0
Drop 1 0 1
Tile:5 9 4 0
Drop 1 0 1
Map 12 5 0
Drop 1 0 1
Tile:0 10 4 0
Drop 1 0 1
Drop 0 0 0
Tile:0 11 4 1
GAMEOVER DRAW
# Game ended: Sat Apr 11 20:14:55 EDT 2020
