# Server version 0.08 running on 192.168.2.10:8123
# Game ID: 184
# Board class: Saboteur.SaboteurBoard
# Timeout: 20000
# First Move Timeout: 30000
# Date: Sat Apr 11 19:17:37 EDT 2020
# Player 1: Player-0, 'RandomPlayer', running on 192.168.2.10
# Player 2: Player-1, '260738242', running on 192.168.2.10
START Player-0 RandomPlayer
START Player-1 260738242
BoardInit:Tile:4,Tile:6,Tile:8,Tile:1,Map,Tile:0,Map,Tile:6,Tile:6,Destroy,Tile:14,Bonus,Tile:7,Tile:8,Tile:10,Tile:8,Tile:7,Tile:9,Tile:6,Tile:5,Tile:9,Tile:15,Malus,Map,Tile:10,Tile:8,Bonus,Tile:0,Map,Tile:13,Tile:7,Tile:5,Tile:2,Tile:11,Map,Tile:9,Tile:12,Tile:9,Tile:0,Tile:6,Tile:7-Tile:9,Tile:0,Bonus,Bonus,Map,Tile:3,Destroy-Tile:5,Destroy,Tile:7,Tile:8,Tile:10,Malus,Tile:5-Tile:hidden2,Tile:nugget,Tile:hidden1
Map 12 5 1
Tile:5_flip 5 6 0
Tile:3 5 4 1
Destroy 5 4 0
Tile:4 5 4 1
Tile:5 4 5 0
Drop 2 0 1
Tile:7_flip 4 6 0
Drop 2 0 1
Drop 3 0 0
Drop 2 0 1
Drop 1 0 0
Tile:14 6 5 1
Drop 5 0 0
Drop 2 0 1
Drop 5 0 0
Drop 2 0 1
Drop 1 0 0
Drop 2 0 1
Drop 2 0 0
Drop 2 0 1
Drop 6 0 0
Drop 2 0 1
Tile:9 6 4 0
Drop 2 0 1
Tile:1 7 4 0
Drop 2 0 1
Tile:6 8 4 0
Drop 2 0 1
Map 12 5 0
Drop 2 0 1
Tile:8 6 3 0
GAMEOVER TIMEOUT WINNER 0
# Game ended: Sat Apr 11 19:17:59 EDT 2020
