# Server version 0.08 running on 192.168.2.10:8123
# Game ID: 142
# Board class: Saboteur.SaboteurBoard
# Timeout: 20000
# First Move Timeout: 30000
# Date: Sat Apr 11 15:54:10 EDT 2020
# Player 1: Player-0, 'RandomPlayer', running on 192.168.2.10
# Player 2: Player-1, '260738242', running on 192.168.2.10
START Player-0 RandomPlayer
START Player-1 260738242
BoardInit:Bonus,Tile:7,Tile:7,Map,Tile:6,Tile:15,Map,Tile:11,Tile:7,Tile:13,Tile:10,Tile:5,Tile:5,Tile:6,Tile:8,Bonus,Tile:0,Tile:0,Tile:9,Tile:0,Tile:7,Tile:5,Tile:12,Tile:8,Tile:1,Tile:9,Bonus,Tile:10,Tile:0,Tile:3,Tile:8,Destroy,Tile:6,Map,Tile:14,Tile:10,Bonus,Tile:9,Destroy,Tile:7,Map-Tile:4,Map,Tile:9,Tile:6,Malus,Tile:6,Tile:2-Map,Destroy,Tile:8,Tile:9,Malus,Tile:5,Tile:8-Tile:hidden1,Tile:nugget,Tile:hidden2
Map 12 3 1
Map 12 5 0
Tile:4 5 4 1
Tile:9 4 5 0
Tile:2 6 5 1
Tile:7_flip 6 6 0
Drop 2 0 1
Destroy 5 4 0
Map 12 3 1
Map 12 5 0
Drop 2 0 1
Tile:11 4 6 0
Drop 2 0 1
Drop 0 0 0
Drop 2 0 1
Tile:5_flip 4 7 0
Drop 2 0 1
Tile:13 4 4 0
Drop 2 0 1
Tile:8 7 6 0
GAMEOVER TIMEOUT WINNER 0
# Game ended: Sat Apr 11 15:54:31 EDT 2020
