# Server version 0.08 running on 192.168.2.10:8123
# Game ID: 104
# Board class: Saboteur.SaboteurBoard
# Timeout: 20000
# First Move Timeout: 30000
# Date: Sat Apr 11 00:49:30 EDT 2020
# Player 1: Player-0, '260738242', running on 192.168.2.10
# Player 2: Player-1, 'RandomPlayer', running on 192.168.2.10
START Player-0 260738242
START Player-1 RandomPlayer
BoardInit:Destroy,Tile:10,Tile:6,Tile:14,Tile:12,Bonus,Bonus,Tile:8,Tile:11,Destroy,Malus,Tile:0,Tile:5,Tile:15,Tile:6,Tile:7,Tile:6,Tile:7,Tile:8,Tile:5,Map,Tile:8,Malus,Tile:9,Tile:6,Tile:9,Tile:1,Map,Tile:4,Tile:7,Tile:6,Tile:7,Tile:9,Bonus,Destroy,Tile:10,Tile:0,Tile:9,Tile:10,Tile:7,Tile:5-Map,Tile:8,Map,Tile:9,Tile:13,Tile:8,Bonus-Tile:0,Tile:5,Map,Map,Tile:2,Tile:3,Tile:0-Tile:hidden1,Tile:nugget,Tile:hidden2
Tile:8 5 4 1
Map 12 3 0
Tile:13 6 5 1
Map 12 3 0
Tile:8 5 6 1
Tile:5_flip 6 6 0
Tile:6_flip 5 3 1
Tile:0 4 3 0
Map 12 5 1
Tile:2 4 4 0
Destroy 5 3 1
Tile:3 5 3 0
Tile:9 5 7 1
Tile:0 3 3 0
Tile:11 4 6 1
Tile:10 4 7 0
Tile:5 3 4 1
Tile:14 3 5 0
Tile:12_flip 2 3 1
Tile:8 2 5 0
Tile:6_flip 6 7 1
Tile:7 7 7 0
Tile:6 7 8 1
Destroy 2 3 0
Map 12 3 1
Tile:0 1 5 0
Tile:8 8 8 1
Tile:5 8 7 0
Tile:6 6 8 1
Map 12 3 0
Drop 3 0 1
GAMEOVER USER CANCEL UNDECIDED
# Game ended: Sat Apr 11 00:49:34 EDT 2020
