# Server version 0.08 running on 192.168.2.10:8123
# Game ID: 162
# Board class: Saboteur.SaboteurBoard
# Timeout: 20000
# First Move Timeout: 30000
# Date: Sat Apr 11 17:30:36 EDT 2020
# Player 1: Player-0, '260738242', running on 192.168.2.10
# Player 2: Player-1, 'RandomPlayer', running on 192.168.2.10
START Player-0 260738242
START Player-1 RandomPlayer
BoardInit:Tile:13,Destroy,Tile:6,Tile:7,Tile:5,Tile:9,Bonus,Tile:10,Tile:9,Tile:9,Tile:14,Tile:6,Bonus,Map,Tile:7,Map,Tile:8,Map,Tile:5,Destroy,Tile:6,Tile:8,Tile:5,Tile:8,Tile:10,Map,Bonus,Tile:1,Tile:10,Tile:11,Bonus,Tile:7,Tile:9,Map,Tile:15,Tile:8,Tile:2,Map,Destroy,Tile:7,Tile:12-Tile:7,Tile:4,Tile:0,Tile:6,Tile:5,Malus,Tile:8-Tile:3,Tile:6,Tile:0,Tile:9,Tile:0,Tile:0,Malus-Tile:hidden2,Tile:nugget,Tile:hidden1
Tile:6 4 5 1
Tile:3 4 4 0
Tile:5 5 4 1
Tile:6 6 4 0
Tile:0 6 5 1
Drop 2 0 0
Tile:13 5 6 1
Drop 2 0 0
Tile:6 5 7 1
Drop 2 0 0
Tile:5 3 4 1
Drop 2 0 0
Drop 4 0 1
Tile:6 7 5 0
Tile:9_flip 8 5 1
Map 12 3 0
Drop 5 0 1
Map 12 3 0
Tile:8 6 7 1
Map 12 3 0
Tile:7 7 4 1
Tile:7_flip 8 6 0
Drop 5 0 1
Drop 2 0 0
Tile:14_flip 4 6 1
Drop 2 0 0
Tile:8 3 5 1
Map 12 3 0
Tile:7 7 7 1
Tile:1 2 5 0
Tile:4 6 3 1
Tile:11 1 5 0
Tile:10 8 4 1
Drop 2 0 0
Tile:5_flip 3 6 1
Map 12 3 0
Tile:6 7 8 1
Drop 2 0 0
Tile:2 9 6 1
Map 12 3 0
Tile:10 8 3 1
Tile:9_flip 8 8 0
Drop 0 0 1
Drop 2 0 0
Tile:9 6 8 1
Drop 2 0 0
Destroy 7 4 1
Drop 2 0 0
Tile:15 1 6 1
Drop 2 0 0
Drop 1 0 1
GAMEOVER USER CANCEL UNDECIDED
# Game ended: Sat Apr 11 17:31:45 EDT 2020
