# Server version 0.08 running on 192.168.2.10:8123
# Game ID: 180
# Board class: Saboteur.SaboteurBoard
# Timeout: 20000
# First Move Timeout: 30000
# Date: Sat Apr 11 19:10:03 EDT 2020
# Player 1: Player-0, '260738242', running on 192.168.2.10
# Player 2: Player-1, 'Human', running on 192.168.2.10
START Player-0 260738242
START Player-1 Human
BoardInit:Tile:0,Map,Tile:7,Tile:5,Map,Malus,Tile:9,Tile:8,Bonus,Tile:10,Tile:13,Tile:9,Tile:1,Tile:9,Destroy,Tile:8,Tile:12,Tile:6,Tile:5,Map,Tile:2,Tile:7,Tile:7,Tile:10,Tile:8,Tile:6,Tile:7,Malus,Map,Destroy,Tile:3,Tile:15,Tile:0,Tile:14,Tile:8,Tile:8,Tile:6,Bonus,Tile:11,Destroy,Tile:7-Map,Tile:5,Bonus,Map,Tile:0,Tile:0,Tile:6-Tile:5,Tile:4,Tile:9,Tile:9,Tile:10,Tile:6,Bonus-Tile:hidden2,Tile:hidden1,Tile:nugget
Tile:0 6 5 1
Tile:9_flip 5 4 0
Tile:6 7 5 1
Map 12 7 0
Tile:0 8 5 1
Tile:9_flip 9 5 0
Tile:7_flip 9 6 1
Tile:6 10 6 0
Tile:0 11 6 1
Malus 0 0 0
Bonus 0 0 1
Tile:4 5 3 0
Tile:9_flip 12 6 1
GAMEOVER WINNER 1
# Game ended: Sat Apr 11 19:10:37 EDT 2020
