# Server version 0.08 running on 192.168.2.10:8123
# Game ID: 62
# Board class: Saboteur.SaboteurBoard
# Timeout: 20000
# First Move Timeout: 30000
# Date: Fri Apr 10 19:44:58 EDT 2020
# Player 1: Player-0, 'RandomPlayer', running on 192.168.2.10
# Player 2: Player-1, '260738242', running on 192.168.2.10
START Player-0 RandomPlayer
START Player-1 260738242
BoardInit:Tile:4,Tile:8,Bonus,Tile:8,Tile:0,Bonus,Tile:12,Map,Tile:7,Tile:7,Tile:13,Tile:9,Map,Tile:5,Tile:7,Tile:6,Tile:7,Tile:8,Destroy,Tile:6,Tile:0,Map,Malus,Tile:1,Tile:6,Tile:3,Destroy,Tile:9,Tile:15,Map,Tile:10,Destroy,Tile:9,Tile:5,Malus,Tile:10,Map,Tile:6,Tile:9,Tile:9,Tile:8-Tile:6,Tile:8,Bonus,Tile:0,Tile:14,Tile:5,Tile:5-Tile:0,Tile:11,Tile:2,Map,Tile:10,Tile:7,Bonus-Tile:hidden2,Tile:hidden1,Tile:nugget
Tile:6 5 6 1
Tile:2 5 4 0
Tile:0 6 6 1
Tile:11_flip 6 4 0
Tile:5_flip 7 6 1
Map 12 7 0
Tile:5 7 5 1
Tile:8 4 5 0
Tile:0 8 5 1
Tile:7_flip 3 5 0
Tile:8 9 5 1
Drop 2 0 0
Tile:14 6 5 1
Tile:7_flip 4 6 0
Map 12 3 1
Tile:5_flip 10 5 0
Tile:4 3 4 1
Drop 0 0 0
Tile:7 6 3 1
Tile:8 10 4 0
Tile:12 11 4 1
Tile:6 5 3 0
Tile:13 4 3 1
Tile:9 4 4 0
Tile:7 4 2 1
Map 12 3 0
Tile:7 10 3 1
Tile:6_flip 9 4 0
Destroy 6 3 1
Tile:3_flip 9 3 0
GAMEOVER USER CANCEL UNDECIDED
# Game ended: Fri Apr 10 19:45:29 EDT 2020
