# Server version 0.08 running on 192.168.2.10:8123
# Game ID: 156
# Board class: Saboteur.SaboteurBoard
# Timeout: 20000
# First Move Timeout: 30000
# Date: Sat Apr 11 17:29:09 EDT 2020
# Player 1: Player-0, '260738242', running on 192.168.2.10
# Player 2: Player-1, 'RandomPlayer', running on 192.168.2.10
START Player-0 260738242
START Player-1 RandomPlayer
BoardInit:Tile:10,Tile:6,Malus,Bonus,Tile:8,Tile:7,Tile:5,Tile:9,Tile:8,Tile:0,Map,Destroy,Tile:2,Tile:5,Tile:8,Tile:1,Tile:11,Bonus,Tile:0,Bonus,Tile:8,Map,Tile:13,Tile:9,Map,Tile:9,Tile:10,Destroy,Map,Destroy,Tile:5,Tile:6,Map,Tile:5,Tile:7,Tile:15,Tile:0,Tile:9,Tile:14,Tile:4,Tile:7-Tile:6,Tile:0,Tile:7,Bonus,Tile:7,Malus,Tile:6-Tile:6,Tile:12,Tile:9,Tile:10,Tile:3,Map,Tile:8-Tile:hidden1,Tile:hidden2,Tile:nugget
Tile:7_flip 5 6 1
Map 12 3 0
Tile:6 6 5 1
Tile:6 7 5 0
Tile:10 5 4 1
Tile:6 8 5 0
Drop 2 0 1
Tile:12 6 6 0
Tile:8 5 3 1
Tile:3 5 2 0
Malus 0 0 1
Bonus 0 0 0
Tile:5 4 5 1
Drop 2 0 0
Tile:6_flip 9 5 1
Drop 2 0 0
Tile:8 10 5 1
Destroy 10 5 0
Tile:11_flip 7 4 1
Tile:1 4 2 0
Map 12 3 1
Drop 2 0 0
Tile:2 7 3 1
Map 12 3 0
Drop 4 0 1
Drop 2 0 0
Tile:8 8 3 1
Drop 2 0 0
Drop 5 0 1
Drop 2 0 0
Tile:13 3 2 1
Drop 2 0 0
Tile:5 2 2 1
Tile:6 10 5 0
Tile:0 11 5 1
Tile:9_flip 9 3 0
Tile:7_flip 9 4 1
Tile:15 2 3 0
Tile:10 9 6 1
Tile:9 9 7 0
Drop 4 0 1
Destroy 9 7 0
Tile:14_flip 12 4 1
Tile:9 9 7 0
Drop 4 0 1
Destroy 9 7 0
Tile:8 3 1 1
Tile:9 9 7 0
Tile:7_flip 3 3 1
Tile:4 3 0 0
Malus 0 0 1
GAMEOVER USER CANCEL UNDECIDED
# Game ended: Sat Apr 11 17:29:18 EDT 2020
