# Server version 0.08 running on 192.168.2.10:8123
# Game ID: 7
# Board class: Saboteur.SaboteurBoard
# Timeout: 20000
# First Move Timeout: 30000
# Date: Fri Apr 10 16:11:35 EDT 2020
# Player 1: Player-0, 'RandomPlayer', running on 192.168.2.10
# Player 2: Player-1, '260738242', running on 192.168.2.10
START Player-0 RandomPlayer
START Player-1 260738242
BoardInit:Tile:8,Tile:10,Tile:7,Tile:11,Tile:5,Bonus,Tile:14,Map,Destroy,Tile:5,Map,Tile:6,Bonus,Tile:9,Tile:6,Tile:8,Malus,Tile:9,Map,Tile:8,Tile:7,Map,Destroy,Tile:8,Tile:8,Tile:0,Bonus,Tile:3,Tile:10,Tile:7,Tile:9,Tile:6,Malus,Bonus,Tile:5,Map,Tile:1,Tile:7,Tile:6,Tile:7,Map-Tile:9,Destroy,Tile:12,Tile:10,Tile:13,Tile:0,Tile:4-Tile:2,Tile:5,Tile:9,Tile:0,Tile:6,Tile:15,Tile:0-Tile:hidden1,Tile:hidden2,Tile:nugget
Drop 2 0 1
Tile:9 5 4 0
Tile:13 5 3 1
Tile:6_flip 6 5 0
Tile:9_flip 5 6 1
Tile:2_flip 4 6 0
Tile:7_flip 6 6 1
Tile:11 4 5 0
Drop 0 0 1
Tile:10 5 2 0
Drop 1 0 1
Tile:5_flip 7 6 0
Tile:4 5 1 1
Drop 4 0 0
Tile:5_flip 5 7 1
Tile:9 3 6 0
Tile:14 6 4 1
Tile:6_flip 7 5 0
Destroy 5 2 1
Drop 5 0 0
Map 12 3 1
Tile:9_flip 6 3 0
Tile:10 4 4 1
Drop 5 0 0
Drop 2 0 1
Drop 0 0 0
Destroy 3 6 1
Tile:8 4 3 0
Malus 0 0 1
Drop 6 0 0
Tile:8 5 2 1
Drop 3 0 0
Map 12 3 1
Map 12 7 0
Tile:9 4 2 1
Drop 4 0 0
Drop 3 0 1
Drop 0 0 0
Tile:7 8 5 1
Map 12 5 0
Tile:6_flip 3 6 1
Drop 4 0 0
Tile:10 4 1 1
Bonus 0 0 0
Tile:8 3 7 1
Tile:0 4 7 0
Tile:5 2 7 1
Tile:7 4 0 0
Drop 0 0 1
Tile:7_flip 2 8 0
Tile:1 2 6 1
Tile:6_flip 6 2 0
Map 12 7 1
Tile:0 1 6 0
Malus 0 0 1
GAMEOVER DRAW
# Game ended: Fri Apr 10 16:11:36 EDT 2020
