# Server version 0.08 running on 192.168.2.10:8123
# Game ID: 133
# Board class: Saboteur.SaboteurBoard
# Timeout: 20000
# First Move Timeout: 30000
# Date: Sat Apr 11 15:28:02 EDT 2020
# Player 1: Player-0, '260738242', running on 192.168.2.10
# Player 2: Player-1, 'Human', running on 192.168.2.10
START Player-0 260738242
START Player-1 Human
BoardInit:Tile:8,Map,Bonus,Tile:7,Bonus,Tile:5,Tile:6,Tile:0,Tile:5,Tile:8,Tile:12,Tile:9,Tile:4,Tile:3,Map,Tile:15,Tile:7,Map,Destroy,Destroy,Tile:10,Map,Tile:0,Tile:0,Tile:14,Tile:10,Tile:2,Map,Destroy,Tile:8,Tile:9,Bonus,Tile:5,Tile:11,Tile:7,Tile:5,Tile:9,Tile:7,Tile:10,Tile:8,Tile:6-Tile:9,Tile:6,Map,Tile:9,Tile:1,Malus,Tile:13-Tile:7,Tile:8,Bonus,Malus,Tile:6,Tile:6,Tile:0-Tile:nugget,Tile:hidden2,Tile:hidden1
Tile:6 6 5 1
Drop 2 0 0
Tile:8 7 5 1
Map 12 3 0
Tile:9 7 4 1
Drop 2 0 0
Tile:9 7 3 1
Drop 2 0 0
Tile:6 8 5 1
Drop 2 0 0
