# Server version 0.08 running on 192.168.2.10:8123
# Game ID: 177
# Board class: Saboteur.SaboteurBoard
# Timeout: 20000
# First Move Timeout: 30000
# Date: Sat Apr 11 18:47:06 EDT 2020
# Player 1: Player-0, 'RandomPlayer', running on 192.168.2.10
# Player 2: Player-1, '260738242', running on 192.168.2.10
START Player-0 RandomPlayer
START Player-1 260738242
BoardInit:Tile:8,Tile:7,Tile:0,Map,Tile:3,Tile:14,Tile:15,Tile:7,Tile:13,Tile:2,Map,Tile:10,Bonus,Tile:9,Tile:8,Destroy,Tile:5,Tile:9,Tile:6,Map,Tile:0,Tile:7,Tile:4,Tile:0,Tile:9,Map,Malus,Tile:5,Tile:5,Tile:1,Tile:6,Bonus,Destroy,Tile:7,Tile:6,Tile:7,Map,Malus,Destroy,Tile:9,Tile:8-Tile:8,Tile:6,Tile:5,Tile:6,Tile:8,Tile:10,Tile:12-Tile:10,Bonus,Map,Tile:11,Bonus,Tile:0,Tile:9-Tile:nugget,Tile:hidden1,Tile:hidden2
Tile:12 6 5 1
Tile:9 5 4 0
Tile:6 6 4 1
Drop 1 0 0
Tile:6 7 4 1
Map 12 3 0
Tile:8 8 4 1
Tile:11_flip 5 3 0
Tile:8 9 4 1
Drop 0 0 0
Tile:8 10 4 1
Drop 1 0 0
Map 12 3 1
Tile:7_flip 8 5 0
Tile:0 11 4 1
Tile:2_flip 12 4 0
Tile:8 9 5 1
Tile:10 8 3 0
Tile:3 5 2 1
Tile:14_flip 9 3 0
Tile:6 10 5 1
Tile:9_flip 8 2 0
Tile:15 6 3 1
Drop 5 0 0
Tile:13 4 2 1
Tile:7_flip 4 3 0
Tile:4 4 1 1
Map 12 3 0
Malus 0 0 1
Drop 3 0 0
Drop 2 0 1
Destroy 7 4 0
GAMEOVER TIMEOUT WINNER 0
# Game ended: Sat Apr 11 18:47:38 EDT 2020
