# Server version 0.08 running on 192.168.2.10:8123
# Game ID: 192
# Board class: Saboteur.SaboteurBoard
# Timeout: 20000
# First Move Timeout: 30000
# Date: Sat Apr 11 19:29:24 EDT 2020
# Player 1: Player-0, '260738242', running on 192.168.2.10
# Player 2: Player-1, 'Human', running on 192.168.2.10
START Player-0 260738242
START Player-1 Human
BoardInit:Tile:8,Tile:7,Tile:2,Tile:6,Tile:9,Map,Tile:7,Tile:8,Tile:7,Map,Tile:8,Bonus,Tile:0,Map,Tile:9,Malus,Tile:13,Destroy,Tile:6,Tile:11,Tile:6,Tile:5,Map,Tile:7,Tile:5,Tile:10,Tile:0,Tile:14,Malus,Bonus,Tile:15,Tile:7,Tile:0,Tile:6,Tile:12,Destroy,Tile:1,Tile:9,Destroy,Tile:8,Tile:10-Tile:5,Bonus,Tile:3,Tile:10,Map,Tile:6,Tile:4-Tile:9,Bonus,Tile:0,Map,Tile:8,Tile:5,Tile:9-Tile:nugget,Tile:hidden2,Tile:hidden1
Tile:6 6 5 1
Map 12 5 0
Tile:8 7 5 1
Tile:5_flip 8 5 0
Tile:10 6 4 1
Tile:9 8 4 0
Tile:5 8 3 1
Map 12 7 0
Tile:9 6 3 1
Tile:6 9 3 0
Map 12 3 1
Tile:0 10 3 0
Tile:8 11 3 1
GAMEOVER WINNER 1
# Game ended: Sat Apr 11 19:30:25 EDT 2020
