# Server version 0.08 running on 192.168.2.10:8123
# Game ID: 92
# Board class: Saboteur.SaboteurBoard
# Timeout: 20000
# First Move Timeout: 30000
# Date: Sat Apr 11 00:46:51 EDT 2020
# Player 1: Player-0, '260738242', running on 192.168.2.10
# Player 2: Player-1, 'RandomPlayer', running on 192.168.2.10
START Player-0 260738242
START Player-1 RandomPlayer
BoardInit:Tile:6,Tile:14,Tile:5,Tile:8,Bonus,Destroy,Tile:8,Tile:3,Bonus,Tile:6,Tile:5,Tile:4,Tile:9,Malus,Tile:0,Map,Bonus,Tile:6,Tile:8,Tile:2,Tile:7,Tile:7,Tile:13,Tile:8,Tile:0,Tile:15,Malus,Tile:5,Tile:11,Map,Tile:12,Tile:9,Tile:10,Tile:6,Destroy,Map,Tile:7,Tile:9,Tile:0,Bonus,Tile:7-Tile:0,Tile:1,Tile:8,Map,Tile:9,Map,Tile:5-Destroy,Map,Tile:6,Tile:10,Tile:9,Tile:10,Tile:7-Tile:hidden2,Tile:hidden1,Tile:nugget
Tile:5 5 4 1
Map 12 3 0
Tile:9_flip 6 4 1
Tile:6 6 5 0
Drop 4 0 1
Tile:7 7 5 0
Drop 3 0 1
Destroy 5 4 0
Tile:6_flip 5 4 1
Tile:10 5 6 0
Drop 3 0 1
Tile:9 4 4 0
Tile:8 4 3 1
Tile:10 4 2 0
Drop 3 0 1
Tile:14 5 3 0
Tile:0 3 3 1
Map 12 3 0
Tile:9 5 7 1
Tile:8 2 3 0
Tile:8 2 2 1
Destroy 2 2 0
Drop 5 0 1
Tile:3 2 2 0
Tile:7_flip 4 5 1
Tile:6 1 2 0
Tile:0 1 3 1
Tile:4 1 1 0
Drop 3 0 1
Malus 0 0 0
Bonus 0 0 1
Map 12 3 0
Tile:1 6 7 1
Tile:6 0 2 0
Malus 0 0 1
Drop 0 0 0
Destroy 4 2 1
Map 12 3 0
Tile:11 2 4 1
Drop 0 0 0
Tile:7 0 1 1
Bonus 0 0 0
Tile:12 3 4 1
Tile:8 4 2 0
Drop 4 0 1
Tile:15 4 1 0
Tile:10 6 3 1
Tile:5 0 3 0
Tile:7 7 7 1
Tile:9 0 4 0
Tile:13 2 5 1
Tile:6 2 6 0
Tile:0 1 5 1
Tile:9 4 0 0
Drop 0 0 1
GAMEOVER DRAW
# Game ended: Sat Apr 11 00:46:52 EDT 2020
