# Server version 0.08 running on 192.168.2.10:8123
# Game ID: 150
# Board class: Saboteur.SaboteurBoard
# Timeout: 20000
# First Move Timeout: 30000
# Date: Sat Apr 11 17:25:30 EDT 2020
# Player 1: Player-0, '260738242', running on 192.168.2.10
# Player 2: Player-1, 'RandomPlayer', running on 192.168.2.10
START Player-0 260738242
START Player-1 RandomPlayer
BoardInit:Destroy,Bonus,Destroy,Tile:8,Tile:15,Tile:8,Map,Tile:5,Tile:7,Tile:0,Tile:7,Tile:6,Tile:7,Bonus,Malus,Tile:12,Map,Tile:11,Tile:8,Tile:14,Bonus,Map,Tile:0,Tile:1,Tile:8,Tile:9,Tile:5,Map,Tile:7,Malus,Tile:6,Tile:2,Tile:5,Map,Tile:10,Tile:4,Tile:13,Tile:10,Bonus,Tile:6,Tile:9-Tile:8,Tile:0,Tile:9,Tile:9,Tile:6,Tile:6,Map-Destroy,Tile:10,Tile:0,Tile:3,Tile:9,Tile:5,Tile:7-Tile:nugget,Tile:hidden2,Tile:hidden1
Tile:6 4 5 1
Tile:3 4 4 0
Tile:9 5 4 1
Tile:7 6 4 0
Tile:9 5 6 1
Drop 2 0 0
Tile:6_flip 6 6 1
Tile:5_flip 7 6 0
Destroy 5 4 1
Tile:5 7 5 0
Tile:8 8 5 1
Drop 2 0 0
Tile:7_flip 3 4 1
Tile:6 9 5 0
Tile:7 8 4 1
Drop 2 0 0
Map 12 5 1
Tile:12_flip 7 4 0
Destroy 7 5 1
Tile:11 3 3 0
Tile:15 5 7 1
Tile:14 4 3 0
Map 12 7 1
Map 12 3 0
Tile:0 10 5 1
Destroy 10 5 0
Tile:0 3 5 1
Drop 2 0 0
Tile:7_flip 2 5 1
Map 12 3 0
Drop 3 0 1
Drop 2 0 0
Tile:5_flip 6 5 1
Tile:2 3 2 0
Tile:7_flip 8 6 1
Map 12 3 0
Drop 3 0 1
Tile:1 2 2 0
Tile:13 10 5 1
Tile:4 2 4 0
Tile:6 11 5 1
Tile:6_flip 9 6 0
Tile:9_flip 4 2 1
Drop 2 0 0
Drop 4 0 1
Drop 2 0 0
Map 12 5 1
Drop 2 0 0
Tile:8 11 4 1
Drop 2 0 0
Malus 0 0 1
GAMEOVER USER CANCEL UNDECIDED
# Game ended: Sat Apr 11 17:26:24 EDT 2020
