# Server version 0.08 running on 192.168.2.10:8123
# Game ID: 264
# Board class: Saboteur.SaboteurBoard
# Timeout: 20000
# First Move Timeout: 30000
# Date: Sat Apr 11 19:57:48 EDT 2020
# Player 1: Player-0, 'RandomPlayer', running on 192.168.2.10
# Player 2: Player-1, '260738242', running on 192.168.2.10
START Player-0 RandomPlayer
START Player-1 260738242
BoardInit:Tile:6,Tile:9,Bonus,Map,Tile:5,Tile:7,Tile:2,Tile:9,Tile:6,Tile:7,Destroy,Map,Map,Map,Tile:1,Destroy,Tile:3,Tile:6,Map,Malus,Tile:0,Tile:7,Tile:6,Tile:9,Tile:9,Tile:10,Tile:8,Malus,Tile:12,Tile:5,Bonus,Tile:7,Tile:11,Destroy,Tile:5,Tile:14,Bonus,Tile:6,Tile:8,Tile:15,Tile:0-Tile:7,Tile:9,Bonus,Tile:8,Map,Tile:8,Tile:10-Tile:0,Tile:4,Tile:5,Tile:13,Tile:10,Tile:0,Tile:8-Tile:hidden1,Tile:nugget,Tile:hidden2
Map 12 5 1
Tile:5_flip 6 5 0
Drop 1 0 1
Tile:0 4 5 0
Drop 1 0 1
Tile:9_flip 6 4 0
Drop 1 0 1
Tile:13 6 3 0
Tile:2 5 4 1
Tile:7_flip 4 4 0
Drop 1 0 1
Tile:9_flip 6 2 0
Destroy 6 5 1
Drop 4 0 0
Tile:6 6 5 1
Tile:8 3 5 0
Tile:6 7 5 1
Destroy 3 5 0
Tile:1 5 3 1
Tile:6 8 5 0
Tile:3 6 1 1
Tile:10 7 4 0
Tile:0 9 5 1
Tile:7 10 5 0
Drop 1 0 1
Tile:9 4 3 0
Drop 1 0 1
Tile:7 4 2 0
Drop 1 0 1
Map 12 5 0
Tile:12_flip 5 2 1
Tile:4 8 4 0
Drop 1 0 1
Tile:7_flip 5 6 0
Tile:6_flip 6 6 1
Map 12 7 0
Tile:11 3 2 1
Destroy 9 5 0
Drop 1 0 1
Tile:6 5 1 0
Drop 1 0 1
Tile:10 3 3 0
Drop 1 0 1
Malus 0 0 0
Bonus 0 0 1
Drop 3 0 0
Drop 1 0 1
Malus 0 0 0
Bonus 0 0 1
Tile:5_flip 10 6 0
Drop 1 0 1
Tile:15 6 7 0
Drop 1 0 1
Tile:0 9 5 0
GAMEOVER USER CANCEL UNDECIDED
# Game ended: Sat Apr 11 19:57:51 EDT 2020
