# Server version 0.08 running on 192.168.2.10:8123
# Game ID: 131
# Board class: Saboteur.SaboteurBoard
# Timeout: 20000
# First Move Timeout: 30000
# Date: Sat Apr 11 15:23:35 EDT 2020
# Player 1: Player-0, '260738242', running on 192.168.2.10
# Player 2: Player-1, 'Human', running on 192.168.2.10
START Player-0 260738242
START Player-1 Human
BoardInit:Tile:6,Map,Bonus,Bonus,Bonus,Tile:1,Map,Tile:7,Tile:8,Map,Tile:2,Malus,Tile:12,Bonus,Tile:5,Tile:10,Malus,Map,Tile:15,Tile:7,Map,Tile:9,Tile:0,Tile:7,Destroy,Tile:14,Tile:6,Tile:11,Tile:8,Tile:6,Destroy,Tile:5,Tile:9,Tile:5,Tile:3,Tile:0,Tile:0,Tile:7,Tile:4,Tile:0,Tile:5-Tile:8,Tile:9,Tile:6,Tile:8,Tile:10,Tile:9,Tile:8-Tile:7,Destroy,Map,Tile:10,Tile:13,Tile:6,Tile:9-Tile:hidden1,Tile:hidden2,Tile:nugget
Tile:8 6 5 1
Map 12 3 0
Tile:8 7 5 1
Map 12 3 0
Tile:8 8 5 1
Tile:13 5 4 0
Tile:6 9 5 1
Tile:1 4 4 0
Tile:6 10 5 1
Drop 2 0 0
Tile:8 11 5 1
Drop 2 0 0
Tile:9 12 4 1
Drop 2 0 0
Tile:9 12 6 1
GAMEOVER WINNER 1
# Game ended: Sat Apr 11 15:24:42 EDT 2020
