# Server version 0.08 running on 192.168.2.10:8123
# Game ID: 83
# Board class: Saboteur.SaboteurBoard
# Timeout: 20000
# First Move Timeout: 30000
# Date: Sat Apr 11 00:41:54 EDT 2020
# Player 1: Player-0, 'RandomPlayer', running on 192.168.2.10
# Player 2: Player-1, '260738242', running on 192.168.2.10
START Player-0 RandomPlayer
START Player-1 260738242
BoardInit:Destroy,Tile:4,Tile:5,Tile:8,Tile:10,Tile:0,Bonus,Tile:10,Tile:7,Destroy,Tile:0,Tile:3,Map,Tile:7,Map,Tile:8,Tile:5,Tile:13,Tile:12,Tile:7,Tile:5,Map,Tile:14,Tile:6,Tile:15,Tile:0,Map,Tile:9,Tile:8,Tile:2,Tile:0,Map,Tile:6,Tile:9,Tile:9,Tile:8,Tile:7,Tile:5,Bonus,Tile:10,Tile:6-Destroy,Malus,Malus,Tile:1,Tile:9,Bonus,Tile:11-Bonus,Tile:8,Tile:6,Tile:6,Map,Tile:9,Tile:7-Tile:hidden1,Tile:nugget,Tile:hidden2
Malus 0 0 1
Drop 4 0 0
Malus 0 0 1
Drop 1 0 0
Tile:1 6 5 1
Drop 4 0 0
Destroy 6 5 1
Drop 3 0 0
Tile:9 5 4 1
Drop 5 0 0
Tile:7 6 4 1
Drop 1 0 0
Tile:11 5 3 1
Drop 6 0 0
Map 12 3 1
Destroy 5 4 0
Map 12 3 1
Drop 1 0 0
Destroy 5 3 1
Drop 3 0 0
Tile:5 5 4 1
Drop 2 0 0
Tile:10 5 6 1
Map 12 3 0
Tile:5_flip 5 7 1
Drop 5 0 0
Tile:0 4 7 1
Drop 0 0 0
Map 12 3 1
Drop 5 0 0
Tile:12_flip 3 7 1
Drop 0 0 0
Drop 0 0 1
Map 12 3 0
Tile:6 6 5 1
Drop 3 0 0
Drop 0 0 1
Drop 3 0 0
Drop 0 0 1
Drop 6 0 0
Drop 0 0 1
Drop 2 0 0
Tile:6 7 5 1
Drop 1 0 0
Tile:15 7 4 1
Drop 3 0 0
Tile:8 7 3 1
Drop 0 0 0
Tile:0 6 3 1
Drop 2 0 0
Tile:9 7 2 1
Drop 0 0 0
Tile:7 7 1 1
Drop 0 0 0
Drop 0 0 1
GAMEOVER DRAW
# Game ended: Sat Apr 11 00:41:56 EDT 2020
