# Server version 0.08 running on 192.168.2.10:8123
# Game ID: 323
# Board class: Saboteur.SaboteurBoard
# Timeout: 20000
# First Move Timeout: 30000
# Date: Sat Apr 11 20:15:06 EDT 2020
# Player 1: Player-0, 'RandomPlayer', running on 192.168.2.10
# Player 2: Player-1, '260738242', running on 192.168.2.10
START Player-0 RandomPlayer
START Player-1 260738242
BoardInit:Tile:2,Tile:9,Map,Tile:6,Tile:12,Destroy,Tile:0,Malus,Tile:0,Tile:8,Tile:8,Tile:5,Tile:7,Tile:5,Tile:1,Tile:4,Bonus,Destroy,Map,Bonus,Tile:0,Bonus,Tile:14,Tile:10,Tile:8,Tile:6,Tile:6,Map,Tile:8,Tile:10,Tile:7,Tile:7,Map,Destroy,Tile:3,Bonus,Tile:15,Tile:5,Tile:9,Tile:13,Tile:9-Tile:10,Tile:6,Map,Tile:11,Tile:7,Tile:7,Malus-Tile:9,Tile:5,Tile:9,Tile:0,Tile:6,Tile:8,Map-Tile:hidden2,Tile:hidden1,Tile:nugget
Map 12 7 1
Tile:8 6 5 0
Tile:7 7 5 1
Tile:9 5 6 0
Tile:7_flip 7 6 1
Tile:9 6 4 0
Tile:6 8 6 1
Tile:5 6 3 0
Tile:0 9 6 1
Drop 0 0 0
Tile:0 10 6 1
Tile:6 4 5 0
Tile:8 11 6 1
Tile:5_flip 6 6 0
Malus 0 0 1
Drop 5 0 0
Tile:11 4 4 1
Destroy 6 5 0
Tile:2 4 3 1
Drop 5 0 0
Tile:12 5 3 1
Destroy 10 6 0
Tile:1 3 3 1
Drop 1 0 0
Tile:14 5 7 1
Map 12 7 0
Drop 1 0 1
Drop 3 0 0
Drop 1 0 1
Drop 2 0 0
Drop 1 0 1
Malus 0 0 0
Drop 1 0 1
Map 12 7 0
Drop 1 0 1
Destroy 3 3 0
Drop 1 0 1
Drop 3 0 0
Drop 1 0 1
Bonus 0 0 0
Drop 1 0 1
Tile:13 4 7 0
Drop 1 0 1
Tile:6_flip 7 3 0
Drop 1 0 1
Drop 3 0 0
Drop 1 0 1
Tile:5_flip 4 8 0
Drop 1 0 1
Tile:7 4 6 0
Drop 1 0 1
Drop 0 0 0
Drop 1 0 1
Drop 0 0 0
Drop 0 0 1
GAMEOVER DRAW
# Game ended: Sat Apr 11 20:15:08 EDT 2020
