# Server version 0.08 running on 192.168.2.10:8123
# Game ID: 240
# Board class: Saboteur.SaboteurBoard
# Timeout: 20000
# First Move Timeout: 30000
# Date: Sat Apr 11 19:51:21 EDT 2020
# Player 1: Player-0, 'RandomPlayer', running on 192.168.2.10
# Player 2: Player-1, '260738242', running on 192.168.2.10
START Player-0 RandomPlayer
START Player-1 260738242
BoardInit:Tile:8,Tile:13,Bonus,Tile:0,Tile:2,Tile:1,Map,Tile:7,Tile:5,Tile:6,Map,Tile:5,Tile:6,Tile:7,Bonus,Tile:7,Map,Tile:0,Tile:8,Tile:10,Tile:4,Tile:5,Tile:12,Tile:8,Destroy,Tile:7,Tile:0,Tile:9,Tile:0,Destroy,Map,Tile:11,Tile:6,Bonus,Tile:9,Tile:9,Tile:15,Map,Tile:14,Tile:9,Tile:7-Tile:3,Tile:10,Tile:8,Destroy,Tile:9,Malus,Tile:6-Tile:10,Tile:5,Tile:8,Bonus,Map,Malus,Tile:6-Tile:nugget,Tile:hidden1,Tile:hidden2
Tile:9_flip 6 5 1
Tile:6 6 6 0
Tile:6 7 6 1
Tile:5_flip 8 6 0
Tile:8 8 5 1
Tile:8 4 5 0
Tile:8 9 5 1
Drop 2 0 0
Map 12 7 1
Tile:7_flip 4 6 0
Tile:5_flip 10 5 1
Tile:13 4 4 0
Map 12 5 1
Tile:6_flip 5 4 0
Tile:6_flip 10 4 1
Tile:7 6 4 0
Malus 0 0 1
Drop 6 0 0
Tile:3 4 3 1
Drop 2 0 0
Tile:8 11 4 1
Drop 2 0 0
Tile:2 3 3 1
Drop 3 0 0
Tile:4 11 3 1
Drop 5 0 0
Tile:12_flip 2 3 1
Drop 0 0 0
Drop 1 0 1
Drop 6 0 0
Drop 1 0 1
Destroy 3 3 0
Drop 1 0 1
Drop 4 0 0
Drop 1 0 1
Drop 4 0 0
Drop 1 0 1
Drop 3 0 0
Tile:15 9 6 1
Map 12 5 0
Tile:14 9 7 1
Drop 4 0 0
Drop 1 0 1
Bonus 0 0 0
Drop 1 0 1
Tile:11 11 5 0
Drop 1 0 1
Tile:9 3 4 0
Drop 1 0 1
Tile:9 9 4 0
Drop 1 0 1
Tile:0 8 7 0
Drop 1 0 1
Tile:1 12 4 0
GAMEOVER USER CANCEL UNDECIDED
# Game ended: Sat Apr 11 19:51:26 EDT 2020
