# Server version 0.08 running on 192.168.2.10:8123
# Game ID: 46
# Board class: Saboteur.SaboteurBoard
# Timeout: 20000
# First Move Timeout: 30000
# Date: Fri Apr 10 19:39:12 EDT 2020
# Player 1: Player-0, 'RandomPlayer', running on 192.168.2.10
# Player 2: Player-1, '260738242', running on 192.168.2.10
START Player-0 RandomPlayer
START Player-1 260738242
BoardInit:Map,Bonus,Tile:6,Tile:1,Tile:14,Tile:9,Tile:0,Tile:15,Tile:0,Tile:10,Tile:11,Tile:6,Bonus,Map,Tile:7,Malus,Tile:9,Map,Tile:10,Tile:13,Tile:7,Tile:6,Tile:9,Bonus,Tile:8,Tile:0,Tile:2,Map,Malus,Tile:8,Destroy,Tile:9,Tile:7,Tile:3,Tile:0,Tile:5,Tile:6,Tile:9,Tile:6,Tile:12,Map-Bonus,Tile:5,Tile:8,Tile:4,Destroy,Tile:5,Tile:10-Tile:7,Tile:5,Tile:7,Tile:8,Tile:8,Map,Destroy-Tile:hidden1,Tile:hidden2,Tile:nugget
Tile:5 5 4 1
Map 12 3 0
Map 12 3 1
Drop 1 0 0
Tile:8 6 4 1
Drop 4 0 0
Tile:6 6 5 1
Tile:9_flip 7 5 0
Tile:4 6 3 1
Tile:8 4 5 0
Destroy 4 5 1
Drop 4 0 0
Tile:5 4 5 1
Drop 6 0 0
Tile:10 4 6 1
Drop 3 0 0
Tile:14 7 6 1
Tile:7_flip 4 7 0
Tile:0 6 6 1
Tile:7 5 7 0
Tile:11_flip 7 4 1
Malus 0 0 0
Bonus 0 0 1
Map 12 7 0
Tile:9 7 3 1
Tile:10 5 8 0
Tile:0 8 3 1
Tile:8 5 9 0
Tile:7 6 9 1
Tile:13 4 9 0
Tile:10 4 10 1
Tile:6 6 10 0
Tile:7 4 8 1
Tile:0 9 3 0
Tile:9 3 8 1
Tile:9_flip 3 7 0
Tile:8 3 9 1
Tile:3_flip 5 6 0
Tile:2 2 9 1
Tile:9_flip 3 6 0
Malus 0 0 1
Drop 2 0 0
Map 12 3 1
Map 12 5 0
Destroy 2 9 1
Drop 2 0 0
Tile:7 3 5 1
Drop 3 0 0
Tile:0 2 5 1
Map 12 7 0
Tile:6 1 5 1
Drop 0 0 0
Tile:6 0 5 1
Drop 0 0 0
Drop 0 0 1
GAMEOVER DRAW
# Game ended: Fri Apr 10 19:39:12 EDT 2020
