# Server version 0.08 running on 192.168.2.10:8123
# Game ID: 236
# Board class: Saboteur.SaboteurBoard
# Timeout: 20000
# First Move Timeout: 30000
# Date: Sat Apr 11 19:49:55 EDT 2020
# Player 1: Player-0, '260738242', running on 192.168.2.10
# Player 2: Player-1, 'RandomPlayer', running on 192.168.2.10
START Player-0 260738242
START Player-1 RandomPlayer
BoardInit:Tile:0,Tile:14,Tile:5,Tile:8,Tile:11,Tile:8,Malus,Tile:6,Tile:10,Tile:5,Tile:3,Tile:7,Malus,Map,Tile:6,Tile:4,Bonus,Tile:7,Tile:8,Bonus,Tile:9,Tile:9,Tile:7,Tile:7,Map,Destroy,Tile:8,Tile:0,Map,Map,Tile:8,Tile:5,Destroy,Tile:10,Tile:9,Map,Destroy,Tile:15,Tile:5,Bonus,Tile:6-Tile:2,Tile:1,Tile:6,Map,Tile:9,Tile:9,Tile:10-Tile:13,Bonus,Tile:6,Tile:12,Tile:7,Tile:0,Tile:0-Tile:nugget,Tile:hidden1,Tile:hidden2
Tile:9_flip 5 4 1
Tile:7 6 5 0
Tile:9 5 6 1
Tile:6 6 6 0
Map 12 5 1
Tile:0 7 6 0
Tile:5 4 4 1
Tile:0 8 6 0
Tile:10 5 7 1
Tile:6 9 6 0
Tile:11_flip 10 6 1
Tile:13 5 3 0
Tile:6 4 3 1
Tile:12_flip 3 3 0
Tile:2 10 5 1
Map 12 7 0
Tile:6 10 7 1
Tile:5_flip 11 7 0
Tile:3 4 2 1
Tile:14 6 3 0
Tile:1 9 7 1
Tile:4 5 2 0
Tile:10 6 2 1
Tile:9 11 6 0
Tile:8 5 8 1
Drop 2 0 0
Tile:9_flip 11 5 1
Tile:7 11 4 0
Drop 6 0 1
Drop 2 0 0
Tile:7 12 6 1
Map 12 3 0
Tile:8 6 1 1
Drop 2 0 0
Drop 5 0 1
Drop 2 0 0
Drop 3 0 1
Drop 2 0 0
Destroy 10 5 1
Tile:15 5 9 0
Malus 0 0 1
Bonus 0 0 0
Tile:5_flip 7 1 1
Drop 2 0 0
Tile:6 4 5 1
Drop 2 0 0
Tile:9 3 5 1
Drop 2 0 0
Malus 0 0 1
Bonus 0 0 0
Destroy 6 3 1
GAMEOVER USER CANCEL UNDECIDED
# Game ended: Sat Apr 11 19:50:01 EDT 2020
