# Server version 0.08 running on 192.168.2.10:8123
# Game ID: 215
# Board class: Saboteur.SaboteurBoard
# Timeout: 20000
# First Move Timeout: 30000
# Date: Sat Apr 11 19:44:35 EDT 2020
# Player 1: Player-0, 'RandomPlayer', running on 192.168.2.10
# Player 2: Player-1, '260738242', running on 192.168.2.10
START Player-0 RandomPlayer
START Player-1 260738242
BoardInit:Tile:4,Tile:9,Tile:10,Tile:8,Map,Tile:7,Tile:7,Tile:6,Tile:5,Tile:10,Tile:9,Map,Tile:15,Tile:0,Tile:7,Bonus,Tile:8,Tile:5,Tile:0,Tile:9,Tile:3,Tile:8,Tile:12,Tile:0,Bonus,Tile:2,Tile:6,Tile:0,Tile:6,Bonus,Tile:1,Tile:6,Map,Tile:11,Map,Map,Tile:13,Malus,Tile:7,Tile:5,Tile:10-Malus,Destroy,Tile:8,Destroy,Tile:9,Tile:6,Destroy-Tile:9,Map,Tile:8,Tile:5,Tile:7,Bonus,Tile:14-Tile:hidden1,Tile:nugget,Tile:hidden2
Tile:9_flip 6 5 1
Tile:14 6 6 0
Destroy 6 5 1
Tile:7 5 4 0
Tile:6_flip 6 5 1
Tile:9 4 5 0
Map 12 5 1
Tile:7_flip 5 6 0
Tile:8 7 5 1
Tile:9_flip 4 6 0
Tile:4 7 4 1
Tile:8 4 7 0
Drop 2 0 1
Tile:8 4 8 0
Tile:15 4 9 1
Drop 5 0 0
Drop 2 0 1
Map 12 3 0
Tile:8 8 5 1
Tile:5 4 4 0
Tile:0 9 5 1
Tile:5 8 4 0
Malus 0 0 1
Drop 5 0 0
Tile:3 5 7 1
Drop 0 0 0
Tile:12 9 4 1
Drop 0 0 0
Tile:6 10 5 1
Drop 6 0 0
Drop 2 0 1
Drop 4 0 0
Tile:1 3 6 1
Drop 6 0 0
Drop 2 0 1
Drop 4 0 0
Drop 2 0 1
Drop 0 0 0
Tile:13 2 6 1
Malus 0 0 0
Bonus 0 0 1
Map 12 5 0
Drop 2 0 1
Drop 4 0 0
Drop 2 0 1
Drop 3 0 0
Drop 2 0 1
Drop 1 0 0
Drop 2 0 1
Drop 2 0 0
Drop 2 0 1
Drop 0 0 0
GAMEOVER USER CANCEL UNDECIDED
# Game ended: Sat Apr 11 19:44:39 EDT 2020
