# Server version 0.08 running on 192.168.2.10:8123
# Game ID: 194
# Board class: Saboteur.SaboteurBoard
# Timeout: 20000
# First Move Timeout: 30000
# Date: Sat Apr 11 19:31:30 EDT 2020
# Player 1: Player-0, '260738242', running on 192.168.2.10
# Player 2: Player-1, 'RandomPlayer', running on 192.168.2.10
START Player-0 260738242
START Player-1 RandomPlayer
BoardInit:Tile:8,Tile:6,Tile:9,Tile:0,Tile:8,Tile:13,Tile:0,Tile:10,Map,Malus,Destroy,Bonus,Tile:7,Tile:10,Bonus,Tile:3,Tile:4,Malus,Tile:7,Tile:10,Tile:6,Tile:5,Destroy,Tile:8,Map,Tile:0,Destroy,Tile:0,Tile:6,Tile:12,Tile:11,Bonus,Tile:8,Map,Tile:6,Tile:7,Tile:9,Tile:7,Tile:9,Tile:8,Tile:9-Map,Map,Tile:9,Tile:1,Tile:5,Tile:5,Tile:14-Tile:6,Tile:15,Bonus,Map,Tile:5,Tile:2,Tile:7-Tile:nugget,Tile:hidden2,Tile:hidden1
Tile:5 4 5 1
Map 12 5 0
Tile:9_flip 4 6 1
Tile:5_flip 6 5 0
Tile:9_flip 4 7 1
Tile:15 5 6 0
Tile:8 5 4 1
Tile:2 3 6 0
Drop 0 0 1
Tile:13 3 7 0
Map 12 3 1
Drop 2 0 0
Tile:8 5 3 1
Drop 2 0 0
Tile:7_flip 2 6 1
Drop 2 0 0
Tile:5 2 7 1
Tile:3 5 2 0
Destroy 6 5 1
Tile:6 6 5 0
Tile:1 6 3 1
Drop 2 0 0
Drop 5 0 1
Tile:5_flip 7 5 0
Tile:4 7 4 1
Drop 2 0 0
Map 12 7 1
Drop 2 0 0
Map 12 7 1
Drop 2 0 0
Tile:14 2 8 1
Tile:12 7 3 0
Tile:11_flip 4 8 1
Drop 2 0 0
Drop 0 0 1
Map 12 7 0
Destroy 2 7 1
Drop 2 0 0
Tile:6_flip 4 2 1
Drop 2 0 0
Tile:6 4 3 1
Drop 2 0 0
Tile:6 3 2 1
Drop 2 0 0
Drop 4 0 1
Drop 2 0 0
Destroy 4 3 1
GAMEOVER TIMEOUT WINNER 1
# Game ended: Sat Apr 11 19:31:53 EDT 2020
