# Server version 0.08 running on 192.168.2.10:8123
# Game ID: 223
# Board class: Saboteur.SaboteurBoard
# Timeout: 20000
# First Move Timeout: 30000
# Date: Sat Apr 11 19:46:06 EDT 2020
# Player 1: Player-0, 'RandomPlayer', running on 192.168.2.10
# Player 2: Player-1, '260738242', running on 192.168.2.10
START Player-0 RandomPlayer
START Player-1 260738242
BoardInit:Tile:6,Tile:8,Tile:9,Tile:7,Tile:0,Tile:15,Tile:8,Map,Map,Tile:10,Tile:1,Tile:8,Bonus,Destroy,Tile:3,Tile:6,Bonus,Tile:2,Tile:7,Destroy,Tile:0,Bonus,Tile:9,Malus,Tile:7,Tile:8,Tile:5,Tile:0,Map,Tile:5,Tile:7,Map,Tile:14,Tile:6,Malus,Tile:13,Tile:9,Map,Tile:6,Tile:11,Tile:8-Tile:9,Destroy,Tile:4,Tile:9,Tile:5,Bonus,Map-Tile:10,Tile:0,Tile:5,Tile:10,Tile:7,Tile:12,Tile:6-Tile:hidden1,Tile:nugget,Tile:hidden2
Map 12 7 1
Tile:10 5 6 0
Tile:5_flip 6 5 1
Tile:5 5 4 0
Tile:6_flip 6 4 1
Tile:12_flip 4 5 0
Tile:9_flip 7 4 1
Tile:15 5 7 0
Tile:9 7 5 1
Tile:8 7 3 0
Map 12 5 1
Tile:6 5 8 0
Tile:0 8 5 1
Drop 0 0 0
Tile:8 9 5 1
Destroy 5 7 0
Tile:4 7 2 1
Tile:8 5 7 0
Tile:1 6 7 1
Tile:7 6 8 0
Tile:3 7 7 1
Tile:7 9 4 0
Tile:0 10 5 1
Tile:10 9 6 0
Drop 2 0 1
Destroy 8 5 0
Drop 2 0 1
Tile:6 6 3 0
Drop 2 0 1
Tile:8 6 9 0
Drop 2 0 1
Drop 3 0 0
Drop 2 0 1
Tile:2_flip 4 7 0
Tile:14 6 10 1
Drop 0 0 0
Malus 0 0 1
Map 12 7 0
Drop 2 0 1
Map 12 5 0
Drop 2 0 1
Drop 4 0 0
Drop 2 0 1
Malus 0 0 0
Bonus 0 0 1
Drop 3 0 0
Drop 2 0 1
Drop 0 0 0
Drop 2 0 1
Drop 2 0 0
Drop 2 0 1
Drop 0 0 0
GAMEOVER USER CANCEL UNDECIDED
# Game ended: Sat Apr 11 19:46:10 EDT 2020
