# Server version 0.08 running on 192.168.2.10:8123
# Game ID: 163
# Board class: Saboteur.SaboteurBoard
# Timeout: 20000
# First Move Timeout: 30000
# Date: Sat Apr 11 17:31:52 EDT 2020
# Player 1: Player-0, '260738242', running on 192.168.2.10
# Player 2: Player-1, 'Human', running on 192.168.2.10
START Player-0 260738242
START Player-1 Human
BoardInit:Tile:4,Map,Tile:6,Tile:5,Tile:0,Map,Tile:7,Tile:6,Tile:8,Tile:5,Destroy,Tile:8,Tile:0,Destroy,Tile:9,Tile:0,Bonus,Tile:5,Tile:13,Tile:7,Tile:10,Tile:9,Tile:7,Map,Bonus,Tile:2,Tile:9,Tile:9,Tile:6,Bonus,Tile:6,Map,Tile:15,Tile:11,Tile:6,Tile:8,Tile:7,Malus,Tile:8,Tile:10,Tile:5-Bonus,Tile:0,Tile:10,Tile:14,Map,Tile:7,Destroy-Tile:8,Tile:1,Map,Malus,Tile:3,Tile:9,Tile:12-Tile:hidden1,Tile:nugget,Tile:hidden2
Tile:0 6 5 1
Map 12 3 0
Tile:7 5 4 1
Map 12 3 0
Tile:6 7 5 1
Tile:1 4 4 0
Tile:0 8 5 1
Map 12 3 0
Tile:7 9 5 1
Tile:9 9 6 0
Tile:8 10 6 1
Tile:6 11 6 0
Map 12 7 1
Malus 0 0 0
Destroy 6 5 1
Destroy 11 6 0
GAMEOVER USER CANCEL UNDECIDED
# Game ended: Sat Apr 11 17:33:11 EDT 2020
