# Server version 0.08 running on 192.168.2.10:8123
# Game ID: 105
# Board class: Saboteur.SaboteurBoard
# Timeout: 20000
# First Move Timeout: 30000
# Date: Sat Apr 11 00:49:38 EDT 2020
# Player 1: Player-0, '260738242', running on 192.168.2.10
# Player 2: Player-1, 'RandomPlayer', running on 192.168.2.10
START Player-0 260738242
START Player-1 RandomPlayer
BoardInit:Bonus,Tile:0,Destroy,Tile:12,Bonus,Tile:7,Tile:4,Destroy,Map,Tile:1,Tile:10,Tile:0,Tile:13,Tile:6,Tile:15,Tile:5,Destroy,Tile:7,Bonus,Tile:8,Tile:10,Map,Tile:5,Malus,Tile:6,Tile:9,Malus,Tile:11,Bonus,Tile:14,Map,Tile:9,Map,Tile:0,Tile:7,Tile:6,Tile:7,Tile:9,Tile:2,Tile:6,Tile:5-Tile:6,Tile:8,Tile:9,Map,Tile:3,Tile:8,Tile:10-Tile:8,Map,Tile:9,Tile:7,Tile:8,Tile:0,Tile:5-Tile:nugget,Tile:hidden2,Tile:hidden1
Map 12 3 1
Map 12 3 0
Tile:8 4 5 1
Tile:8 4 4 0
Tile:9 5 6 1
Tile:7 6 6 0
Tile:3_flip 3 4 1
Tile:9 3 3 0
Destroy 6 6 1
Tile:5_flip 6 6 0
Tile:4_flip 5 7 1
Tile:8 3 2 0
Tile:8 3 1 1
Tile:0 4 1 0
Tile:13 4 3 1
Tile:0 2 1 0
Map 12 7 1
Tile:12 5 1 0
Destroy 4 3 1
Tile:7 3 0 0
Tile:6_flip 5 4 1
Destroy 2 1 0
Tile:10 4 6 1
Map 12 3 0
Tile:15 4 7 1
Tile:1 2 0 0
Tile:6_flip 4 3 1
Tile:0 2 1 0
Tile:5 3 5 1
Tile:6 1 0 0
Tile:10 3 6 1
Tile:5 1 1 0
Map 12 3 1
Tile:7_flip 0 0 0
Map 12 5 1
Tile:8 1 2 0
Tile:7 6 4 1
Malus 0 0 0
Malus 0 0 1
Drop 0 0 0
Drop 2 0 1
Drop 0 0 0
Drop 4 0 1
Drop 0 0 0
Drop 1 0 1
Drop 0 0 0
Drop 4 0 1
Drop 0 0 0
Drop 0 0 1
Drop 0 0 0
Drop 0 0 1
Drop 0 0 0
Bonus 0 0 1
Drop 0 0 0
Tile:2 2 2 1
GAMEOVER DRAW
# Game ended: Sat Apr 11 00:49:38 EDT 2020
