# Server version 0.08 running on 192.168.2.10:8123
# Game ID: 196
# Board class: Saboteur.SaboteurBoard
# Timeout: 20000
# First Move Timeout: 30000
# Date: Sat Apr 11 19:36:42 EDT 2020
# Player 1: Player-0, '260738242', running on 192.168.2.10
# Player 2: Player-1, 'RandomPlayer', running on 192.168.2.10
START Player-0 260738242
START Player-1 RandomPlayer
BoardInit:Bonus,Map,Tile:8,Tile:10,Malus,Map,Tile:8,Bonus,Bonus,Tile:0,Tile:12,Tile:7,Tile:7,Tile:10,Tile:6,Tile:5,Tile:6,Tile:10,Tile:7,Tile:0,Tile:9,Tile:5,Tile:14,Bonus,Destroy,Tile:5,Tile:9,Tile:7,Malus,Map,Tile:9,Tile:5,Tile:2,Tile:9,Tile:0,Tile:3,Tile:15,Tile:6,Destroy,Map,Tile:0-Tile:8,Tile:4,Map,Tile:9,Tile:8,Tile:11,Tile:6-Tile:1,Tile:7,Map,Destroy,Tile:13,Tile:6,Tile:8-Tile:hidden1,Tile:hidden2,Tile:nugget
Tile:6 6 5 1
Map 12 7 0
Tile:8 4 5 1
Tile:7 7 5 0
Tile:9 3 5 1
Tile:6 7 6 0
Tile:4_flip 4 6 1
Tile:8 8 6 0
Tile:11_flip 3 6 1
Tile:13 3 4 0
Drop 0 0 1
Tile:0 9 6 0
Tile:8 8 7 1
Tile:7 9 7 0
Tile:8 3 3 1
Tile:1 4 3 0
Tile:6_flip 7 7 1
Drop 2 0 0
Tile:7_flip 5 6 1
Drop 2 0 0
Tile:12_flip 2 6 1
Tile:0 10 6 0
Tile:8 3 2 1
GAMEOVER TIMEOUT WINNER 1
# Game ended: Sat Apr 11 19:37:04 EDT 2020
