# Server version 0.08 running on 192.168.2.10:8123
# Game ID: 132
# Board class: Saboteur.SaboteurBoard
# Timeout: 20000
# First Move Timeout: 30000
# Date: Sat Apr 11 15:25:44 EDT 2020
# Player 1: Player-0, '260738242', running on 192.168.2.10
# Player 2: Player-1, 'Human', running on 192.168.2.10
START Player-0 260738242
START Player-1 Human
BoardInit:Tile:8,Tile:7,Destroy,Tile:6,Tile:7,Tile:8,Tile:8,Tile:11,Tile:6,Map,Tile:5,Bonus,Map,Tile:4,Malus,Map,Tile:9,Map,Tile:15,Tile:10,Tile:0,Tile:8,Tile:6,Tile:9,Tile:3,Destroy,Tile:8,Tile:9,Tile:6,Tile:12,Map,Tile:7,Tile:10,Tile:7,Tile:0,Tile:5,Tile:1,Tile:7,Malus,Tile:5,Bonus-Tile:0,Tile:2,Tile:0,Tile:14,Tile:9,Tile:9,Tile:5-Tile:10,Map,Bonus,Tile:13,Destroy,Tile:6,Bonus-Tile:nugget,Tile:hidden2,Tile:hidden1
Tile:0 6 5 1
Map 12 3 0
Tile:0 7 5 1
Tile:13 5 4 0
Tile:8 8 5 1
Drop 2 0 0
Tile:7 9 5 1
Drop 2 0 0
Tile:8 9 6 1
Tile:11 5 3 0
Tile:6 10 6 1
Map 12 3 0
Tile:9 10 5 1
Drop 2 0 0
