# Server version 0.08 running on 192.168.2.10:8123
# Game ID: 71
# Board class: Saboteur.SaboteurBoard
# Timeout: 20000
# First Move Timeout: 30000
# Date: Fri Apr 10 19:58:27 EDT 2020
# Player 1: Player-0, '260738242', running on 192.168.2.10
# Player 2: Player-1, '260738242', running on 192.168.2.10
START Player-0 260738242
START Player-1 260738242
BoardInit:Tile:2,Tile:13,Map,Tile:9,Tile:8,Tile:10,Tile:5,Tile:8,Destroy,Tile:4,Tile:7,Tile:8,Malus,Bonus,Tile:9,Tile:12,Map,Tile:9,Bonus,Tile:9,Tile:1,Tile:0,Tile:5,Tile:5,Tile:7,Map,Tile:7,Map,Tile:3,Tile:0,Tile:6,Tile:0,Tile:15,Tile:10,Destroy,Map,Tile:11,Bonus,Malus,Tile:8,Tile:6-Tile:7,Tile:9,Destroy,Tile:6,Tile:6,Tile:8,Tile:0-Tile:7,Tile:6,Tile:14,Tile:5,Tile:10,Bonus,Map-Tile:hidden2,Tile:nugget,Tile:hidden1
Tile:7 5 4 1
Map 12 3 0
Tile:9 4 4 1
Tile:7 4 3 0
Map 12 3 1
Tile:6 3 3 0
Destroy 3 3 1
Tile:14_flip 3 3 0
Tile:5_flip 3 4 1
Tile:5 2 4 0
Destroy 2 4 1
Tile:13 2 4 0
Tile:6 1 4 1
Tile:10 1 3 0
Tile:6 0 4 1
Tile:9 1 2 0
Tile:8 1 1 1
Tile:10 0 3 0
Map 12 3 1
Tile:8 1 0 0
Tile:0 2 0 1
Tile:4 0 2 0
Tile:2 0 0 1
Tile:8 2 2 0
Tile:8 3 0 1
Tile:12 3 2 0
Tile:7 2 1 1
Map 12 3 0
