# Server version 0.08 running on 192.168.2.10:8123
# Game ID: 284
# Board class: Saboteur.SaboteurBoard
# Timeout: 20000
# First Move Timeout: 30000
# Date: Sat Apr 11 20:04:59 EDT 2020
# Player 1: Player-0, 'RandomPlayer', running on 192.168.2.10
# Player 2: Player-1, '260738242', running on 192.168.2.10
START Player-0 RandomPlayer
START Player-1 260738242
BoardInit:Map,Bonus,Tile:9,Destroy,Tile:9,Tile:15,Tile:10,Tile:5,Tile:7,Tile:6,Tile:13,Tile:0,Bonus,Tile:9,Tile:2,Tile:1,Map,Tile:6,Tile:7,Destroy,Tile:8,Tile:4,Tile:0,Bonus,Destroy,Tile:0,Tile:5,Tile:0,Tile:5,Bonus,Malus,Tile:10,Tile:6,Map,Tile:9,Tile:8,Tile:8,Tile:9,Tile:12,Tile:14,Tile:8-Map,Map,Tile:7,Tile:5,Map,Tile:3,Tile:8-Malus,Tile:7,Tile:10,Tile:6,Tile:6,Tile:11,Tile:7-Tile:hidden1,Tile:hidden2,Tile:nugget
Map 12 5 1
Tile:6_flip 5 4 0
Map 12 7 1
Tile:11 4 5 0
Tile:7 6 5 1
Tile:7_flip 5 6 0
Tile:9_flip 6 6 1
Drop 3 0 0
Tile:9 6 7 1
Tile:10 4 6 0
Tile:8 7 7 1
Tile:5 7 6 0
Tile:3_flip 6 8 1
Tile:6_flip 8 6 0
Tile:13 4 4 1
Tile:6 4 7 0
Tile:2 4 3 1
Tile:1 3 7 0
Drop 1 0 1
Tile:6 5 3 0
Drop 1 0 1
Destroy 4 3 0
Tile:8 8 7 1
Tile:9_flip 9 7 0
Drop 1 0 1
Drop 0 0 0
Drop 1 0 1
Destroy 6 5 0
Drop 1 0 1
Tile:0 6 3 0
Drop 1 0 1
Tile:0 3 4 0
Drop 1 0 1
Drop 6 0 0
Tile:6_flip 9 6 1
Tile:0 6 4 0
Tile:9_flip 10 6 1
Tile:8 4 3 0
Malus 0 0 1
Map 12 7 0
Tile:12 7 3 1
Drop 6 0 0
Drop 1 0 1
Bonus 0 0 0
Drop 1 0 1
Drop 3 0 0
Drop 1 0 1
Tile:15 8 8 0
Drop 1 0 1
Tile:9 10 5 0
Drop 1 0 1
Tile:4 10 4 0
Drop 1 0 1
Drop 0 0 0
GAMEOVER USER CANCEL UNDECIDED
# Game ended: Sat Apr 11 20:05:03 EDT 2020
