# Server version 0.08 running on 192.168.2.10:8123
# Game ID: 322
# Board class: Saboteur.SaboteurBoard
# Timeout: 20000
# First Move Timeout: 30000
# Date: Sat Apr 11 20:14:59 EDT 2020
# Player 1: Player-0, 'RandomPlayer', running on 192.168.2.10
# Player 2: Player-1, '260738242', running on 192.168.2.10
START Player-0 RandomPlayer
START Player-1 260738242
BoardInit:Tile:5,Tile:7,Bonus,Malus,Tile:4,Tile:8,Tile:5,Map,Tile:7,Map,Map,Tile:10,Tile:6,Tile:10,Tile:5,Tile:9,Tile:7,Tile:3,Tile:6,Tile:0,Map,Tile:6,Tile:8,Tile:14,Tile:8,Tile:0,Tile:9,Bonus,Destroy,Tile:2,Destroy,Tile:9,Bonus,Tile:6,Tile:0,Tile:8,Tile:7,Tile:9,Tile:15,Map,Tile:10-Tile:9,Bonus,Tile:12,Tile:6,Tile:8,Map,Tile:1-Tile:0,Malus,Tile:11,Tile:5,Tile:7,Tile:13,Destroy-Tile:hidden2,Tile:nugget,Tile:hidden1
Map 12 7 1
Drop 3 0 0
Tile:12 6 5 1
Drop 1 0 0
Tile:1 4 5 1
Tile:7_flip 3 5 0
Tile:4_flip 5 6 1
Drop 2 0 0
Drop 1 0 1
Drop 3 0 0
Drop 1 0 1
Tile:11 3 4 0
Map 12 5 1
Destroy 3 4 0
Drop 1 0 1
Tile:10 5 4 0
Drop 1 0 1
Map 12 5 0
Drop 1 0 1
Tile:9_flip 3 4 0
Drop 1 0 1
Tile:10 5 3 0
Drop 1 0 1
Tile:0 2 4 0
Drop 1 0 1
Tile:14_flip 5 2 0
Drop 1 0 1
Map 12 7 0
Drop 1 0 1
Tile:8 6 2 0
Drop 1 0 1
Malus 0 0 0
Drop 1 0 1
Tile:9 1 4 0
Bonus 0 0 1
Tile:6_flip 3 3 0
Drop 1 0 1
Tile:3_flip 6 3 0
Drop 1 0 1
Tile:8 1 5 0
Tile:15 1 3 1
Tile:9 1 2 0
Drop 1 0 1
Tile:6_flip 2 2 0
Drop 1 0 1
Tile:2_flip 1 6 0
Drop 1 0 1
Tile:0 7 3 0
Tile:7 8 3 1
Tile:0 2 6 0
Tile:9 8 4 1
Map 12 7 0
Tile:0 9 4 1
Drop 0 0 0
Tile:10 6 1 1
GAMEOVER DRAW
# Game ended: Sat Apr 11 20:15:01 EDT 2020
