# Server version 0.08 running on 192.168.2.10:8123
# Game ID: 259
# Board class: Saboteur.SaboteurBoard
# Timeout: 20000
# First Move Timeout: 30000
# Date: Sat Apr 11 19:57:04 EDT 2020
# Player 1: Player-0, 'RandomPlayer', running on 192.168.2.10
# Player 2: Player-1, '260738242', running on 192.168.2.10
START Player-0 RandomPlayer
START Player-1 260738242
BoardInit:Tile:7,Tile:6,Tile:5,Tile:0,Tile:7,Tile:9,Tile:8,Tile:9,Tile:13,Tile:14,Tile:1,Tile:8,Tile:10,Tile:5,Bonus,Tile:11,Malus,Tile:15,Tile:5,Tile:7,Destroy,Tile:12,Malus,Tile:2,Tile:6,Tile:7,Tile:8,Bonus,Tile:10,Tile:9,Tile:6,Tile:6,Tile:8,Tile:6,Map,Bonus,Map,Map,Bonus,Tile:5,Destroy-Tile:9,Map,Tile:10,Map,Destroy,Tile:4,Tile:0-Tile:0,Tile:7,Tile:3,Tile:8,Tile:0,Tile:9,Map-Tile:nugget,Tile:hidden2,Tile:hidden1
Map 12 5 1
Tile:9_flip 5 4 0
Map 12 3 1
Map 12 3 0
Tile:5 5 3 1
Tile:0 4 4 0
Tile:0 6 3 1
Tile:6_flip 7 3 0
Tile:8 8 3 1
Tile:3_flip 5 6 0
Tile:4 8 2 1
Drop 1 0 0
Tile:13 3 4 1
Tile:9_flip 7 4 0
Tile:1 2 4 1
Tile:0 9 3 0
Drop 1 0 1
Tile:9_flip 10 3 0
Tile:7 6 5 1
Drop 0 0 0
Destroy 6 5 1
Tile:11 7 5 0
Tile:7 6 5 1
Tile:5_flip 10 4 0
Destroy 6 5 1
Tile:7 6 5 0
Drop 1 0 1
Tile:2 4 5 0
Drop 1 0 1
Tile:12_flip 1 4 0
Drop 1 0 1
Tile:15 4 6 0
Drop 1 0 1
Tile:9_flip 10 2 0
Drop 1 0 1
Tile:8 3 3 0
Drop 1 0 1
Tile:6 3 5 0
Drop 1 0 1
Tile:6 2 3 0
Drop 1 0 1
Tile:5 2 5 0
Destroy 6 5 1
Tile:14 4 3 0
Tile:9_flip 6 5 1
Drop 3 0 0
Drop 1 0 1
Tile:7_flip 4 7 0
Drop 1 0 1
Tile:0 1 3 0
Drop 1 0 1
Map 12 7 0
Drop 1 0 1
Drop 0 0 0
GAMEOVER USER CANCEL UNDECIDED
# Game ended: Sat Apr 11 19:57:09 EDT 2020
