# Server version 0.08 running on 192.168.2.10:8123
# Game ID: 106
# Board class: Saboteur.SaboteurBoard
# Timeout: 20000
# First Move Timeout: 30000
# Date: Sat Apr 11 00:49:50 EDT 2020
# Player 1: Player-0, '260738242', running on 192.168.2.10
# Player 2: Player-1, 'RandomPlayer', running on 192.168.2.10
START Player-0 260738242
START Player-1 RandomPlayer
BoardInit:Tile:5,Destroy,Tile:7,Map,Tile:12,Map,Bonus,Malus,Tile:9,Tile:5,Tile:9,Tile:7,Tile:15,Tile:13,Bonus,Bonus,Tile:9,Tile:9,Map,Tile:0,Tile:6,Destroy,Tile:8,Tile:14,Tile:8,Tile:6,Tile:4,Tile:6,Tile:10,Tile:7,Tile:9,Map,Tile:5,Tile:7,Tile:0,Tile:8,Tile:6,Tile:3,Tile:5,Tile:10,Tile:2-Map,Tile:0,Tile:6,Tile:7,Tile:1,Destroy,Malus-Tile:8,Bonus,Tile:11,Tile:10,Tile:8,Tile:0,Map-Tile:hidden2,Tile:hidden1,Tile:nugget
Drop 2 0 1
Map 12 3 0
Tile:0 4 5 1
Drop 0 0 0
Tile:1 3 5 1
Map 12 3 0
Tile:7_flip 2 5 1
Map 12 3 0
Drop 3 0 1
Tile:11 2 4 0
Tile:9_flip 6 5 1
Tile:5_flip 6 6 0
Map 12 5 1
Tile:10 2 3 0
Tile:12 3 4 1
Tile:8 2 2 0
Tile:9_flip 2 1 1
Tile:0 1 1 0
Destroy 3 5 1
Destroy 1 1 0
Tile:9_flip 5 4 1
Malus 0 0 0
Drop 1 0 1
Tile:7 2 0 0
Bonus 0 0 1
Tile:13 1 0 0
Tile:8 3 2 1
Tile:9 1 1 0
Map 12 3 1
Tile:0 0 0 0
Malus 0 0 1
Bonus 0 0 0
Tile:4_flip 3 3 1
Map 12 3 0
Tile:8 1 2 1
GAMEOVER USER CANCEL UNDECIDED
# Game ended: Sat Apr 11 00:49:52 EDT 2020
