# Server version 0.08 running on 192.168.2.10:8123
# Game ID: 309
# Board class: Saboteur.SaboteurBoard
# Timeout: 20000
# First Move Timeout: 30000
# Date: Sat Apr 11 20:10:20 EDT 2020
# Player 1: Player-0, '260738242', running on 192.168.2.10
# Player 2: Player-1, 'RandomPlayer', running on 192.168.2.10
START Player-0 260738242
START Player-1 RandomPlayer
BoardInit:Map,Map,Tile:9,Destroy,Tile:13,Tile:6,Tile:5,Tile:10,Tile:3,Bonus,Destroy,Tile:8,Malus,Tile:6,Tile:7,Tile:6,Tile:7,Map,Tile:1,Tile:0,Malus,Tile:8,Tile:0,Tile:15,Tile:9,Tile:12,Tile:4,Tile:7,Tile:8,Tile:9,Tile:6,Tile:7,Tile:9,Tile:14,Destroy,Tile:6,Map,Tile:9,Tile:11,Bonus,Tile:8-Tile:5,Tile:0,Tile:5,Map,Tile:10,Map,Tile:10-Bonus,Tile:0,Tile:8,Tile:5,Tile:2,Bonus,Tile:7-Tile:nugget,Tile:hidden2,Tile:hidden1
Tile:5 4 5 1
Tile:5_flip 6 5 0
Drop 1 0 1
Map 12 5 0
Tile:9_flip 4 6 1
Tile:2 3 6 0
Drop 2 0 1
Drop 1 0 0
Map 12 5 1
Drop 1 0 0
Tile:13 2 6 1
Drop 1 0 0
Tile:5 6 4 1
Tile:6 7 4 0
Destroy 4 6 1
Tile:6 8 4 0
Map 12 7 1
Tile:6 9 4 0
Tile:7_flip 5 6 1
Map 12 7 0
Tile:3 5 4 1
Tile:8 10 4 0
Tile:1 4 4 1
Tile:0 11 4 0
Drop 2 0 1
Tile:15 2 5 0
Tile:9_flip 8 3 1
Tile:12 6 6 0
Tile:0 12 4 1
Drop 1 0 0
Tile:10 2 4 1
Drop 1 0 0
Tile:8 7 3 1
Drop 1 0 0
Tile:0 6 3 1
Tile:14 2 7 0
Destroy 6 3 1
Drop 1 0 0
Tile:9 3 7 1
Drop 1 0 0
Tile:11 10 5 1
Drop 1 0 0
Tile:4_flip 3 8 1
Drop 1 0 0
Tile:7 8 2 1
Drop 1 0 0
Malus 0 0 1
Bonus 0 0 0
Tile:8 1 6 1
Drop 1 0 0
Tile:6_flip 7 2 1
Drop 1 0 0
Map 12 7 1
Tile:6_flip 10 3 0
Malus 0 0 1
GAMEOVER DRAW
# Game ended: Sat Apr 11 20:10:20 EDT 2020
