# Server version 0.08 running on 192.168.2.10:8123
# Game ID: 119
# Board class: Saboteur.SaboteurBoard
# Timeout: 20000
# First Move Timeout: 30000
# Date: Sat Apr 11 14:18:58 EDT 2020
# Player 1: Player-0, 'RandomPlayer', running on 192.168.2.10
# Player 2: Player-1, '260738242', running on 192.168.2.10
START Player-0 RandomPlayer
START Player-1 260738242
BoardInit:Tile:5,Map,Tile:0,Map,Map,Tile:8,Tile:10,Tile:10,Malus,Tile:7,Bonus,Map,Tile:7,Tile:1,Tile:7,Map,Tile:12,Tile:9,Tile:9,Tile:2,Tile:0,Bonus,Tile:5,Tile:9,Map,Tile:9,Bonus,Tile:10,Tile:6,Tile:14,Destroy,Tile:8,Tile:6,Tile:6,Tile:5,Tile:7,Bonus,Tile:8,Tile:5,Destroy,Tile:3-Tile:15,Tile:0,Tile:0,Tile:11,Tile:8,Tile:6,Tile:9-Tile:6,Tile:7,Tile:13,Tile:4,Malus,Destroy,Tile:8-Tile:nugget,Tile:hidden1,Tile:hidden2
Tile:15 5 4 1
Tile:6 6 5 0
Tile:6 7 5 1
Destroy 7 5 0
Tile:11 5 3 1
Tile:7 7 5 0
Map 12 3 1
Drop 2 0 0
Tile:0 6 3 1
Drop 2 0 0
Tile:8 5 2 1
Tile:10 5 1 0
Tile:0 6 2 1
Map 12 7 0
Tile:9 5 0 1
Tile:7 7 3 0
Tile:5 4 2 1
Tile:1 6 0 0
Tile:10 4 3 1
Drop 1 0 0
Malus 0 0 1
Map 12 5 0
Tile:7_flip 5 6 1
Map 12 3 0
Tile:0 6 6 1
Drop 5 0 0
Map 12 3 1
Drop 3 0 0
Tile:9_flip 4 4 1
Drop 4 0 0
Tile:7_flip 3 4 1
Map 12 3 0
Tile:5 6 4 1
Drop 6 0 0
Destroy 3 4 1
Drop 3 0 0
Tile:12_flip 3 4 1
Drop 3 0 0
Drop 0 0 1
Drop 6 0 0
Drop 0 0 1
Drop 1 0 0
Drop 0 0 1
Destroy 4 2 0
Tile:6_flip 4 2 1
Drop 3 0 0
Tile:6 3 2 1
Drop 0 0 0
Tile:5 3 1 1
Drop 2 0 0
Tile:5 2 2 1
Drop 0 0 0
Tile:3_flip 2 3 1
Drop 0 0 0
Drop 0 0 1
GAMEOVER DRAW
# Game ended: Sat Apr 11 14:18:59 EDT 2020
