# Server version 0.08 running on 192.168.2.10:8123
# Game ID: 153
# Board class: Saboteur.SaboteurBoard
# Timeout: 20000
# First Move Timeout: 30000
# Date: Sat Apr 11 17:27:31 EDT 2020
# Player 1: Player-0, 'RandomPlayer', running on 192.168.2.10
# Player 2: Player-1, '260738242', running on 192.168.2.10
START Player-0 RandomPlayer
START Player-1 260738242
BoardInit:Bonus,Malus,Tile:3,Destroy,Tile:8,Tile:0,Map,Tile:15,Tile:7,Tile:9,Destroy,Tile:6,Tile:12,Tile:10,Tile:9,Map,Tile:2,Tile:14,Tile:6,Bonus,Tile:9,Tile:5,Tile:5,Tile:10,Tile:6,Tile:5,Tile:5,Bonus,Tile:7,Tile:4,Tile:9,Map,Tile:11,Tile:0,Tile:7,Map,Tile:13,Tile:0,Tile:8,Bonus,Tile:7-Tile:7,Tile:0,Tile:9,Tile:6,Tile:1,Destroy,Map-Map,Tile:8,Malus,Tile:8,Tile:8,Tile:10,Tile:6-Tile:hidden2,Tile:hidden1,Tile:nugget
Map 12 3 1
Tile:6 4 5 0
Tile:1 3 5 1
Map 12 3 0
Tile:3 4 4 1
Tile:10 5 4 0
Drop 2 0 1
Destroy 4 5 0
Map 12 3 1
Tile:8 5 3 0
Tile:7 6 3 1
Drop 0 0 0
Tile:7_flip 6 4 1
Tile:0 4 3 0
Tile:6 7 4 1
Tile:8 4 5 0
Tile:9_flip 8 4 1
Tile:10 7 3 0
Tile:12_flip 3 4 1
Map 12 3 0
Tile:6 8 5 1
Tile:6 9 5 0
Tile:2 5 2 1
Tile:14_flip 8 3 0
Drop 2 0 1
Tile:9 7 2 0
Tile:6 10 5 1
Tile:5_flip 5 6 0
Destroy 10 5 1
Tile:10 7 1 0
Drop 2 0 1
Tile:5_flip 8 2 0
Drop 2 0 1
Map 12 3 0
Tile:11 4 6 1
Tile:0 6 5 0
Drop 2 0 1
Tile:4_flip 4 7 0
Tile:13 7 0 1
Tile:8 10 5 0
Drop 2 0 1
Map 12 7 0
Drop 2 0 1
Drop 5 0 0
Drop 2 0 1
Tile:0 11 5 0
Drop 2 0 1
Tile:15 12 4 0
Drop 2 0 1
Malus 0 0 0
Drop 2 0 1
Drop 0 0 0
GAMEOVER USER CANCEL UNDECIDED
# Game ended: Sat Apr 11 17:27:39 EDT 2020
