# Server version 0.08 running on 192.168.2.10:8123
# Game ID: 296
# Board class: Saboteur.SaboteurBoard
# Timeout: 20000
# First Move Timeout: 30000
# Date: Sat Apr 11 20:08:21 EDT 2020
# Player 1: Player-0, 'RandomPlayer', running on 192.168.2.10
# Player 2: Player-1, '260738242', running on 192.168.2.10
START Player-0 RandomPlayer
START Player-1 260738242
BoardInit:Tile:5,Tile:6,Tile:9,Map,Tile:0,Map,Destroy,Tile:9,Tile:5,Tile:14,Tile:7,Tile:4,Destroy,Map,Tile:9,Bonus,Tile:3,Map,Tile:12,Tile:6,Tile:10,Malus,Tile:6,Tile:6,Tile:13,Destroy,Tile:2,Tile:5,Tile:9,Bonus,Map,Tile:9,Tile:7,Tile:8,Map,Tile:8,Bonus,Tile:0,Bonus,Malus,Tile:0-Tile:15,Tile:11,Tile:5,Tile:10,Tile:7,Tile:0,Tile:7-Tile:8,Tile:1,Tile:10,Tile:6,Tile:8,Tile:8,Tile:7-Tile:hidden2,Tile:nugget,Tile:hidden1
Tile:5_flip 6 5 1
Tile:8 4 5 0
Tile:5 6 4 1
Tile:1 3 5 0
Tile:7 7 4 1
Tile:7 4 4 0
Tile:7_flip 7 5 1
Tile:8 5 6 0
Tile:0 8 5 1
Map 12 3 0
Tile:0 9 5 1
Tile:9 2 5 0
Tile:15 2 4 1
Tile:6_flip 6 6 0
Tile:11 2 3 1
Tile:14 10 5 0
Drop 1 0 1
Tile:8 2 2 0
Tile:3 2 1 1
Tile:10 2 6 0
Tile:12 3 2 1
Tile:4 5 4 0
Drop 1 0 1
Tile:6_flip 1 1 0
Tile:6_flip 7 6 1
Tile:6 4 6 0
Tile:13 1 2 1
Tile:6_flip 0 1 0
Tile:2 3 3 1
Destroy 7 6 0
Drop 1 0 1
Map 12 3 0
Map 12 5 1
Tile:9 6 7 0
Drop 1 0 1
Drop 4 0 0
Drop 1 0 1
Tile:8 7 7 0
Drop 1 0 1
Map 12 3 0
Drop 1 0 1
Drop 2 0 0
Drop 1 0 1
Drop 3 0 0
Drop 1 0 1
Drop 3 0 0
Drop 1 0 1
Map 12 5 0
Drop 1 0 1
Malus 0 0 0
Bonus 0 0 1
Drop 0 0 0
Drop 1 0 1
Drop 0 0 0
Tile:10 5 7 1
GAMEOVER DRAW
# Game ended: Sat Apr 11 20:08:22 EDT 2020
