# Server version 0.08 running on 192.168.2.10:8123
# Game ID: 89
# Board class: Saboteur.SaboteurBoard
# Timeout: 20000
# First Move Timeout: 30000
# Date: Sat Apr 11 00:45:51 EDT 2020
# Player 1: Player-0, '260738242', running on 192.168.2.10
# Player 2: Player-1, 'RandomPlayer', running on 192.168.2.10
START Player-0 260738242
START Player-1 RandomPlayer
BoardInit:Malus,Destroy,Bonus,Tile:8,Bonus,Tile:4,Tile:10,Tile:5,Tile:8,Tile:2,Tile:7,Tile:13,Tile:12,Tile:9,Tile:5,Malus,Tile:10,Tile:9,Bonus,Map,Tile:10,Map,Tile:11,Destroy,Tile:8,Tile:0,Tile:5,Tile:14,Tile:8,Map,Tile:7,Tile:6,Tile:0,Tile:0,Bonus,Tile:6,Tile:6,Map,Tile:6,Tile:9,Tile:0-Tile:9,Tile:3,Tile:5,Tile:7,Tile:8,Tile:7,Map-Tile:1,Tile:6,Tile:9,Map,Destroy,Tile:7,Tile:15-Tile:hidden1,Tile:hidden2,Tile:nugget
Tile:7_flip 5 6 1
Map 12 3 0
Tile:5 4 5 1
Tile:7 6 6 0
Tile:3_flip 6 7 1
Tile:1 7 7 0
Tile:9_flip 4 6 1
Tile:6 4 7 0
Drop 3 0 1
Tile:9 3 7 0
Tile:8 8 7 1
Destroy 3 7 0
Map 12 3 1
Tile:15 5 4 0
Tile:12 6 5 1
Destroy 4 5 0
Tile:7 8 6 1
Tile:8 4 5 0
Drop 1 0 1
Tile:4 4 4 0
Tile:8 3 5 1
Map 12 3 0
Tile:7 5 3 1
Map 12 3 0
Tile:11_flip 9 7 1
Tile:5 2 5 0
Tile:10 9 6 1
Tile:2 3 7 0
Drop 5 0 1
Tile:13 3 8 0
Tile:5 2 7 1
Map 12 3 0
Tile:7_flip 7 6 1
Tile:9 2 8 0
Tile:10 7 5 1
Malus 0 0 0
Drop 2 0 1
Tile:9 2 9 0
Bonus 0 0 1
Map 12 3 0
Tile:5_flip 8 8 1
Destroy 2 5 0
Tile:0 4 3 1
Tile:0 2 5 0
Tile:0 7 8 1
Tile:14 2 10 0
Drop 1 0 1
Tile:6 1 5 0
Tile:6_flip 1 4 1
Tile:0 2 4 0
Tile:6_flip 4 8 1
Tile:6 0 4 0
Drop 1 0 1
Tile:9 0 3 0
Drop 0 0 1
GAMEOVER DRAW
# Game ended: Sat Apr 11 00:45:52 EDT 2020
