# Server version 0.08 running on 192.168.2.10:8123
# Game ID: 140
# Board class: Saboteur.SaboteurBoard
# Timeout: 20000
# First Move Timeout: 30000
# Date: Sat Apr 11 15:42:54 EDT 2020
# Player 1: Player-0, '260738242', running on 192.168.2.10
# Player 2: Player-1, 'RandomPlayer', running on 192.168.2.10
START Player-0 260738242
START Player-1 RandomPlayer
BoardInit:Tile:5,Tile:0,Tile:0,Tile:10,Bonus,Tile:2,Tile:5,Tile:12,Tile:10,Tile:7,Tile:6,Tile:15,Tile:10,Tile:6,Tile:14,Destroy,Map,Tile:9,Tile:1,Tile:6,Tile:7,Bonus,Malus,Map,Map,Tile:8,Tile:9,Tile:0,Tile:7,Tile:3,Bonus,Tile:0,Map,Tile:5,Tile:6,Destroy,Tile:9,Tile:11,Tile:5,Tile:8,Destroy-Malus,Bonus,Tile:4,Tile:8,Tile:8,Tile:9,Tile:7-Map,Tile:13,Tile:7,Tile:8,Tile:9,Tile:6,Map-Tile:hidden1,Tile:hidden2,Tile:nugget
Drop 3 0 1
Map 12 3 0
Drop 1 0 1
Map 12 3 0
Tile:8 6 5 1
Tile:6 7 5 0
Tile:9_flip 6 4 1
Tile:13 5 4 0
Tile:5 6 3 1
Tile:2 4 4 0
Tile:7 5 3 1
Tile:12 7 3 0
Tile:4_flip 6 6 1
Tile:15 5 6 0
Tile:6 4 5 1
Tile:6 8 5 0
Drop 0 0 1
Drop 2 0 0
Drop 3 0 1
Drop 2 0 0
Tile:0 4 3 1
GAMEOVER TIMEOUT WINNER 1
# Game ended: Sat Apr 11 15:43:16 EDT 2020
