# Server version 0.08 running on 192.168.2.10:8123
# Game ID: 181
# Board class: Saboteur.SaboteurBoard
# Timeout: 20000
# First Move Timeout: 30000
# Date: Sat Apr 11 19:11:27 EDT 2020
# Player 1: Player-0, 'RandomPlayer', running on 192.168.2.10
# Player 2: Player-1, '260738242', running on 192.168.2.10
START Player-0 RandomPlayer
START Player-1 260738242
BoardInit:Tile:6,Tile:7,Destroy,Destroy,Tile:7,Tile:11,Tile:5,Map,Map,Tile:7,Tile:8,Tile:10,Tile:9,Bonus,Bonus,Tile:6,Tile:0,Tile:9,Tile:9,Tile:6,Tile:10,Tile:12,Map,Tile:8,Tile:3,Malus,Map,Tile:6,Bonus,Tile:9,Tile:8,Destroy,Tile:0,Tile:4,Tile:5,Map,Malus,Tile:10,Tile:0,Tile:0,Tile:13-Tile:7,Tile:6,Tile:9,Tile:5,Tile:8,Tile:8,Tile:15-Tile:5,Tile:14,Tile:1,Tile:2,Tile:7,Map,Bonus-Tile:hidden1,Tile:nugget,Tile:hidden2
Tile:9 5 4 1
Tile:2 4 5 0
Tile:15 4 6 1
Tile:1 3 5 0
Tile:8 2 5 1
Tile:5_flip 6 5 0
Tile:8 2 6 1
Drop 5 0 0
Tile:6_flip 6 4 1
Tile:11 4 7 0
Tile:7_flip 5 6 1
Tile:7 3 6 0
Tile:5 2 4 1
Tile:14 3 7 0
Drop 6 0 1
Tile:7 6 6 0
Tile:7_flip 2 7 1
Tile:6 6 7 0
Tile:6_flip 1 6 1
Tile:9_flip 7 7 0
Destroy 5 6 1
Drop 4 0 0
Map 12 3 1
Tile:12_flip 1 5 0
Tile:8 5 7 1
Map 12 7 0
Tile:10 7 8 1
Tile:6 5 8 0
Tile:9 5 6 1
Drop 2 0 0
Tile:0 3 4 1
Tile:8 0 6 0
Tile:8 7 4 1
Drop 6 0 0
Tile:5_flip 0 7 1
Tile:6 8 4 0
Tile:5 7 6 1
Tile:9 5 3 0
Map 12 7 1
Tile:4 5 2 0
Tile:0 9 4 1
Drop 0 0 0
Tile:0 10 4 1
Tile:10 0 5 0
Malus 0 0 1
Map 12 3 0
Tile:3 6 8 1
Map 12 7 0
Tile:13 4 8 1
Drop 1 0 0
Drop 2 0 1
Bonus 0 0 0
GAMEOVER USER CANCEL UNDECIDED
# Game ended: Sat Apr 11 19:11:34 EDT 2020
