# Server version 0.08 running on 192.168.2.10:8123
# Game ID: 4
# Board class: Saboteur.SaboteurBoard
# Timeout: 20000
# First Move Timeout: 30000
# Date: Mon Apr 06 20:23:26 EDT 2020
# Player 1: Player-0, 'RandomPlayer', running on 192.168.2.10
# Player 2: Player-1, '260738242', running on 192.168.2.10
START Player-0 RandomPlayer
START Player-1 260738242
BoardInit:Malus,Tile:7,Map,Tile:7,Tile:5,Map,Tile:6,Bonus,Tile:9,Tile:6,Bonus,Map,Tile:9,Tile:1,Tile:6,Tile:2,Tile:6,Tile:14,Tile:13,Tile:8,Map,Tile:4,Tile:5,Tile:9,Tile:5,Tile:11,Tile:0,Tile:15,Tile:8,Malus,Tile:0,Tile:8,Tile:12,Tile:8,Tile:7,Tile:10,Tile:5,Destroy,Tile:9,Destroy,Tile:10-Tile:0,Tile:9,Tile:7,Tile:10,Bonus,Map,Tile:6-Tile:7,Bonus,Tile:3,Tile:8,Map,Destroy,Tile:0-Tile:nugget,Tile:hidden1,Tile:hidden2
Tile:7_flip 5 6 1
Tile:7 6 6 0
Tile:6_flip 4 5 1
Tile:8 6 7 0
Malus 0 0 1
Destroy 5 6 0
Map 12 7 1
Map 12 5 0
Tile:6 3 5 1
Drop 6 0 0
Map 12 7 1
Drop 1 0 0
Tile:9_flip 7 7 1
Drop 0 0 0
Tile:9 5 6 1
Drop 2 0 0
Tile:9 7 6 1
Drop 0 0 0
Tile:6 6 5 1
Drop 1 0 0
Tile:6 7 8 1
Map 12 7 0
Tile:5 5 4 1
Drop 0 0 0
Drop 4 0 1
Drop 2 0 0
Tile:0 2 5 1
Drop 0 0 0
Tile:0 8 6 1
Drop 5 0 0
Map 12 3 1
Drop 1 0 0
Tile:8 5 7 1
Drop 4 0 0
Drop 3 0 1
Drop 0 0 0
Tile:5_flip 9 6 1
Drop 4 0 0
Drop 2 0 1
Destroy 8 6 0
Tile:9 1 5 1
Drop 2 0 0
Drop 0 0 1
Destroy 5 7 0
Tile:5_flip 4 6 1
Drop 3 0 0
Tile:10 1 6 1
Drop 1 0 0
Tile:7 7 5 1
Malus 0 0 0
Drop 0 0 1
Drop 0 0 0
Drop 1 0 1
Drop 0 0 0
Drop 0 0 1
GAMEOVER DRAW
# Game ended: Mon Apr 06 20:23:27 EDT 2020
