# Server version 0.08 running on 192.168.2.10:8123
# Game ID: 211
# Board class: Saboteur.SaboteurBoard
# Timeout: 20000
# First Move Timeout: 30000
# Date: Sat Apr 11 19:44:03 EDT 2020
# Player 1: Player-0, 'RandomPlayer', running on 192.168.2.10
# Player 2: Player-1, '260738242', running on 192.168.2.10
START Player-0 RandomPlayer
START Player-1 260738242
BoardInit:Malus,Map,Tile:7,Tile:0,Tile:6,Tile:13,Tile:7,Map,Destroy,Tile:9,Tile:8,Tile:7,Tile:3,Tile:9,Tile:5,Tile:8,Tile:0,Bonus,Tile:15,Tile:5,Tile:0,Tile:1,Bonus,Tile:6,Tile:8,Destroy,Tile:7,Map,Tile:6,Tile:7,Bonus,Map,Tile:9,Tile:6,Malus,Tile:0,Tile:6,Tile:10,Tile:11,Tile:4,Map-Bonus,Tile:5,Tile:12,Tile:8,Tile:9,Tile:10,Tile:8-Tile:9,Tile:10,Map,Tile:2,Tile:14,Destroy,Tile:5-Tile:hidden2,Tile:hidden1,Tile:nugget
Tile:5_flip 6 5 1
Destroy 6 5 0
Tile:9_flip 6 5 1
Drop 1 0 0
Tile:7_flip 6 6 1
Drop 1 0 0
Tile:6 7 6 1
Tile:2 8 6 0
Tile:12 9 6 1
Tile:14 5 6 0
Destroy 6 5 1
Map 12 7 0
Tile:7 6 5 1
Drop 0 0 0
Tile:3 5 4 1
Map 12 3 0
Drop 2 0 1
Tile:9 4 6 0
Drop 2 0 1
Tile:9 4 5 0
Tile:15 4 7 1
Tile:8 4 8 0
Drop 2 0 1
Tile:13 4 4 0
Drop 2 0 1
Tile:0 5 8 0
Drop 2 0 1
Tile:5 3 8 0
Drop 2 0 1
Tile:5 3 4 0
Drop 2 0 1
Tile:7 4 3 0
Drop 2 0 1
Map 12 3 0
Drop 2 0 1
Destroy 8 6 0
Drop 2 0 1
Tile:6 3 3 0
Drop 2 0 1
Tile:0 2 3 0
Tile:11 1 3 1
Tile:10 3 9 0
Map 12 5 1
Tile:4 7 5 0
Drop 2 0 1
Drop 3 0 0
Drop 2 0 1
Drop 2 0 0
Drop 2 0 1
Tile:1 6 8 0
Drop 2 0 1
Tile:6_flip 3 2 0
GAMEOVER USER CANCEL UNDECIDED
# Game ended: Sat Apr 11 19:44:07 EDT 2020
