# Server version 0.08 running on 192.168.2.10:8123
# Game ID: 67
# Board class: Saboteur.SaboteurBoard
# Timeout: 20000
# First Move Timeout: 30000
# Date: Fri Apr 10 19:56:49 EDT 2020
# Player 1: Player-0, '260738242', running on 192.168.2.10
# Player 2: Player-1, 'RandomPlayer', running on 192.168.2.10
START Player-0 260738242
START Player-1 RandomPlayer
BoardInit:Tile:5,Destroy,Bonus,Map,Tile:0,Map,Tile:7,Tile:10,Tile:9,Tile:11,Map,Tile:5,Tile:8,Tile:7,Tile:13,Tile:4,Tile:7,Bonus,Malus,Tile:1,Tile:8,Tile:0,Tile:15,Destroy,Tile:12,Tile:8,Map,Tile:6,Tile:6,Tile:0,Tile:6,Tile:9,Tile:9,Tile:8,Map,Tile:9,Tile:5,Tile:5,Destroy,Tile:6,Tile:14-Tile:10,Tile:7,Tile:9,Tile:10,Tile:0,Bonus,Tile:6-Tile:3,Bonus,Map,Tile:7,Malus,Tile:8,Tile:2-Tile:hidden1,Tile:nugget,Tile:hidden2
Tile:10 5 6 1
Map 12 3 0
Tile:6_flip 5 4 1
Tile:3 6 4 0
Tile:0 4 5 1
Map 12 3 0
Tile:5_flip 6 5 1
Map 12 3 0
Tile:7_flip 4 4 1
Tile:7 4 3 0
Drop 4 0 1
Malus 0 0 0
Drop 0 0 1
Tile:8 3 3 0
Map 12 7 1
Tile:2 3 2 0
Drop 6 0 1
Destroy 3 2 0
Drop 2 0 1
Tile:10 3 2 0
Drop 4 0 1
Tile:11 3 1 0
Drop 5 0 1
Tile:5 3 0 0
Drop 5 0 1
Tile:7 4 0 0
Drop 0 0 1
Tile:4_flip 3 4 0
Drop 6 0 1
Tile:1 2 3 0
Drop 1 0 1
Tile:0 1 3 0
Drop 4 0 1
Destroy 1 3 0
Drop 0 0 1
Tile:8 1 3 0
Drop 2 0 1
Tile:6 1 4 0
Map 12 5 1
Tile:0 0 3 0
Destroy 2 3 1
Tile:9 1 2 0
Drop 0 0 1
Tile:8 1 1 0
Drop 4 0 1
Tile:9 1 0 0
Drop 2 0 1
Tile:5 0 4 0
Drop 0 0 1
Tile:6 0 1 0
Drop 0 0 1
Drop 0 0 0
Drop 1 0 1
Drop 0 0 0
Drop 0 0 1
GAMEOVER DRAW
# Game ended: Fri Apr 10 19:56:49 EDT 2020
