# Server version 0.08 running on 192.168.2.10:8123
# Game ID: 72
# Board class: Saboteur.SaboteurBoard
# Timeout: 20000
# First Move Timeout: 30000
# Date: Sat Apr 11 00:05:13 EDT 2020
# Player 1: Player-0, '260738242', running on 192.168.2.10
# Player 2: Player-1, 'Human', running on 192.168.2.10
START Player-0 260738242
START Player-1 Human
BoardInit:Destroy,Map,Map,Map,Tile:12,Destroy,Tile:0,Tile:9,Tile:8,Bonus,Tile:6,Tile:8,Bonus,Tile:7,Tile:10,Tile:9,Tile:0,Tile:0,Malus,Malus,Tile:6,Tile:7,Tile:6,Tile:2,Map,Tile:14,Tile:7,Tile:13,Tile:1,Tile:3,Tile:5,Bonus,Tile:6,Tile:9,Tile:5,Map,Tile:4,Tile:7,Destroy,Tile:11,Bonus-Tile:0,Tile:5,Map,Tile:15,Tile:10,Tile:7,Tile:10-Tile:9,Tile:6,Tile:8,Tile:9,Tile:8,Tile:5,Tile:8-Tile:hidden2,Tile:nugget,Tile:hidden1
Tile:0 6 5 1
Tile:5_flip 7 5 0
Tile:10 5 6 1
Map 12 3 0
Map 12 7 1
Map 12 3 0
Map 12 3 1
Drop 0 0 0
Tile:5 7 4 1
Tile:9_flip 5 4 0
Tile:8 8 4 1
Tile:8 8 3 0
Tile:6 9 4 1
Tile:6_flip 4 4 0
Tile:0 10 4 1
Tile:8 4 5 0
Tile:7 11 4 1
Tile:9_flip 4 6 0
Tile:10 11 5 1
Tile:9 5 3 0
Tile:10 11 6 1
Tile:7 6 3 0
Tile:6 11 7 1
Tile:8 3 5 0
